[2022-05-23 20:16:13,591] {taskinstance.py:1159} INFO - Dependencies all met for <TaskInstance: our_first_dag_v5.second_task scheduled__2022-03-19T00:00:00+00:00 [queued]>
[2022-05-23 20:16:13,604] {taskinstance.py:1159} INFO - Dependencies all met for <TaskInstance: our_first_dag_v5.second_task scheduled__2022-03-19T00:00:00+00:00 [queued]>
[2022-05-23 20:16:13,604] {taskinstance.py:1356} INFO - 
--------------------------------------------------------------------------------
[2022-05-23 20:16:13,605] {taskinstance.py:1357} INFO - Starting attempt 1 of 6
[2022-05-23 20:16:13,605] {taskinstance.py:1358} INFO - 
--------------------------------------------------------------------------------
[2022-05-23 20:16:13,633] {taskinstance.py:1377} INFO - Executing <Task(BashOperator): second_task> on 2022-03-19 00:00:00+00:00
[2022-05-23 20:16:13,641] {standard_task_runner.py:52} INFO - Started process 2859 to run task
[2022-05-23 20:16:13,645] {standard_task_runner.py:79} INFO - Running: ['***', 'tasks', 'run', 'our_first_dag_v5', 'second_task', 'scheduled__2022-03-19T00:00:00+00:00', '--job-id', '697', '--raw', '--subdir', 'DAGS_FOLDER/our_first_dag.py', '--cfg-path', '/tmp/tmpieqgi1kb', '--error-file', '/tmp/tmpwert3pc3']
[2022-05-23 20:16:13,646] {standard_task_runner.py:80} INFO - Job 697: Subtask second_task
[2022-05-23 20:16:13,731] {task_command.py:369} INFO - Running <TaskInstance: our_first_dag_v5.second_task scheduled__2022-03-19T00:00:00+00:00 [running]> on host 061a475e6c14
[2022-05-23 20:16:13,891] {taskinstance.py:1571} INFO - Exporting the following env vars:
AIRFLOW_CTX_DAG_OWNER=gerson
AIRFLOW_CTX_DAG_ID=our_first_dag_v5
AIRFLOW_CTX_TASK_ID=second_task
AIRFLOW_CTX_EXECUTION_DATE=2022-03-19T00:00:00+00:00
AIRFLOW_CTX_TRY_NUMBER=1
AIRFLOW_CTX_DAG_RUN_ID=scheduled__2022-03-19T00:00:00+00:00
[2022-05-23 20:16:13,893] {subprocess.py:62} INFO - Tmp dir root location: 
 /tmp
[2022-05-23 20:16:13,894] {subprocess.py:74} INFO - Running command: ['bash', '-c', 'echo hey, I am task2 and will be running after task1!']
[2022-05-23 20:16:13,908] {subprocess.py:85} INFO - Output:
[2022-05-23 20:16:13,911] {subprocess.py:92} INFO - hey, I am task2 and will be running after task1!
[2022-05-23 20:16:13,911] {subprocess.py:96} INFO - Command exited with return code 0
[2022-05-23 20:16:13,954] {taskinstance.py:1400} INFO - Marking task as SUCCESS. dag_id=our_first_dag_v5, task_id=second_task, execution_date=20220319T000000, start_date=20220523T201613, end_date=20220523T201613
[2022-05-23 20:16:14,016] {local_task_job.py:156} INFO - Task exited with return code 0
[2022-05-23 20:16:14,085] {local_task_job.py:273} INFO - 0 downstream tasks scheduled from follow-on schedule check
