[2022-05-23 20:15:24,910] {taskinstance.py:1159} INFO - Dependencies all met for <TaskInstance: our_first_dag_v5.first_task scheduled__2021-12-10T00:00:00+00:00 [queued]>
[2022-05-23 20:15:24,931] {taskinstance.py:1159} INFO - Dependencies all met for <TaskInstance: our_first_dag_v5.first_task scheduled__2021-12-10T00:00:00+00:00 [queued]>
[2022-05-23 20:15:24,932] {taskinstance.py:1356} INFO - 
--------------------------------------------------------------------------------
[2022-05-23 20:15:24,932] {taskinstance.py:1357} INFO - Starting attempt 1 of 6
[2022-05-23 20:15:24,932] {taskinstance.py:1358} INFO - 
--------------------------------------------------------------------------------
[2022-05-23 20:15:24,965] {taskinstance.py:1377} INFO - Executing <Task(BashOperator): first_task> on 2021-12-10 00:00:00+00:00
[2022-05-23 20:15:24,973] {standard_task_runner.py:52} INFO - Started process 1904 to run task
[2022-05-23 20:15:24,977] {standard_task_runner.py:79} INFO - Running: ['***', 'tasks', 'run', 'our_first_dag_v5', 'first_task', 'scheduled__2021-12-10T00:00:00+00:00', '--job-id', '393', '--raw', '--subdir', 'DAGS_FOLDER/our_first_dag.py', '--cfg-path', '/tmp/tmpfao4mz_q', '--error-file', '/tmp/tmpi11ekp0h']
[2022-05-23 20:15:24,978] {standard_task_runner.py:80} INFO - Job 393: Subtask first_task
[2022-05-23 20:15:25,079] {task_command.py:369} INFO - Running <TaskInstance: our_first_dag_v5.first_task scheduled__2021-12-10T00:00:00+00:00 [running]> on host 061a475e6c14
[2022-05-23 20:15:25,350] {taskinstance.py:1571} INFO - Exporting the following env vars:
AIRFLOW_CTX_DAG_OWNER=gerson
AIRFLOW_CTX_DAG_ID=our_first_dag_v5
AIRFLOW_CTX_TASK_ID=first_task
AIRFLOW_CTX_EXECUTION_DATE=2021-12-10T00:00:00+00:00
AIRFLOW_CTX_TRY_NUMBER=1
AIRFLOW_CTX_DAG_RUN_ID=scheduled__2021-12-10T00:00:00+00:00
[2022-05-23 20:15:25,351] {subprocess.py:62} INFO - Tmp dir root location: 
 /tmp
[2022-05-23 20:15:25,352] {subprocess.py:74} INFO - Running command: ['bash', '-c', 'echo hello world, this is the first task!']
[2022-05-23 20:15:25,405] {subprocess.py:85} INFO - Output:
[2022-05-23 20:15:25,407] {subprocess.py:92} INFO - hello world, this is the first task!
[2022-05-23 20:15:25,408] {subprocess.py:96} INFO - Command exited with return code 0
[2022-05-23 20:15:25,491] {taskinstance.py:1400} INFO - Marking task as SUCCESS. dag_id=our_first_dag_v5, task_id=first_task, execution_date=20211210T000000, start_date=20220523T201524, end_date=20220523T201525
[2022-05-23 20:15:25,557] {local_task_job.py:156} INFO - Task exited with return code 0
[2022-05-23 20:15:25,639] {local_task_job.py:273} INFO - 2 downstream tasks scheduled from follow-on schedule check
