[2022-05-23 19:58:20,906] {taskinstance.py:1159} INFO - Dependencies all met for <TaskInstance: example_bash_operator.runme_1 scheduled__2022-05-22T00:00:00+00:00 [queued]>
[2022-05-23 19:58:20,917] {taskinstance.py:1159} INFO - Dependencies all met for <TaskInstance: example_bash_operator.runme_1 scheduled__2022-05-22T00:00:00+00:00 [queued]>
[2022-05-23 19:58:20,917] {taskinstance.py:1356} INFO - 
--------------------------------------------------------------------------------
[2022-05-23 19:58:20,917] {taskinstance.py:1357} INFO - Starting attempt 1 of 1
[2022-05-23 19:58:20,917] {taskinstance.py:1358} INFO - 
--------------------------------------------------------------------------------
[2022-05-23 19:58:20,933] {taskinstance.py:1377} INFO - Executing <Task(BashOperator): runme_1> on 2022-05-22 00:00:00+00:00
[2022-05-23 19:58:20,938] {standard_task_runner.py:52} INFO - Started process 1136 to run task
[2022-05-23 19:58:20,940] {standard_task_runner.py:79} INFO - Running: ['***', 'tasks', 'run', 'example_bash_operator', 'runme_1', 'scheduled__2022-05-22T00:00:00+00:00', '--job-id', '7', '--raw', '--subdir', '/home/***/.local/lib/python3.7/site-packages/***/example_dags/example_bash_operator.py', '--cfg-path', '/tmp/tmp71nr8we2', '--error-file', '/tmp/tmplyi7rab7']
[2022-05-23 19:58:20,941] {standard_task_runner.py:80} INFO - Job 7: Subtask runme_1
[2022-05-23 19:58:20,999] {task_command.py:369} INFO - Running <TaskInstance: example_bash_operator.runme_1 scheduled__2022-05-22T00:00:00+00:00 [running]> on host 0f0b53595b77
[2022-05-23 19:58:21,163] {taskinstance.py:1571} INFO - Exporting the following env vars:
AIRFLOW_CTX_DAG_OWNER=***
AIRFLOW_CTX_DAG_ID=example_bash_operator
AIRFLOW_CTX_TASK_ID=runme_1
AIRFLOW_CTX_EXECUTION_DATE=2022-05-22T00:00:00+00:00
AIRFLOW_CTX_TRY_NUMBER=1
AIRFLOW_CTX_DAG_RUN_ID=scheduled__2022-05-22T00:00:00+00:00
[2022-05-23 19:58:21,164] {subprocess.py:62} INFO - Tmp dir root location: 
 /tmp
[2022-05-23 19:58:21,164] {subprocess.py:74} INFO - Running command: ['bash', '-c', 'echo "example_bash_operator__runme_1__20220522" && sleep 1']
[2022-05-23 19:58:21,174] {subprocess.py:85} INFO - Output:
[2022-05-23 19:58:21,175] {subprocess.py:92} INFO - example_bash_operator__runme_1__20220522
[2022-05-23 19:58:22,177] {subprocess.py:96} INFO - Command exited with return code 0
[2022-05-23 19:58:22,196] {taskinstance.py:1400} INFO - Marking task as SUCCESS. dag_id=example_bash_operator, task_id=runme_1, execution_date=20220522T000000, start_date=20220523T195820, end_date=20220523T195822
[2022-05-23 19:58:22,235] {local_task_job.py:156} INFO - Task exited with return code 0
[2022-05-23 19:58:22,257] {local_task_job.py:273} INFO - 0 downstream tasks scheduled from follow-on schedule check
