[2022-05-23 19:56:11,708] {processor.py:153} INFO - Started process (PID=254) to work on /home/airflow/.local/lib/python3.7/site-packages/airflow/example_dags/example_complex.py
[2022-05-23 19:56:11,708] {processor.py:641} INFO - Processing file /home/airflow/.local/lib/python3.7/site-packages/airflow/example_dags/example_complex.py for tasks to queue
[2022-05-23 19:56:11,708] {logging_mixin.py:115} INFO - [2022-05-23 19:56:11,708] {dagbag.py:507} INFO - Filling up the DagBag from /home/airflow/.local/lib/python3.7/site-packages/airflow/example_dags/example_complex.py
[2022-05-23 19:56:11,721] {processor.py:651} INFO - DAG(s) dict_keys(['example_complex']) retrieved from /home/airflow/.local/lib/python3.7/site-packages/airflow/example_dags/example_complex.py
[2022-05-23 19:56:11,852] {logging_mixin.py:115} INFO - [2022-05-23 19:56:11,852] {manager.py:508} INFO - Created Permission View: can delete on DAG:example_complex
[2022-05-23 19:56:11,864] {logging_mixin.py:115} INFO - [2022-05-23 19:56:11,864] {manager.py:508} INFO - Created Permission View: can read on DAG:example_complex
[2022-05-23 19:56:11,872] {logging_mixin.py:115} INFO - [2022-05-23 19:56:11,872] {manager.py:508} INFO - Created Permission View: can edit on DAG:example_complex
[2022-05-23 19:56:11,873] {logging_mixin.py:115} INFO - [2022-05-23 19:56:11,873] {dag.py:2371} INFO - Sync 1 DAGs
[2022-05-23 19:56:11,884] {logging_mixin.py:115} INFO - [2022-05-23 19:56:11,884] {dag.py:2390} INFO - Creating ORM DAG for example_complex
[2022-05-23 19:56:11,900] {logging_mixin.py:115} INFO - [2022-05-23 19:56:11,900] {dag.py:2919} INFO - Setting next_dagrun for example_complex to None, run_after=None
[2022-05-23 19:56:11,947] {processor.py:161} INFO - Processing /home/airflow/.local/lib/python3.7/site-packages/airflow/example_dags/example_complex.py took 0.242 seconds
[2022-05-23 19:56:42,188] {processor.py:153} INFO - Started process (PID=442) to work on /home/airflow/.local/lib/python3.7/site-packages/airflow/example_dags/example_complex.py
[2022-05-23 19:56:42,188] {processor.py:641} INFO - Processing file /home/airflow/.local/lib/python3.7/site-packages/airflow/example_dags/example_complex.py for tasks to queue
[2022-05-23 19:56:42,189] {logging_mixin.py:115} INFO - [2022-05-23 19:56:42,188] {dagbag.py:507} INFO - Filling up the DagBag from /home/airflow/.local/lib/python3.7/site-packages/airflow/example_dags/example_complex.py
[2022-05-23 19:56:42,197] {processor.py:651} INFO - DAG(s) dict_keys(['example_complex']) retrieved from /home/airflow/.local/lib/python3.7/site-packages/airflow/example_dags/example_complex.py
[2022-05-23 19:56:42,218] {logging_mixin.py:115} INFO - [2022-05-23 19:56:42,218] {dag.py:2371} INFO - Sync 1 DAGs
[2022-05-23 19:56:42,231] {logging_mixin.py:115} INFO - [2022-05-23 19:56:42,231] {dag.py:2919} INFO - Setting next_dagrun for example_complex to None, run_after=None
[2022-05-23 19:56:42,238] {processor.py:161} INFO - Processing /home/airflow/.local/lib/python3.7/site-packages/airflow/example_dags/example_complex.py took 0.051 seconds
[2022-05-23 19:57:12,408] {processor.py:153} INFO - Started process (PID=639) to work on /home/airflow/.local/lib/python3.7/site-packages/airflow/example_dags/example_complex.py
[2022-05-23 19:57:12,408] {processor.py:641} INFO - Processing file /home/airflow/.local/lib/python3.7/site-packages/airflow/example_dags/example_complex.py for tasks to queue
[2022-05-23 19:57:12,408] {logging_mixin.py:115} INFO - [2022-05-23 19:57:12,408] {dagbag.py:507} INFO - Filling up the DagBag from /home/airflow/.local/lib/python3.7/site-packages/airflow/example_dags/example_complex.py
[2022-05-23 19:57:12,416] {processor.py:651} INFO - DAG(s) dict_keys(['example_complex']) retrieved from /home/airflow/.local/lib/python3.7/site-packages/airflow/example_dags/example_complex.py
[2022-05-23 19:57:12,436] {logging_mixin.py:115} INFO - [2022-05-23 19:57:12,436] {dag.py:2371} INFO - Sync 1 DAGs
[2022-05-23 19:57:12,449] {logging_mixin.py:115} INFO - [2022-05-23 19:57:12,449] {dag.py:2919} INFO - Setting next_dagrun for example_complex to None, run_after=None
[2022-05-23 19:57:12,456] {processor.py:161} INFO - Processing /home/airflow/.local/lib/python3.7/site-packages/airflow/example_dags/example_complex.py took 0.050 seconds
[2022-05-23 19:57:42,658] {processor.py:153} INFO - Started process (PID=836) to work on /home/airflow/.local/lib/python3.7/site-packages/airflow/example_dags/example_complex.py
[2022-05-23 19:57:42,658] {processor.py:641} INFO - Processing file /home/airflow/.local/lib/python3.7/site-packages/airflow/example_dags/example_complex.py for tasks to queue
[2022-05-23 19:57:42,658] {logging_mixin.py:115} INFO - [2022-05-23 19:57:42,658] {dagbag.py:507} INFO - Filling up the DagBag from /home/airflow/.local/lib/python3.7/site-packages/airflow/example_dags/example_complex.py
[2022-05-23 19:57:42,667] {processor.py:651} INFO - DAG(s) dict_keys(['example_complex']) retrieved from /home/airflow/.local/lib/python3.7/site-packages/airflow/example_dags/example_complex.py
[2022-05-23 19:57:42,691] {logging_mixin.py:115} INFO - [2022-05-23 19:57:42,691] {dag.py:2371} INFO - Sync 1 DAGs
[2022-05-23 19:57:42,704] {logging_mixin.py:115} INFO - [2022-05-23 19:57:42,704] {dag.py:2919} INFO - Setting next_dagrun for example_complex to None, run_after=None
[2022-05-23 19:57:42,712] {processor.py:161} INFO - Processing /home/airflow/.local/lib/python3.7/site-packages/airflow/example_dags/example_complex.py took 0.056 seconds
[2022-05-23 19:58:12,960] {processor.py:153} INFO - Started process (PID=1021) to work on /home/airflow/.local/lib/python3.7/site-packages/airflow/example_dags/example_complex.py
[2022-05-23 19:58:12,961] {processor.py:641} INFO - Processing file /home/airflow/.local/lib/python3.7/site-packages/airflow/example_dags/example_complex.py for tasks to queue
[2022-05-23 19:58:12,961] {logging_mixin.py:115} INFO - [2022-05-23 19:58:12,961] {dagbag.py:507} INFO - Filling up the DagBag from /home/airflow/.local/lib/python3.7/site-packages/airflow/example_dags/example_complex.py
[2022-05-23 19:58:12,969] {processor.py:651} INFO - DAG(s) dict_keys(['example_complex']) retrieved from /home/airflow/.local/lib/python3.7/site-packages/airflow/example_dags/example_complex.py
[2022-05-23 19:58:12,990] {logging_mixin.py:115} INFO - [2022-05-23 19:58:12,990] {dag.py:2371} INFO - Sync 1 DAGs
[2022-05-23 19:58:13,005] {logging_mixin.py:115} INFO - [2022-05-23 19:58:13,005] {dag.py:2919} INFO - Setting next_dagrun for example_complex to None, run_after=None
[2022-05-23 19:58:13,012] {processor.py:161} INFO - Processing /home/airflow/.local/lib/python3.7/site-packages/airflow/example_dags/example_complex.py took 0.053 seconds
[2022-05-23 19:58:43,426] {processor.py:153} INFO - Started process (PID=1238) to work on /home/airflow/.local/lib/python3.7/site-packages/airflow/example_dags/example_complex.py
[2022-05-23 19:58:43,427] {processor.py:641} INFO - Processing file /home/airflow/.local/lib/python3.7/site-packages/airflow/example_dags/example_complex.py for tasks to queue
[2022-05-23 19:58:43,427] {logging_mixin.py:115} INFO - [2022-05-23 19:58:43,427] {dagbag.py:507} INFO - Filling up the DagBag from /home/airflow/.local/lib/python3.7/site-packages/airflow/example_dags/example_complex.py
[2022-05-23 19:58:43,436] {processor.py:651} INFO - DAG(s) dict_keys(['example_complex']) retrieved from /home/airflow/.local/lib/python3.7/site-packages/airflow/example_dags/example_complex.py
[2022-05-23 19:58:43,457] {logging_mixin.py:115} INFO - [2022-05-23 19:58:43,457] {dag.py:2371} INFO - Sync 1 DAGs
[2022-05-23 19:58:43,470] {logging_mixin.py:115} INFO - [2022-05-23 19:58:43,470] {dag.py:2919} INFO - Setting next_dagrun for example_complex to None, run_after=None
[2022-05-23 19:58:43,479] {processor.py:161} INFO - Processing /home/airflow/.local/lib/python3.7/site-packages/airflow/example_dags/example_complex.py took 0.055 seconds
[2022-05-23 19:59:13,693] {processor.py:153} INFO - Started process (PID=1437) to work on /home/airflow/.local/lib/python3.7/site-packages/airflow/example_dags/example_complex.py
[2022-05-23 19:59:13,693] {processor.py:641} INFO - Processing file /home/airflow/.local/lib/python3.7/site-packages/airflow/example_dags/example_complex.py for tasks to queue
[2022-05-23 19:59:13,693] {logging_mixin.py:115} INFO - [2022-05-23 19:59:13,693] {dagbag.py:507} INFO - Filling up the DagBag from /home/airflow/.local/lib/python3.7/site-packages/airflow/example_dags/example_complex.py
[2022-05-23 19:59:13,702] {processor.py:651} INFO - DAG(s) dict_keys(['example_complex']) retrieved from /home/airflow/.local/lib/python3.7/site-packages/airflow/example_dags/example_complex.py
[2022-05-23 19:59:13,723] {logging_mixin.py:115} INFO - [2022-05-23 19:59:13,723] {dag.py:2371} INFO - Sync 1 DAGs
[2022-05-23 19:59:13,736] {logging_mixin.py:115} INFO - [2022-05-23 19:59:13,736] {dag.py:2919} INFO - Setting next_dagrun for example_complex to None, run_after=None
[2022-05-23 19:59:13,743] {processor.py:161} INFO - Processing /home/airflow/.local/lib/python3.7/site-packages/airflow/example_dags/example_complex.py took 0.052 seconds
[2022-05-23 19:59:43,937] {processor.py:153} INFO - Started process (PID=1631) to work on /home/airflow/.local/lib/python3.7/site-packages/airflow/example_dags/example_complex.py
[2022-05-23 19:59:43,937] {processor.py:641} INFO - Processing file /home/airflow/.local/lib/python3.7/site-packages/airflow/example_dags/example_complex.py for tasks to queue
[2022-05-23 19:59:43,938] {logging_mixin.py:115} INFO - [2022-05-23 19:59:43,938] {dagbag.py:507} INFO - Filling up the DagBag from /home/airflow/.local/lib/python3.7/site-packages/airflow/example_dags/example_complex.py
[2022-05-23 19:59:43,949] {processor.py:651} INFO - DAG(s) dict_keys(['example_complex']) retrieved from /home/airflow/.local/lib/python3.7/site-packages/airflow/example_dags/example_complex.py
[2022-05-23 19:59:43,969] {logging_mixin.py:115} INFO - [2022-05-23 19:59:43,969] {dag.py:2371} INFO - Sync 1 DAGs
[2022-05-23 19:59:43,982] {logging_mixin.py:115} INFO - [2022-05-23 19:59:43,982] {dag.py:2919} INFO - Setting next_dagrun for example_complex to None, run_after=None
[2022-05-23 19:59:43,989] {processor.py:161} INFO - Processing /home/airflow/.local/lib/python3.7/site-packages/airflow/example_dags/example_complex.py took 0.054 seconds
[2022-05-23 20:00:14,180] {processor.py:153} INFO - Started process (PID=1821) to work on /home/airflow/.local/lib/python3.7/site-packages/airflow/example_dags/example_complex.py
[2022-05-23 20:00:14,181] {processor.py:641} INFO - Processing file /home/airflow/.local/lib/python3.7/site-packages/airflow/example_dags/example_complex.py for tasks to queue
[2022-05-23 20:00:14,181] {logging_mixin.py:115} INFO - [2022-05-23 20:00:14,181] {dagbag.py:507} INFO - Filling up the DagBag from /home/airflow/.local/lib/python3.7/site-packages/airflow/example_dags/example_complex.py
[2022-05-23 20:00:14,189] {processor.py:651} INFO - DAG(s) dict_keys(['example_complex']) retrieved from /home/airflow/.local/lib/python3.7/site-packages/airflow/example_dags/example_complex.py
[2022-05-23 20:00:14,208] {logging_mixin.py:115} INFO - [2022-05-23 20:00:14,208] {dag.py:2371} INFO - Sync 1 DAGs
[2022-05-23 20:00:14,222] {logging_mixin.py:115} INFO - [2022-05-23 20:00:14,222] {dag.py:2919} INFO - Setting next_dagrun for example_complex to None, run_after=None
[2022-05-23 20:00:14,229] {processor.py:161} INFO - Processing /home/airflow/.local/lib/python3.7/site-packages/airflow/example_dags/example_complex.py took 0.050 seconds
[2022-05-23 20:00:44,572] {processor.py:153} INFO - Started process (PID=2018) to work on /home/airflow/.local/lib/python3.7/site-packages/airflow/example_dags/example_complex.py
[2022-05-23 20:00:44,572] {processor.py:641} INFO - Processing file /home/airflow/.local/lib/python3.7/site-packages/airflow/example_dags/example_complex.py for tasks to queue
[2022-05-23 20:00:44,572] {logging_mixin.py:115} INFO - [2022-05-23 20:00:44,572] {dagbag.py:507} INFO - Filling up the DagBag from /home/airflow/.local/lib/python3.7/site-packages/airflow/example_dags/example_complex.py
[2022-05-23 20:00:44,582] {processor.py:651} INFO - DAG(s) dict_keys(['example_complex']) retrieved from /home/airflow/.local/lib/python3.7/site-packages/airflow/example_dags/example_complex.py
[2022-05-23 20:00:44,603] {logging_mixin.py:115} INFO - [2022-05-23 20:00:44,603] {dag.py:2371} INFO - Sync 1 DAGs
[2022-05-23 20:00:44,618] {logging_mixin.py:115} INFO - [2022-05-23 20:00:44,618] {dag.py:2919} INFO - Setting next_dagrun for example_complex to None, run_after=None
[2022-05-23 20:00:44,625] {processor.py:161} INFO - Processing /home/airflow/.local/lib/python3.7/site-packages/airflow/example_dags/example_complex.py took 0.055 seconds
[2022-05-23 20:01:14,885] {processor.py:153} INFO - Started process (PID=2213) to work on /home/airflow/.local/lib/python3.7/site-packages/airflow/example_dags/example_complex.py
[2022-05-23 20:01:14,885] {processor.py:641} INFO - Processing file /home/airflow/.local/lib/python3.7/site-packages/airflow/example_dags/example_complex.py for tasks to queue
[2022-05-23 20:01:14,886] {logging_mixin.py:115} INFO - [2022-05-23 20:01:14,886] {dagbag.py:507} INFO - Filling up the DagBag from /home/airflow/.local/lib/python3.7/site-packages/airflow/example_dags/example_complex.py
[2022-05-23 20:01:14,897] {processor.py:651} INFO - DAG(s) dict_keys(['example_complex']) retrieved from /home/airflow/.local/lib/python3.7/site-packages/airflow/example_dags/example_complex.py
[2022-05-23 20:01:14,916] {logging_mixin.py:115} INFO - [2022-05-23 20:01:14,916] {dag.py:2371} INFO - Sync 1 DAGs
[2022-05-23 20:01:14,932] {logging_mixin.py:115} INFO - [2022-05-23 20:01:14,932] {dag.py:2919} INFO - Setting next_dagrun for example_complex to None, run_after=None
[2022-05-23 20:01:14,939] {processor.py:161} INFO - Processing /home/airflow/.local/lib/python3.7/site-packages/airflow/example_dags/example_complex.py took 0.056 seconds
[2022-05-23 20:01:45,346] {processor.py:153} INFO - Started process (PID=2412) to work on /home/airflow/.local/lib/python3.7/site-packages/airflow/example_dags/example_complex.py
[2022-05-23 20:01:45,346] {processor.py:641} INFO - Processing file /home/airflow/.local/lib/python3.7/site-packages/airflow/example_dags/example_complex.py for tasks to queue
[2022-05-23 20:01:45,346] {logging_mixin.py:115} INFO - [2022-05-23 20:01:45,346] {dagbag.py:507} INFO - Filling up the DagBag from /home/airflow/.local/lib/python3.7/site-packages/airflow/example_dags/example_complex.py
[2022-05-23 20:01:45,358] {processor.py:651} INFO - DAG(s) dict_keys(['example_complex']) retrieved from /home/airflow/.local/lib/python3.7/site-packages/airflow/example_dags/example_complex.py
[2022-05-23 20:01:45,380] {logging_mixin.py:115} INFO - [2022-05-23 20:01:45,380] {dag.py:2371} INFO - Sync 1 DAGs
[2022-05-23 20:01:45,396] {logging_mixin.py:115} INFO - [2022-05-23 20:01:45,396] {dag.py:2919} INFO - Setting next_dagrun for example_complex to None, run_after=None
[2022-05-23 20:01:45,405] {processor.py:161} INFO - Processing /home/airflow/.local/lib/python3.7/site-packages/airflow/example_dags/example_complex.py took 0.061 seconds
[2022-05-23 20:02:15,739] {processor.py:153} INFO - Started process (PID=2600) to work on /home/airflow/.local/lib/python3.7/site-packages/airflow/example_dags/example_complex.py
[2022-05-23 20:02:15,739] {processor.py:641} INFO - Processing file /home/airflow/.local/lib/python3.7/site-packages/airflow/example_dags/example_complex.py for tasks to queue
[2022-05-23 20:02:15,739] {logging_mixin.py:115} INFO - [2022-05-23 20:02:15,739] {dagbag.py:507} INFO - Filling up the DagBag from /home/airflow/.local/lib/python3.7/site-packages/airflow/example_dags/example_complex.py
[2022-05-23 20:02:15,752] {processor.py:651} INFO - DAG(s) dict_keys(['example_complex']) retrieved from /home/airflow/.local/lib/python3.7/site-packages/airflow/example_dags/example_complex.py
[2022-05-23 20:02:15,771] {logging_mixin.py:115} INFO - [2022-05-23 20:02:15,771] {dag.py:2371} INFO - Sync 1 DAGs
[2022-05-23 20:02:15,785] {logging_mixin.py:115} INFO - [2022-05-23 20:02:15,785] {dag.py:2919} INFO - Setting next_dagrun for example_complex to None, run_after=None
[2022-05-23 20:02:15,792] {processor.py:161} INFO - Processing /home/airflow/.local/lib/python3.7/site-packages/airflow/example_dags/example_complex.py took 0.055 seconds
[2022-05-23 20:02:46,034] {processor.py:153} INFO - Started process (PID=2795) to work on /home/airflow/.local/lib/python3.7/site-packages/airflow/example_dags/example_complex.py
[2022-05-23 20:02:46,035] {processor.py:641} INFO - Processing file /home/airflow/.local/lib/python3.7/site-packages/airflow/example_dags/example_complex.py for tasks to queue
[2022-05-23 20:02:46,035] {logging_mixin.py:115} INFO - [2022-05-23 20:02:46,035] {dagbag.py:507} INFO - Filling up the DagBag from /home/airflow/.local/lib/python3.7/site-packages/airflow/example_dags/example_complex.py
[2022-05-23 20:02:46,046] {processor.py:651} INFO - DAG(s) dict_keys(['example_complex']) retrieved from /home/airflow/.local/lib/python3.7/site-packages/airflow/example_dags/example_complex.py
[2022-05-23 20:02:46,065] {logging_mixin.py:115} INFO - [2022-05-23 20:02:46,065] {dag.py:2371} INFO - Sync 1 DAGs
[2022-05-23 20:02:46,078] {logging_mixin.py:115} INFO - [2022-05-23 20:02:46,078] {dag.py:2919} INFO - Setting next_dagrun for example_complex to None, run_after=None
[2022-05-23 20:02:46,085] {processor.py:161} INFO - Processing /home/airflow/.local/lib/python3.7/site-packages/airflow/example_dags/example_complex.py took 0.053 seconds
[2022-05-23 20:03:16,316] {processor.py:153} INFO - Started process (PID=2994) to work on /home/airflow/.local/lib/python3.7/site-packages/airflow/example_dags/example_complex.py
[2022-05-23 20:03:16,316] {processor.py:641} INFO - Processing file /home/airflow/.local/lib/python3.7/site-packages/airflow/example_dags/example_complex.py for tasks to queue
[2022-05-23 20:03:16,317] {logging_mixin.py:115} INFO - [2022-05-23 20:03:16,317] {dagbag.py:507} INFO - Filling up the DagBag from /home/airflow/.local/lib/python3.7/site-packages/airflow/example_dags/example_complex.py
[2022-05-23 20:03:16,326] {processor.py:651} INFO - DAG(s) dict_keys(['example_complex']) retrieved from /home/airflow/.local/lib/python3.7/site-packages/airflow/example_dags/example_complex.py
[2022-05-23 20:03:16,344] {logging_mixin.py:115} INFO - [2022-05-23 20:03:16,344] {dag.py:2371} INFO - Sync 1 DAGs
[2022-05-23 20:03:16,357] {logging_mixin.py:115} INFO - [2022-05-23 20:03:16,357] {dag.py:2919} INFO - Setting next_dagrun for example_complex to None, run_after=None
[2022-05-23 20:03:16,364] {processor.py:161} INFO - Processing /home/airflow/.local/lib/python3.7/site-packages/airflow/example_dags/example_complex.py took 0.050 seconds
