[2022-05-23 19:56:10,072] {processor.py:153} INFO - Started process (PID=170) to work on /home/airflow/.local/lib/python3.7/site-packages/airflow/example_dags/example_skip_dag.py
[2022-05-23 19:56:10,072] {processor.py:641} INFO - Processing file /home/airflow/.local/lib/python3.7/site-packages/airflow/example_dags/example_skip_dag.py for tasks to queue
[2022-05-23 19:56:10,073] {logging_mixin.py:115} INFO - [2022-05-23 19:56:10,073] {dagbag.py:507} INFO - Filling up the DagBag from /home/airflow/.local/lib/python3.7/site-packages/airflow/example_dags/example_skip_dag.py
[2022-05-23 19:56:10,079] {processor.py:651} INFO - DAG(s) dict_keys(['example_skip_dag']) retrieved from /home/airflow/.local/lib/python3.7/site-packages/airflow/example_dags/example_skip_dag.py
[2022-05-23 19:56:10,186] {logging_mixin.py:115} INFO - [2022-05-23 19:56:10,186] {manager.py:508} INFO - Created Permission View: can delete on DAG:example_skip_dag
[2022-05-23 19:56:10,195] {logging_mixin.py:115} INFO - [2022-05-23 19:56:10,194] {manager.py:508} INFO - Created Permission View: can read on DAG:example_skip_dag
[2022-05-23 19:56:10,202] {logging_mixin.py:115} INFO - [2022-05-23 19:56:10,202] {manager.py:508} INFO - Created Permission View: can edit on DAG:example_skip_dag
[2022-05-23 19:56:10,202] {logging_mixin.py:115} INFO - [2022-05-23 19:56:10,202] {dag.py:2371} INFO - Sync 1 DAGs
[2022-05-23 19:56:10,209] {logging_mixin.py:115} INFO - [2022-05-23 19:56:10,209] {dag.py:2390} INFO - Creating ORM DAG for example_skip_dag
[2022-05-23 19:56:10,225] {logging_mixin.py:115} INFO - [2022-05-23 19:56:10,224] {dag.py:2919} INFO - Setting next_dagrun for example_skip_dag to 2022-05-22T19:56:10.224602+00:00, run_after=2022-05-23T19:56:10.224602+00:00
[2022-05-23 19:56:10,239] {processor.py:161} INFO - Processing /home/airflow/.local/lib/python3.7/site-packages/airflow/example_dags/example_skip_dag.py took 0.170 seconds
[2022-05-23 19:56:40,649] {processor.py:153} INFO - Started process (PID=369) to work on /home/airflow/.local/lib/python3.7/site-packages/airflow/example_dags/example_skip_dag.py
[2022-05-23 19:56:40,650] {processor.py:641} INFO - Processing file /home/airflow/.local/lib/python3.7/site-packages/airflow/example_dags/example_skip_dag.py for tasks to queue
[2022-05-23 19:56:40,651] {logging_mixin.py:115} INFO - [2022-05-23 19:56:40,650] {dagbag.py:507} INFO - Filling up the DagBag from /home/airflow/.local/lib/python3.7/site-packages/airflow/example_dags/example_skip_dag.py
[2022-05-23 19:56:40,655] {processor.py:651} INFO - DAG(s) dict_keys(['example_skip_dag']) retrieved from /home/airflow/.local/lib/python3.7/site-packages/airflow/example_dags/example_skip_dag.py
[2022-05-23 19:56:40,674] {logging_mixin.py:115} INFO - [2022-05-23 19:56:40,674] {dag.py:2371} INFO - Sync 1 DAGs
[2022-05-23 19:56:40,689] {logging_mixin.py:115} INFO - [2022-05-23 19:56:40,689] {dag.py:2919} INFO - Setting next_dagrun for example_skip_dag to 2022-05-22T19:56:40.688916+00:00, run_after=2022-05-23T19:56:40.688916+00:00
[2022-05-23 19:56:40,696] {processor.py:161} INFO - Processing /home/airflow/.local/lib/python3.7/site-packages/airflow/example_dags/example_skip_dag.py took 0.050 seconds
[2022-05-23 19:57:10,923] {processor.py:153} INFO - Started process (PID=564) to work on /home/airflow/.local/lib/python3.7/site-packages/airflow/example_dags/example_skip_dag.py
[2022-05-23 19:57:10,924] {processor.py:641} INFO - Processing file /home/airflow/.local/lib/python3.7/site-packages/airflow/example_dags/example_skip_dag.py for tasks to queue
[2022-05-23 19:57:10,924] {logging_mixin.py:115} INFO - [2022-05-23 19:57:10,924] {dagbag.py:507} INFO - Filling up the DagBag from /home/airflow/.local/lib/python3.7/site-packages/airflow/example_dags/example_skip_dag.py
[2022-05-23 19:57:10,927] {processor.py:651} INFO - DAG(s) dict_keys(['example_skip_dag']) retrieved from /home/airflow/.local/lib/python3.7/site-packages/airflow/example_dags/example_skip_dag.py
[2022-05-23 19:57:10,944] {logging_mixin.py:115} INFO - [2022-05-23 19:57:10,944] {dag.py:2371} INFO - Sync 1 DAGs
[2022-05-23 19:57:10,958] {logging_mixin.py:115} INFO - [2022-05-23 19:57:10,958] {dag.py:2919} INFO - Setting next_dagrun for example_skip_dag to 2022-05-22T19:57:10.958516+00:00, run_after=2022-05-23T19:57:10.958516+00:00
[2022-05-23 19:57:10,965] {processor.py:161} INFO - Processing /home/airflow/.local/lib/python3.7/site-packages/airflow/example_dags/example_skip_dag.py took 0.044 seconds
[2022-05-23 19:57:41,080] {processor.py:153} INFO - Started process (PID=761) to work on /home/airflow/.local/lib/python3.7/site-packages/airflow/example_dags/example_skip_dag.py
[2022-05-23 19:57:41,082] {processor.py:641} INFO - Processing file /home/airflow/.local/lib/python3.7/site-packages/airflow/example_dags/example_skip_dag.py for tasks to queue
[2022-05-23 19:57:41,082] {logging_mixin.py:115} INFO - [2022-05-23 19:57:41,082] {dagbag.py:507} INFO - Filling up the DagBag from /home/airflow/.local/lib/python3.7/site-packages/airflow/example_dags/example_skip_dag.py
[2022-05-23 19:57:41,086] {processor.py:651} INFO - DAG(s) dict_keys(['example_skip_dag']) retrieved from /home/airflow/.local/lib/python3.7/site-packages/airflow/example_dags/example_skip_dag.py
[2022-05-23 19:57:41,113] {logging_mixin.py:115} INFO - [2022-05-23 19:57:41,113] {dag.py:2371} INFO - Sync 1 DAGs
[2022-05-23 19:57:41,134] {logging_mixin.py:115} INFO - [2022-05-23 19:57:41,134] {dag.py:2919} INFO - Setting next_dagrun for example_skip_dag to 2022-05-22T19:57:41.134604+00:00, run_after=2022-05-23T19:57:41.134604+00:00
[2022-05-23 19:57:41,145] {processor.py:161} INFO - Processing /home/airflow/.local/lib/python3.7/site-packages/airflow/example_dags/example_skip_dag.py took 0.067 seconds
[2022-05-23 19:58:11,464] {processor.py:153} INFO - Started process (PID=948) to work on /home/airflow/.local/lib/python3.7/site-packages/airflow/example_dags/example_skip_dag.py
[2022-05-23 19:58:11,466] {processor.py:641} INFO - Processing file /home/airflow/.local/lib/python3.7/site-packages/airflow/example_dags/example_skip_dag.py for tasks to queue
[2022-05-23 19:58:11,466] {logging_mixin.py:115} INFO - [2022-05-23 19:58:11,466] {dagbag.py:507} INFO - Filling up the DagBag from /home/airflow/.local/lib/python3.7/site-packages/airflow/example_dags/example_skip_dag.py
[2022-05-23 19:58:11,469] {processor.py:651} INFO - DAG(s) dict_keys(['example_skip_dag']) retrieved from /home/airflow/.local/lib/python3.7/site-packages/airflow/example_dags/example_skip_dag.py
[2022-05-23 19:58:11,487] {logging_mixin.py:115} INFO - [2022-05-23 19:58:11,487] {dag.py:2371} INFO - Sync 1 DAGs
[2022-05-23 19:58:11,500] {logging_mixin.py:115} INFO - [2022-05-23 19:58:11,500] {dag.py:2919} INFO - Setting next_dagrun for example_skip_dag to 2022-05-22T19:58:11.500433+00:00, run_after=2022-05-23T19:58:11.500433+00:00
[2022-05-23 19:58:11,508] {processor.py:161} INFO - Processing /home/airflow/.local/lib/python3.7/site-packages/airflow/example_dags/example_skip_dag.py took 0.046 seconds
[2022-05-23 19:58:41,850] {processor.py:153} INFO - Started process (PID=1164) to work on /home/airflow/.local/lib/python3.7/site-packages/airflow/example_dags/example_skip_dag.py
[2022-05-23 19:58:41,850] {processor.py:641} INFO - Processing file /home/airflow/.local/lib/python3.7/site-packages/airflow/example_dags/example_skip_dag.py for tasks to queue
[2022-05-23 19:58:41,851] {logging_mixin.py:115} INFO - [2022-05-23 19:58:41,851] {dagbag.py:507} INFO - Filling up the DagBag from /home/airflow/.local/lib/python3.7/site-packages/airflow/example_dags/example_skip_dag.py
[2022-05-23 19:58:41,855] {processor.py:651} INFO - DAG(s) dict_keys(['example_skip_dag']) retrieved from /home/airflow/.local/lib/python3.7/site-packages/airflow/example_dags/example_skip_dag.py
[2022-05-23 19:58:41,874] {logging_mixin.py:115} INFO - [2022-05-23 19:58:41,874] {dag.py:2371} INFO - Sync 1 DAGs
[2022-05-23 19:58:41,888] {logging_mixin.py:115} INFO - [2022-05-23 19:58:41,888] {dag.py:2919} INFO - Setting next_dagrun for example_skip_dag to 2022-05-22T19:58:41.887917+00:00, run_after=2022-05-23T19:58:41.887917+00:00
[2022-05-23 19:58:41,895] {processor.py:161} INFO - Processing /home/airflow/.local/lib/python3.7/site-packages/airflow/example_dags/example_skip_dag.py took 0.048 seconds
[2022-05-23 19:59:12,169] {processor.py:153} INFO - Started process (PID=1362) to work on /home/airflow/.local/lib/python3.7/site-packages/airflow/example_dags/example_skip_dag.py
[2022-05-23 19:59:12,170] {processor.py:641} INFO - Processing file /home/airflow/.local/lib/python3.7/site-packages/airflow/example_dags/example_skip_dag.py for tasks to queue
[2022-05-23 19:59:12,170] {logging_mixin.py:115} INFO - [2022-05-23 19:59:12,170] {dagbag.py:507} INFO - Filling up the DagBag from /home/airflow/.local/lib/python3.7/site-packages/airflow/example_dags/example_skip_dag.py
[2022-05-23 19:59:12,173] {processor.py:651} INFO - DAG(s) dict_keys(['example_skip_dag']) retrieved from /home/airflow/.local/lib/python3.7/site-packages/airflow/example_dags/example_skip_dag.py
[2022-05-23 19:59:12,193] {logging_mixin.py:115} INFO - [2022-05-23 19:59:12,193] {dag.py:2371} INFO - Sync 1 DAGs
[2022-05-23 19:59:12,207] {logging_mixin.py:115} INFO - [2022-05-23 19:59:12,207] {dag.py:2919} INFO - Setting next_dagrun for example_skip_dag to 2022-05-22T19:59:12.206965+00:00, run_after=2022-05-23T19:59:12.206965+00:00
[2022-05-23 19:59:12,218] {processor.py:161} INFO - Processing /home/airflow/.local/lib/python3.7/site-packages/airflow/example_dags/example_skip_dag.py took 0.051 seconds
[2022-05-23 19:59:42,425] {processor.py:153} INFO - Started process (PID=1549) to work on /home/airflow/.local/lib/python3.7/site-packages/airflow/example_dags/example_skip_dag.py
[2022-05-23 19:59:42,427] {processor.py:641} INFO - Processing file /home/airflow/.local/lib/python3.7/site-packages/airflow/example_dags/example_skip_dag.py for tasks to queue
[2022-05-23 19:59:42,427] {logging_mixin.py:115} INFO - [2022-05-23 19:59:42,427] {dagbag.py:507} INFO - Filling up the DagBag from /home/airflow/.local/lib/python3.7/site-packages/airflow/example_dags/example_skip_dag.py
[2022-05-23 19:59:42,430] {processor.py:651} INFO - DAG(s) dict_keys(['example_skip_dag']) retrieved from /home/airflow/.local/lib/python3.7/site-packages/airflow/example_dags/example_skip_dag.py
[2022-05-23 19:59:42,451] {logging_mixin.py:115} INFO - [2022-05-23 19:59:42,451] {dag.py:2371} INFO - Sync 1 DAGs
[2022-05-23 19:59:42,471] {logging_mixin.py:115} INFO - [2022-05-23 19:59:42,471] {dag.py:2919} INFO - Setting next_dagrun for example_skip_dag to 2022-05-22T19:59:42.471300+00:00, run_after=2022-05-23T19:59:42.471300+00:00
[2022-05-23 19:59:42,481] {processor.py:161} INFO - Processing /home/airflow/.local/lib/python3.7/site-packages/airflow/example_dags/example_skip_dag.py took 0.057 seconds
[2022-05-23 20:00:12,636] {processor.py:153} INFO - Started process (PID=1746) to work on /home/airflow/.local/lib/python3.7/site-packages/airflow/example_dags/example_skip_dag.py
[2022-05-23 20:00:12,637] {processor.py:641} INFO - Processing file /home/airflow/.local/lib/python3.7/site-packages/airflow/example_dags/example_skip_dag.py for tasks to queue
[2022-05-23 20:00:12,637] {logging_mixin.py:115} INFO - [2022-05-23 20:00:12,637] {dagbag.py:507} INFO - Filling up the DagBag from /home/airflow/.local/lib/python3.7/site-packages/airflow/example_dags/example_skip_dag.py
[2022-05-23 20:00:12,640] {processor.py:651} INFO - DAG(s) dict_keys(['example_skip_dag']) retrieved from /home/airflow/.local/lib/python3.7/site-packages/airflow/example_dags/example_skip_dag.py
[2022-05-23 20:00:12,659] {logging_mixin.py:115} INFO - [2022-05-23 20:00:12,659] {dag.py:2371} INFO - Sync 1 DAGs
[2022-05-23 20:00:12,673] {logging_mixin.py:115} INFO - [2022-05-23 20:00:12,673] {dag.py:2919} INFO - Setting next_dagrun for example_skip_dag to 2022-05-22T20:00:12.673243+00:00, run_after=2022-05-23T20:00:12.673243+00:00
[2022-05-23 20:00:12,680] {processor.py:161} INFO - Processing /home/airflow/.local/lib/python3.7/site-packages/airflow/example_dags/example_skip_dag.py took 0.047 seconds
[2022-05-23 20:00:42,998] {processor.py:153} INFO - Started process (PID=1943) to work on /home/airflow/.local/lib/python3.7/site-packages/airflow/example_dags/example_skip_dag.py
[2022-05-23 20:00:42,999] {processor.py:641} INFO - Processing file /home/airflow/.local/lib/python3.7/site-packages/airflow/example_dags/example_skip_dag.py for tasks to queue
[2022-05-23 20:00:42,999] {logging_mixin.py:115} INFO - [2022-05-23 20:00:42,999] {dagbag.py:507} INFO - Filling up the DagBag from /home/airflow/.local/lib/python3.7/site-packages/airflow/example_dags/example_skip_dag.py
[2022-05-23 20:00:43,002] {processor.py:651} INFO - DAG(s) dict_keys(['example_skip_dag']) retrieved from /home/airflow/.local/lib/python3.7/site-packages/airflow/example_dags/example_skip_dag.py
[2022-05-23 20:00:43,022] {logging_mixin.py:115} INFO - [2022-05-23 20:00:43,022] {dag.py:2371} INFO - Sync 1 DAGs
[2022-05-23 20:00:43,036] {logging_mixin.py:115} INFO - [2022-05-23 20:00:43,036] {dag.py:2919} INFO - Setting next_dagrun for example_skip_dag to 2022-05-22T20:00:43.036422+00:00, run_after=2022-05-23T20:00:43.036422+00:00
[2022-05-23 20:00:43,045] {processor.py:161} INFO - Processing /home/airflow/.local/lib/python3.7/site-packages/airflow/example_dags/example_skip_dag.py took 0.049 seconds
[2022-05-23 20:01:13,360] {processor.py:153} INFO - Started process (PID=2140) to work on /home/airflow/.local/lib/python3.7/site-packages/airflow/example_dags/example_skip_dag.py
[2022-05-23 20:01:13,361] {processor.py:641} INFO - Processing file /home/airflow/.local/lib/python3.7/site-packages/airflow/example_dags/example_skip_dag.py for tasks to queue
[2022-05-23 20:01:13,362] {logging_mixin.py:115} INFO - [2022-05-23 20:01:13,361] {dagbag.py:507} INFO - Filling up the DagBag from /home/airflow/.local/lib/python3.7/site-packages/airflow/example_dags/example_skip_dag.py
[2022-05-23 20:01:13,366] {processor.py:651} INFO - DAG(s) dict_keys(['example_skip_dag']) retrieved from /home/airflow/.local/lib/python3.7/site-packages/airflow/example_dags/example_skip_dag.py
[2022-05-23 20:01:13,434] {logging_mixin.py:115} INFO - [2022-05-23 20:01:13,434] {dag.py:2371} INFO - Sync 1 DAGs
[2022-05-23 20:01:13,453] {logging_mixin.py:115} INFO - [2022-05-23 20:01:13,453] {dag.py:2919} INFO - Setting next_dagrun for example_skip_dag to 2022-05-22T20:01:13.453286+00:00, run_after=2022-05-23T20:01:13.453286+00:00
[2022-05-23 20:01:13,463] {processor.py:161} INFO - Processing /home/airflow/.local/lib/python3.7/site-packages/airflow/example_dags/example_skip_dag.py took 0.107 seconds
[2022-05-23 20:01:43,607] {processor.py:153} INFO - Started process (PID=2328) to work on /home/airflow/.local/lib/python3.7/site-packages/airflow/example_dags/example_skip_dag.py
[2022-05-23 20:01:43,609] {processor.py:641} INFO - Processing file /home/airflow/.local/lib/python3.7/site-packages/airflow/example_dags/example_skip_dag.py for tasks to queue
[2022-05-23 20:01:43,609] {logging_mixin.py:115} INFO - [2022-05-23 20:01:43,609] {dagbag.py:507} INFO - Filling up the DagBag from /home/airflow/.local/lib/python3.7/site-packages/airflow/example_dags/example_skip_dag.py
[2022-05-23 20:01:43,612] {processor.py:651} INFO - DAG(s) dict_keys(['example_skip_dag']) retrieved from /home/airflow/.local/lib/python3.7/site-packages/airflow/example_dags/example_skip_dag.py
[2022-05-23 20:01:43,636] {logging_mixin.py:115} INFO - [2022-05-23 20:01:43,636] {dag.py:2371} INFO - Sync 1 DAGs
[2022-05-23 20:01:43,654] {logging_mixin.py:115} INFO - [2022-05-23 20:01:43,654] {dag.py:2919} INFO - Setting next_dagrun for example_skip_dag to 2022-05-22T20:01:43.654224+00:00, run_after=2022-05-23T20:01:43.654224+00:00
[2022-05-23 20:01:43,664] {processor.py:161} INFO - Processing /home/airflow/.local/lib/python3.7/site-packages/airflow/example_dags/example_skip_dag.py took 0.059 seconds
[2022-05-23 20:02:14,204] {processor.py:153} INFO - Started process (PID=2525) to work on /home/airflow/.local/lib/python3.7/site-packages/airflow/example_dags/example_skip_dag.py
[2022-05-23 20:02:14,205] {processor.py:641} INFO - Processing file /home/airflow/.local/lib/python3.7/site-packages/airflow/example_dags/example_skip_dag.py for tasks to queue
[2022-05-23 20:02:14,205] {logging_mixin.py:115} INFO - [2022-05-23 20:02:14,205] {dagbag.py:507} INFO - Filling up the DagBag from /home/airflow/.local/lib/python3.7/site-packages/airflow/example_dags/example_skip_dag.py
[2022-05-23 20:02:14,208] {processor.py:651} INFO - DAG(s) dict_keys(['example_skip_dag']) retrieved from /home/airflow/.local/lib/python3.7/site-packages/airflow/example_dags/example_skip_dag.py
[2022-05-23 20:02:14,226] {logging_mixin.py:115} INFO - [2022-05-23 20:02:14,226] {dag.py:2371} INFO - Sync 1 DAGs
[2022-05-23 20:02:14,240] {logging_mixin.py:115} INFO - [2022-05-23 20:02:14,240] {dag.py:2919} INFO - Setting next_dagrun for example_skip_dag to 2022-05-22T20:02:14.240625+00:00, run_after=2022-05-23T20:02:14.240625+00:00
[2022-05-23 20:02:14,248] {processor.py:161} INFO - Processing /home/airflow/.local/lib/python3.7/site-packages/airflow/example_dags/example_skip_dag.py took 0.047 seconds
[2022-05-23 20:02:44,554] {processor.py:153} INFO - Started process (PID=2722) to work on /home/airflow/.local/lib/python3.7/site-packages/airflow/example_dags/example_skip_dag.py
[2022-05-23 20:02:44,555] {processor.py:641} INFO - Processing file /home/airflow/.local/lib/python3.7/site-packages/airflow/example_dags/example_skip_dag.py for tasks to queue
[2022-05-23 20:02:44,556] {logging_mixin.py:115} INFO - [2022-05-23 20:02:44,556] {dagbag.py:507} INFO - Filling up the DagBag from /home/airflow/.local/lib/python3.7/site-packages/airflow/example_dags/example_skip_dag.py
[2022-05-23 20:02:44,559] {processor.py:651} INFO - DAG(s) dict_keys(['example_skip_dag']) retrieved from /home/airflow/.local/lib/python3.7/site-packages/airflow/example_dags/example_skip_dag.py
[2022-05-23 20:02:44,578] {logging_mixin.py:115} INFO - [2022-05-23 20:02:44,578] {dag.py:2371} INFO - Sync 1 DAGs
[2022-05-23 20:02:44,593] {logging_mixin.py:115} INFO - [2022-05-23 20:02:44,593] {dag.py:2919} INFO - Setting next_dagrun for example_skip_dag to 2022-05-22T20:02:44.593253+00:00, run_after=2022-05-23T20:02:44.593253+00:00
[2022-05-23 20:02:44,600] {processor.py:161} INFO - Processing /home/airflow/.local/lib/python3.7/site-packages/airflow/example_dags/example_skip_dag.py took 0.048 seconds
[2022-05-23 20:03:14,776] {processor.py:153} INFO - Started process (PID=2919) to work on /home/airflow/.local/lib/python3.7/site-packages/airflow/example_dags/example_skip_dag.py
[2022-05-23 20:03:14,777] {processor.py:641} INFO - Processing file /home/airflow/.local/lib/python3.7/site-packages/airflow/example_dags/example_skip_dag.py for tasks to queue
[2022-05-23 20:03:14,778] {logging_mixin.py:115} INFO - [2022-05-23 20:03:14,777] {dagbag.py:507} INFO - Filling up the DagBag from /home/airflow/.local/lib/python3.7/site-packages/airflow/example_dags/example_skip_dag.py
[2022-05-23 20:03:14,781] {processor.py:651} INFO - DAG(s) dict_keys(['example_skip_dag']) retrieved from /home/airflow/.local/lib/python3.7/site-packages/airflow/example_dags/example_skip_dag.py
[2022-05-23 20:03:14,798] {logging_mixin.py:115} INFO - [2022-05-23 20:03:14,798] {dag.py:2371} INFO - Sync 1 DAGs
[2022-05-23 20:03:14,811] {logging_mixin.py:115} INFO - [2022-05-23 20:03:14,811] {dag.py:2919} INFO - Setting next_dagrun for example_skip_dag to 2022-05-22T20:03:14.811070+00:00, run_after=2022-05-23T20:03:14.811070+00:00
[2022-05-23 20:03:14,818] {processor.py:161} INFO - Processing /home/airflow/.local/lib/python3.7/site-packages/airflow/example_dags/example_skip_dag.py took 0.045 seconds
