[2022-05-23 19:56:11,316] {processor.py:153} INFO - Started process (PID=234) to work on /home/airflow/.local/lib/python3.7/site-packages/airflow/example_dags/example_branch_operator_decorator.py
[2022-05-23 19:56:11,317] {processor.py:641} INFO - Processing file /home/airflow/.local/lib/python3.7/site-packages/airflow/example_dags/example_branch_operator_decorator.py for tasks to queue
[2022-05-23 19:56:11,317] {logging_mixin.py:115} INFO - [2022-05-23 19:56:11,317] {dagbag.py:507} INFO - Filling up the DagBag from /home/airflow/.local/lib/python3.7/site-packages/airflow/example_dags/example_branch_operator_decorator.py
[2022-05-23 19:56:11,343] {processor.py:651} INFO - DAG(s) dict_keys(['example_branch_python_operator_decorator']) retrieved from /home/airflow/.local/lib/python3.7/site-packages/airflow/example_dags/example_branch_operator_decorator.py
[2022-05-23 19:56:11,445] {logging_mixin.py:115} INFO - [2022-05-23 19:56:11,445] {manager.py:508} INFO - Created Permission View: can delete on DAG:example_branch_python_operator_decorator
[2022-05-23 19:56:11,456] {logging_mixin.py:115} INFO - [2022-05-23 19:56:11,456] {manager.py:508} INFO - Created Permission View: can read on DAG:example_branch_python_operator_decorator
[2022-05-23 19:56:11,463] {logging_mixin.py:115} INFO - [2022-05-23 19:56:11,463] {manager.py:508} INFO - Created Permission View: can edit on DAG:example_branch_python_operator_decorator
[2022-05-23 19:56:11,463] {logging_mixin.py:115} INFO - [2022-05-23 19:56:11,463] {dag.py:2371} INFO - Sync 1 DAGs
[2022-05-23 19:56:11,473] {logging_mixin.py:115} INFO - [2022-05-23 19:56:11,473] {dag.py:2390} INFO - Creating ORM DAG for example_branch_python_operator_decorator
[2022-05-23 19:56:11,491] {logging_mixin.py:115} INFO - [2022-05-23 19:56:11,491] {dag.py:2919} INFO - Setting next_dagrun for example_branch_python_operator_decorator to 2022-05-22T00:00:00+00:00, run_after=2022-05-23T00:00:00+00:00
[2022-05-23 19:56:11,508] {processor.py:161} INFO - Processing /home/airflow/.local/lib/python3.7/site-packages/airflow/example_dags/example_branch_operator_decorator.py took 0.195 seconds
[2022-05-23 19:56:42,060] {processor.py:153} INFO - Started process (PID=422) to work on /home/airflow/.local/lib/python3.7/site-packages/airflow/example_dags/example_branch_operator_decorator.py
[2022-05-23 19:56:42,061] {processor.py:641} INFO - Processing file /home/airflow/.local/lib/python3.7/site-packages/airflow/example_dags/example_branch_operator_decorator.py for tasks to queue
[2022-05-23 19:56:42,061] {logging_mixin.py:115} INFO - [2022-05-23 19:56:42,061] {dagbag.py:507} INFO - Filling up the DagBag from /home/airflow/.local/lib/python3.7/site-packages/airflow/example_dags/example_branch_operator_decorator.py
[2022-05-23 19:56:42,074] {processor.py:651} INFO - DAG(s) dict_keys(['example_branch_python_operator_decorator']) retrieved from /home/airflow/.local/lib/python3.7/site-packages/airflow/example_dags/example_branch_operator_decorator.py
[2022-05-23 19:56:42,089] {logging_mixin.py:115} INFO - [2022-05-23 19:56:42,089] {dag.py:2371} INFO - Sync 1 DAGs
[2022-05-23 19:56:42,103] {logging_mixin.py:115} INFO - [2022-05-23 19:56:42,103] {dag.py:2919} INFO - Setting next_dagrun for example_branch_python_operator_decorator to 2022-05-22T00:00:00+00:00, run_after=2022-05-23T00:00:00+00:00
[2022-05-23 19:56:42,110] {processor.py:161} INFO - Processing /home/airflow/.local/lib/python3.7/site-packages/airflow/example_dags/example_branch_operator_decorator.py took 0.051 seconds
[2022-05-23 19:57:12,281] {processor.py:153} INFO - Started process (PID=617) to work on /home/airflow/.local/lib/python3.7/site-packages/airflow/example_dags/example_branch_operator_decorator.py
[2022-05-23 19:57:12,281] {processor.py:641} INFO - Processing file /home/airflow/.local/lib/python3.7/site-packages/airflow/example_dags/example_branch_operator_decorator.py for tasks to queue
[2022-05-23 19:57:12,282] {logging_mixin.py:115} INFO - [2022-05-23 19:57:12,282] {dagbag.py:507} INFO - Filling up the DagBag from /home/airflow/.local/lib/python3.7/site-packages/airflow/example_dags/example_branch_operator_decorator.py
[2022-05-23 19:57:12,295] {processor.py:651} INFO - DAG(s) dict_keys(['example_branch_python_operator_decorator']) retrieved from /home/airflow/.local/lib/python3.7/site-packages/airflow/example_dags/example_branch_operator_decorator.py
[2022-05-23 19:57:12,311] {logging_mixin.py:115} INFO - [2022-05-23 19:57:12,311] {dag.py:2371} INFO - Sync 1 DAGs
[2022-05-23 19:57:12,325] {logging_mixin.py:115} INFO - [2022-05-23 19:57:12,325] {dag.py:2919} INFO - Setting next_dagrun for example_branch_python_operator_decorator to 2022-05-22T00:00:00+00:00, run_after=2022-05-23T00:00:00+00:00
[2022-05-23 19:57:12,332] {processor.py:161} INFO - Processing /home/airflow/.local/lib/python3.7/site-packages/airflow/example_dags/example_branch_operator_decorator.py took 0.052 seconds
[2022-05-23 19:57:42,475] {processor.py:153} INFO - Started process (PID=814) to work on /home/airflow/.local/lib/python3.7/site-packages/airflow/example_dags/example_branch_operator_decorator.py
[2022-05-23 19:57:42,475] {processor.py:641} INFO - Processing file /home/airflow/.local/lib/python3.7/site-packages/airflow/example_dags/example_branch_operator_decorator.py for tasks to queue
[2022-05-23 19:57:42,476] {logging_mixin.py:115} INFO - [2022-05-23 19:57:42,475] {dagbag.py:507} INFO - Filling up the DagBag from /home/airflow/.local/lib/python3.7/site-packages/airflow/example_dags/example_branch_operator_decorator.py
[2022-05-23 19:57:42,490] {processor.py:651} INFO - DAG(s) dict_keys(['example_branch_python_operator_decorator']) retrieved from /home/airflow/.local/lib/python3.7/site-packages/airflow/example_dags/example_branch_operator_decorator.py
[2022-05-23 19:57:42,511] {logging_mixin.py:115} INFO - [2022-05-23 19:57:42,511] {dag.py:2371} INFO - Sync 1 DAGs
[2022-05-23 19:57:42,527] {logging_mixin.py:115} INFO - [2022-05-23 19:57:42,527] {dag.py:2919} INFO - Setting next_dagrun for example_branch_python_operator_decorator to 2022-05-22T00:00:00+00:00, run_after=2022-05-23T00:00:00+00:00
[2022-05-23 19:57:42,536] {processor.py:161} INFO - Processing /home/airflow/.local/lib/python3.7/site-packages/airflow/example_dags/example_branch_operator_decorator.py took 0.063 seconds
[2022-05-23 19:58:12,831] {processor.py:153} INFO - Started process (PID=1001) to work on /home/airflow/.local/lib/python3.7/site-packages/airflow/example_dags/example_branch_operator_decorator.py
[2022-05-23 19:58:12,831] {processor.py:641} INFO - Processing file /home/airflow/.local/lib/python3.7/site-packages/airflow/example_dags/example_branch_operator_decorator.py for tasks to queue
[2022-05-23 19:58:12,832] {logging_mixin.py:115} INFO - [2022-05-23 19:58:12,832] {dagbag.py:507} INFO - Filling up the DagBag from /home/airflow/.local/lib/python3.7/site-packages/airflow/example_dags/example_branch_operator_decorator.py
[2022-05-23 19:58:12,845] {processor.py:651} INFO - DAG(s) dict_keys(['example_branch_python_operator_decorator']) retrieved from /home/airflow/.local/lib/python3.7/site-packages/airflow/example_dags/example_branch_operator_decorator.py
[2022-05-23 19:58:12,860] {logging_mixin.py:115} INFO - [2022-05-23 19:58:12,860] {dag.py:2371} INFO - Sync 1 DAGs
[2022-05-23 19:58:12,874] {logging_mixin.py:115} INFO - [2022-05-23 19:58:12,874] {dag.py:2919} INFO - Setting next_dagrun for example_branch_python_operator_decorator to 2022-05-22T00:00:00+00:00, run_after=2022-05-23T00:00:00+00:00
[2022-05-23 19:58:12,881] {processor.py:161} INFO - Processing /home/airflow/.local/lib/python3.7/site-packages/airflow/example_dags/example_branch_operator_decorator.py took 0.052 seconds
[2022-05-23 19:58:43,284] {processor.py:153} INFO - Started process (PID=1217) to work on /home/airflow/.local/lib/python3.7/site-packages/airflow/example_dags/example_branch_operator_decorator.py
[2022-05-23 19:58:43,285] {processor.py:641} INFO - Processing file /home/airflow/.local/lib/python3.7/site-packages/airflow/example_dags/example_branch_operator_decorator.py for tasks to queue
[2022-05-23 19:58:43,285] {logging_mixin.py:115} INFO - [2022-05-23 19:58:43,285] {dagbag.py:507} INFO - Filling up the DagBag from /home/airflow/.local/lib/python3.7/site-packages/airflow/example_dags/example_branch_operator_decorator.py
[2022-05-23 19:58:43,299] {processor.py:651} INFO - DAG(s) dict_keys(['example_branch_python_operator_decorator']) retrieved from /home/airflow/.local/lib/python3.7/site-packages/airflow/example_dags/example_branch_operator_decorator.py
[2022-05-23 19:58:43,315] {logging_mixin.py:115} INFO - [2022-05-23 19:58:43,315] {dag.py:2371} INFO - Sync 1 DAGs
[2022-05-23 19:58:43,336] {logging_mixin.py:115} INFO - [2022-05-23 19:58:43,336] {dag.py:2919} INFO - Setting next_dagrun for example_branch_python_operator_decorator to 2022-05-22T00:00:00+00:00, run_after=2022-05-23T00:00:00+00:00
[2022-05-23 19:58:43,345] {processor.py:161} INFO - Processing /home/airflow/.local/lib/python3.7/site-packages/airflow/example_dags/example_branch_operator_decorator.py took 0.063 seconds
[2022-05-23 19:59:13,557] {processor.py:153} INFO - Started process (PID=1415) to work on /home/airflow/.local/lib/python3.7/site-packages/airflow/example_dags/example_branch_operator_decorator.py
[2022-05-23 19:59:13,558] {processor.py:641} INFO - Processing file /home/airflow/.local/lib/python3.7/site-packages/airflow/example_dags/example_branch_operator_decorator.py for tasks to queue
[2022-05-23 19:59:13,558] {logging_mixin.py:115} INFO - [2022-05-23 19:59:13,558] {dagbag.py:507} INFO - Filling up the DagBag from /home/airflow/.local/lib/python3.7/site-packages/airflow/example_dags/example_branch_operator_decorator.py
[2022-05-23 19:59:13,574] {processor.py:651} INFO - DAG(s) dict_keys(['example_branch_python_operator_decorator']) retrieved from /home/airflow/.local/lib/python3.7/site-packages/airflow/example_dags/example_branch_operator_decorator.py
[2022-05-23 19:59:13,590] {logging_mixin.py:115} INFO - [2022-05-23 19:59:13,590] {dag.py:2371} INFO - Sync 1 DAGs
[2022-05-23 19:59:13,605] {logging_mixin.py:115} INFO - [2022-05-23 19:59:13,605] {dag.py:2919} INFO - Setting next_dagrun for example_branch_python_operator_decorator to 2022-05-22T00:00:00+00:00, run_after=2022-05-23T00:00:00+00:00
[2022-05-23 19:59:13,613] {processor.py:161} INFO - Processing /home/airflow/.local/lib/python3.7/site-packages/airflow/example_dags/example_branch_operator_decorator.py took 0.058 seconds
[2022-05-23 19:59:43,807] {processor.py:153} INFO - Started process (PID=1611) to work on /home/airflow/.local/lib/python3.7/site-packages/airflow/example_dags/example_branch_operator_decorator.py
[2022-05-23 19:59:43,807] {processor.py:641} INFO - Processing file /home/airflow/.local/lib/python3.7/site-packages/airflow/example_dags/example_branch_operator_decorator.py for tasks to queue
[2022-05-23 19:59:43,808] {logging_mixin.py:115} INFO - [2022-05-23 19:59:43,808] {dagbag.py:507} INFO - Filling up the DagBag from /home/airflow/.local/lib/python3.7/site-packages/airflow/example_dags/example_branch_operator_decorator.py
[2022-05-23 19:59:43,820] {processor.py:651} INFO - DAG(s) dict_keys(['example_branch_python_operator_decorator']) retrieved from /home/airflow/.local/lib/python3.7/site-packages/airflow/example_dags/example_branch_operator_decorator.py
[2022-05-23 19:59:43,835] {logging_mixin.py:115} INFO - [2022-05-23 19:59:43,835] {dag.py:2371} INFO - Sync 1 DAGs
[2022-05-23 19:59:43,849] {logging_mixin.py:115} INFO - [2022-05-23 19:59:43,849] {dag.py:2919} INFO - Setting next_dagrun for example_branch_python_operator_decorator to 2022-05-22T00:00:00+00:00, run_after=2022-05-23T00:00:00+00:00
[2022-05-23 19:59:43,856] {processor.py:161} INFO - Processing /home/airflow/.local/lib/python3.7/site-packages/airflow/example_dags/example_branch_operator_decorator.py took 0.051 seconds
[2022-05-23 20:00:14,048] {processor.py:153} INFO - Started process (PID=1800) to work on /home/airflow/.local/lib/python3.7/site-packages/airflow/example_dags/example_branch_operator_decorator.py
[2022-05-23 20:00:14,048] {processor.py:641} INFO - Processing file /home/airflow/.local/lib/python3.7/site-packages/airflow/example_dags/example_branch_operator_decorator.py for tasks to queue
[2022-05-23 20:00:14,048] {logging_mixin.py:115} INFO - [2022-05-23 20:00:14,048] {dagbag.py:507} INFO - Filling up the DagBag from /home/airflow/.local/lib/python3.7/site-packages/airflow/example_dags/example_branch_operator_decorator.py
[2022-05-23 20:00:14,063] {processor.py:651} INFO - DAG(s) dict_keys(['example_branch_python_operator_decorator']) retrieved from /home/airflow/.local/lib/python3.7/site-packages/airflow/example_dags/example_branch_operator_decorator.py
[2022-05-23 20:00:14,079] {logging_mixin.py:115} INFO - [2022-05-23 20:00:14,079] {dag.py:2371} INFO - Sync 1 DAGs
[2022-05-23 20:00:14,094] {logging_mixin.py:115} INFO - [2022-05-23 20:00:14,094] {dag.py:2919} INFO - Setting next_dagrun for example_branch_python_operator_decorator to 2022-05-22T00:00:00+00:00, run_after=2022-05-23T00:00:00+00:00
[2022-05-23 20:00:14,102] {processor.py:161} INFO - Processing /home/airflow/.local/lib/python3.7/site-packages/airflow/example_dags/example_branch_operator_decorator.py took 0.056 seconds
[2022-05-23 20:00:44,421] {processor.py:153} INFO - Started process (PID=1996) to work on /home/airflow/.local/lib/python3.7/site-packages/airflow/example_dags/example_branch_operator_decorator.py
[2022-05-23 20:00:44,421] {processor.py:641} INFO - Processing file /home/airflow/.local/lib/python3.7/site-packages/airflow/example_dags/example_branch_operator_decorator.py for tasks to queue
[2022-05-23 20:00:44,421] {logging_mixin.py:115} INFO - [2022-05-23 20:00:44,421] {dagbag.py:507} INFO - Filling up the DagBag from /home/airflow/.local/lib/python3.7/site-packages/airflow/example_dags/example_branch_operator_decorator.py
[2022-05-23 20:00:44,437] {processor.py:651} INFO - DAG(s) dict_keys(['example_branch_python_operator_decorator']) retrieved from /home/airflow/.local/lib/python3.7/site-packages/airflow/example_dags/example_branch_operator_decorator.py
[2022-05-23 20:00:44,455] {logging_mixin.py:115} INFO - [2022-05-23 20:00:44,455] {dag.py:2371} INFO - Sync 1 DAGs
[2022-05-23 20:00:44,470] {logging_mixin.py:115} INFO - [2022-05-23 20:00:44,470] {dag.py:2919} INFO - Setting next_dagrun for example_branch_python_operator_decorator to 2022-05-22T00:00:00+00:00, run_after=2022-05-23T00:00:00+00:00
[2022-05-23 20:00:44,478] {processor.py:161} INFO - Processing /home/airflow/.local/lib/python3.7/site-packages/airflow/example_dags/example_branch_operator_decorator.py took 0.059 seconds
[2022-05-23 20:01:14,763] {processor.py:153} INFO - Started process (PID=2193) to work on /home/airflow/.local/lib/python3.7/site-packages/airflow/example_dags/example_branch_operator_decorator.py
[2022-05-23 20:01:14,763] {processor.py:641} INFO - Processing file /home/airflow/.local/lib/python3.7/site-packages/airflow/example_dags/example_branch_operator_decorator.py for tasks to queue
[2022-05-23 20:01:14,763] {logging_mixin.py:115} INFO - [2022-05-23 20:01:14,763] {dagbag.py:507} INFO - Filling up the DagBag from /home/airflow/.local/lib/python3.7/site-packages/airflow/example_dags/example_branch_operator_decorator.py
[2022-05-23 20:01:14,776] {processor.py:651} INFO - DAG(s) dict_keys(['example_branch_python_operator_decorator']) retrieved from /home/airflow/.local/lib/python3.7/site-packages/airflow/example_dags/example_branch_operator_decorator.py
[2022-05-23 20:01:14,791] {logging_mixin.py:115} INFO - [2022-05-23 20:01:14,791] {dag.py:2371} INFO - Sync 1 DAGs
[2022-05-23 20:01:14,805] {logging_mixin.py:115} INFO - [2022-05-23 20:01:14,805] {dag.py:2919} INFO - Setting next_dagrun for example_branch_python_operator_decorator to 2022-05-22T00:00:00+00:00, run_after=2022-05-23T00:00:00+00:00
[2022-05-23 20:01:14,812] {processor.py:161} INFO - Processing /home/airflow/.local/lib/python3.7/site-packages/airflow/example_dags/example_branch_operator_decorator.py took 0.051 seconds
[2022-05-23 20:01:45,120] {processor.py:153} INFO - Started process (PID=2390) to work on /home/airflow/.local/lib/python3.7/site-packages/airflow/example_dags/example_branch_operator_decorator.py
[2022-05-23 20:01:45,120] {processor.py:641} INFO - Processing file /home/airflow/.local/lib/python3.7/site-packages/airflow/example_dags/example_branch_operator_decorator.py for tasks to queue
[2022-05-23 20:01:45,121] {logging_mixin.py:115} INFO - [2022-05-23 20:01:45,121] {dagbag.py:507} INFO - Filling up the DagBag from /home/airflow/.local/lib/python3.7/site-packages/airflow/example_dags/example_branch_operator_decorator.py
[2022-05-23 20:01:45,135] {processor.py:651} INFO - DAG(s) dict_keys(['example_branch_python_operator_decorator']) retrieved from /home/airflow/.local/lib/python3.7/site-packages/airflow/example_dags/example_branch_operator_decorator.py
[2022-05-23 20:01:45,154] {logging_mixin.py:115} INFO - [2022-05-23 20:01:45,153] {dag.py:2371} INFO - Sync 1 DAGs
[2022-05-23 20:01:45,172] {logging_mixin.py:115} INFO - [2022-05-23 20:01:45,171] {dag.py:2919} INFO - Setting next_dagrun for example_branch_python_operator_decorator to 2022-05-22T00:00:00+00:00, run_after=2022-05-23T00:00:00+00:00
[2022-05-23 20:01:45,179] {processor.py:161} INFO - Processing /home/airflow/.local/lib/python3.7/site-packages/airflow/example_dags/example_branch_operator_decorator.py took 0.061 seconds
[2022-05-23 20:02:15,591] {processor.py:153} INFO - Started process (PID=2580) to work on /home/airflow/.local/lib/python3.7/site-packages/airflow/example_dags/example_branch_operator_decorator.py
[2022-05-23 20:02:15,591] {processor.py:641} INFO - Processing file /home/airflow/.local/lib/python3.7/site-packages/airflow/example_dags/example_branch_operator_decorator.py for tasks to queue
[2022-05-23 20:02:15,591] {logging_mixin.py:115} INFO - [2022-05-23 20:02:15,591] {dagbag.py:507} INFO - Filling up the DagBag from /home/airflow/.local/lib/python3.7/site-packages/airflow/example_dags/example_branch_operator_decorator.py
[2022-05-23 20:02:15,606] {processor.py:651} INFO - DAG(s) dict_keys(['example_branch_python_operator_decorator']) retrieved from /home/airflow/.local/lib/python3.7/site-packages/airflow/example_dags/example_branch_operator_decorator.py
[2022-05-23 20:02:15,625] {logging_mixin.py:115} INFO - [2022-05-23 20:02:15,624] {dag.py:2371} INFO - Sync 1 DAGs
[2022-05-23 20:02:15,641] {logging_mixin.py:115} INFO - [2022-05-23 20:02:15,641] {dag.py:2919} INFO - Setting next_dagrun for example_branch_python_operator_decorator to 2022-05-22T00:00:00+00:00, run_after=2022-05-23T00:00:00+00:00
[2022-05-23 20:02:15,650] {processor.py:161} INFO - Processing /home/airflow/.local/lib/python3.7/site-packages/airflow/example_dags/example_branch_operator_decorator.py took 0.061 seconds
[2022-05-23 20:02:45,902] {processor.py:153} INFO - Started process (PID=2775) to work on /home/airflow/.local/lib/python3.7/site-packages/airflow/example_dags/example_branch_operator_decorator.py
[2022-05-23 20:02:45,902] {processor.py:641} INFO - Processing file /home/airflow/.local/lib/python3.7/site-packages/airflow/example_dags/example_branch_operator_decorator.py for tasks to queue
[2022-05-23 20:02:45,903] {logging_mixin.py:115} INFO - [2022-05-23 20:02:45,903] {dagbag.py:507} INFO - Filling up the DagBag from /home/airflow/.local/lib/python3.7/site-packages/airflow/example_dags/example_branch_operator_decorator.py
[2022-05-23 20:02:45,916] {processor.py:651} INFO - DAG(s) dict_keys(['example_branch_python_operator_decorator']) retrieved from /home/airflow/.local/lib/python3.7/site-packages/airflow/example_dags/example_branch_operator_decorator.py
[2022-05-23 20:02:45,932] {logging_mixin.py:115} INFO - [2022-05-23 20:02:45,932] {dag.py:2371} INFO - Sync 1 DAGs
[2022-05-23 20:02:45,947] {logging_mixin.py:115} INFO - [2022-05-23 20:02:45,947] {dag.py:2919} INFO - Setting next_dagrun for example_branch_python_operator_decorator to 2022-05-22T00:00:00+00:00, run_after=2022-05-23T00:00:00+00:00
[2022-05-23 20:02:45,954] {processor.py:161} INFO - Processing /home/airflow/.local/lib/python3.7/site-packages/airflow/example_dags/example_branch_operator_decorator.py took 0.054 seconds
[2022-05-23 20:03:16,188] {processor.py:153} INFO - Started process (PID=2972) to work on /home/airflow/.local/lib/python3.7/site-packages/airflow/example_dags/example_branch_operator_decorator.py
[2022-05-23 20:03:16,188] {processor.py:641} INFO - Processing file /home/airflow/.local/lib/python3.7/site-packages/airflow/example_dags/example_branch_operator_decorator.py for tasks to queue
[2022-05-23 20:03:16,188] {logging_mixin.py:115} INFO - [2022-05-23 20:03:16,188] {dagbag.py:507} INFO - Filling up the DagBag from /home/airflow/.local/lib/python3.7/site-packages/airflow/example_dags/example_branch_operator_decorator.py
[2022-05-23 20:03:16,201] {processor.py:651} INFO - DAG(s) dict_keys(['example_branch_python_operator_decorator']) retrieved from /home/airflow/.local/lib/python3.7/site-packages/airflow/example_dags/example_branch_operator_decorator.py
[2022-05-23 20:03:16,217] {logging_mixin.py:115} INFO - [2022-05-23 20:03:16,217] {dag.py:2371} INFO - Sync 1 DAGs
[2022-05-23 20:03:16,233] {logging_mixin.py:115} INFO - [2022-05-23 20:03:16,233] {dag.py:2919} INFO - Setting next_dagrun for example_branch_python_operator_decorator to 2022-05-22T00:00:00+00:00, run_after=2022-05-23T00:00:00+00:00
[2022-05-23 20:03:16,240] {processor.py:161} INFO - Processing /home/airflow/.local/lib/python3.7/site-packages/airflow/example_dags/example_branch_operator_decorator.py took 0.054 seconds
