[2022-05-23 19:56:10,440] {processor.py:153} INFO - Started process (PID=189) to work on /home/airflow/.local/lib/python3.7/site-packages/airflow/example_dags/example_xcom.py
[2022-05-23 19:56:10,441] {processor.py:641} INFO - Processing file /home/airflow/.local/lib/python3.7/site-packages/airflow/example_dags/example_xcom.py for tasks to queue
[2022-05-23 19:56:10,441] {logging_mixin.py:115} INFO - [2022-05-23 19:56:10,441] {dagbag.py:507} INFO - Filling up the DagBag from /home/airflow/.local/lib/python3.7/site-packages/airflow/example_dags/example_xcom.py
[2022-05-23 19:56:10,467] {processor.py:651} INFO - DAG(s) dict_keys(['example_xcom']) retrieved from /home/airflow/.local/lib/python3.7/site-packages/airflow/example_dags/example_xcom.py
[2022-05-23 19:56:10,557] {logging_mixin.py:115} INFO - [2022-05-23 19:56:10,557] {manager.py:508} INFO - Created Permission View: can delete on DAG:example_xcom
[2022-05-23 19:56:10,571] {logging_mixin.py:115} INFO - [2022-05-23 19:56:10,571] {manager.py:508} INFO - Created Permission View: can read on DAG:example_xcom
[2022-05-23 19:56:10,590] {logging_mixin.py:115} INFO - [2022-05-23 19:56:10,590] {manager.py:508} INFO - Created Permission View: can edit on DAG:example_xcom
[2022-05-23 19:56:10,590] {logging_mixin.py:115} INFO - [2022-05-23 19:56:10,590] {dag.py:2371} INFO - Sync 1 DAGs
[2022-05-23 19:56:10,626] {logging_mixin.py:115} INFO - [2022-05-23 19:56:10,626] {dag.py:2390} INFO - Creating ORM DAG for example_xcom
[2022-05-23 19:56:10,643] {logging_mixin.py:115} INFO - [2022-05-23 19:56:10,643] {dag.py:2919} INFO - Setting next_dagrun for example_xcom to 2021-01-01T00:00:00+00:00, run_after=2021-01-01T00:00:00+00:00
[2022-05-23 19:56:10,677] {processor.py:161} INFO - Processing /home/airflow/.local/lib/python3.7/site-packages/airflow/example_dags/example_xcom.py took 0.239 seconds
[2022-05-23 19:56:40,770] {processor.py:153} INFO - Started process (PID=387) to work on /home/airflow/.local/lib/python3.7/site-packages/airflow/example_dags/example_xcom.py
[2022-05-23 19:56:40,771] {processor.py:641} INFO - Processing file /home/airflow/.local/lib/python3.7/site-packages/airflow/example_dags/example_xcom.py for tasks to queue
[2022-05-23 19:56:40,771] {logging_mixin.py:115} INFO - [2022-05-23 19:56:40,771] {dagbag.py:507} INFO - Filling up the DagBag from /home/airflow/.local/lib/python3.7/site-packages/airflow/example_dags/example_xcom.py
[2022-05-23 19:56:40,785] {processor.py:651} INFO - DAG(s) dict_keys(['example_xcom']) retrieved from /home/airflow/.local/lib/python3.7/site-packages/airflow/example_dags/example_xcom.py
[2022-05-23 19:56:40,824] {logging_mixin.py:115} INFO - [2022-05-23 19:56:40,824] {dag.py:2371} INFO - Sync 1 DAGs
[2022-05-23 19:56:40,837] {logging_mixin.py:115} INFO - [2022-05-23 19:56:40,837] {dag.py:2919} INFO - Setting next_dagrun for example_xcom to 2021-01-01T00:00:00+00:00, run_after=2021-01-01T00:00:00+00:00
[2022-05-23 19:56:40,845] {processor.py:161} INFO - Processing /home/airflow/.local/lib/python3.7/site-packages/airflow/example_dags/example_xcom.py took 0.076 seconds
[2022-05-23 19:57:11,036] {processor.py:153} INFO - Started process (PID=582) to work on /home/airflow/.local/lib/python3.7/site-packages/airflow/example_dags/example_xcom.py
[2022-05-23 19:57:11,036] {processor.py:641} INFO - Processing file /home/airflow/.local/lib/python3.7/site-packages/airflow/example_dags/example_xcom.py for tasks to queue
[2022-05-23 19:57:11,037] {logging_mixin.py:115} INFO - [2022-05-23 19:57:11,037] {dagbag.py:507} INFO - Filling up the DagBag from /home/airflow/.local/lib/python3.7/site-packages/airflow/example_dags/example_xcom.py
[2022-05-23 19:57:11,050] {processor.py:651} INFO - DAG(s) dict_keys(['example_xcom']) retrieved from /home/airflow/.local/lib/python3.7/site-packages/airflow/example_dags/example_xcom.py
[2022-05-23 19:57:11,065] {logging_mixin.py:115} INFO - [2022-05-23 19:57:11,065] {dag.py:2371} INFO - Sync 1 DAGs
[2022-05-23 19:57:11,078] {logging_mixin.py:115} INFO - [2022-05-23 19:57:11,078] {dag.py:2919} INFO - Setting next_dagrun for example_xcom to 2021-01-01T00:00:00+00:00, run_after=2021-01-01T00:00:00+00:00
[2022-05-23 19:57:11,085] {processor.py:161} INFO - Processing /home/airflow/.local/lib/python3.7/site-packages/airflow/example_dags/example_xcom.py took 0.051 seconds
[2022-05-23 19:57:41,236] {processor.py:153} INFO - Started process (PID=779) to work on /home/airflow/.local/lib/python3.7/site-packages/airflow/example_dags/example_xcom.py
[2022-05-23 19:57:41,236] {processor.py:641} INFO - Processing file /home/airflow/.local/lib/python3.7/site-packages/airflow/example_dags/example_xcom.py for tasks to queue
[2022-05-23 19:57:41,236] {logging_mixin.py:115} INFO - [2022-05-23 19:57:41,236] {dagbag.py:507} INFO - Filling up the DagBag from /home/airflow/.local/lib/python3.7/site-packages/airflow/example_dags/example_xcom.py
[2022-05-23 19:57:41,251] {processor.py:651} INFO - DAG(s) dict_keys(['example_xcom']) retrieved from /home/airflow/.local/lib/python3.7/site-packages/airflow/example_dags/example_xcom.py
[2022-05-23 19:57:41,270] {logging_mixin.py:115} INFO - [2022-05-23 19:57:41,270] {dag.py:2371} INFO - Sync 1 DAGs
[2022-05-23 19:57:41,288] {logging_mixin.py:115} INFO - [2022-05-23 19:57:41,287] {dag.py:2919} INFO - Setting next_dagrun for example_xcom to 2021-01-01T00:00:00+00:00, run_after=2021-01-01T00:00:00+00:00
[2022-05-23 19:57:41,298] {processor.py:161} INFO - Processing /home/airflow/.local/lib/python3.7/site-packages/airflow/example_dags/example_xcom.py took 0.064 seconds
[2022-05-23 19:58:11,577] {processor.py:153} INFO - Started process (PID=966) to work on /home/airflow/.local/lib/python3.7/site-packages/airflow/example_dags/example_xcom.py
[2022-05-23 19:58:11,577] {processor.py:641} INFO - Processing file /home/airflow/.local/lib/python3.7/site-packages/airflow/example_dags/example_xcom.py for tasks to queue
[2022-05-23 19:58:11,578] {logging_mixin.py:115} INFO - [2022-05-23 19:58:11,578] {dagbag.py:507} INFO - Filling up the DagBag from /home/airflow/.local/lib/python3.7/site-packages/airflow/example_dags/example_xcom.py
[2022-05-23 19:58:11,591] {processor.py:651} INFO - DAG(s) dict_keys(['example_xcom']) retrieved from /home/airflow/.local/lib/python3.7/site-packages/airflow/example_dags/example_xcom.py
[2022-05-23 19:58:11,606] {logging_mixin.py:115} INFO - [2022-05-23 19:58:11,606] {dag.py:2371} INFO - Sync 1 DAGs
[2022-05-23 19:58:11,619] {logging_mixin.py:115} INFO - [2022-05-23 19:58:11,619] {dag.py:2919} INFO - Setting next_dagrun for example_xcom to 2021-01-01T00:00:00+00:00, run_after=2021-01-01T00:00:00+00:00
[2022-05-23 19:58:11,627] {processor.py:161} INFO - Processing /home/airflow/.local/lib/python3.7/site-packages/airflow/example_dags/example_xcom.py took 0.052 seconds
[2022-05-23 19:58:41,989] {processor.py:153} INFO - Started process (PID=1182) to work on /home/airflow/.local/lib/python3.7/site-packages/airflow/example_dags/example_xcom.py
[2022-05-23 19:58:41,990] {processor.py:641} INFO - Processing file /home/airflow/.local/lib/python3.7/site-packages/airflow/example_dags/example_xcom.py for tasks to queue
[2022-05-23 19:58:41,990] {logging_mixin.py:115} INFO - [2022-05-23 19:58:41,990] {dagbag.py:507} INFO - Filling up the DagBag from /home/airflow/.local/lib/python3.7/site-packages/airflow/example_dags/example_xcom.py
[2022-05-23 19:58:42,005] {processor.py:651} INFO - DAG(s) dict_keys(['example_xcom']) retrieved from /home/airflow/.local/lib/python3.7/site-packages/airflow/example_dags/example_xcom.py
[2022-05-23 19:58:42,059] {logging_mixin.py:115} INFO - [2022-05-23 19:58:42,059] {dag.py:2371} INFO - Sync 1 DAGs
[2022-05-23 19:58:42,074] {logging_mixin.py:115} INFO - [2022-05-23 19:58:42,074] {dag.py:2919} INFO - Setting next_dagrun for example_xcom to 2021-01-01T00:00:00+00:00, run_after=2021-01-01T00:00:00+00:00
[2022-05-23 19:58:42,082] {processor.py:161} INFO - Processing /home/airflow/.local/lib/python3.7/site-packages/airflow/example_dags/example_xcom.py took 0.095 seconds
[2022-05-23 19:59:12,326] {processor.py:153} INFO - Started process (PID=1380) to work on /home/airflow/.local/lib/python3.7/site-packages/airflow/example_dags/example_xcom.py
[2022-05-23 19:59:12,327] {processor.py:641} INFO - Processing file /home/airflow/.local/lib/python3.7/site-packages/airflow/example_dags/example_xcom.py for tasks to queue
[2022-05-23 19:59:12,327] {logging_mixin.py:115} INFO - [2022-05-23 19:59:12,327] {dagbag.py:507} INFO - Filling up the DagBag from /home/airflow/.local/lib/python3.7/site-packages/airflow/example_dags/example_xcom.py
[2022-05-23 19:59:12,340] {processor.py:651} INFO - DAG(s) dict_keys(['example_xcom']) retrieved from /home/airflow/.local/lib/python3.7/site-packages/airflow/example_dags/example_xcom.py
[2022-05-23 19:59:12,382] {logging_mixin.py:115} INFO - [2022-05-23 19:59:12,382] {dag.py:2371} INFO - Sync 1 DAGs
[2022-05-23 19:59:12,395] {logging_mixin.py:115} INFO - [2022-05-23 19:59:12,395] {dag.py:2919} INFO - Setting next_dagrun for example_xcom to 2021-01-01T00:00:00+00:00, run_after=2021-01-01T00:00:00+00:00
[2022-05-23 19:59:12,404] {processor.py:161} INFO - Processing /home/airflow/.local/lib/python3.7/site-packages/airflow/example_dags/example_xcom.py took 0.079 seconds
[2022-05-23 19:59:42,566] {processor.py:153} INFO - Started process (PID=1567) to work on /home/airflow/.local/lib/python3.7/site-packages/airflow/example_dags/example_xcom.py
[2022-05-23 19:59:42,567] {processor.py:641} INFO - Processing file /home/airflow/.local/lib/python3.7/site-packages/airflow/example_dags/example_xcom.py for tasks to queue
[2022-05-23 19:59:42,567] {logging_mixin.py:115} INFO - [2022-05-23 19:59:42,567] {dagbag.py:507} INFO - Filling up the DagBag from /home/airflow/.local/lib/python3.7/site-packages/airflow/example_dags/example_xcom.py
[2022-05-23 19:59:42,584] {processor.py:651} INFO - DAG(s) dict_keys(['example_xcom']) retrieved from /home/airflow/.local/lib/python3.7/site-packages/airflow/example_dags/example_xcom.py
[2022-05-23 19:59:42,627] {logging_mixin.py:115} INFO - [2022-05-23 19:59:42,627] {dag.py:2371} INFO - Sync 1 DAGs
[2022-05-23 19:59:42,641] {logging_mixin.py:115} INFO - [2022-05-23 19:59:42,641] {dag.py:2919} INFO - Setting next_dagrun for example_xcom to 2021-01-01T00:00:00+00:00, run_after=2021-01-01T00:00:00+00:00
[2022-05-23 19:59:42,650] {processor.py:161} INFO - Processing /home/airflow/.local/lib/python3.7/site-packages/airflow/example_dags/example_xcom.py took 0.086 seconds
[2022-05-23 20:00:12,759] {processor.py:153} INFO - Started process (PID=1764) to work on /home/airflow/.local/lib/python3.7/site-packages/airflow/example_dags/example_xcom.py
[2022-05-23 20:00:12,759] {processor.py:641} INFO - Processing file /home/airflow/.local/lib/python3.7/site-packages/airflow/example_dags/example_xcom.py for tasks to queue
[2022-05-23 20:00:12,759] {logging_mixin.py:115} INFO - [2022-05-23 20:00:12,759] {dagbag.py:507} INFO - Filling up the DagBag from /home/airflow/.local/lib/python3.7/site-packages/airflow/example_dags/example_xcom.py
[2022-05-23 20:00:12,773] {processor.py:651} INFO - DAG(s) dict_keys(['example_xcom']) retrieved from /home/airflow/.local/lib/python3.7/site-packages/airflow/example_dags/example_xcom.py
[2022-05-23 20:00:12,788] {logging_mixin.py:115} INFO - [2022-05-23 20:00:12,788] {dag.py:2371} INFO - Sync 1 DAGs
[2022-05-23 20:00:12,804] {logging_mixin.py:115} INFO - [2022-05-23 20:00:12,804] {dag.py:2919} INFO - Setting next_dagrun for example_xcom to 2021-01-01T00:00:00+00:00, run_after=2021-01-01T00:00:00+00:00
[2022-05-23 20:00:12,812] {processor.py:161} INFO - Processing /home/airflow/.local/lib/python3.7/site-packages/airflow/example_dags/example_xcom.py took 0.055 seconds
[2022-05-23 20:00:43,137] {processor.py:153} INFO - Started process (PID=1961) to work on /home/airflow/.local/lib/python3.7/site-packages/airflow/example_dags/example_xcom.py
[2022-05-23 20:00:43,138] {processor.py:641} INFO - Processing file /home/airflow/.local/lib/python3.7/site-packages/airflow/example_dags/example_xcom.py for tasks to queue
[2022-05-23 20:00:43,138] {logging_mixin.py:115} INFO - [2022-05-23 20:00:43,138] {dagbag.py:507} INFO - Filling up the DagBag from /home/airflow/.local/lib/python3.7/site-packages/airflow/example_dags/example_xcom.py
[2022-05-23 20:00:43,152] {processor.py:651} INFO - DAG(s) dict_keys(['example_xcom']) retrieved from /home/airflow/.local/lib/python3.7/site-packages/airflow/example_dags/example_xcom.py
[2022-05-23 20:00:43,168] {logging_mixin.py:115} INFO - [2022-05-23 20:00:43,168] {dag.py:2371} INFO - Sync 1 DAGs
[2022-05-23 20:00:43,183] {logging_mixin.py:115} INFO - [2022-05-23 20:00:43,183] {dag.py:2919} INFO - Setting next_dagrun for example_xcom to 2021-01-01T00:00:00+00:00, run_after=2021-01-01T00:00:00+00:00
[2022-05-23 20:00:43,190] {processor.py:161} INFO - Processing /home/airflow/.local/lib/python3.7/site-packages/airflow/example_dags/example_xcom.py took 0.055 seconds
[2022-05-23 20:01:13,541] {processor.py:153} INFO - Started process (PID=2158) to work on /home/airflow/.local/lib/python3.7/site-packages/airflow/example_dags/example_xcom.py
[2022-05-23 20:01:13,542] {processor.py:641} INFO - Processing file /home/airflow/.local/lib/python3.7/site-packages/airflow/example_dags/example_xcom.py for tasks to queue
[2022-05-23 20:01:13,542] {logging_mixin.py:115} INFO - [2022-05-23 20:01:13,542] {dagbag.py:507} INFO - Filling up the DagBag from /home/airflow/.local/lib/python3.7/site-packages/airflow/example_dags/example_xcom.py
[2022-05-23 20:01:13,556] {processor.py:651} INFO - DAG(s) dict_keys(['example_xcom']) retrieved from /home/airflow/.local/lib/python3.7/site-packages/airflow/example_dags/example_xcom.py
[2022-05-23 20:01:13,595] {logging_mixin.py:115} INFO - [2022-05-23 20:01:13,595] {dag.py:2371} INFO - Sync 1 DAGs
[2022-05-23 20:01:13,607] {logging_mixin.py:115} INFO - [2022-05-23 20:01:13,607] {dag.py:2919} INFO - Setting next_dagrun for example_xcom to 2021-01-01T00:00:00+00:00, run_after=2021-01-01T00:00:00+00:00
[2022-05-23 20:01:13,616] {processor.py:161} INFO - Processing /home/airflow/.local/lib/python3.7/site-packages/airflow/example_dags/example_xcom.py took 0.077 seconds
[2022-05-23 20:01:43,851] {processor.py:153} INFO - Started process (PID=2348) to work on /home/airflow/.local/lib/python3.7/site-packages/airflow/example_dags/example_xcom.py
[2022-05-23 20:01:43,851] {processor.py:641} INFO - Processing file /home/airflow/.local/lib/python3.7/site-packages/airflow/example_dags/example_xcom.py for tasks to queue
[2022-05-23 20:01:43,852] {logging_mixin.py:115} INFO - [2022-05-23 20:01:43,852] {dagbag.py:507} INFO - Filling up the DagBag from /home/airflow/.local/lib/python3.7/site-packages/airflow/example_dags/example_xcom.py
[2022-05-23 20:01:43,869] {processor.py:651} INFO - DAG(s) dict_keys(['example_xcom']) retrieved from /home/airflow/.local/lib/python3.7/site-packages/airflow/example_dags/example_xcom.py
[2022-05-23 20:01:43,917] {logging_mixin.py:115} INFO - [2022-05-23 20:01:43,917] {dag.py:2371} INFO - Sync 1 DAGs
[2022-05-23 20:01:43,936] {logging_mixin.py:115} INFO - [2022-05-23 20:01:43,936] {dag.py:2919} INFO - Setting next_dagrun for example_xcom to 2021-01-01T00:00:00+00:00, run_after=2021-01-01T00:00:00+00:00
[2022-05-23 20:01:43,949] {processor.py:161} INFO - Processing /home/airflow/.local/lib/python3.7/site-packages/airflow/example_dags/example_xcom.py took 0.101 seconds
[2022-05-23 20:02:14,336] {processor.py:153} INFO - Started process (PID=2543) to work on /home/airflow/.local/lib/python3.7/site-packages/airflow/example_dags/example_xcom.py
[2022-05-23 20:02:14,336] {processor.py:641} INFO - Processing file /home/airflow/.local/lib/python3.7/site-packages/airflow/example_dags/example_xcom.py for tasks to queue
[2022-05-23 20:02:14,336] {logging_mixin.py:115} INFO - [2022-05-23 20:02:14,336] {dagbag.py:507} INFO - Filling up the DagBag from /home/airflow/.local/lib/python3.7/site-packages/airflow/example_dags/example_xcom.py
[2022-05-23 20:02:14,350] {processor.py:651} INFO - DAG(s) dict_keys(['example_xcom']) retrieved from /home/airflow/.local/lib/python3.7/site-packages/airflow/example_dags/example_xcom.py
[2022-05-23 20:02:14,392] {logging_mixin.py:115} INFO - [2022-05-23 20:02:14,392] {dag.py:2371} INFO - Sync 1 DAGs
[2022-05-23 20:02:14,404] {logging_mixin.py:115} INFO - [2022-05-23 20:02:14,404] {dag.py:2919} INFO - Setting next_dagrun for example_xcom to 2021-01-01T00:00:00+00:00, run_after=2021-01-01T00:00:00+00:00
[2022-05-23 20:02:14,415] {processor.py:161} INFO - Processing /home/airflow/.local/lib/python3.7/site-packages/airflow/example_dags/example_xcom.py took 0.081 seconds
[2022-05-23 20:02:44,674] {processor.py:153} INFO - Started process (PID=2740) to work on /home/airflow/.local/lib/python3.7/site-packages/airflow/example_dags/example_xcom.py
[2022-05-23 20:02:44,674] {processor.py:641} INFO - Processing file /home/airflow/.local/lib/python3.7/site-packages/airflow/example_dags/example_xcom.py for tasks to queue
[2022-05-23 20:02:44,674] {logging_mixin.py:115} INFO - [2022-05-23 20:02:44,674] {dagbag.py:507} INFO - Filling up the DagBag from /home/airflow/.local/lib/python3.7/site-packages/airflow/example_dags/example_xcom.py
[2022-05-23 20:02:44,688] {processor.py:651} INFO - DAG(s) dict_keys(['example_xcom']) retrieved from /home/airflow/.local/lib/python3.7/site-packages/airflow/example_dags/example_xcom.py
[2022-05-23 20:02:44,729] {logging_mixin.py:115} INFO - [2022-05-23 20:02:44,729] {dag.py:2371} INFO - Sync 1 DAGs
[2022-05-23 20:02:44,742] {logging_mixin.py:115} INFO - [2022-05-23 20:02:44,742] {dag.py:2919} INFO - Setting next_dagrun for example_xcom to 2021-01-01T00:00:00+00:00, run_after=2021-01-01T00:00:00+00:00
[2022-05-23 20:02:44,752] {processor.py:161} INFO - Processing /home/airflow/.local/lib/python3.7/site-packages/airflow/example_dags/example_xcom.py took 0.080 seconds
[2022-05-23 20:03:14,910] {processor.py:153} INFO - Started process (PID=2937) to work on /home/airflow/.local/lib/python3.7/site-packages/airflow/example_dags/example_xcom.py
[2022-05-23 20:03:14,911] {processor.py:641} INFO - Processing file /home/airflow/.local/lib/python3.7/site-packages/airflow/example_dags/example_xcom.py for tasks to queue
[2022-05-23 20:03:14,911] {logging_mixin.py:115} INFO - [2022-05-23 20:03:14,911] {dagbag.py:507} INFO - Filling up the DagBag from /home/airflow/.local/lib/python3.7/site-packages/airflow/example_dags/example_xcom.py
[2022-05-23 20:03:14,924] {processor.py:651} INFO - DAG(s) dict_keys(['example_xcom']) retrieved from /home/airflow/.local/lib/python3.7/site-packages/airflow/example_dags/example_xcom.py
[2022-05-23 20:03:14,963] {logging_mixin.py:115} INFO - [2022-05-23 20:03:14,963] {dag.py:2371} INFO - Sync 1 DAGs
[2022-05-23 20:03:14,976] {logging_mixin.py:115} INFO - [2022-05-23 20:03:14,976] {dag.py:2919} INFO - Setting next_dagrun for example_xcom to 2021-01-01T00:00:00+00:00, run_after=2021-01-01T00:00:00+00:00
[2022-05-23 20:03:14,986] {processor.py:161} INFO - Processing /home/airflow/.local/lib/python3.7/site-packages/airflow/example_dags/example_xcom.py took 0.078 seconds
