[2022-05-23 19:56:10,936] {processor.py:153} INFO - Started process (PID=217) to work on /home/airflow/.local/lib/python3.7/site-packages/airflow/example_dags/example_branch_datetime_operator.py
[2022-05-23 19:56:10,936] {processor.py:641} INFO - Processing file /home/airflow/.local/lib/python3.7/site-packages/airflow/example_dags/example_branch_datetime_operator.py for tasks to queue
[2022-05-23 19:56:10,937] {logging_mixin.py:115} INFO - [2022-05-23 19:56:10,937] {dagbag.py:507} INFO - Filling up the DagBag from /home/airflow/.local/lib/python3.7/site-packages/airflow/example_dags/example_branch_datetime_operator.py
[2022-05-23 19:56:10,947] {processor.py:651} INFO - DAG(s) dict_keys(['example_branch_datetime_operator_2']) retrieved from /home/airflow/.local/lib/python3.7/site-packages/airflow/example_dags/example_branch_datetime_operator.py
[2022-05-23 19:56:11,046] {logging_mixin.py:115} INFO - [2022-05-23 19:56:11,045] {manager.py:508} INFO - Created Permission View: can delete on DAG:example_branch_datetime_operator_2
[2022-05-23 19:56:11,058] {logging_mixin.py:115} INFO - [2022-05-23 19:56:11,058] {manager.py:508} INFO - Created Permission View: can read on DAG:example_branch_datetime_operator_2
[2022-05-23 19:56:11,070] {logging_mixin.py:115} INFO - [2022-05-23 19:56:11,069] {manager.py:508} INFO - Created Permission View: can edit on DAG:example_branch_datetime_operator_2
[2022-05-23 19:56:11,070] {logging_mixin.py:115} INFO - [2022-05-23 19:56:11,070] {dag.py:2371} INFO - Sync 1 DAGs
[2022-05-23 19:56:11,084] {logging_mixin.py:115} INFO - [2022-05-23 19:56:11,084] {dag.py:2390} INFO - Creating ORM DAG for example_branch_datetime_operator_2
[2022-05-23 19:56:11,103] {logging_mixin.py:115} INFO - [2022-05-23 19:56:11,103] {dag.py:2919} INFO - Setting next_dagrun for example_branch_datetime_operator_2 to 2022-05-22T00:00:00+00:00, run_after=2022-05-23T00:00:00+00:00
[2022-05-23 19:56:11,133] {processor.py:161} INFO - Processing /home/airflow/.local/lib/python3.7/site-packages/airflow/example_dags/example_branch_datetime_operator.py took 0.200 seconds
[2022-05-23 19:56:41,929] {processor.py:153} INFO - Started process (PID=409) to work on /home/airflow/.local/lib/python3.7/site-packages/airflow/example_dags/example_branch_datetime_operator.py
[2022-05-23 19:56:41,930] {processor.py:641} INFO - Processing file /home/airflow/.local/lib/python3.7/site-packages/airflow/example_dags/example_branch_datetime_operator.py for tasks to queue
[2022-05-23 19:56:41,930] {logging_mixin.py:115} INFO - [2022-05-23 19:56:41,930] {dagbag.py:507} INFO - Filling up the DagBag from /home/airflow/.local/lib/python3.7/site-packages/airflow/example_dags/example_branch_datetime_operator.py
[2022-05-23 19:56:41,934] {processor.py:651} INFO - DAG(s) dict_keys(['example_branch_datetime_operator_2']) retrieved from /home/airflow/.local/lib/python3.7/site-packages/airflow/example_dags/example_branch_datetime_operator.py
[2022-05-23 19:56:41,951] {logging_mixin.py:115} INFO - [2022-05-23 19:56:41,951] {dag.py:2371} INFO - Sync 1 DAGs
[2022-05-23 19:56:41,965] {logging_mixin.py:115} INFO - [2022-05-23 19:56:41,965] {dag.py:2919} INFO - Setting next_dagrun for example_branch_datetime_operator_2 to 2022-05-22T00:00:00+00:00, run_after=2022-05-23T00:00:00+00:00
[2022-05-23 19:56:41,972] {processor.py:161} INFO - Processing /home/airflow/.local/lib/python3.7/site-packages/airflow/example_dags/example_branch_datetime_operator.py took 0.044 seconds
[2022-05-23 19:57:12,163] {processor.py:153} INFO - Started process (PID=604) to work on /home/airflow/.local/lib/python3.7/site-packages/airflow/example_dags/example_branch_datetime_operator.py
[2022-05-23 19:57:12,163] {processor.py:641} INFO - Processing file /home/airflow/.local/lib/python3.7/site-packages/airflow/example_dags/example_branch_datetime_operator.py for tasks to queue
[2022-05-23 19:57:12,163] {logging_mixin.py:115} INFO - [2022-05-23 19:57:12,163] {dagbag.py:507} INFO - Filling up the DagBag from /home/airflow/.local/lib/python3.7/site-packages/airflow/example_dags/example_branch_datetime_operator.py
[2022-05-23 19:57:12,168] {processor.py:651} INFO - DAG(s) dict_keys(['example_branch_datetime_operator_2']) retrieved from /home/airflow/.local/lib/python3.7/site-packages/airflow/example_dags/example_branch_datetime_operator.py
[2022-05-23 19:57:12,184] {logging_mixin.py:115} INFO - [2022-05-23 19:57:12,184] {dag.py:2371} INFO - Sync 1 DAGs
[2022-05-23 19:57:12,198] {logging_mixin.py:115} INFO - [2022-05-23 19:57:12,198] {dag.py:2919} INFO - Setting next_dagrun for example_branch_datetime_operator_2 to 2022-05-22T00:00:00+00:00, run_after=2022-05-23T00:00:00+00:00
[2022-05-23 19:57:12,204] {processor.py:161} INFO - Processing /home/airflow/.local/lib/python3.7/site-packages/airflow/example_dags/example_branch_datetime_operator.py took 0.043 seconds
[2022-05-23 19:57:42,386] {processor.py:153} INFO - Started process (PID=801) to work on /home/airflow/.local/lib/python3.7/site-packages/airflow/example_dags/example_branch_datetime_operator.py
[2022-05-23 19:57:42,386] {processor.py:641} INFO - Processing file /home/airflow/.local/lib/python3.7/site-packages/airflow/example_dags/example_branch_datetime_operator.py for tasks to queue
[2022-05-23 19:57:42,387] {logging_mixin.py:115} INFO - [2022-05-23 19:57:42,387] {dagbag.py:507} INFO - Filling up the DagBag from /home/airflow/.local/lib/python3.7/site-packages/airflow/example_dags/example_branch_datetime_operator.py
[2022-05-23 19:57:42,391] {processor.py:651} INFO - DAG(s) dict_keys(['example_branch_datetime_operator_2']) retrieved from /home/airflow/.local/lib/python3.7/site-packages/airflow/example_dags/example_branch_datetime_operator.py
[2022-05-23 19:57:42,409] {logging_mixin.py:115} INFO - [2022-05-23 19:57:42,409] {dag.py:2371} INFO - Sync 1 DAGs
[2022-05-23 19:57:42,424] {logging_mixin.py:115} INFO - [2022-05-23 19:57:42,424] {dag.py:2919} INFO - Setting next_dagrun for example_branch_datetime_operator_2 to 2022-05-22T00:00:00+00:00, run_after=2022-05-23T00:00:00+00:00
[2022-05-23 19:57:42,432] {processor.py:161} INFO - Processing /home/airflow/.local/lib/python3.7/site-packages/airflow/example_dags/example_branch_datetime_operator.py took 0.048 seconds
[2022-05-23 19:58:12,714] {processor.py:153} INFO - Started process (PID=988) to work on /home/airflow/.local/lib/python3.7/site-packages/airflow/example_dags/example_branch_datetime_operator.py
[2022-05-23 19:58:12,715] {processor.py:641} INFO - Processing file /home/airflow/.local/lib/python3.7/site-packages/airflow/example_dags/example_branch_datetime_operator.py for tasks to queue
[2022-05-23 19:58:12,715] {logging_mixin.py:115} INFO - [2022-05-23 19:58:12,715] {dagbag.py:507} INFO - Filling up the DagBag from /home/airflow/.local/lib/python3.7/site-packages/airflow/example_dags/example_branch_datetime_operator.py
[2022-05-23 19:58:12,719] {processor.py:651} INFO - DAG(s) dict_keys(['example_branch_datetime_operator_2']) retrieved from /home/airflow/.local/lib/python3.7/site-packages/airflow/example_dags/example_branch_datetime_operator.py
[2022-05-23 19:58:12,735] {logging_mixin.py:115} INFO - [2022-05-23 19:58:12,735] {dag.py:2371} INFO - Sync 1 DAGs
[2022-05-23 19:58:12,749] {logging_mixin.py:115} INFO - [2022-05-23 19:58:12,748] {dag.py:2919} INFO - Setting next_dagrun for example_branch_datetime_operator_2 to 2022-05-22T00:00:00+00:00, run_after=2022-05-23T00:00:00+00:00
[2022-05-23 19:58:12,755] {processor.py:161} INFO - Processing /home/airflow/.local/lib/python3.7/site-packages/airflow/example_dags/example_branch_datetime_operator.py took 0.042 seconds
[2022-05-23 19:58:43,160] {processor.py:153} INFO - Started process (PID=1204) to work on /home/airflow/.local/lib/python3.7/site-packages/airflow/example_dags/example_branch_datetime_operator.py
[2022-05-23 19:58:43,160] {processor.py:641} INFO - Processing file /home/airflow/.local/lib/python3.7/site-packages/airflow/example_dags/example_branch_datetime_operator.py for tasks to queue
[2022-05-23 19:58:43,160] {logging_mixin.py:115} INFO - [2022-05-23 19:58:43,160] {dagbag.py:507} INFO - Filling up the DagBag from /home/airflow/.local/lib/python3.7/site-packages/airflow/example_dags/example_branch_datetime_operator.py
[2022-05-23 19:58:43,165] {processor.py:651} INFO - DAG(s) dict_keys(['example_branch_datetime_operator_2']) retrieved from /home/airflow/.local/lib/python3.7/site-packages/airflow/example_dags/example_branch_datetime_operator.py
[2022-05-23 19:58:43,181] {logging_mixin.py:115} INFO - [2022-05-23 19:58:43,181] {dag.py:2371} INFO - Sync 1 DAGs
[2022-05-23 19:58:43,195] {logging_mixin.py:115} INFO - [2022-05-23 19:58:43,195] {dag.py:2919} INFO - Setting next_dagrun for example_branch_datetime_operator_2 to 2022-05-22T00:00:00+00:00, run_after=2022-05-23T00:00:00+00:00
[2022-05-23 19:58:43,202] {processor.py:161} INFO - Processing /home/airflow/.local/lib/python3.7/site-packages/airflow/example_dags/example_branch_datetime_operator.py took 0.044 seconds
[2022-05-23 19:59:13,421] {processor.py:153} INFO - Started process (PID=1402) to work on /home/airflow/.local/lib/python3.7/site-packages/airflow/example_dags/example_branch_datetime_operator.py
[2022-05-23 19:59:13,421] {processor.py:641} INFO - Processing file /home/airflow/.local/lib/python3.7/site-packages/airflow/example_dags/example_branch_datetime_operator.py for tasks to queue
[2022-05-23 19:59:13,421] {logging_mixin.py:115} INFO - [2022-05-23 19:59:13,421] {dagbag.py:507} INFO - Filling up the DagBag from /home/airflow/.local/lib/python3.7/site-packages/airflow/example_dags/example_branch_datetime_operator.py
[2022-05-23 19:59:13,426] {processor.py:651} INFO - DAG(s) dict_keys(['example_branch_datetime_operator_2']) retrieved from /home/airflow/.local/lib/python3.7/site-packages/airflow/example_dags/example_branch_datetime_operator.py
[2022-05-23 19:59:13,442] {logging_mixin.py:115} INFO - [2022-05-23 19:59:13,441] {dag.py:2371} INFO - Sync 1 DAGs
[2022-05-23 19:59:13,456] {logging_mixin.py:115} INFO - [2022-05-23 19:59:13,455] {dag.py:2919} INFO - Setting next_dagrun for example_branch_datetime_operator_2 to 2022-05-22T00:00:00+00:00, run_after=2022-05-23T00:00:00+00:00
[2022-05-23 19:59:13,463] {processor.py:161} INFO - Processing /home/airflow/.local/lib/python3.7/site-packages/airflow/example_dags/example_branch_datetime_operator.py took 0.044 seconds
[2022-05-23 19:59:43,728] {processor.py:153} INFO - Started process (PID=1598) to work on /home/airflow/.local/lib/python3.7/site-packages/airflow/example_dags/example_branch_datetime_operator.py
[2022-05-23 19:59:43,728] {processor.py:641} INFO - Processing file /home/airflow/.local/lib/python3.7/site-packages/airflow/example_dags/example_branch_datetime_operator.py for tasks to queue
[2022-05-23 19:59:43,728] {logging_mixin.py:115} INFO - [2022-05-23 19:59:43,728] {dagbag.py:507} INFO - Filling up the DagBag from /home/airflow/.local/lib/python3.7/site-packages/airflow/example_dags/example_branch_datetime_operator.py
[2022-05-23 19:59:43,733] {processor.py:651} INFO - DAG(s) dict_keys(['example_branch_datetime_operator_2']) retrieved from /home/airflow/.local/lib/python3.7/site-packages/airflow/example_dags/example_branch_datetime_operator.py
[2022-05-23 19:59:43,749] {logging_mixin.py:115} INFO - [2022-05-23 19:59:43,749] {dag.py:2371} INFO - Sync 1 DAGs
[2022-05-23 19:59:43,763] {logging_mixin.py:115} INFO - [2022-05-23 19:59:43,763] {dag.py:2919} INFO - Setting next_dagrun for example_branch_datetime_operator_2 to 2022-05-22T00:00:00+00:00, run_after=2022-05-23T00:00:00+00:00
[2022-05-23 19:59:43,770] {processor.py:161} INFO - Processing /home/airflow/.local/lib/python3.7/site-packages/airflow/example_dags/example_branch_datetime_operator.py took 0.044 seconds
[2022-05-23 20:00:13,922] {processor.py:153} INFO - Started process (PID=1786) to work on /home/airflow/.local/lib/python3.7/site-packages/airflow/example_dags/example_branch_datetime_operator.py
[2022-05-23 20:00:13,922] {processor.py:641} INFO - Processing file /home/airflow/.local/lib/python3.7/site-packages/airflow/example_dags/example_branch_datetime_operator.py for tasks to queue
[2022-05-23 20:00:13,923] {logging_mixin.py:115} INFO - [2022-05-23 20:00:13,922] {dagbag.py:507} INFO - Filling up the DagBag from /home/airflow/.local/lib/python3.7/site-packages/airflow/example_dags/example_branch_datetime_operator.py
[2022-05-23 20:00:13,927] {processor.py:651} INFO - DAG(s) dict_keys(['example_branch_datetime_operator_2']) retrieved from /home/airflow/.local/lib/python3.7/site-packages/airflow/example_dags/example_branch_datetime_operator.py
[2022-05-23 20:00:13,943] {logging_mixin.py:115} INFO - [2022-05-23 20:00:13,943] {dag.py:2371} INFO - Sync 1 DAGs
[2022-05-23 20:00:13,957] {logging_mixin.py:115} INFO - [2022-05-23 20:00:13,957] {dag.py:2919} INFO - Setting next_dagrun for example_branch_datetime_operator_2 to 2022-05-22T00:00:00+00:00, run_after=2022-05-23T00:00:00+00:00
[2022-05-23 20:00:13,963] {processor.py:161} INFO - Processing /home/airflow/.local/lib/python3.7/site-packages/airflow/example_dags/example_branch_datetime_operator.py took 0.043 seconds
[2022-05-23 20:00:44,281] {processor.py:153} INFO - Started process (PID=1983) to work on /home/airflow/.local/lib/python3.7/site-packages/airflow/example_dags/example_branch_datetime_operator.py
[2022-05-23 20:00:44,282] {processor.py:641} INFO - Processing file /home/airflow/.local/lib/python3.7/site-packages/airflow/example_dags/example_branch_datetime_operator.py for tasks to queue
[2022-05-23 20:00:44,282] {logging_mixin.py:115} INFO - [2022-05-23 20:00:44,282] {dagbag.py:507} INFO - Filling up the DagBag from /home/airflow/.local/lib/python3.7/site-packages/airflow/example_dags/example_branch_datetime_operator.py
[2022-05-23 20:00:44,286] {processor.py:651} INFO - DAG(s) dict_keys(['example_branch_datetime_operator_2']) retrieved from /home/airflow/.local/lib/python3.7/site-packages/airflow/example_dags/example_branch_datetime_operator.py
[2022-05-23 20:00:44,303] {logging_mixin.py:115} INFO - [2022-05-23 20:00:44,303] {dag.py:2371} INFO - Sync 1 DAGs
[2022-05-23 20:00:44,317] {logging_mixin.py:115} INFO - [2022-05-23 20:00:44,317] {dag.py:2919} INFO - Setting next_dagrun for example_branch_datetime_operator_2 to 2022-05-22T00:00:00+00:00, run_after=2022-05-23T00:00:00+00:00
[2022-05-23 20:00:44,324] {processor.py:161} INFO - Processing /home/airflow/.local/lib/python3.7/site-packages/airflow/example_dags/example_branch_datetime_operator.py took 0.044 seconds
[2022-05-23 20:01:14,638] {processor.py:153} INFO - Started process (PID=2180) to work on /home/airflow/.local/lib/python3.7/site-packages/airflow/example_dags/example_branch_datetime_operator.py
[2022-05-23 20:01:14,639] {processor.py:641} INFO - Processing file /home/airflow/.local/lib/python3.7/site-packages/airflow/example_dags/example_branch_datetime_operator.py for tasks to queue
[2022-05-23 20:01:14,639] {logging_mixin.py:115} INFO - [2022-05-23 20:01:14,639] {dagbag.py:507} INFO - Filling up the DagBag from /home/airflow/.local/lib/python3.7/site-packages/airflow/example_dags/example_branch_datetime_operator.py
[2022-05-23 20:01:14,645] {processor.py:651} INFO - DAG(s) dict_keys(['example_branch_datetime_operator_2']) retrieved from /home/airflow/.local/lib/python3.7/site-packages/airflow/example_dags/example_branch_datetime_operator.py
[2022-05-23 20:01:14,658] {logging_mixin.py:115} INFO - [2022-05-23 20:01:14,658] {dag.py:2371} INFO - Sync 1 DAGs
[2022-05-23 20:01:14,671] {logging_mixin.py:115} INFO - [2022-05-23 20:01:14,671] {dag.py:2919} INFO - Setting next_dagrun for example_branch_datetime_operator_2 to 2022-05-22T00:00:00+00:00, run_after=2022-05-23T00:00:00+00:00
[2022-05-23 20:01:14,677] {processor.py:161} INFO - Processing /home/airflow/.local/lib/python3.7/site-packages/airflow/example_dags/example_branch_datetime_operator.py took 0.040 seconds
[2022-05-23 20:01:45,016] {processor.py:153} INFO - Started process (PID=2377) to work on /home/airflow/.local/lib/python3.7/site-packages/airflow/example_dags/example_branch_datetime_operator.py
[2022-05-23 20:01:45,017] {processor.py:641} INFO - Processing file /home/airflow/.local/lib/python3.7/site-packages/airflow/example_dags/example_branch_datetime_operator.py for tasks to queue
[2022-05-23 20:01:45,017] {logging_mixin.py:115} INFO - [2022-05-23 20:01:45,017] {dagbag.py:507} INFO - Filling up the DagBag from /home/airflow/.local/lib/python3.7/site-packages/airflow/example_dags/example_branch_datetime_operator.py
[2022-05-23 20:01:45,027] {processor.py:651} INFO - DAG(s) dict_keys(['example_branch_datetime_operator_2']) retrieved from /home/airflow/.local/lib/python3.7/site-packages/airflow/example_dags/example_branch_datetime_operator.py
[2022-05-23 20:01:45,046] {logging_mixin.py:115} INFO - [2022-05-23 20:01:45,046] {dag.py:2371} INFO - Sync 1 DAGs
[2022-05-23 20:01:45,064] {logging_mixin.py:115} INFO - [2022-05-23 20:01:45,064] {dag.py:2919} INFO - Setting next_dagrun for example_branch_datetime_operator_2 to 2022-05-22T00:00:00+00:00, run_after=2022-05-23T00:00:00+00:00
[2022-05-23 20:01:45,075] {processor.py:161} INFO - Processing /home/airflow/.local/lib/python3.7/site-packages/airflow/example_dags/example_branch_datetime_operator.py took 0.061 seconds
[2022-05-23 20:02:15,438] {processor.py:153} INFO - Started process (PID=2565) to work on /home/airflow/.local/lib/python3.7/site-packages/airflow/example_dags/example_branch_datetime_operator.py
[2022-05-23 20:02:15,438] {processor.py:641} INFO - Processing file /home/airflow/.local/lib/python3.7/site-packages/airflow/example_dags/example_branch_datetime_operator.py for tasks to queue
[2022-05-23 20:02:15,438] {logging_mixin.py:115} INFO - [2022-05-23 20:02:15,438] {dagbag.py:507} INFO - Filling up the DagBag from /home/airflow/.local/lib/python3.7/site-packages/airflow/example_dags/example_branch_datetime_operator.py
[2022-05-23 20:02:15,446] {processor.py:651} INFO - DAG(s) dict_keys(['example_branch_datetime_operator_2']) retrieved from /home/airflow/.local/lib/python3.7/site-packages/airflow/example_dags/example_branch_datetime_operator.py
[2022-05-23 20:02:15,460] {logging_mixin.py:115} INFO - [2022-05-23 20:02:15,460] {dag.py:2371} INFO - Sync 1 DAGs
[2022-05-23 20:02:15,475] {logging_mixin.py:115} INFO - [2022-05-23 20:02:15,475] {dag.py:2919} INFO - Setting next_dagrun for example_branch_datetime_operator_2 to 2022-05-22T00:00:00+00:00, run_after=2022-05-23T00:00:00+00:00
[2022-05-23 20:02:15,483] {processor.py:161} INFO - Processing /home/airflow/.local/lib/python3.7/site-packages/airflow/example_dags/example_branch_datetime_operator.py took 0.047 seconds
[2022-05-23 20:02:45,775] {processor.py:153} INFO - Started process (PID=2762) to work on /home/airflow/.local/lib/python3.7/site-packages/airflow/example_dags/example_branch_datetime_operator.py
[2022-05-23 20:02:45,776] {processor.py:641} INFO - Processing file /home/airflow/.local/lib/python3.7/site-packages/airflow/example_dags/example_branch_datetime_operator.py for tasks to queue
[2022-05-23 20:02:45,776] {logging_mixin.py:115} INFO - [2022-05-23 20:02:45,776] {dagbag.py:507} INFO - Filling up the DagBag from /home/airflow/.local/lib/python3.7/site-packages/airflow/example_dags/example_branch_datetime_operator.py
[2022-05-23 20:02:45,782] {processor.py:651} INFO - DAG(s) dict_keys(['example_branch_datetime_operator_2']) retrieved from /home/airflow/.local/lib/python3.7/site-packages/airflow/example_dags/example_branch_datetime_operator.py
[2022-05-23 20:02:45,797] {logging_mixin.py:115} INFO - [2022-05-23 20:02:45,797] {dag.py:2371} INFO - Sync 1 DAGs
[2022-05-23 20:02:45,811] {logging_mixin.py:115} INFO - [2022-05-23 20:02:45,810] {dag.py:2919} INFO - Setting next_dagrun for example_branch_datetime_operator_2 to 2022-05-22T00:00:00+00:00, run_after=2022-05-23T00:00:00+00:00
[2022-05-23 20:02:45,817] {processor.py:161} INFO - Processing /home/airflow/.local/lib/python3.7/site-packages/airflow/example_dags/example_branch_datetime_operator.py took 0.043 seconds
[2022-05-23 20:03:16,069] {processor.py:153} INFO - Started process (PID=2959) to work on /home/airflow/.local/lib/python3.7/site-packages/airflow/example_dags/example_branch_datetime_operator.py
[2022-05-23 20:03:16,069] {processor.py:641} INFO - Processing file /home/airflow/.local/lib/python3.7/site-packages/airflow/example_dags/example_branch_datetime_operator.py for tasks to queue
[2022-05-23 20:03:16,069] {logging_mixin.py:115} INFO - [2022-05-23 20:03:16,069] {dagbag.py:507} INFO - Filling up the DagBag from /home/airflow/.local/lib/python3.7/site-packages/airflow/example_dags/example_branch_datetime_operator.py
[2022-05-23 20:03:16,075] {processor.py:651} INFO - DAG(s) dict_keys(['example_branch_datetime_operator_2']) retrieved from /home/airflow/.local/lib/python3.7/site-packages/airflow/example_dags/example_branch_datetime_operator.py
[2022-05-23 20:03:16,091] {logging_mixin.py:115} INFO - [2022-05-23 20:03:16,091] {dag.py:2371} INFO - Sync 1 DAGs
[2022-05-23 20:03:16,105] {logging_mixin.py:115} INFO - [2022-05-23 20:03:16,105] {dag.py:2919} INFO - Setting next_dagrun for example_branch_datetime_operator_2 to 2022-05-22T00:00:00+00:00, run_after=2022-05-23T00:00:00+00:00
[2022-05-23 20:03:16,111] {processor.py:161} INFO - Processing /home/airflow/.local/lib/python3.7/site-packages/airflow/example_dags/example_branch_datetime_operator.py took 0.044 seconds
