[2022-05-23 19:56:12,661] {processor.py:153} INFO - Started process (PID=286) to work on /home/airflow/.local/lib/python3.7/site-packages/airflow/example_dags/example_short_circuit_operator.py
[2022-05-23 19:56:12,661] {processor.py:641} INFO - Processing file /home/airflow/.local/lib/python3.7/site-packages/airflow/example_dags/example_short_circuit_operator.py for tasks to queue
[2022-05-23 19:56:12,662] {logging_mixin.py:115} INFO - [2022-05-23 19:56:12,662] {dagbag.py:507} INFO - Filling up the DagBag from /home/airflow/.local/lib/python3.7/site-packages/airflow/example_dags/example_short_circuit_operator.py
[2022-05-23 19:56:12,669] {processor.py:651} INFO - DAG(s) dict_keys(['example_short_circuit_operator']) retrieved from /home/airflow/.local/lib/python3.7/site-packages/airflow/example_dags/example_short_circuit_operator.py
[2022-05-23 19:56:12,742] {logging_mixin.py:115} INFO - [2022-05-23 19:56:12,742] {manager.py:508} INFO - Created Permission View: can delete on DAG:example_short_circuit_operator
[2022-05-23 19:56:12,750] {logging_mixin.py:115} INFO - [2022-05-23 19:56:12,749] {manager.py:508} INFO - Created Permission View: can read on DAG:example_short_circuit_operator
[2022-05-23 19:56:12,755] {logging_mixin.py:115} INFO - [2022-05-23 19:56:12,755] {manager.py:508} INFO - Created Permission View: can edit on DAG:example_short_circuit_operator
[2022-05-23 19:56:12,755] {logging_mixin.py:115} INFO - [2022-05-23 19:56:12,755] {dag.py:2371} INFO - Sync 1 DAGs
[2022-05-23 19:56:12,761] {logging_mixin.py:115} INFO - [2022-05-23 19:56:12,761] {dag.py:2390} INFO - Creating ORM DAG for example_short_circuit_operator
[2022-05-23 19:56:12,770] {logging_mixin.py:115} INFO - [2022-05-23 19:56:12,770] {dag.py:2919} INFO - Setting next_dagrun for example_short_circuit_operator to 2022-05-22T19:56:12.770576+00:00, run_after=2022-05-23T19:56:12.770576+00:00
[2022-05-23 19:56:12,782] {processor.py:161} INFO - Processing /home/airflow/.local/lib/python3.7/site-packages/airflow/example_dags/example_short_circuit_operator.py took 0.123 seconds
[2022-05-23 19:56:43,407] {processor.py:153} INFO - Started process (PID=472) to work on /home/airflow/.local/lib/python3.7/site-packages/airflow/example_dags/example_short_circuit_operator.py
[2022-05-23 19:56:43,407] {processor.py:641} INFO - Processing file /home/airflow/.local/lib/python3.7/site-packages/airflow/example_dags/example_short_circuit_operator.py for tasks to queue
[2022-05-23 19:56:43,408] {logging_mixin.py:115} INFO - [2022-05-23 19:56:43,408] {dagbag.py:507} INFO - Filling up the DagBag from /home/airflow/.local/lib/python3.7/site-packages/airflow/example_dags/example_short_circuit_operator.py
[2022-05-23 19:56:43,413] {processor.py:651} INFO - DAG(s) dict_keys(['example_short_circuit_operator']) retrieved from /home/airflow/.local/lib/python3.7/site-packages/airflow/example_dags/example_short_circuit_operator.py
[2022-05-23 19:56:43,431] {logging_mixin.py:115} INFO - [2022-05-23 19:56:43,431] {dag.py:2371} INFO - Sync 1 DAGs
[2022-05-23 19:56:43,445] {logging_mixin.py:115} INFO - [2022-05-23 19:56:43,445] {dag.py:2919} INFO - Setting next_dagrun for example_short_circuit_operator to 2022-05-22T19:56:43.445242+00:00, run_after=2022-05-23T19:56:43.445242+00:00
[2022-05-23 19:56:43,452] {processor.py:161} INFO - Processing /home/airflow/.local/lib/python3.7/site-packages/airflow/example_dags/example_short_circuit_operator.py took 0.047 seconds
[2022-05-23 19:57:13,605] {processor.py:153} INFO - Started process (PID=667) to work on /home/airflow/.local/lib/python3.7/site-packages/airflow/example_dags/example_short_circuit_operator.py
[2022-05-23 19:57:13,606] {processor.py:641} INFO - Processing file /home/airflow/.local/lib/python3.7/site-packages/airflow/example_dags/example_short_circuit_operator.py for tasks to queue
[2022-05-23 19:57:13,606] {logging_mixin.py:115} INFO - [2022-05-23 19:57:13,606] {dagbag.py:507} INFO - Filling up the DagBag from /home/airflow/.local/lib/python3.7/site-packages/airflow/example_dags/example_short_circuit_operator.py
[2022-05-23 19:57:13,611] {processor.py:651} INFO - DAG(s) dict_keys(['example_short_circuit_operator']) retrieved from /home/airflow/.local/lib/python3.7/site-packages/airflow/example_dags/example_short_circuit_operator.py
[2022-05-23 19:57:13,628] {logging_mixin.py:115} INFO - [2022-05-23 19:57:13,628] {dag.py:2371} INFO - Sync 1 DAGs
[2022-05-23 19:57:13,641] {logging_mixin.py:115} INFO - [2022-05-23 19:57:13,641] {dag.py:2919} INFO - Setting next_dagrun for example_short_circuit_operator to 2022-05-22T19:57:13.641304+00:00, run_after=2022-05-23T19:57:13.641304+00:00
[2022-05-23 19:57:13,648] {processor.py:161} INFO - Processing /home/airflow/.local/lib/python3.7/site-packages/airflow/example_dags/example_short_circuit_operator.py took 0.044 seconds
[2022-05-23 19:57:43,908] {processor.py:153} INFO - Started process (PID=864) to work on /home/airflow/.local/lib/python3.7/site-packages/airflow/example_dags/example_short_circuit_operator.py
[2022-05-23 19:57:43,909] {processor.py:641} INFO - Processing file /home/airflow/.local/lib/python3.7/site-packages/airflow/example_dags/example_short_circuit_operator.py for tasks to queue
[2022-05-23 19:57:43,909] {logging_mixin.py:115} INFO - [2022-05-23 19:57:43,909] {dagbag.py:507} INFO - Filling up the DagBag from /home/airflow/.local/lib/python3.7/site-packages/airflow/example_dags/example_short_circuit_operator.py
[2022-05-23 19:57:43,915] {processor.py:651} INFO - DAG(s) dict_keys(['example_short_circuit_operator']) retrieved from /home/airflow/.local/lib/python3.7/site-packages/airflow/example_dags/example_short_circuit_operator.py
[2022-05-23 19:57:43,933] {logging_mixin.py:115} INFO - [2022-05-23 19:57:43,933] {dag.py:2371} INFO - Sync 1 DAGs
[2022-05-23 19:57:43,949] {logging_mixin.py:115} INFO - [2022-05-23 19:57:43,949] {dag.py:2919} INFO - Setting next_dagrun for example_short_circuit_operator to 2022-05-22T19:57:43.948924+00:00, run_after=2022-05-23T19:57:43.948924+00:00
[2022-05-23 19:57:43,956] {processor.py:161} INFO - Processing /home/airflow/.local/lib/python3.7/site-packages/airflow/example_dags/example_short_circuit_operator.py took 0.050 seconds
[2022-05-23 19:58:14,197] {processor.py:153} INFO - Started process (PID=1060) to work on /home/airflow/.local/lib/python3.7/site-packages/airflow/example_dags/example_short_circuit_operator.py
[2022-05-23 19:58:14,198] {processor.py:641} INFO - Processing file /home/airflow/.local/lib/python3.7/site-packages/airflow/example_dags/example_short_circuit_operator.py for tasks to queue
[2022-05-23 19:58:14,198] {logging_mixin.py:115} INFO - [2022-05-23 19:58:14,198] {dagbag.py:507} INFO - Filling up the DagBag from /home/airflow/.local/lib/python3.7/site-packages/airflow/example_dags/example_short_circuit_operator.py
[2022-05-23 19:58:14,204] {processor.py:651} INFO - DAG(s) dict_keys(['example_short_circuit_operator']) retrieved from /home/airflow/.local/lib/python3.7/site-packages/airflow/example_dags/example_short_circuit_operator.py
[2022-05-23 19:58:14,230] {logging_mixin.py:115} INFO - [2022-05-23 19:58:14,230] {dag.py:2371} INFO - Sync 1 DAGs
[2022-05-23 19:58:14,250] {logging_mixin.py:115} INFO - [2022-05-23 19:58:14,250] {dag.py:2919} INFO - Setting next_dagrun for example_short_circuit_operator to 2022-05-22T19:58:14.250543+00:00, run_after=2022-05-23T19:58:14.250543+00:00
[2022-05-23 19:58:14,261] {processor.py:161} INFO - Processing /home/airflow/.local/lib/python3.7/site-packages/airflow/example_dags/example_short_circuit_operator.py took 0.065 seconds
[2022-05-23 19:58:44,643] {processor.py:153} INFO - Started process (PID=1267) to work on /home/airflow/.local/lib/python3.7/site-packages/airflow/example_dags/example_short_circuit_operator.py
[2022-05-23 19:58:44,643] {processor.py:641} INFO - Processing file /home/airflow/.local/lib/python3.7/site-packages/airflow/example_dags/example_short_circuit_operator.py for tasks to queue
[2022-05-23 19:58:44,643] {logging_mixin.py:115} INFO - [2022-05-23 19:58:44,643] {dagbag.py:507} INFO - Filling up the DagBag from /home/airflow/.local/lib/python3.7/site-packages/airflow/example_dags/example_short_circuit_operator.py
[2022-05-23 19:58:44,649] {processor.py:651} INFO - DAG(s) dict_keys(['example_short_circuit_operator']) retrieved from /home/airflow/.local/lib/python3.7/site-packages/airflow/example_dags/example_short_circuit_operator.py
[2022-05-23 19:58:44,667] {logging_mixin.py:115} INFO - [2022-05-23 19:58:44,667] {dag.py:2371} INFO - Sync 1 DAGs
[2022-05-23 19:58:44,680] {logging_mixin.py:115} INFO - [2022-05-23 19:58:44,680] {dag.py:2919} INFO - Setting next_dagrun for example_short_circuit_operator to 2022-05-22T19:58:44.680665+00:00, run_after=2022-05-23T19:58:44.680665+00:00
[2022-05-23 19:58:44,687] {processor.py:161} INFO - Processing /home/airflow/.local/lib/python3.7/site-packages/airflow/example_dags/example_short_circuit_operator.py took 0.046 seconds
[2022-05-23 19:59:14,878] {processor.py:153} INFO - Started process (PID=1465) to work on /home/airflow/.local/lib/python3.7/site-packages/airflow/example_dags/example_short_circuit_operator.py
[2022-05-23 19:59:14,879] {processor.py:641} INFO - Processing file /home/airflow/.local/lib/python3.7/site-packages/airflow/example_dags/example_short_circuit_operator.py for tasks to queue
[2022-05-23 19:59:14,879] {logging_mixin.py:115} INFO - [2022-05-23 19:59:14,879] {dagbag.py:507} INFO - Filling up the DagBag from /home/airflow/.local/lib/python3.7/site-packages/airflow/example_dags/example_short_circuit_operator.py
[2022-05-23 19:59:14,884] {processor.py:651} INFO - DAG(s) dict_keys(['example_short_circuit_operator']) retrieved from /home/airflow/.local/lib/python3.7/site-packages/airflow/example_dags/example_short_circuit_operator.py
[2022-05-23 19:59:14,902] {logging_mixin.py:115} INFO - [2022-05-23 19:59:14,902] {dag.py:2371} INFO - Sync 1 DAGs
[2022-05-23 19:59:14,915] {logging_mixin.py:115} INFO - [2022-05-23 19:59:14,914] {dag.py:2919} INFO - Setting next_dagrun for example_short_circuit_operator to 2022-05-22T19:59:14.914812+00:00, run_after=2022-05-23T19:59:14.914812+00:00
[2022-05-23 19:59:14,922] {processor.py:161} INFO - Processing /home/airflow/.local/lib/python3.7/site-packages/airflow/example_dags/example_short_circuit_operator.py took 0.045 seconds
[2022-05-23 19:59:45,166] {processor.py:153} INFO - Started process (PID=1661) to work on /home/airflow/.local/lib/python3.7/site-packages/airflow/example_dags/example_short_circuit_operator.py
[2022-05-23 19:59:45,167] {processor.py:641} INFO - Processing file /home/airflow/.local/lib/python3.7/site-packages/airflow/example_dags/example_short_circuit_operator.py for tasks to queue
[2022-05-23 19:59:45,167] {logging_mixin.py:115} INFO - [2022-05-23 19:59:45,167] {dagbag.py:507} INFO - Filling up the DagBag from /home/airflow/.local/lib/python3.7/site-packages/airflow/example_dags/example_short_circuit_operator.py
[2022-05-23 19:59:45,174] {processor.py:651} INFO - DAG(s) dict_keys(['example_short_circuit_operator']) retrieved from /home/airflow/.local/lib/python3.7/site-packages/airflow/example_dags/example_short_circuit_operator.py
[2022-05-23 19:59:45,192] {logging_mixin.py:115} INFO - [2022-05-23 19:59:45,192] {dag.py:2371} INFO - Sync 1 DAGs
[2022-05-23 19:59:45,205] {logging_mixin.py:115} INFO - [2022-05-23 19:59:45,205] {dag.py:2919} INFO - Setting next_dagrun for example_short_circuit_operator to 2022-05-22T19:59:45.205784+00:00, run_after=2022-05-23T19:59:45.205784+00:00
[2022-05-23 19:59:45,212] {processor.py:161} INFO - Processing /home/airflow/.local/lib/python3.7/site-packages/airflow/example_dags/example_short_circuit_operator.py took 0.048 seconds
[2022-05-23 20:00:15,439] {processor.py:153} INFO - Started process (PID=1849) to work on /home/airflow/.local/lib/python3.7/site-packages/airflow/example_dags/example_short_circuit_operator.py
[2022-05-23 20:00:15,440] {processor.py:641} INFO - Processing file /home/airflow/.local/lib/python3.7/site-packages/airflow/example_dags/example_short_circuit_operator.py for tasks to queue
[2022-05-23 20:00:15,440] {logging_mixin.py:115} INFO - [2022-05-23 20:00:15,440] {dagbag.py:507} INFO - Filling up the DagBag from /home/airflow/.local/lib/python3.7/site-packages/airflow/example_dags/example_short_circuit_operator.py
[2022-05-23 20:00:15,445] {processor.py:651} INFO - DAG(s) dict_keys(['example_short_circuit_operator']) retrieved from /home/airflow/.local/lib/python3.7/site-packages/airflow/example_dags/example_short_circuit_operator.py
[2022-05-23 20:00:15,464] {logging_mixin.py:115} INFO - [2022-05-23 20:00:15,464] {dag.py:2371} INFO - Sync 1 DAGs
[2022-05-23 20:00:15,480] {logging_mixin.py:115} INFO - [2022-05-23 20:00:15,480] {dag.py:2919} INFO - Setting next_dagrun for example_short_circuit_operator to 2022-05-22T20:00:15.479931+00:00, run_after=2022-05-23T20:00:15.479931+00:00
[2022-05-23 20:00:15,490] {processor.py:161} INFO - Processing /home/airflow/.local/lib/python3.7/site-packages/airflow/example_dags/example_short_circuit_operator.py took 0.053 seconds
[2022-05-23 20:00:45,763] {processor.py:153} INFO - Started process (PID=2046) to work on /home/airflow/.local/lib/python3.7/site-packages/airflow/example_dags/example_short_circuit_operator.py
[2022-05-23 20:00:45,763] {processor.py:641} INFO - Processing file /home/airflow/.local/lib/python3.7/site-packages/airflow/example_dags/example_short_circuit_operator.py for tasks to queue
[2022-05-23 20:00:45,764] {logging_mixin.py:115} INFO - [2022-05-23 20:00:45,764] {dagbag.py:507} INFO - Filling up the DagBag from /home/airflow/.local/lib/python3.7/site-packages/airflow/example_dags/example_short_circuit_operator.py
[2022-05-23 20:00:45,769] {processor.py:651} INFO - DAG(s) dict_keys(['example_short_circuit_operator']) retrieved from /home/airflow/.local/lib/python3.7/site-packages/airflow/example_dags/example_short_circuit_operator.py
[2022-05-23 20:00:45,789] {logging_mixin.py:115} INFO - [2022-05-23 20:00:45,789] {dag.py:2371} INFO - Sync 1 DAGs
[2022-05-23 20:00:45,803] {logging_mixin.py:115} INFO - [2022-05-23 20:00:45,803] {dag.py:2919} INFO - Setting next_dagrun for example_short_circuit_operator to 2022-05-22T20:00:45.803563+00:00, run_after=2022-05-23T20:00:45.803563+00:00
[2022-05-23 20:00:45,811] {processor.py:161} INFO - Processing /home/airflow/.local/lib/python3.7/site-packages/airflow/example_dags/example_short_circuit_operator.py took 0.050 seconds
[2022-05-23 20:01:16,096] {processor.py:153} INFO - Started process (PID=2243) to work on /home/airflow/.local/lib/python3.7/site-packages/airflow/example_dags/example_short_circuit_operator.py
[2022-05-23 20:01:16,096] {processor.py:641} INFO - Processing file /home/airflow/.local/lib/python3.7/site-packages/airflow/example_dags/example_short_circuit_operator.py for tasks to queue
[2022-05-23 20:01:16,096] {logging_mixin.py:115} INFO - [2022-05-23 20:01:16,096] {dagbag.py:507} INFO - Filling up the DagBag from /home/airflow/.local/lib/python3.7/site-packages/airflow/example_dags/example_short_circuit_operator.py
[2022-05-23 20:01:16,103] {processor.py:651} INFO - DAG(s) dict_keys(['example_short_circuit_operator']) retrieved from /home/airflow/.local/lib/python3.7/site-packages/airflow/example_dags/example_short_circuit_operator.py
[2022-05-23 20:01:16,118] {logging_mixin.py:115} INFO - [2022-05-23 20:01:16,118] {dag.py:2371} INFO - Sync 1 DAGs
[2022-05-23 20:01:16,131] {logging_mixin.py:115} INFO - [2022-05-23 20:01:16,131] {dag.py:2919} INFO - Setting next_dagrun for example_short_circuit_operator to 2022-05-22T20:01:16.130868+00:00, run_after=2022-05-23T20:01:16.130868+00:00
[2022-05-23 20:01:16,138] {processor.py:161} INFO - Processing /home/airflow/.local/lib/python3.7/site-packages/airflow/example_dags/example_short_circuit_operator.py took 0.044 seconds
[2022-05-23 20:01:46,613] {processor.py:153} INFO - Started process (PID=2440) to work on /home/airflow/.local/lib/python3.7/site-packages/airflow/example_dags/example_short_circuit_operator.py
[2022-05-23 20:01:46,613] {processor.py:641} INFO - Processing file /home/airflow/.local/lib/python3.7/site-packages/airflow/example_dags/example_short_circuit_operator.py for tasks to queue
[2022-05-23 20:01:46,614] {logging_mixin.py:115} INFO - [2022-05-23 20:01:46,614] {dagbag.py:507} INFO - Filling up the DagBag from /home/airflow/.local/lib/python3.7/site-packages/airflow/example_dags/example_short_circuit_operator.py
[2022-05-23 20:01:46,622] {processor.py:651} INFO - DAG(s) dict_keys(['example_short_circuit_operator']) retrieved from /home/airflow/.local/lib/python3.7/site-packages/airflow/example_dags/example_short_circuit_operator.py
[2022-05-23 20:01:46,641] {logging_mixin.py:115} INFO - [2022-05-23 20:01:46,641] {dag.py:2371} INFO - Sync 1 DAGs
[2022-05-23 20:01:46,659] {logging_mixin.py:115} INFO - [2022-05-23 20:01:46,659] {dag.py:2919} INFO - Setting next_dagrun for example_short_circuit_operator to 2022-05-22T20:01:46.659163+00:00, run_after=2022-05-23T20:01:46.659163+00:00
[2022-05-23 20:01:46,667] {processor.py:161} INFO - Processing /home/airflow/.local/lib/python3.7/site-packages/airflow/example_dags/example_short_circuit_operator.py took 0.056 seconds
[2022-05-23 20:02:16,955] {processor.py:153} INFO - Started process (PID=2628) to work on /home/airflow/.local/lib/python3.7/site-packages/airflow/example_dags/example_short_circuit_operator.py
[2022-05-23 20:02:16,955] {processor.py:641} INFO - Processing file /home/airflow/.local/lib/python3.7/site-packages/airflow/example_dags/example_short_circuit_operator.py for tasks to queue
[2022-05-23 20:02:16,956] {logging_mixin.py:115} INFO - [2022-05-23 20:02:16,956] {dagbag.py:507} INFO - Filling up the DagBag from /home/airflow/.local/lib/python3.7/site-packages/airflow/example_dags/example_short_circuit_operator.py
[2022-05-23 20:02:16,964] {processor.py:651} INFO - DAG(s) dict_keys(['example_short_circuit_operator']) retrieved from /home/airflow/.local/lib/python3.7/site-packages/airflow/example_dags/example_short_circuit_operator.py
[2022-05-23 20:02:16,981] {logging_mixin.py:115} INFO - [2022-05-23 20:02:16,981] {dag.py:2371} INFO - Sync 1 DAGs
[2022-05-23 20:02:16,997] {logging_mixin.py:115} INFO - [2022-05-23 20:02:16,997] {dag.py:2919} INFO - Setting next_dagrun for example_short_circuit_operator to 2022-05-22T20:02:16.996922+00:00, run_after=2022-05-23T20:02:16.996922+00:00
[2022-05-23 20:02:17,005] {processor.py:161} INFO - Processing /home/airflow/.local/lib/python3.7/site-packages/airflow/example_dags/example_short_circuit_operator.py took 0.051 seconds
[2022-05-23 20:02:47,251] {processor.py:153} INFO - Started process (PID=2825) to work on /home/airflow/.local/lib/python3.7/site-packages/airflow/example_dags/example_short_circuit_operator.py
[2022-05-23 20:02:47,251] {processor.py:641} INFO - Processing file /home/airflow/.local/lib/python3.7/site-packages/airflow/example_dags/example_short_circuit_operator.py for tasks to queue
[2022-05-23 20:02:47,252] {logging_mixin.py:115} INFO - [2022-05-23 20:02:47,252] {dagbag.py:507} INFO - Filling up the DagBag from /home/airflow/.local/lib/python3.7/site-packages/airflow/example_dags/example_short_circuit_operator.py
[2022-05-23 20:02:47,259] {processor.py:651} INFO - DAG(s) dict_keys(['example_short_circuit_operator']) retrieved from /home/airflow/.local/lib/python3.7/site-packages/airflow/example_dags/example_short_circuit_operator.py
[2022-05-23 20:02:47,275] {logging_mixin.py:115} INFO - [2022-05-23 20:02:47,275] {dag.py:2371} INFO - Sync 1 DAGs
[2022-05-23 20:02:47,288] {logging_mixin.py:115} INFO - [2022-05-23 20:02:47,288] {dag.py:2919} INFO - Setting next_dagrun for example_short_circuit_operator to 2022-05-22T20:02:47.287843+00:00, run_after=2022-05-23T20:02:47.287843+00:00
[2022-05-23 20:02:47,295] {processor.py:161} INFO - Processing /home/airflow/.local/lib/python3.7/site-packages/airflow/example_dags/example_short_circuit_operator.py took 0.046 seconds
[2022-05-23 20:03:17,466] {processor.py:153} INFO - Started process (PID=3022) to work on /home/airflow/.local/lib/python3.7/site-packages/airflow/example_dags/example_short_circuit_operator.py
[2022-05-23 20:03:17,466] {processor.py:641} INFO - Processing file /home/airflow/.local/lib/python3.7/site-packages/airflow/example_dags/example_short_circuit_operator.py for tasks to queue
[2022-05-23 20:03:17,466] {logging_mixin.py:115} INFO - [2022-05-23 20:03:17,466] {dagbag.py:507} INFO - Filling up the DagBag from /home/airflow/.local/lib/python3.7/site-packages/airflow/example_dags/example_short_circuit_operator.py
[2022-05-23 20:03:17,473] {processor.py:651} INFO - DAG(s) dict_keys(['example_short_circuit_operator']) retrieved from /home/airflow/.local/lib/python3.7/site-packages/airflow/example_dags/example_short_circuit_operator.py
[2022-05-23 20:03:17,489] {logging_mixin.py:115} INFO - [2022-05-23 20:03:17,488] {dag.py:2371} INFO - Sync 1 DAGs
[2022-05-23 20:03:17,501] {logging_mixin.py:115} INFO - [2022-05-23 20:03:17,501] {dag.py:2919} INFO - Setting next_dagrun for example_short_circuit_operator to 2022-05-22T20:03:17.501289+00:00, run_after=2022-05-23T20:03:17.501289+00:00
[2022-05-23 20:03:17,508] {processor.py:161} INFO - Processing /home/airflow/.local/lib/python3.7/site-packages/airflow/example_dags/example_short_circuit_operator.py took 0.043 seconds
