[2022-05-23 19:56:12,172] {processor.py:153} INFO - Started process (PID=269) to work on /home/airflow/.local/lib/python3.7/site-packages/airflow/example_dags/example_trigger_target_dag.py
[2022-05-23 19:56:12,173] {processor.py:641} INFO - Processing file /home/airflow/.local/lib/python3.7/site-packages/airflow/example_dags/example_trigger_target_dag.py for tasks to queue
[2022-05-23 19:56:12,173] {logging_mixin.py:115} INFO - [2022-05-23 19:56:12,173] {dagbag.py:507} INFO - Filling up the DagBag from /home/airflow/.local/lib/python3.7/site-packages/airflow/example_dags/example_trigger_target_dag.py
[2022-05-23 19:56:12,200] {processor.py:651} INFO - DAG(s) dict_keys(['example_trigger_target_dag']) retrieved from /home/airflow/.local/lib/python3.7/site-packages/airflow/example_dags/example_trigger_target_dag.py
[2022-05-23 19:56:12,295] {logging_mixin.py:115} INFO - [2022-05-23 19:56:12,295] {manager.py:508} INFO - Created Permission View: can delete on DAG:example_trigger_target_dag
[2022-05-23 19:56:12,310] {logging_mixin.py:115} INFO - [2022-05-23 19:56:12,310] {manager.py:508} INFO - Created Permission View: can read on DAG:example_trigger_target_dag
[2022-05-23 19:56:12,325] {logging_mixin.py:115} INFO - [2022-05-23 19:56:12,325] {manager.py:508} INFO - Created Permission View: can edit on DAG:example_trigger_target_dag
[2022-05-23 19:56:12,325] {logging_mixin.py:115} INFO - [2022-05-23 19:56:12,325] {dag.py:2371} INFO - Sync 1 DAGs
[2022-05-23 19:56:12,347] {logging_mixin.py:115} INFO - [2022-05-23 19:56:12,347] {dag.py:2390} INFO - Creating ORM DAG for example_trigger_target_dag
[2022-05-23 19:56:12,407] {logging_mixin.py:115} INFO - [2022-05-23 19:56:12,407] {dag.py:2919} INFO - Setting next_dagrun for example_trigger_target_dag to None, run_after=None
[2022-05-23 19:56:12,450] {processor.py:161} INFO - Processing /home/airflow/.local/lib/python3.7/site-packages/airflow/example_dags/example_trigger_target_dag.py took 0.281 seconds
[2022-05-23 19:56:43,306] {processor.py:153} INFO - Started process (PID=459) to work on /home/airflow/.local/lib/python3.7/site-packages/airflow/example_dags/example_trigger_target_dag.py
[2022-05-23 19:56:43,308] {processor.py:641} INFO - Processing file /home/airflow/.local/lib/python3.7/site-packages/airflow/example_dags/example_trigger_target_dag.py for tasks to queue
[2022-05-23 19:56:43,308] {logging_mixin.py:115} INFO - [2022-05-23 19:56:43,308] {dagbag.py:507} INFO - Filling up the DagBag from /home/airflow/.local/lib/python3.7/site-packages/airflow/example_dags/example_trigger_target_dag.py
[2022-05-23 19:56:43,322] {processor.py:651} INFO - DAG(s) dict_keys(['example_trigger_target_dag']) retrieved from /home/airflow/.local/lib/python3.7/site-packages/airflow/example_dags/example_trigger_target_dag.py
[2022-05-23 19:56:43,337] {logging_mixin.py:115} INFO - [2022-05-23 19:56:43,337] {dag.py:2371} INFO - Sync 1 DAGs
[2022-05-23 19:56:43,350] {logging_mixin.py:115} INFO - [2022-05-23 19:56:43,350] {dag.py:2919} INFO - Setting next_dagrun for example_trigger_target_dag to None, run_after=None
[2022-05-23 19:56:43,357] {processor.py:161} INFO - Processing /home/airflow/.local/lib/python3.7/site-packages/airflow/example_dags/example_trigger_target_dag.py took 0.053 seconds
[2022-05-23 19:57:13,507] {processor.py:153} INFO - Started process (PID=654) to work on /home/airflow/.local/lib/python3.7/site-packages/airflow/example_dags/example_trigger_target_dag.py
[2022-05-23 19:57:13,509] {processor.py:641} INFO - Processing file /home/airflow/.local/lib/python3.7/site-packages/airflow/example_dags/example_trigger_target_dag.py for tasks to queue
[2022-05-23 19:57:13,509] {logging_mixin.py:115} INFO - [2022-05-23 19:57:13,509] {dagbag.py:507} INFO - Filling up the DagBag from /home/airflow/.local/lib/python3.7/site-packages/airflow/example_dags/example_trigger_target_dag.py
[2022-05-23 19:57:13,524] {processor.py:651} INFO - DAG(s) dict_keys(['example_trigger_target_dag']) retrieved from /home/airflow/.local/lib/python3.7/site-packages/airflow/example_dags/example_trigger_target_dag.py
[2022-05-23 19:57:13,538] {logging_mixin.py:115} INFO - [2022-05-23 19:57:13,538] {dag.py:2371} INFO - Sync 1 DAGs
[2022-05-23 19:57:13,551] {logging_mixin.py:115} INFO - [2022-05-23 19:57:13,551] {dag.py:2919} INFO - Setting next_dagrun for example_trigger_target_dag to None, run_after=None
[2022-05-23 19:57:13,558] {processor.py:161} INFO - Processing /home/airflow/.local/lib/python3.7/site-packages/airflow/example_dags/example_trigger_target_dag.py took 0.052 seconds
[2022-05-23 19:57:43,808] {processor.py:153} INFO - Started process (PID=851) to work on /home/airflow/.local/lib/python3.7/site-packages/airflow/example_dags/example_trigger_target_dag.py
[2022-05-23 19:57:43,808] {processor.py:641} INFO - Processing file /home/airflow/.local/lib/python3.7/site-packages/airflow/example_dags/example_trigger_target_dag.py for tasks to queue
[2022-05-23 19:57:43,809] {logging_mixin.py:115} INFO - [2022-05-23 19:57:43,809] {dagbag.py:507} INFO - Filling up the DagBag from /home/airflow/.local/lib/python3.7/site-packages/airflow/example_dags/example_trigger_target_dag.py
[2022-05-23 19:57:43,822] {processor.py:651} INFO - DAG(s) dict_keys(['example_trigger_target_dag']) retrieved from /home/airflow/.local/lib/python3.7/site-packages/airflow/example_dags/example_trigger_target_dag.py
[2022-05-23 19:57:43,837] {logging_mixin.py:115} INFO - [2022-05-23 19:57:43,837] {dag.py:2371} INFO - Sync 1 DAGs
[2022-05-23 19:57:43,851] {logging_mixin.py:115} INFO - [2022-05-23 19:57:43,851] {dag.py:2919} INFO - Setting next_dagrun for example_trigger_target_dag to None, run_after=None
[2022-05-23 19:57:43,858] {processor.py:161} INFO - Processing /home/airflow/.local/lib/python3.7/site-packages/airflow/example_dags/example_trigger_target_dag.py took 0.053 seconds
[2022-05-23 19:58:14,082] {processor.py:153} INFO - Started process (PID=1047) to work on /home/airflow/.local/lib/python3.7/site-packages/airflow/example_dags/example_trigger_target_dag.py
[2022-05-23 19:58:14,083] {processor.py:641} INFO - Processing file /home/airflow/.local/lib/python3.7/site-packages/airflow/example_dags/example_trigger_target_dag.py for tasks to queue
[2022-05-23 19:58:14,083] {logging_mixin.py:115} INFO - [2022-05-23 19:58:14,083] {dagbag.py:507} INFO - Filling up the DagBag from /home/airflow/.local/lib/python3.7/site-packages/airflow/example_dags/example_trigger_target_dag.py
[2022-05-23 19:58:14,098] {processor.py:651} INFO - DAG(s) dict_keys(['example_trigger_target_dag']) retrieved from /home/airflow/.local/lib/python3.7/site-packages/airflow/example_dags/example_trigger_target_dag.py
[2022-05-23 19:58:14,119] {logging_mixin.py:115} INFO - [2022-05-23 19:58:14,119] {dag.py:2371} INFO - Sync 1 DAGs
[2022-05-23 19:58:14,140] {logging_mixin.py:115} INFO - [2022-05-23 19:58:14,140] {dag.py:2919} INFO - Setting next_dagrun for example_trigger_target_dag to None, run_after=None
[2022-05-23 19:58:14,151] {processor.py:161} INFO - Processing /home/airflow/.local/lib/python3.7/site-packages/airflow/example_dags/example_trigger_target_dag.py took 0.071 seconds
[2022-05-23 19:58:44,541] {processor.py:153} INFO - Started process (PID=1254) to work on /home/airflow/.local/lib/python3.7/site-packages/airflow/example_dags/example_trigger_target_dag.py
[2022-05-23 19:58:44,542] {processor.py:641} INFO - Processing file /home/airflow/.local/lib/python3.7/site-packages/airflow/example_dags/example_trigger_target_dag.py for tasks to queue
[2022-05-23 19:58:44,542] {logging_mixin.py:115} INFO - [2022-05-23 19:58:44,542] {dagbag.py:507} INFO - Filling up the DagBag from /home/airflow/.local/lib/python3.7/site-packages/airflow/example_dags/example_trigger_target_dag.py
[2022-05-23 19:58:44,556] {processor.py:651} INFO - DAG(s) dict_keys(['example_trigger_target_dag']) retrieved from /home/airflow/.local/lib/python3.7/site-packages/airflow/example_dags/example_trigger_target_dag.py
[2022-05-23 19:58:44,571] {logging_mixin.py:115} INFO - [2022-05-23 19:58:44,571] {dag.py:2371} INFO - Sync 1 DAGs
[2022-05-23 19:58:44,585] {logging_mixin.py:115} INFO - [2022-05-23 19:58:44,585] {dag.py:2919} INFO - Setting next_dagrun for example_trigger_target_dag to None, run_after=None
[2022-05-23 19:58:44,593] {processor.py:161} INFO - Processing /home/airflow/.local/lib/python3.7/site-packages/airflow/example_dags/example_trigger_target_dag.py took 0.054 seconds
[2022-05-23 19:59:14,802] {processor.py:153} INFO - Started process (PID=1452) to work on /home/airflow/.local/lib/python3.7/site-packages/airflow/example_dags/example_trigger_target_dag.py
[2022-05-23 19:59:14,803] {processor.py:641} INFO - Processing file /home/airflow/.local/lib/python3.7/site-packages/airflow/example_dags/example_trigger_target_dag.py for tasks to queue
[2022-05-23 19:59:14,804] {logging_mixin.py:115} INFO - [2022-05-23 19:59:14,803] {dagbag.py:507} INFO - Filling up the DagBag from /home/airflow/.local/lib/python3.7/site-packages/airflow/example_dags/example_trigger_target_dag.py
[2022-05-23 19:59:14,819] {processor.py:651} INFO - DAG(s) dict_keys(['example_trigger_target_dag']) retrieved from /home/airflow/.local/lib/python3.7/site-packages/airflow/example_dags/example_trigger_target_dag.py
[2022-05-23 19:59:14,837] {logging_mixin.py:115} INFO - [2022-05-23 19:59:14,837] {dag.py:2371} INFO - Sync 1 DAGs
[2022-05-23 19:59:14,852] {logging_mixin.py:115} INFO - [2022-05-23 19:59:14,852] {dag.py:2919} INFO - Setting next_dagrun for example_trigger_target_dag to None, run_after=None
[2022-05-23 19:59:14,859] {processor.py:161} INFO - Processing /home/airflow/.local/lib/python3.7/site-packages/airflow/example_dags/example_trigger_target_dag.py took 0.061 seconds
[2022-05-23 19:59:45,070] {processor.py:153} INFO - Started process (PID=1648) to work on /home/airflow/.local/lib/python3.7/site-packages/airflow/example_dags/example_trigger_target_dag.py
[2022-05-23 19:59:45,070] {processor.py:641} INFO - Processing file /home/airflow/.local/lib/python3.7/site-packages/airflow/example_dags/example_trigger_target_dag.py for tasks to queue
[2022-05-23 19:59:45,071] {logging_mixin.py:115} INFO - [2022-05-23 19:59:45,070] {dagbag.py:507} INFO - Filling up the DagBag from /home/airflow/.local/lib/python3.7/site-packages/airflow/example_dags/example_trigger_target_dag.py
[2022-05-23 19:59:45,086] {processor.py:651} INFO - DAG(s) dict_keys(['example_trigger_target_dag']) retrieved from /home/airflow/.local/lib/python3.7/site-packages/airflow/example_dags/example_trigger_target_dag.py
[2022-05-23 19:59:45,101] {logging_mixin.py:115} INFO - [2022-05-23 19:59:45,101] {dag.py:2371} INFO - Sync 1 DAGs
[2022-05-23 19:59:45,113] {logging_mixin.py:115} INFO - [2022-05-23 19:59:45,113] {dag.py:2919} INFO - Setting next_dagrun for example_trigger_target_dag to None, run_after=None
[2022-05-23 19:59:45,122] {processor.py:161} INFO - Processing /home/airflow/.local/lib/python3.7/site-packages/airflow/example_dags/example_trigger_target_dag.py took 0.055 seconds
[2022-05-23 20:00:15,314] {processor.py:153} INFO - Started process (PID=1836) to work on /home/airflow/.local/lib/python3.7/site-packages/airflow/example_dags/example_trigger_target_dag.py
[2022-05-23 20:00:15,315] {processor.py:641} INFO - Processing file /home/airflow/.local/lib/python3.7/site-packages/airflow/example_dags/example_trigger_target_dag.py for tasks to queue
[2022-05-23 20:00:15,316] {logging_mixin.py:115} INFO - [2022-05-23 20:00:15,316] {dagbag.py:507} INFO - Filling up the DagBag from /home/airflow/.local/lib/python3.7/site-packages/airflow/example_dags/example_trigger_target_dag.py
[2022-05-23 20:00:15,327] {processor.py:651} INFO - DAG(s) dict_keys(['example_trigger_target_dag']) retrieved from /home/airflow/.local/lib/python3.7/site-packages/airflow/example_dags/example_trigger_target_dag.py
[2022-05-23 20:00:15,342] {logging_mixin.py:115} INFO - [2022-05-23 20:00:15,342] {dag.py:2371} INFO - Sync 1 DAGs
[2022-05-23 20:00:15,356] {logging_mixin.py:115} INFO - [2022-05-23 20:00:15,356] {dag.py:2919} INFO - Setting next_dagrun for example_trigger_target_dag to None, run_after=None
[2022-05-23 20:00:15,363] {processor.py:161} INFO - Processing /home/airflow/.local/lib/python3.7/site-packages/airflow/example_dags/example_trigger_target_dag.py took 0.050 seconds
[2022-05-23 20:00:45,688] {processor.py:153} INFO - Started process (PID=2033) to work on /home/airflow/.local/lib/python3.7/site-packages/airflow/example_dags/example_trigger_target_dag.py
[2022-05-23 20:00:45,689] {processor.py:641} INFO - Processing file /home/airflow/.local/lib/python3.7/site-packages/airflow/example_dags/example_trigger_target_dag.py for tasks to queue
[2022-05-23 20:00:45,689] {logging_mixin.py:115} INFO - [2022-05-23 20:00:45,689] {dagbag.py:507} INFO - Filling up the DagBag from /home/airflow/.local/lib/python3.7/site-packages/airflow/example_dags/example_trigger_target_dag.py
[2022-05-23 20:00:45,701] {processor.py:651} INFO - DAG(s) dict_keys(['example_trigger_target_dag']) retrieved from /home/airflow/.local/lib/python3.7/site-packages/airflow/example_dags/example_trigger_target_dag.py
[2022-05-23 20:00:45,716] {logging_mixin.py:115} INFO - [2022-05-23 20:00:45,716] {dag.py:2371} INFO - Sync 1 DAGs
[2022-05-23 20:00:45,730] {logging_mixin.py:115} INFO - [2022-05-23 20:00:45,730] {dag.py:2919} INFO - Setting next_dagrun for example_trigger_target_dag to None, run_after=None
[2022-05-23 20:00:45,738] {processor.py:161} INFO - Processing /home/airflow/.local/lib/python3.7/site-packages/airflow/example_dags/example_trigger_target_dag.py took 0.052 seconds
[2022-05-23 20:01:16,003] {processor.py:153} INFO - Started process (PID=2230) to work on /home/airflow/.local/lib/python3.7/site-packages/airflow/example_dags/example_trigger_target_dag.py
[2022-05-23 20:01:16,004] {processor.py:641} INFO - Processing file /home/airflow/.local/lib/python3.7/site-packages/airflow/example_dags/example_trigger_target_dag.py for tasks to queue
[2022-05-23 20:01:16,005] {logging_mixin.py:115} INFO - [2022-05-23 20:01:16,005] {dagbag.py:507} INFO - Filling up the DagBag from /home/airflow/.local/lib/python3.7/site-packages/airflow/example_dags/example_trigger_target_dag.py
[2022-05-23 20:01:16,018] {processor.py:651} INFO - DAG(s) dict_keys(['example_trigger_target_dag']) retrieved from /home/airflow/.local/lib/python3.7/site-packages/airflow/example_dags/example_trigger_target_dag.py
[2022-05-23 20:01:16,032] {logging_mixin.py:115} INFO - [2022-05-23 20:01:16,032] {dag.py:2371} INFO - Sync 1 DAGs
[2022-05-23 20:01:16,044] {logging_mixin.py:115} INFO - [2022-05-23 20:01:16,044] {dag.py:2919} INFO - Setting next_dagrun for example_trigger_target_dag to None, run_after=None
[2022-05-23 20:01:16,051] {processor.py:161} INFO - Processing /home/airflow/.local/lib/python3.7/site-packages/airflow/example_dags/example_trigger_target_dag.py took 0.049 seconds
[2022-05-23 20:01:46,492] {processor.py:153} INFO - Started process (PID=2427) to work on /home/airflow/.local/lib/python3.7/site-packages/airflow/example_dags/example_trigger_target_dag.py
[2022-05-23 20:01:46,493] {processor.py:641} INFO - Processing file /home/airflow/.local/lib/python3.7/site-packages/airflow/example_dags/example_trigger_target_dag.py for tasks to queue
[2022-05-23 20:01:46,494] {logging_mixin.py:115} INFO - [2022-05-23 20:01:46,494] {dagbag.py:507} INFO - Filling up the DagBag from /home/airflow/.local/lib/python3.7/site-packages/airflow/example_dags/example_trigger_target_dag.py
[2022-05-23 20:01:46,510] {processor.py:651} INFO - DAG(s) dict_keys(['example_trigger_target_dag']) retrieved from /home/airflow/.local/lib/python3.7/site-packages/airflow/example_dags/example_trigger_target_dag.py
[2022-05-23 20:01:46,528] {logging_mixin.py:115} INFO - [2022-05-23 20:01:46,528] {dag.py:2371} INFO - Sync 1 DAGs
[2022-05-23 20:01:46,542] {logging_mixin.py:115} INFO - [2022-05-23 20:01:46,542] {dag.py:2919} INFO - Setting next_dagrun for example_trigger_target_dag to None, run_after=None
[2022-05-23 20:01:46,549] {processor.py:161} INFO - Processing /home/airflow/.local/lib/python3.7/site-packages/airflow/example_dags/example_trigger_target_dag.py took 0.059 seconds
[2022-05-23 20:02:16,879] {processor.py:153} INFO - Started process (PID=2615) to work on /home/airflow/.local/lib/python3.7/site-packages/airflow/example_dags/example_trigger_target_dag.py
[2022-05-23 20:02:16,880] {processor.py:641} INFO - Processing file /home/airflow/.local/lib/python3.7/site-packages/airflow/example_dags/example_trigger_target_dag.py for tasks to queue
[2022-05-23 20:02:16,880] {logging_mixin.py:115} INFO - [2022-05-23 20:02:16,880] {dagbag.py:507} INFO - Filling up the DagBag from /home/airflow/.local/lib/python3.7/site-packages/airflow/example_dags/example_trigger_target_dag.py
[2022-05-23 20:02:16,892] {processor.py:651} INFO - DAG(s) dict_keys(['example_trigger_target_dag']) retrieved from /home/airflow/.local/lib/python3.7/site-packages/airflow/example_dags/example_trigger_target_dag.py
[2022-05-23 20:02:16,907] {logging_mixin.py:115} INFO - [2022-05-23 20:02:16,907] {dag.py:2371} INFO - Sync 1 DAGs
[2022-05-23 20:02:16,921] {logging_mixin.py:115} INFO - [2022-05-23 20:02:16,921] {dag.py:2919} INFO - Setting next_dagrun for example_trigger_target_dag to None, run_after=None
[2022-05-23 20:02:16,928] {processor.py:161} INFO - Processing /home/airflow/.local/lib/python3.7/site-packages/airflow/example_dags/example_trigger_target_dag.py took 0.052 seconds
[2022-05-23 20:02:47,152] {processor.py:153} INFO - Started process (PID=2812) to work on /home/airflow/.local/lib/python3.7/site-packages/airflow/example_dags/example_trigger_target_dag.py
[2022-05-23 20:02:47,154] {processor.py:641} INFO - Processing file /home/airflow/.local/lib/python3.7/site-packages/airflow/example_dags/example_trigger_target_dag.py for tasks to queue
[2022-05-23 20:02:47,154] {logging_mixin.py:115} INFO - [2022-05-23 20:02:47,154] {dagbag.py:507} INFO - Filling up the DagBag from /home/airflow/.local/lib/python3.7/site-packages/airflow/example_dags/example_trigger_target_dag.py
[2022-05-23 20:02:47,166] {processor.py:651} INFO - DAG(s) dict_keys(['example_trigger_target_dag']) retrieved from /home/airflow/.local/lib/python3.7/site-packages/airflow/example_dags/example_trigger_target_dag.py
[2022-05-23 20:02:47,181] {logging_mixin.py:115} INFO - [2022-05-23 20:02:47,181] {dag.py:2371} INFO - Sync 1 DAGs
[2022-05-23 20:02:47,194] {logging_mixin.py:115} INFO - [2022-05-23 20:02:47,194] {dag.py:2919} INFO - Setting next_dagrun for example_trigger_target_dag to None, run_after=None
[2022-05-23 20:02:47,201] {processor.py:161} INFO - Processing /home/airflow/.local/lib/python3.7/site-packages/airflow/example_dags/example_trigger_target_dag.py took 0.051 seconds
[2022-05-23 20:03:17,396] {processor.py:153} INFO - Started process (PID=3009) to work on /home/airflow/.local/lib/python3.7/site-packages/airflow/example_dags/example_trigger_target_dag.py
[2022-05-23 20:03:17,397] {processor.py:641} INFO - Processing file /home/airflow/.local/lib/python3.7/site-packages/airflow/example_dags/example_trigger_target_dag.py for tasks to queue
[2022-05-23 20:03:17,397] {logging_mixin.py:115} INFO - [2022-05-23 20:03:17,397] {dagbag.py:507} INFO - Filling up the DagBag from /home/airflow/.local/lib/python3.7/site-packages/airflow/example_dags/example_trigger_target_dag.py
[2022-05-23 20:03:17,409] {processor.py:651} INFO - DAG(s) dict_keys(['example_trigger_target_dag']) retrieved from /home/airflow/.local/lib/python3.7/site-packages/airflow/example_dags/example_trigger_target_dag.py
[2022-05-23 20:03:17,423] {logging_mixin.py:115} INFO - [2022-05-23 20:03:17,423] {dag.py:2371} INFO - Sync 1 DAGs
[2022-05-23 20:03:17,439] {logging_mixin.py:115} INFO - [2022-05-23 20:03:17,439] {dag.py:2919} INFO - Setting next_dagrun for example_trigger_target_dag to None, run_after=None
[2022-05-23 20:03:17,447] {processor.py:161} INFO - Processing /home/airflow/.local/lib/python3.7/site-packages/airflow/example_dags/example_trigger_target_dag.py took 0.054 seconds
