[2022-05-23 21:06:32,155] {processor.py:153} INFO - Started process (PID=253) to work on /opt/airflow/dags/example.py
[2022-05-23 21:06:32,155] {processor.py:641} INFO - Processing file /opt/airflow/dags/example.py for tasks to queue
[2022-05-23 21:06:32,156] {logging_mixin.py:115} INFO - [2022-05-23 21:06:32,156] {dagbag.py:507} INFO - Filling up the DagBag from /opt/airflow/dags/example.py
[2022-05-23 21:06:32,159] {processor.py:651} INFO - DAG(s) dict_keys(['etl_sales_daily']) retrieved from /opt/airflow/dags/example.py
[2022-05-23 21:06:32,215] {logging_mixin.py:115} INFO - [2022-05-23 21:06:32,215] {manager.py:508} INFO - Created Permission View: can delete on DAG:etl_sales_daily
[2022-05-23 21:06:32,224] {logging_mixin.py:115} INFO - [2022-05-23 21:06:32,224] {manager.py:508} INFO - Created Permission View: can edit on DAG:etl_sales_daily
[2022-05-23 21:06:32,231] {logging_mixin.py:115} INFO - [2022-05-23 21:06:32,231] {manager.py:508} INFO - Created Permission View: can read on DAG:etl_sales_daily
[2022-05-23 21:06:32,231] {logging_mixin.py:115} INFO - [2022-05-23 21:06:32,231] {dag.py:2371} INFO - Sync 1 DAGs
[2022-05-23 21:06:32,240] {logging_mixin.py:115} INFO - [2022-05-23 21:06:32,240] {dag.py:2390} INFO - Creating ORM DAG for etl_sales_daily
[2022-05-23 21:06:32,251] {logging_mixin.py:115} INFO - [2022-05-23 21:06:32,251] {dag.py:2915} INFO - Setting next_dagrun for etl_sales_daily to None, run_after=None
[2022-05-23 21:06:32,262] {processor.py:161} INFO - Processing /opt/airflow/dags/example.py took 0.109 seconds
[2022-05-23 21:07:02,601] {processor.py:153} INFO - Started process (PID=378) to work on /opt/airflow/dags/example.py
[2022-05-23 21:07:02,601] {processor.py:641} INFO - Processing file /opt/airflow/dags/example.py for tasks to queue
[2022-05-23 21:07:02,601] {logging_mixin.py:115} INFO - [2022-05-23 21:07:02,601] {dagbag.py:507} INFO - Filling up the DagBag from /opt/airflow/dags/example.py
[2022-05-23 21:07:02,604] {processor.py:651} INFO - DAG(s) dict_keys(['etl_sales_daily']) retrieved from /opt/airflow/dags/example.py
[2022-05-23 21:07:02,617] {logging_mixin.py:115} INFO - [2022-05-23 21:07:02,617] {dag.py:2371} INFO - Sync 1 DAGs
[2022-05-23 21:07:02,628] {logging_mixin.py:115} INFO - [2022-05-23 21:07:02,628] {dag.py:2915} INFO - Setting next_dagrun for etl_sales_daily to None, run_after=None
[2022-05-23 21:07:02,634] {processor.py:161} INFO - Processing /opt/airflow/dags/example.py took 0.035 seconds
[2022-05-23 21:07:33,384] {processor.py:153} INFO - Started process (PID=548) to work on /opt/airflow/dags/example.py
[2022-05-23 21:07:33,384] {processor.py:641} INFO - Processing file /opt/airflow/dags/example.py for tasks to queue
[2022-05-23 21:07:33,385] {logging_mixin.py:115} INFO - [2022-05-23 21:07:33,385] {dagbag.py:507} INFO - Filling up the DagBag from /opt/airflow/dags/example.py
[2022-05-23 21:07:33,387] {processor.py:651} INFO - DAG(s) dict_keys(['etl_sales_daily']) retrieved from /opt/airflow/dags/example.py
[2022-05-23 21:07:33,400] {logging_mixin.py:115} INFO - [2022-05-23 21:07:33,400] {dag.py:2371} INFO - Sync 1 DAGs
[2022-05-23 21:07:33,411] {logging_mixin.py:115} INFO - [2022-05-23 21:07:33,411] {dag.py:2915} INFO - Setting next_dagrun for etl_sales_daily to None, run_after=None
[2022-05-23 21:07:33,417] {processor.py:161} INFO - Processing /opt/airflow/dags/example.py took 0.035 seconds
[2022-05-23 21:08:03,755] {processor.py:153} INFO - Started process (PID=628) to work on /opt/airflow/dags/example.py
[2022-05-23 21:08:03,755] {processor.py:641} INFO - Processing file /opt/airflow/dags/example.py for tasks to queue
[2022-05-23 21:08:03,755] {logging_mixin.py:115} INFO - [2022-05-23 21:08:03,755] {dagbag.py:507} INFO - Filling up the DagBag from /opt/airflow/dags/example.py
[2022-05-23 21:08:03,758] {processor.py:651} INFO - DAG(s) dict_keys(['etl_sales_daily']) retrieved from /opt/airflow/dags/example.py
[2022-05-23 21:08:03,772] {logging_mixin.py:115} INFO - [2022-05-23 21:08:03,772] {dag.py:2371} INFO - Sync 1 DAGs
[2022-05-23 21:08:03,784] {logging_mixin.py:115} INFO - [2022-05-23 21:08:03,784] {dag.py:2915} INFO - Setting next_dagrun for etl_sales_daily to None, run_after=None
[2022-05-23 21:08:03,792] {processor.py:161} INFO - Processing /opt/airflow/dags/example.py took 0.038 seconds
[2022-05-23 21:08:34,522] {processor.py:153} INFO - Started process (PID=790) to work on /opt/airflow/dags/example.py
[2022-05-23 21:08:34,522] {processor.py:641} INFO - Processing file /opt/airflow/dags/example.py for tasks to queue
[2022-05-23 21:08:34,523] {logging_mixin.py:115} INFO - [2022-05-23 21:08:34,523] {dagbag.py:507} INFO - Filling up the DagBag from /opt/airflow/dags/example.py
[2022-05-23 21:08:34,525] {processor.py:651} INFO - DAG(s) dict_keys(['etl_sales_daily']) retrieved from /opt/airflow/dags/example.py
[2022-05-23 21:08:34,538] {logging_mixin.py:115} INFO - [2022-05-23 21:08:34,538] {dag.py:2371} INFO - Sync 1 DAGs
[2022-05-23 21:08:34,548] {logging_mixin.py:115} INFO - [2022-05-23 21:08:34,548] {dag.py:2915} INFO - Setting next_dagrun for etl_sales_daily to None, run_after=None
[2022-05-23 21:08:34,554] {processor.py:161} INFO - Processing /opt/airflow/dags/example.py took 0.033 seconds
[2022-05-23 21:09:04,888] {processor.py:153} INFO - Started process (PID=871) to work on /opt/airflow/dags/example.py
[2022-05-23 21:09:04,888] {processor.py:641} INFO - Processing file /opt/airflow/dags/example.py for tasks to queue
[2022-05-23 21:09:04,889] {logging_mixin.py:115} INFO - [2022-05-23 21:09:04,889] {dagbag.py:507} INFO - Filling up the DagBag from /opt/airflow/dags/example.py
[2022-05-23 21:09:04,891] {processor.py:651} INFO - DAG(s) dict_keys(['etl_sales_daily']) retrieved from /opt/airflow/dags/example.py
[2022-05-23 21:09:04,905] {logging_mixin.py:115} INFO - [2022-05-23 21:09:04,904] {dag.py:2371} INFO - Sync 1 DAGs
[2022-05-23 21:09:04,916] {logging_mixin.py:115} INFO - [2022-05-23 21:09:04,916] {dag.py:2915} INFO - Setting next_dagrun for etl_sales_daily to None, run_after=None
[2022-05-23 21:09:04,922] {processor.py:161} INFO - Processing /opt/airflow/dags/example.py took 0.035 seconds
[2022-05-23 21:09:35,664] {processor.py:153} INFO - Started process (PID=1040) to work on /opt/airflow/dags/example.py
[2022-05-23 21:09:35,665] {processor.py:641} INFO - Processing file /opt/airflow/dags/example.py for tasks to queue
[2022-05-23 21:09:35,665] {logging_mixin.py:115} INFO - [2022-05-23 21:09:35,665] {dagbag.py:507} INFO - Filling up the DagBag from /opt/airflow/dags/example.py
[2022-05-23 21:09:35,667] {processor.py:651} INFO - DAG(s) dict_keys(['etl_sales_daily']) retrieved from /opt/airflow/dags/example.py
[2022-05-23 21:09:35,681] {logging_mixin.py:115} INFO - [2022-05-23 21:09:35,681] {dag.py:2371} INFO - Sync 1 DAGs
[2022-05-23 21:09:35,691] {logging_mixin.py:115} INFO - [2022-05-23 21:09:35,691] {dag.py:2915} INFO - Setting next_dagrun for etl_sales_daily to None, run_after=None
[2022-05-23 21:09:35,697] {processor.py:161} INFO - Processing /opt/airflow/dags/example.py took 0.034 seconds
[2022-05-23 21:10:06,057] {processor.py:153} INFO - Started process (PID=1122) to work on /opt/airflow/dags/example.py
[2022-05-23 21:10:06,057] {processor.py:641} INFO - Processing file /opt/airflow/dags/example.py for tasks to queue
[2022-05-23 21:10:06,058] {logging_mixin.py:115} INFO - [2022-05-23 21:10:06,058] {dagbag.py:507} INFO - Filling up the DagBag from /opt/airflow/dags/example.py
[2022-05-23 21:10:06,060] {processor.py:651} INFO - DAG(s) dict_keys(['etl_sales_daily']) retrieved from /opt/airflow/dags/example.py
[2022-05-23 21:10:06,074] {logging_mixin.py:115} INFO - [2022-05-23 21:10:06,074] {dag.py:2371} INFO - Sync 1 DAGs
[2022-05-23 21:10:06,085] {logging_mixin.py:115} INFO - [2022-05-23 21:10:06,085] {dag.py:2915} INFO - Setting next_dagrun for etl_sales_daily to None, run_after=None
[2022-05-23 21:10:06,092] {processor.py:161} INFO - Processing /opt/airflow/dags/example.py took 0.037 seconds
[2022-05-23 21:10:36,924] {processor.py:153} INFO - Started process (PID=1290) to work on /opt/airflow/dags/example.py
[2022-05-23 21:10:36,924] {processor.py:641} INFO - Processing file /opt/airflow/dags/example.py for tasks to queue
[2022-05-23 21:10:36,925] {logging_mixin.py:115} INFO - [2022-05-23 21:10:36,924] {dagbag.py:507} INFO - Filling up the DagBag from /opt/airflow/dags/example.py
[2022-05-23 21:10:36,927] {processor.py:651} INFO - DAG(s) dict_keys(['etl_sales_daily']) retrieved from /opt/airflow/dags/example.py
[2022-05-23 21:10:36,946] {logging_mixin.py:115} INFO - [2022-05-23 21:10:36,946] {dag.py:2371} INFO - Sync 1 DAGs
[2022-05-23 21:10:36,963] {logging_mixin.py:115} INFO - [2022-05-23 21:10:36,963] {dag.py:2915} INFO - Setting next_dagrun for etl_sales_daily to None, run_after=None
[2022-05-23 21:10:36,972] {processor.py:161} INFO - Processing /opt/airflow/dags/example.py took 0.050 seconds
[2022-05-23 21:11:07,523] {processor.py:153} INFO - Started process (PID=1363) to work on /opt/airflow/dags/example.py
[2022-05-23 21:11:07,524] {processor.py:641} INFO - Processing file /opt/airflow/dags/example.py for tasks to queue
[2022-05-23 21:11:07,524] {logging_mixin.py:115} INFO - [2022-05-23 21:11:07,524] {dagbag.py:507} INFO - Filling up the DagBag from /opt/airflow/dags/example.py
[2022-05-23 21:11:07,528] {processor.py:651} INFO - DAG(s) dict_keys(['etl_sales_daily']) retrieved from /opt/airflow/dags/example.py
[2022-05-23 21:11:07,553] {logging_mixin.py:115} INFO - [2022-05-23 21:11:07,553] {dag.py:2371} INFO - Sync 1 DAGs
[2022-05-23 21:11:07,577] {logging_mixin.py:115} INFO - [2022-05-23 21:11:07,577] {dag.py:2915} INFO - Setting next_dagrun for etl_sales_daily to None, run_after=None
[2022-05-23 21:11:07,586] {processor.py:161} INFO - Processing /opt/airflow/dags/example.py took 0.065 seconds
[2022-05-23 21:11:38,407] {processor.py:153} INFO - Started process (PID=1530) to work on /opt/airflow/dags/example.py
[2022-05-23 21:11:38,407] {processor.py:641} INFO - Processing file /opt/airflow/dags/example.py for tasks to queue
[2022-05-23 21:11:38,408] {logging_mixin.py:115} INFO - [2022-05-23 21:11:38,408] {dagbag.py:507} INFO - Filling up the DagBag from /opt/airflow/dags/example.py
[2022-05-23 21:11:38,410] {processor.py:651} INFO - DAG(s) dict_keys(['etl_sales_daily']) retrieved from /opt/airflow/dags/example.py
[2022-05-23 21:11:38,424] {logging_mixin.py:115} INFO - [2022-05-23 21:11:38,424] {dag.py:2371} INFO - Sync 1 DAGs
[2022-05-23 21:11:38,435] {logging_mixin.py:115} INFO - [2022-05-23 21:11:38,435] {dag.py:2915} INFO - Setting next_dagrun for etl_sales_daily to None, run_after=None
[2022-05-23 21:11:38,440] {processor.py:161} INFO - Processing /opt/airflow/dags/example.py took 0.034 seconds
[2022-05-23 21:12:08,772] {processor.py:153} INFO - Started process (PID=1611) to work on /opt/airflow/dags/example.py
[2022-05-23 21:12:08,772] {processor.py:641} INFO - Processing file /opt/airflow/dags/example.py for tasks to queue
[2022-05-23 21:12:08,772] {logging_mixin.py:115} INFO - [2022-05-23 21:12:08,772] {dagbag.py:507} INFO - Filling up the DagBag from /opt/airflow/dags/example.py
[2022-05-23 21:12:08,775] {processor.py:651} INFO - DAG(s) dict_keys(['etl_sales_daily']) retrieved from /opt/airflow/dags/example.py
[2022-05-23 21:12:08,789] {logging_mixin.py:115} INFO - [2022-05-23 21:12:08,789] {dag.py:2371} INFO - Sync 1 DAGs
[2022-05-23 21:12:08,802] {logging_mixin.py:115} INFO - [2022-05-23 21:12:08,802] {dag.py:2915} INFO - Setting next_dagrun for etl_sales_daily to None, run_after=None
[2022-05-23 21:12:08,808] {processor.py:161} INFO - Processing /opt/airflow/dags/example.py took 0.038 seconds
[2022-05-23 21:12:39,653] {processor.py:153} INFO - Started process (PID=1781) to work on /opt/airflow/dags/example.py
[2022-05-23 21:12:39,653] {processor.py:641} INFO - Processing file /opt/airflow/dags/example.py for tasks to queue
[2022-05-23 21:12:39,654] {logging_mixin.py:115} INFO - [2022-05-23 21:12:39,654] {dagbag.py:507} INFO - Filling up the DagBag from /opt/airflow/dags/example.py
[2022-05-23 21:12:39,658] {processor.py:651} INFO - DAG(s) dict_keys(['etl_sales_daily']) retrieved from /opt/airflow/dags/example.py
[2022-05-23 21:12:39,679] {logging_mixin.py:115} INFO - [2022-05-23 21:12:39,679] {dag.py:2371} INFO - Sync 1 DAGs
[2022-05-23 21:12:39,695] {logging_mixin.py:115} INFO - [2022-05-23 21:12:39,695] {dag.py:2915} INFO - Setting next_dagrun for etl_sales_daily to None, run_after=None
[2022-05-23 21:12:39,704] {processor.py:161} INFO - Processing /opt/airflow/dags/example.py took 0.054 seconds
[2022-05-23 21:13:10,047] {processor.py:153} INFO - Started process (PID=1856) to work on /opt/airflow/dags/example.py
[2022-05-23 21:13:10,047] {processor.py:641} INFO - Processing file /opt/airflow/dags/example.py for tasks to queue
[2022-05-23 21:13:10,047] {logging_mixin.py:115} INFO - [2022-05-23 21:13:10,047] {dagbag.py:507} INFO - Filling up the DagBag from /opt/airflow/dags/example.py
[2022-05-23 21:13:10,050] {processor.py:651} INFO - DAG(s) dict_keys(['etl_sales_daily']) retrieved from /opt/airflow/dags/example.py
[2022-05-23 21:13:10,063] {logging_mixin.py:115} INFO - [2022-05-23 21:13:10,063] {dag.py:2371} INFO - Sync 1 DAGs
[2022-05-23 21:13:10,076] {logging_mixin.py:115} INFO - [2022-05-23 21:13:10,076] {dag.py:2915} INFO - Setting next_dagrun for etl_sales_daily to None, run_after=None
[2022-05-23 21:13:10,082] {processor.py:161} INFO - Processing /opt/airflow/dags/example.py took 0.037 seconds
[2022-05-23 21:13:40,816] {processor.py:153} INFO - Started process (PID=2028) to work on /opt/airflow/dags/example.py
[2022-05-23 21:13:40,817] {processor.py:641} INFO - Processing file /opt/airflow/dags/example.py for tasks to queue
[2022-05-23 21:13:40,817] {logging_mixin.py:115} INFO - [2022-05-23 21:13:40,817] {dagbag.py:507} INFO - Filling up the DagBag from /opt/airflow/dags/example.py
[2022-05-23 21:13:40,819] {processor.py:651} INFO - DAG(s) dict_keys(['etl_sales_daily']) retrieved from /opt/airflow/dags/example.py
[2022-05-23 21:13:40,832] {logging_mixin.py:115} INFO - [2022-05-23 21:13:40,832] {dag.py:2371} INFO - Sync 1 DAGs
[2022-05-23 21:13:40,843] {logging_mixin.py:115} INFO - [2022-05-23 21:13:40,843] {dag.py:2915} INFO - Setting next_dagrun for etl_sales_daily to None, run_after=None
[2022-05-23 21:13:40,849] {processor.py:161} INFO - Processing /opt/airflow/dags/example.py took 0.034 seconds
[2022-05-23 21:14:11,231] {processor.py:153} INFO - Started process (PID=2109) to work on /opt/airflow/dags/example.py
[2022-05-23 21:14:11,232] {processor.py:641} INFO - Processing file /opt/airflow/dags/example.py for tasks to queue
[2022-05-23 21:14:11,233] {logging_mixin.py:115} INFO - [2022-05-23 21:14:11,232] {dagbag.py:507} INFO - Filling up the DagBag from /opt/airflow/dags/example.py
[2022-05-23 21:14:11,236] {processor.py:651} INFO - DAG(s) dict_keys(['etl_sales_daily']) retrieved from /opt/airflow/dags/example.py
[2022-05-23 21:14:11,258] {logging_mixin.py:115} INFO - [2022-05-23 21:14:11,258] {dag.py:2371} INFO - Sync 1 DAGs
[2022-05-23 21:14:11,279] {logging_mixin.py:115} INFO - [2022-05-23 21:14:11,279] {dag.py:2915} INFO - Setting next_dagrun for etl_sales_daily to None, run_after=None
[2022-05-23 21:14:11,291] {processor.py:161} INFO - Processing /opt/airflow/dags/example.py took 0.062 seconds
[2022-05-23 21:14:42,135] {processor.py:153} INFO - Started process (PID=2274) to work on /opt/airflow/dags/example.py
[2022-05-23 21:14:42,136] {processor.py:641} INFO - Processing file /opt/airflow/dags/example.py for tasks to queue
[2022-05-23 21:14:42,136] {logging_mixin.py:115} INFO - [2022-05-23 21:14:42,136] {dagbag.py:507} INFO - Filling up the DagBag from /opt/airflow/dags/example.py
[2022-05-23 21:14:42,140] {processor.py:651} INFO - DAG(s) dict_keys(['etl_sales_daily']) retrieved from /opt/airflow/dags/example.py
[2022-05-23 21:14:42,164] {logging_mixin.py:115} INFO - [2022-05-23 21:14:42,164] {dag.py:2371} INFO - Sync 1 DAGs
[2022-05-23 21:14:42,182] {logging_mixin.py:115} INFO - [2022-05-23 21:14:42,182] {dag.py:2915} INFO - Setting next_dagrun for etl_sales_daily to None, run_after=None
[2022-05-23 21:14:42,189] {processor.py:161} INFO - Processing /opt/airflow/dags/example.py took 0.056 seconds
[2022-05-23 21:15:12,899] {processor.py:153} INFO - Started process (PID=2356) to work on /opt/airflow/dags/example.py
[2022-05-23 21:15:12,902] {processor.py:641} INFO - Processing file /opt/airflow/dags/example.py for tasks to queue
[2022-05-23 21:15:12,902] {logging_mixin.py:115} INFO - [2022-05-23 21:15:12,902] {dagbag.py:507} INFO - Filling up the DagBag from /opt/airflow/dags/example.py
[2022-05-23 21:15:12,907] {processor.py:651} INFO - DAG(s) dict_keys(['etl_sales_daily']) retrieved from /opt/airflow/dags/example.py
[2022-05-23 21:15:12,932] {logging_mixin.py:115} INFO - [2022-05-23 21:15:12,932] {dag.py:2371} INFO - Sync 1 DAGs
[2022-05-23 21:15:12,952] {logging_mixin.py:115} INFO - [2022-05-23 21:15:12,952] {dag.py:2915} INFO - Setting next_dagrun for etl_sales_daily to None, run_after=None
[2022-05-23 21:15:12,971] {processor.py:161} INFO - Processing /opt/airflow/dags/example.py took 0.075 seconds
[2022-05-23 21:15:43,868] {processor.py:153} INFO - Started process (PID=2528) to work on /opt/airflow/dags/example.py
[2022-05-23 21:15:43,868] {processor.py:641} INFO - Processing file /opt/airflow/dags/example.py for tasks to queue
[2022-05-23 21:15:43,869] {logging_mixin.py:115} INFO - [2022-05-23 21:15:43,868] {dagbag.py:507} INFO - Filling up the DagBag from /opt/airflow/dags/example.py
[2022-05-23 21:15:43,871] {processor.py:651} INFO - DAG(s) dict_keys(['etl_sales_daily']) retrieved from /opt/airflow/dags/example.py
[2022-05-23 21:15:43,885] {logging_mixin.py:115} INFO - [2022-05-23 21:15:43,885] {dag.py:2371} INFO - Sync 1 DAGs
[2022-05-23 21:15:43,897] {logging_mixin.py:115} INFO - [2022-05-23 21:15:43,897] {dag.py:2915} INFO - Setting next_dagrun for etl_sales_daily to None, run_after=None
[2022-05-23 21:15:43,903] {processor.py:161} INFO - Processing /opt/airflow/dags/example.py took 0.036 seconds
[2022-05-23 21:16:14,274] {processor.py:153} INFO - Started process (PID=2601) to work on /opt/airflow/dags/example.py
[2022-05-23 21:16:14,275] {processor.py:641} INFO - Processing file /opt/airflow/dags/example.py for tasks to queue
[2022-05-23 21:16:14,275] {logging_mixin.py:115} INFO - [2022-05-23 21:16:14,275] {dagbag.py:507} INFO - Filling up the DagBag from /opt/airflow/dags/example.py
[2022-05-23 21:16:14,279] {processor.py:651} INFO - DAG(s) dict_keys(['etl_sales_daily']) retrieved from /opt/airflow/dags/example.py
[2022-05-23 21:16:14,298] {logging_mixin.py:115} INFO - [2022-05-23 21:16:14,298] {dag.py:2371} INFO - Sync 1 DAGs
[2022-05-23 21:16:14,315] {logging_mixin.py:115} INFO - [2022-05-23 21:16:14,315] {dag.py:2915} INFO - Setting next_dagrun for etl_sales_daily to None, run_after=None
[2022-05-23 21:16:14,325] {processor.py:161} INFO - Processing /opt/airflow/dags/example.py took 0.052 seconds
[2022-05-23 21:16:45,402] {processor.py:153} INFO - Started process (PID=2772) to work on /opt/airflow/dags/example.py
[2022-05-23 21:16:45,403] {processor.py:641} INFO - Processing file /opt/airflow/dags/example.py for tasks to queue
[2022-05-23 21:16:45,403] {logging_mixin.py:115} INFO - [2022-05-23 21:16:45,403] {dagbag.py:507} INFO - Filling up the DagBag from /opt/airflow/dags/example.py
[2022-05-23 21:16:45,406] {processor.py:651} INFO - DAG(s) dict_keys(['etl_sales_daily']) retrieved from /opt/airflow/dags/example.py
[2022-05-23 21:16:45,428] {logging_mixin.py:115} INFO - [2022-05-23 21:16:45,428] {dag.py:2371} INFO - Sync 1 DAGs
[2022-05-23 21:16:45,442] {logging_mixin.py:115} INFO - [2022-05-23 21:16:45,442] {dag.py:2915} INFO - Setting next_dagrun for etl_sales_daily to None, run_after=None
[2022-05-23 21:16:45,449] {processor.py:161} INFO - Processing /opt/airflow/dags/example.py took 0.050 seconds
[2022-05-23 21:17:15,781] {processor.py:153} INFO - Started process (PID=2853) to work on /opt/airflow/dags/example.py
[2022-05-23 21:17:15,781] {processor.py:641} INFO - Processing file /opt/airflow/dags/example.py for tasks to queue
[2022-05-23 21:17:15,782] {logging_mixin.py:115} INFO - [2022-05-23 21:17:15,782] {dagbag.py:507} INFO - Filling up the DagBag from /opt/airflow/dags/example.py
[2022-05-23 21:17:15,784] {processor.py:651} INFO - DAG(s) dict_keys(['etl_sales_daily']) retrieved from /opt/airflow/dags/example.py
[2022-05-23 21:17:15,798] {logging_mixin.py:115} INFO - [2022-05-23 21:17:15,798] {dag.py:2371} INFO - Sync 1 DAGs
[2022-05-23 21:17:15,810] {logging_mixin.py:115} INFO - [2022-05-23 21:17:15,810] {dag.py:2915} INFO - Setting next_dagrun for etl_sales_daily to None, run_after=None
[2022-05-23 21:17:15,815] {processor.py:161} INFO - Processing /opt/airflow/dags/example.py took 0.036 seconds
[2022-05-23 21:17:46,742] {processor.py:153} INFO - Started process (PID=3020) to work on /opt/airflow/dags/example.py
[2022-05-23 21:17:46,742] {processor.py:641} INFO - Processing file /opt/airflow/dags/example.py for tasks to queue
[2022-05-23 21:17:46,743] {logging_mixin.py:115} INFO - [2022-05-23 21:17:46,743] {dagbag.py:507} INFO - Filling up the DagBag from /opt/airflow/dags/example.py
[2022-05-23 21:17:46,746] {processor.py:651} INFO - DAG(s) dict_keys(['etl_sales_daily']) retrieved from /opt/airflow/dags/example.py
[2022-05-23 21:17:46,762] {logging_mixin.py:115} INFO - [2022-05-23 21:17:46,762] {dag.py:2371} INFO - Sync 1 DAGs
[2022-05-23 21:17:46,775] {logging_mixin.py:115} INFO - [2022-05-23 21:17:46,775] {dag.py:2915} INFO - Setting next_dagrun for etl_sales_daily to None, run_after=None
[2022-05-23 21:17:46,781] {processor.py:161} INFO - Processing /opt/airflow/dags/example.py took 0.042 seconds
[2022-05-23 21:18:17,183] {processor.py:153} INFO - Started process (PID=3093) to work on /opt/airflow/dags/example.py
[2022-05-23 21:18:17,184] {processor.py:641} INFO - Processing file /opt/airflow/dags/example.py for tasks to queue
[2022-05-23 21:18:17,184] {logging_mixin.py:115} INFO - [2022-05-23 21:18:17,184] {dagbag.py:507} INFO - Filling up the DagBag from /opt/airflow/dags/example.py
[2022-05-23 21:18:17,187] {processor.py:651} INFO - DAG(s) dict_keys(['etl_sales_daily']) retrieved from /opt/airflow/dags/example.py
[2022-05-23 21:18:17,205] {logging_mixin.py:115} INFO - [2022-05-23 21:18:17,205] {dag.py:2371} INFO - Sync 1 DAGs
[2022-05-23 21:18:17,219] {logging_mixin.py:115} INFO - [2022-05-23 21:18:17,219] {dag.py:2915} INFO - Setting next_dagrun for etl_sales_daily to None, run_after=None
[2022-05-23 21:18:17,226] {processor.py:161} INFO - Processing /opt/airflow/dags/example.py took 0.044 seconds
[2022-05-23 21:18:47,995] {processor.py:153} INFO - Started process (PID=3261) to work on /opt/airflow/dags/example.py
[2022-05-23 21:18:47,995] {processor.py:641} INFO - Processing file /opt/airflow/dags/example.py for tasks to queue
[2022-05-23 21:18:47,995] {logging_mixin.py:115} INFO - [2022-05-23 21:18:47,995] {dagbag.py:507} INFO - Filling up the DagBag from /opt/airflow/dags/example.py
[2022-05-23 21:18:47,997] {processor.py:651} INFO - DAG(s) dict_keys(['etl_sales_daily']) retrieved from /opt/airflow/dags/example.py
[2022-05-23 21:18:48,011] {logging_mixin.py:115} INFO - [2022-05-23 21:18:48,011] {dag.py:2371} INFO - Sync 1 DAGs
[2022-05-23 21:18:48,022] {logging_mixin.py:115} INFO - [2022-05-23 21:18:48,022] {dag.py:2915} INFO - Setting next_dagrun for etl_sales_daily to None, run_after=None
[2022-05-23 21:18:48,028] {processor.py:161} INFO - Processing /opt/airflow/dags/example.py took 0.035 seconds
[2022-05-23 21:19:18,378] {processor.py:153} INFO - Started process (PID=3342) to work on /opt/airflow/dags/example.py
[2022-05-23 21:19:18,378] {processor.py:641} INFO - Processing file /opt/airflow/dags/example.py for tasks to queue
[2022-05-23 21:19:18,378] {logging_mixin.py:115} INFO - [2022-05-23 21:19:18,378] {dagbag.py:507} INFO - Filling up the DagBag from /opt/airflow/dags/example.py
[2022-05-23 21:19:18,381] {processor.py:651} INFO - DAG(s) dict_keys(['etl_sales_daily']) retrieved from /opt/airflow/dags/example.py
[2022-05-23 21:19:18,395] {logging_mixin.py:115} INFO - [2022-05-23 21:19:18,394] {dag.py:2371} INFO - Sync 1 DAGs
[2022-05-23 21:19:18,407] {logging_mixin.py:115} INFO - [2022-05-23 21:19:18,407] {dag.py:2915} INFO - Setting next_dagrun for etl_sales_daily to None, run_after=None
[2022-05-23 21:19:18,413] {processor.py:161} INFO - Processing /opt/airflow/dags/example.py took 0.037 seconds
[2022-05-23 21:19:49,208] {processor.py:153} INFO - Started process (PID=3513) to work on /opt/airflow/dags/example.py
[2022-05-23 21:19:49,208] {processor.py:641} INFO - Processing file /opt/airflow/dags/example.py for tasks to queue
[2022-05-23 21:19:49,208] {logging_mixin.py:115} INFO - [2022-05-23 21:19:49,208] {dagbag.py:507} INFO - Filling up the DagBag from /opt/airflow/dags/example.py
[2022-05-23 21:19:49,211] {processor.py:651} INFO - DAG(s) dict_keys(['etl_sales_daily']) retrieved from /opt/airflow/dags/example.py
[2022-05-23 21:19:49,229] {logging_mixin.py:115} INFO - [2022-05-23 21:19:49,229] {dag.py:2371} INFO - Sync 1 DAGs
[2022-05-23 21:19:49,243] {logging_mixin.py:115} INFO - [2022-05-23 21:19:49,243] {dag.py:2915} INFO - Setting next_dagrun for etl_sales_daily to None, run_after=None
[2022-05-23 21:19:49,249] {processor.py:161} INFO - Processing /opt/airflow/dags/example.py took 0.043 seconds
[2022-05-23 21:20:19,635] {processor.py:153} INFO - Started process (PID=3582) to work on /opt/airflow/dags/example.py
[2022-05-23 21:20:19,635] {processor.py:641} INFO - Processing file /opt/airflow/dags/example.py for tasks to queue
[2022-05-23 21:20:19,635] {logging_mixin.py:115} INFO - [2022-05-23 21:20:19,635] {dagbag.py:507} INFO - Filling up the DagBag from /opt/airflow/dags/example.py
[2022-05-23 21:20:19,638] {processor.py:651} INFO - DAG(s) dict_keys(['etl_sales_daily']) retrieved from /opt/airflow/dags/example.py
[2022-05-23 21:20:19,651] {logging_mixin.py:115} INFO - [2022-05-23 21:20:19,651] {dag.py:2371} INFO - Sync 1 DAGs
[2022-05-23 21:20:19,663] {logging_mixin.py:115} INFO - [2022-05-23 21:20:19,663] {dag.py:2915} INFO - Setting next_dagrun for etl_sales_daily to None, run_after=None
[2022-05-23 21:20:19,668] {processor.py:161} INFO - Processing /opt/airflow/dags/example.py took 0.035 seconds
[2022-05-23 21:20:50,422] {processor.py:153} INFO - Started process (PID=3752) to work on /opt/airflow/dags/example.py
[2022-05-23 21:20:50,422] {processor.py:641} INFO - Processing file /opt/airflow/dags/example.py for tasks to queue
[2022-05-23 21:20:50,422] {logging_mixin.py:115} INFO - [2022-05-23 21:20:50,422] {dagbag.py:507} INFO - Filling up the DagBag from /opt/airflow/dags/example.py
[2022-05-23 21:20:50,424] {processor.py:651} INFO - DAG(s) dict_keys(['etl_sales_daily']) retrieved from /opt/airflow/dags/example.py
[2022-05-23 21:20:50,438] {logging_mixin.py:115} INFO - [2022-05-23 21:20:50,438] {dag.py:2371} INFO - Sync 1 DAGs
[2022-05-23 21:20:50,449] {logging_mixin.py:115} INFO - [2022-05-23 21:20:50,449] {dag.py:2915} INFO - Setting next_dagrun for etl_sales_daily to None, run_after=None
[2022-05-23 21:20:50,454] {processor.py:161} INFO - Processing /opt/airflow/dags/example.py took 0.034 seconds
[2022-05-23 21:21:20,779] {processor.py:153} INFO - Started process (PID=3833) to work on /opt/airflow/dags/example.py
[2022-05-23 21:21:20,779] {processor.py:641} INFO - Processing file /opt/airflow/dags/example.py for tasks to queue
[2022-05-23 21:21:20,780] {logging_mixin.py:115} INFO - [2022-05-23 21:21:20,780] {dagbag.py:507} INFO - Filling up the DagBag from /opt/airflow/dags/example.py
[2022-05-23 21:21:20,782] {processor.py:651} INFO - DAG(s) dict_keys(['etl_sales_daily']) retrieved from /opt/airflow/dags/example.py
[2022-05-23 21:21:20,796] {logging_mixin.py:115} INFO - [2022-05-23 21:21:20,796] {dag.py:2371} INFO - Sync 1 DAGs
[2022-05-23 21:21:20,807] {logging_mixin.py:115} INFO - [2022-05-23 21:21:20,807] {dag.py:2915} INFO - Setting next_dagrun for etl_sales_daily to None, run_after=None
[2022-05-23 21:21:20,813] {processor.py:161} INFO - Processing /opt/airflow/dags/example.py took 0.036 seconds
[2022-05-23 21:21:51,555] {processor.py:153} INFO - Started process (PID=4005) to work on /opt/airflow/dags/example.py
[2022-05-23 21:21:51,555] {processor.py:641} INFO - Processing file /opt/airflow/dags/example.py for tasks to queue
[2022-05-23 21:21:51,555] {logging_mixin.py:115} INFO - [2022-05-23 21:21:51,555] {dagbag.py:507} INFO - Filling up the DagBag from /opt/airflow/dags/example.py
[2022-05-23 21:21:51,558] {processor.py:651} INFO - DAG(s) dict_keys(['etl_sales_daily']) retrieved from /opt/airflow/dags/example.py
[2022-05-23 21:21:51,577] {logging_mixin.py:115} INFO - [2022-05-23 21:21:51,577] {dag.py:2371} INFO - Sync 1 DAGs
[2022-05-23 21:21:51,589] {logging_mixin.py:115} INFO - [2022-05-23 21:21:51,589] {dag.py:2915} INFO - Setting next_dagrun for etl_sales_daily to None, run_after=None
[2022-05-23 21:21:51,594] {processor.py:161} INFO - Processing /opt/airflow/dags/example.py took 0.041 seconds
[2022-05-23 21:22:21,922] {processor.py:153} INFO - Started process (PID=4075) to work on /opt/airflow/dags/example.py
[2022-05-23 21:22:21,923] {processor.py:641} INFO - Processing file /opt/airflow/dags/example.py for tasks to queue
[2022-05-23 21:22:21,923] {logging_mixin.py:115} INFO - [2022-05-23 21:22:21,923] {dagbag.py:507} INFO - Filling up the DagBag from /opt/airflow/dags/example.py
[2022-05-23 21:22:21,925] {processor.py:651} INFO - DAG(s) dict_keys(['etl_sales_daily']) retrieved from /opt/airflow/dags/example.py
[2022-05-23 21:22:21,939] {logging_mixin.py:115} INFO - [2022-05-23 21:22:21,939] {dag.py:2371} INFO - Sync 1 DAGs
[2022-05-23 21:22:21,950] {logging_mixin.py:115} INFO - [2022-05-23 21:22:21,950] {dag.py:2915} INFO - Setting next_dagrun for etl_sales_daily to None, run_after=None
[2022-05-23 21:22:21,956] {processor.py:161} INFO - Processing /opt/airflow/dags/example.py took 0.035 seconds
[2022-05-23 21:22:52,684] {processor.py:153} INFO - Started process (PID=4246) to work on /opt/airflow/dags/example.py
[2022-05-23 21:22:52,684] {processor.py:641} INFO - Processing file /opt/airflow/dags/example.py for tasks to queue
[2022-05-23 21:22:52,685] {logging_mixin.py:115} INFO - [2022-05-23 21:22:52,684] {dagbag.py:507} INFO - Filling up the DagBag from /opt/airflow/dags/example.py
[2022-05-23 21:22:52,687] {processor.py:651} INFO - DAG(s) dict_keys(['etl_sales_daily']) retrieved from /opt/airflow/dags/example.py
[2022-05-23 21:22:52,701] {logging_mixin.py:115} INFO - [2022-05-23 21:22:52,701] {dag.py:2371} INFO - Sync 1 DAGs
[2022-05-23 21:22:52,712] {logging_mixin.py:115} INFO - [2022-05-23 21:22:52,712] {dag.py:2915} INFO - Setting next_dagrun for etl_sales_daily to None, run_after=None
[2022-05-23 21:22:52,718] {processor.py:161} INFO - Processing /opt/airflow/dags/example.py took 0.036 seconds
[2022-05-23 21:23:23,044] {processor.py:153} INFO - Started process (PID=4327) to work on /opt/airflow/dags/example.py
[2022-05-23 21:23:23,045] {processor.py:641} INFO - Processing file /opt/airflow/dags/example.py for tasks to queue
[2022-05-23 21:23:23,045] {logging_mixin.py:115} INFO - [2022-05-23 21:23:23,045] {dagbag.py:507} INFO - Filling up the DagBag from /opt/airflow/dags/example.py
[2022-05-23 21:23:23,047] {processor.py:651} INFO - DAG(s) dict_keys(['etl_sales_daily']) retrieved from /opt/airflow/dags/example.py
[2022-05-23 21:23:23,063] {logging_mixin.py:115} INFO - [2022-05-23 21:23:23,062] {dag.py:2371} INFO - Sync 1 DAGs
[2022-05-23 21:23:23,076] {logging_mixin.py:115} INFO - [2022-05-23 21:23:23,076] {dag.py:2915} INFO - Setting next_dagrun for etl_sales_daily to None, run_after=None
[2022-05-23 21:23:23,082] {processor.py:161} INFO - Processing /opt/airflow/dags/example.py took 0.039 seconds
[2022-05-23 21:23:53,889] {processor.py:153} INFO - Started process (PID=4501) to work on /opt/airflow/dags/example.py
[2022-05-23 21:23:53,890] {processor.py:641} INFO - Processing file /opt/airflow/dags/example.py for tasks to queue
[2022-05-23 21:23:53,890] {logging_mixin.py:115} INFO - [2022-05-23 21:23:53,890] {dagbag.py:507} INFO - Filling up the DagBag from /opt/airflow/dags/example.py
[2022-05-23 21:23:53,893] {processor.py:651} INFO - DAG(s) dict_keys(['etl_sales_daily']) retrieved from /opt/airflow/dags/example.py
[2022-05-23 21:23:53,906] {logging_mixin.py:115} INFO - [2022-05-23 21:23:53,906] {dag.py:2371} INFO - Sync 1 DAGs
[2022-05-23 21:23:53,917] {logging_mixin.py:115} INFO - [2022-05-23 21:23:53,917] {dag.py:2915} INFO - Setting next_dagrun for etl_sales_daily to None, run_after=None
[2022-05-23 21:23:53,923] {processor.py:161} INFO - Processing /opt/airflow/dags/example.py took 0.035 seconds
[2022-05-23 21:24:24,281] {processor.py:153} INFO - Started process (PID=4571) to work on /opt/airflow/dags/example.py
[2022-05-23 21:24:24,281] {processor.py:641} INFO - Processing file /opt/airflow/dags/example.py for tasks to queue
[2022-05-23 21:24:24,281] {logging_mixin.py:115} INFO - [2022-05-23 21:24:24,281] {dagbag.py:507} INFO - Filling up the DagBag from /opt/airflow/dags/example.py
[2022-05-23 21:24:24,284] {processor.py:651} INFO - DAG(s) dict_keys(['etl_sales_daily']) retrieved from /opt/airflow/dags/example.py
[2022-05-23 21:24:24,298] {logging_mixin.py:115} INFO - [2022-05-23 21:24:24,298] {dag.py:2371} INFO - Sync 1 DAGs
[2022-05-23 21:24:24,309] {logging_mixin.py:115} INFO - [2022-05-23 21:24:24,309] {dag.py:2915} INFO - Setting next_dagrun for etl_sales_daily to None, run_after=None
[2022-05-23 21:24:24,316] {processor.py:161} INFO - Processing /opt/airflow/dags/example.py took 0.037 seconds
[2022-05-23 21:24:55,048] {processor.py:153} INFO - Started process (PID=4745) to work on /opt/airflow/dags/example.py
[2022-05-23 21:24:55,048] {processor.py:641} INFO - Processing file /opt/airflow/dags/example.py for tasks to queue
[2022-05-23 21:24:55,049] {logging_mixin.py:115} INFO - [2022-05-23 21:24:55,049] {dagbag.py:507} INFO - Filling up the DagBag from /opt/airflow/dags/example.py
[2022-05-23 21:24:55,051] {processor.py:651} INFO - DAG(s) dict_keys(['etl_sales_daily']) retrieved from /opt/airflow/dags/example.py
[2022-05-23 21:24:55,064] {logging_mixin.py:115} INFO - [2022-05-23 21:24:55,064] {dag.py:2371} INFO - Sync 1 DAGs
[2022-05-23 21:24:55,076] {logging_mixin.py:115} INFO - [2022-05-23 21:24:55,076] {dag.py:2915} INFO - Setting next_dagrun for etl_sales_daily to None, run_after=None
[2022-05-23 21:24:55,082] {processor.py:161} INFO - Processing /opt/airflow/dags/example.py took 0.035 seconds
[2022-05-23 21:25:25,415] {processor.py:153} INFO - Started process (PID=4823) to work on /opt/airflow/dags/example.py
[2022-05-23 21:25:25,416] {processor.py:641} INFO - Processing file /opt/airflow/dags/example.py for tasks to queue
[2022-05-23 21:25:25,416] {logging_mixin.py:115} INFO - [2022-05-23 21:25:25,416] {dagbag.py:507} INFO - Filling up the DagBag from /opt/airflow/dags/example.py
[2022-05-23 21:25:25,418] {processor.py:651} INFO - DAG(s) dict_keys(['etl_sales_daily']) retrieved from /opt/airflow/dags/example.py
[2022-05-23 21:25:25,434] {logging_mixin.py:115} INFO - [2022-05-23 21:25:25,433] {dag.py:2371} INFO - Sync 1 DAGs
[2022-05-23 21:25:25,448] {logging_mixin.py:115} INFO - [2022-05-23 21:25:25,448] {dag.py:2915} INFO - Setting next_dagrun for etl_sales_daily to None, run_after=None
[2022-05-23 21:25:25,454] {processor.py:161} INFO - Processing /opt/airflow/dags/example.py took 0.040 seconds
[2022-05-23 21:25:56,193] {processor.py:153} INFO - Started process (PID=4996) to work on /opt/airflow/dags/example.py
[2022-05-23 21:25:56,193] {processor.py:641} INFO - Processing file /opt/airflow/dags/example.py for tasks to queue
[2022-05-23 21:25:56,194] {logging_mixin.py:115} INFO - [2022-05-23 21:25:56,194] {dagbag.py:507} INFO - Filling up the DagBag from /opt/airflow/dags/example.py
[2022-05-23 21:25:56,196] {processor.py:651} INFO - DAG(s) dict_keys(['etl_sales_daily']) retrieved from /opt/airflow/dags/example.py
[2022-05-23 21:25:56,210] {logging_mixin.py:115} INFO - [2022-05-23 21:25:56,210] {dag.py:2371} INFO - Sync 1 DAGs
[2022-05-23 21:25:56,221] {logging_mixin.py:115} INFO - [2022-05-23 21:25:56,221] {dag.py:2915} INFO - Setting next_dagrun for etl_sales_daily to None, run_after=None
[2022-05-23 21:25:56,227] {processor.py:161} INFO - Processing /opt/airflow/dags/example.py took 0.035 seconds
[2022-05-23 21:26:26,585] {processor.py:153} INFO - Started process (PID=5074) to work on /opt/airflow/dags/example.py
[2022-05-23 21:26:26,585] {processor.py:641} INFO - Processing file /opt/airflow/dags/example.py for tasks to queue
[2022-05-23 21:26:26,586] {logging_mixin.py:115} INFO - [2022-05-23 21:26:26,585] {dagbag.py:507} INFO - Filling up the DagBag from /opt/airflow/dags/example.py
[2022-05-23 21:26:26,589] {processor.py:651} INFO - DAG(s) dict_keys(['etl_sales_daily']) retrieved from /opt/airflow/dags/example.py
[2022-05-23 21:26:26,606] {logging_mixin.py:115} INFO - [2022-05-23 21:26:26,606] {dag.py:2371} INFO - Sync 1 DAGs
[2022-05-23 21:26:26,620] {logging_mixin.py:115} INFO - [2022-05-23 21:26:26,620] {dag.py:2915} INFO - Setting next_dagrun for etl_sales_daily to None, run_after=None
[2022-05-23 21:26:26,627] {processor.py:161} INFO - Processing /opt/airflow/dags/example.py took 0.045 seconds
[2022-05-23 21:26:57,421] {processor.py:153} INFO - Started process (PID=5240) to work on /opt/airflow/dags/example.py
[2022-05-23 21:26:57,421] {processor.py:641} INFO - Processing file /opt/airflow/dags/example.py for tasks to queue
[2022-05-23 21:26:57,421] {logging_mixin.py:115} INFO - [2022-05-23 21:26:57,421] {dagbag.py:507} INFO - Filling up the DagBag from /opt/airflow/dags/example.py
[2022-05-23 21:26:57,423] {processor.py:651} INFO - DAG(s) dict_keys(['etl_sales_daily']) retrieved from /opt/airflow/dags/example.py
[2022-05-23 21:26:57,437] {logging_mixin.py:115} INFO - [2022-05-23 21:26:57,437] {dag.py:2371} INFO - Sync 1 DAGs
[2022-05-23 21:26:57,447] {logging_mixin.py:115} INFO - [2022-05-23 21:26:57,447] {dag.py:2915} INFO - Setting next_dagrun for etl_sales_daily to None, run_after=None
[2022-05-23 21:26:57,453] {processor.py:161} INFO - Processing /opt/airflow/dags/example.py took 0.034 seconds
[2022-05-23 21:27:27,818] {processor.py:153} INFO - Started process (PID=5319) to work on /opt/airflow/dags/example.py
[2022-05-23 21:27:27,818] {processor.py:641} INFO - Processing file /opt/airflow/dags/example.py for tasks to queue
[2022-05-23 21:27:27,818] {logging_mixin.py:115} INFO - [2022-05-23 21:27:27,818] {dagbag.py:507} INFO - Filling up the DagBag from /opt/airflow/dags/example.py
[2022-05-23 21:27:27,821] {processor.py:651} INFO - DAG(s) dict_keys(['etl_sales_daily']) retrieved from /opt/airflow/dags/example.py
[2022-05-23 21:27:27,836] {logging_mixin.py:115} INFO - [2022-05-23 21:27:27,836] {dag.py:2371} INFO - Sync 1 DAGs
[2022-05-23 21:27:27,848] {logging_mixin.py:115} INFO - [2022-05-23 21:27:27,848] {dag.py:2915} INFO - Setting next_dagrun for etl_sales_daily to None, run_after=None
[2022-05-23 21:27:27,854] {processor.py:161} INFO - Processing /opt/airflow/dags/example.py took 0.038 seconds
[2022-05-23 21:27:58,595] {processor.py:153} INFO - Started process (PID=5493) to work on /opt/airflow/dags/example.py
[2022-05-23 21:27:58,595] {processor.py:641} INFO - Processing file /opt/airflow/dags/example.py for tasks to queue
[2022-05-23 21:27:58,596] {logging_mixin.py:115} INFO - [2022-05-23 21:27:58,596] {dagbag.py:507} INFO - Filling up the DagBag from /opt/airflow/dags/example.py
[2022-05-23 21:27:58,598] {processor.py:651} INFO - DAG(s) dict_keys(['etl_sales_daily']) retrieved from /opt/airflow/dags/example.py
[2022-05-23 21:27:58,611] {logging_mixin.py:115} INFO - [2022-05-23 21:27:58,611] {dag.py:2371} INFO - Sync 1 DAGs
[2022-05-23 21:27:58,622] {logging_mixin.py:115} INFO - [2022-05-23 21:27:58,622] {dag.py:2915} INFO - Setting next_dagrun for etl_sales_daily to None, run_after=None
[2022-05-23 21:27:58,628] {processor.py:161} INFO - Processing /opt/airflow/dags/example.py took 0.034 seconds
[2022-05-23 21:28:28,960] {processor.py:153} INFO - Started process (PID=5569) to work on /opt/airflow/dags/example.py
[2022-05-23 21:28:28,961] {processor.py:641} INFO - Processing file /opt/airflow/dags/example.py for tasks to queue
[2022-05-23 21:28:28,961] {logging_mixin.py:115} INFO - [2022-05-23 21:28:28,961] {dagbag.py:507} INFO - Filling up the DagBag from /opt/airflow/dags/example.py
[2022-05-23 21:28:28,963] {processor.py:651} INFO - DAG(s) dict_keys(['etl_sales_daily']) retrieved from /opt/airflow/dags/example.py
[2022-05-23 21:28:28,981] {logging_mixin.py:115} INFO - [2022-05-23 21:28:28,981] {dag.py:2371} INFO - Sync 1 DAGs
[2022-05-23 21:28:28,997] {logging_mixin.py:115} INFO - [2022-05-23 21:28:28,996] {dag.py:2915} INFO - Setting next_dagrun for etl_sales_daily to None, run_after=None
[2022-05-23 21:28:29,003] {processor.py:161} INFO - Processing /opt/airflow/dags/example.py took 0.044 seconds
[2022-05-23 21:28:59,826] {processor.py:153} INFO - Started process (PID=5737) to work on /opt/airflow/dags/example.py
[2022-05-23 21:28:59,826] {processor.py:641} INFO - Processing file /opt/airflow/dags/example.py for tasks to queue
[2022-05-23 21:28:59,826] {logging_mixin.py:115} INFO - [2022-05-23 21:28:59,826] {dagbag.py:507} INFO - Filling up the DagBag from /opt/airflow/dags/example.py
[2022-05-23 21:28:59,829] {processor.py:651} INFO - DAG(s) dict_keys(['etl_sales_daily']) retrieved from /opt/airflow/dags/example.py
[2022-05-23 21:28:59,843] {logging_mixin.py:115} INFO - [2022-05-23 21:28:59,843] {dag.py:2371} INFO - Sync 1 DAGs
[2022-05-23 21:28:59,855] {logging_mixin.py:115} INFO - [2022-05-23 21:28:59,855] {dag.py:2915} INFO - Setting next_dagrun for etl_sales_daily to None, run_after=None
[2022-05-23 21:28:59,862] {processor.py:161} INFO - Processing /opt/airflow/dags/example.py took 0.038 seconds
[2022-05-23 21:29:30,208] {processor.py:153} INFO - Started process (PID=5814) to work on /opt/airflow/dags/example.py
[2022-05-23 21:29:30,208] {processor.py:641} INFO - Processing file /opt/airflow/dags/example.py for tasks to queue
[2022-05-23 21:29:30,208] {logging_mixin.py:115} INFO - [2022-05-23 21:29:30,208] {dagbag.py:507} INFO - Filling up the DagBag from /opt/airflow/dags/example.py
[2022-05-23 21:29:30,211] {processor.py:651} INFO - DAG(s) dict_keys(['etl_sales_daily']) retrieved from /opt/airflow/dags/example.py
[2022-05-23 21:29:30,225] {logging_mixin.py:115} INFO - [2022-05-23 21:29:30,225] {dag.py:2371} INFO - Sync 1 DAGs
[2022-05-23 21:29:30,239] {logging_mixin.py:115} INFO - [2022-05-23 21:29:30,239] {dag.py:2915} INFO - Setting next_dagrun for etl_sales_daily to None, run_after=None
[2022-05-23 21:29:30,246] {processor.py:161} INFO - Processing /opt/airflow/dags/example.py took 0.040 seconds
[2022-05-23 21:30:01,045] {processor.py:153} INFO - Started process (PID=5989) to work on /opt/airflow/dags/example.py
[2022-05-23 21:30:01,046] {processor.py:641} INFO - Processing file /opt/airflow/dags/example.py for tasks to queue
[2022-05-23 21:30:01,046] {logging_mixin.py:115} INFO - [2022-05-23 21:30:01,046] {dagbag.py:507} INFO - Filling up the DagBag from /opt/airflow/dags/example.py
[2022-05-23 21:30:01,048] {processor.py:651} INFO - DAG(s) dict_keys(['etl_sales_daily']) retrieved from /opt/airflow/dags/example.py
[2022-05-23 21:30:01,062] {logging_mixin.py:115} INFO - [2022-05-23 21:30:01,062] {dag.py:2371} INFO - Sync 1 DAGs
[2022-05-23 21:30:01,073] {logging_mixin.py:115} INFO - [2022-05-23 21:30:01,073] {dag.py:2915} INFO - Setting next_dagrun for etl_sales_daily to None, run_after=None
[2022-05-23 21:30:01,078] {processor.py:161} INFO - Processing /opt/airflow/dags/example.py took 0.034 seconds
[2022-05-23 21:30:31,475] {processor.py:153} INFO - Started process (PID=6064) to work on /opt/airflow/dags/example.py
[2022-05-23 21:30:31,476] {processor.py:641} INFO - Processing file /opt/airflow/dags/example.py for tasks to queue
[2022-05-23 21:30:31,476] {logging_mixin.py:115} INFO - [2022-05-23 21:30:31,476] {dagbag.py:507} INFO - Filling up the DagBag from /opt/airflow/dags/example.py
[2022-05-23 21:30:31,478] {processor.py:651} INFO - DAG(s) dict_keys(['etl_sales_daily']) retrieved from /opt/airflow/dags/example.py
[2022-05-23 21:30:31,492] {logging_mixin.py:115} INFO - [2022-05-23 21:30:31,492] {dag.py:2371} INFO - Sync 1 DAGs
[2022-05-23 21:30:31,504] {logging_mixin.py:115} INFO - [2022-05-23 21:30:31,504] {dag.py:2915} INFO - Setting next_dagrun for etl_sales_daily to None, run_after=None
[2022-05-23 21:30:31,509] {processor.py:161} INFO - Processing /opt/airflow/dags/example.py took 0.036 seconds
[2022-05-23 21:31:02,283] {processor.py:153} INFO - Started process (PID=6231) to work on /opt/airflow/dags/example.py
[2022-05-23 21:31:02,283] {processor.py:641} INFO - Processing file /opt/airflow/dags/example.py for tasks to queue
[2022-05-23 21:31:02,283] {logging_mixin.py:115} INFO - [2022-05-23 21:31:02,283] {dagbag.py:507} INFO - Filling up the DagBag from /opt/airflow/dags/example.py
[2022-05-23 21:31:02,286] {processor.py:651} INFO - DAG(s) dict_keys(['etl_sales_daily']) retrieved from /opt/airflow/dags/example.py
[2022-05-23 21:31:02,299] {logging_mixin.py:115} INFO - [2022-05-23 21:31:02,299] {dag.py:2371} INFO - Sync 1 DAGs
[2022-05-23 21:31:02,310] {logging_mixin.py:115} INFO - [2022-05-23 21:31:02,310] {dag.py:2915} INFO - Setting next_dagrun for etl_sales_daily to None, run_after=None
[2022-05-23 21:31:02,315] {processor.py:161} INFO - Processing /opt/airflow/dags/example.py took 0.034 seconds
[2022-05-23 21:31:32,675] {processor.py:153} INFO - Started process (PID=6307) to work on /opt/airflow/dags/example.py
[2022-05-23 21:31:32,676] {processor.py:641} INFO - Processing file /opt/airflow/dags/example.py for tasks to queue
[2022-05-23 21:31:32,676] {logging_mixin.py:115} INFO - [2022-05-23 21:31:32,676] {dagbag.py:507} INFO - Filling up the DagBag from /opt/airflow/dags/example.py
[2022-05-23 21:31:32,678] {processor.py:651} INFO - DAG(s) dict_keys(['etl_sales_daily']) retrieved from /opt/airflow/dags/example.py
[2022-05-23 21:31:32,692] {logging_mixin.py:115} INFO - [2022-05-23 21:31:32,692] {dag.py:2371} INFO - Sync 1 DAGs
[2022-05-23 21:31:32,704] {logging_mixin.py:115} INFO - [2022-05-23 21:31:32,704] {dag.py:2915} INFO - Setting next_dagrun for etl_sales_daily to None, run_after=None
[2022-05-23 21:31:32,710] {processor.py:161} INFO - Processing /opt/airflow/dags/example.py took 0.036 seconds
[2022-05-23 21:32:03,543] {processor.py:153} INFO - Started process (PID=6481) to work on /opt/airflow/dags/example.py
[2022-05-23 21:32:03,543] {processor.py:641} INFO - Processing file /opt/airflow/dags/example.py for tasks to queue
[2022-05-23 21:32:03,543] {logging_mixin.py:115} INFO - [2022-05-23 21:32:03,543] {dagbag.py:507} INFO - Filling up the DagBag from /opt/airflow/dags/example.py
[2022-05-23 21:32:03,546] {processor.py:651} INFO - DAG(s) dict_keys(['etl_sales_daily']) retrieved from /opt/airflow/dags/example.py
[2022-05-23 21:32:03,560] {logging_mixin.py:115} INFO - [2022-05-23 21:32:03,560] {dag.py:2371} INFO - Sync 1 DAGs
[2022-05-23 21:32:03,573] {logging_mixin.py:115} INFO - [2022-05-23 21:32:03,573] {dag.py:2915} INFO - Setting next_dagrun for etl_sales_daily to None, run_after=None
[2022-05-23 21:32:03,580] {processor.py:161} INFO - Processing /opt/airflow/dags/example.py took 0.039 seconds
[2022-05-23 21:32:33,964] {processor.py:153} INFO - Started process (PID=6556) to work on /opt/airflow/dags/example.py
[2022-05-23 21:32:33,964] {processor.py:641} INFO - Processing file /opt/airflow/dags/example.py for tasks to queue
[2022-05-23 21:32:33,965] {logging_mixin.py:115} INFO - [2022-05-23 21:32:33,965] {dagbag.py:507} INFO - Filling up the DagBag from /opt/airflow/dags/example.py
[2022-05-23 21:32:33,967] {processor.py:651} INFO - DAG(s) dict_keys(['etl_sales_daily']) retrieved from /opt/airflow/dags/example.py
[2022-05-23 21:32:33,981] {logging_mixin.py:115} INFO - [2022-05-23 21:32:33,981] {dag.py:2371} INFO - Sync 1 DAGs
[2022-05-23 21:32:33,992] {logging_mixin.py:115} INFO - [2022-05-23 21:32:33,992] {dag.py:2915} INFO - Setting next_dagrun for etl_sales_daily to None, run_after=None
[2022-05-23 21:32:33,998] {processor.py:161} INFO - Processing /opt/airflow/dags/example.py took 0.036 seconds
[2022-05-23 21:33:04,856] {processor.py:153} INFO - Started process (PID=6733) to work on /opt/airflow/dags/example.py
[2022-05-23 21:33:04,857] {processor.py:641} INFO - Processing file /opt/airflow/dags/example.py for tasks to queue
[2022-05-23 21:33:04,857] {logging_mixin.py:115} INFO - [2022-05-23 21:33:04,857] {dagbag.py:507} INFO - Filling up the DagBag from /opt/airflow/dags/example.py
[2022-05-23 21:33:04,860] {processor.py:651} INFO - DAG(s) dict_keys(['etl_sales_daily']) retrieved from /opt/airflow/dags/example.py
[2022-05-23 21:33:04,877] {logging_mixin.py:115} INFO - [2022-05-23 21:33:04,877] {dag.py:2371} INFO - Sync 1 DAGs
[2022-05-23 21:33:04,896] {logging_mixin.py:115} INFO - [2022-05-23 21:33:04,896] {dag.py:2915} INFO - Setting next_dagrun for etl_sales_daily to None, run_after=None
[2022-05-23 21:33:04,905] {processor.py:161} INFO - Processing /opt/airflow/dags/example.py took 0.050 seconds
[2022-05-23 21:33:35,273] {processor.py:153} INFO - Started process (PID=6803) to work on /opt/airflow/dags/example.py
[2022-05-23 21:33:35,273] {processor.py:641} INFO - Processing file /opt/airflow/dags/example.py for tasks to queue
[2022-05-23 21:33:35,273] {logging_mixin.py:115} INFO - [2022-05-23 21:33:35,273] {dagbag.py:507} INFO - Filling up the DagBag from /opt/airflow/dags/example.py
[2022-05-23 21:33:35,276] {processor.py:651} INFO - DAG(s) dict_keys(['etl_sales_daily']) retrieved from /opt/airflow/dags/example.py
[2022-05-23 21:33:35,291] {logging_mixin.py:115} INFO - [2022-05-23 21:33:35,291] {dag.py:2371} INFO - Sync 1 DAGs
[2022-05-23 21:33:35,304] {logging_mixin.py:115} INFO - [2022-05-23 21:33:35,304] {dag.py:2915} INFO - Setting next_dagrun for etl_sales_daily to None, run_after=None
[2022-05-23 21:33:35,311] {processor.py:161} INFO - Processing /opt/airflow/dags/example.py took 0.039 seconds
[2022-05-23 21:34:06,060] {processor.py:153} INFO - Started process (PID=6980) to work on /opt/airflow/dags/example.py
[2022-05-23 21:34:06,061] {processor.py:641} INFO - Processing file /opt/airflow/dags/example.py for tasks to queue
[2022-05-23 21:34:06,061] {logging_mixin.py:115} INFO - [2022-05-23 21:34:06,061] {dagbag.py:507} INFO - Filling up the DagBag from /opt/airflow/dags/example.py
[2022-05-23 21:34:06,063] {processor.py:651} INFO - DAG(s) dict_keys(['etl_sales_daily']) retrieved from /opt/airflow/dags/example.py
[2022-05-23 21:34:06,078] {logging_mixin.py:115} INFO - [2022-05-23 21:34:06,078] {dag.py:2371} INFO - Sync 1 DAGs
[2022-05-23 21:34:06,089] {logging_mixin.py:115} INFO - [2022-05-23 21:34:06,089] {dag.py:2915} INFO - Setting next_dagrun for etl_sales_daily to None, run_after=None
[2022-05-23 21:34:06,094] {processor.py:161} INFO - Processing /opt/airflow/dags/example.py took 0.036 seconds
[2022-05-23 21:34:36,483] {processor.py:153} INFO - Started process (PID=7057) to work on /opt/airflow/dags/example.py
[2022-05-23 21:34:36,484] {processor.py:641} INFO - Processing file /opt/airflow/dags/example.py for tasks to queue
[2022-05-23 21:34:36,484] {logging_mixin.py:115} INFO - [2022-05-23 21:34:36,484] {dagbag.py:507} INFO - Filling up the DagBag from /opt/airflow/dags/example.py
[2022-05-23 21:34:36,486] {processor.py:651} INFO - DAG(s) dict_keys(['etl_sales_daily']) retrieved from /opt/airflow/dags/example.py
[2022-05-23 21:34:36,500] {logging_mixin.py:115} INFO - [2022-05-23 21:34:36,500] {dag.py:2371} INFO - Sync 1 DAGs
[2022-05-23 21:34:36,512] {logging_mixin.py:115} INFO - [2022-05-23 21:34:36,512] {dag.py:2915} INFO - Setting next_dagrun for etl_sales_daily to None, run_after=None
[2022-05-23 21:34:36,518] {processor.py:161} INFO - Processing /opt/airflow/dags/example.py took 0.036 seconds
[2022-05-23 21:35:07,336] {processor.py:153} INFO - Started process (PID=7232) to work on /opt/airflow/dags/example.py
[2022-05-23 21:35:07,337] {processor.py:641} INFO - Processing file /opt/airflow/dags/example.py for tasks to queue
[2022-05-23 21:35:07,337] {logging_mixin.py:115} INFO - [2022-05-23 21:35:07,337] {dagbag.py:507} INFO - Filling up the DagBag from /opt/airflow/dags/example.py
[2022-05-23 21:35:07,340] {processor.py:651} INFO - DAG(s) dict_keys(['etl_sales_daily']) retrieved from /opt/airflow/dags/example.py
[2022-05-23 21:35:07,354] {logging_mixin.py:115} INFO - [2022-05-23 21:35:07,354] {dag.py:2371} INFO - Sync 1 DAGs
[2022-05-23 21:35:07,367] {logging_mixin.py:115} INFO - [2022-05-23 21:35:07,367] {dag.py:2915} INFO - Setting next_dagrun for etl_sales_daily to None, run_after=None
[2022-05-23 21:35:07,375] {processor.py:161} INFO - Processing /opt/airflow/dags/example.py took 0.040 seconds
[2022-05-23 21:35:37,725] {processor.py:153} INFO - Started process (PID=7302) to work on /opt/airflow/dags/example.py
[2022-05-23 21:35:37,726] {processor.py:641} INFO - Processing file /opt/airflow/dags/example.py for tasks to queue
[2022-05-23 21:35:37,726] {logging_mixin.py:115} INFO - [2022-05-23 21:35:37,726] {dagbag.py:507} INFO - Filling up the DagBag from /opt/airflow/dags/example.py
[2022-05-23 21:35:37,728] {processor.py:651} INFO - DAG(s) dict_keys(['etl_sales_daily']) retrieved from /opt/airflow/dags/example.py
[2022-05-23 21:35:37,743] {logging_mixin.py:115} INFO - [2022-05-23 21:35:37,743] {dag.py:2371} INFO - Sync 1 DAGs
[2022-05-23 21:35:37,756] {logging_mixin.py:115} INFO - [2022-05-23 21:35:37,756] {dag.py:2915} INFO - Setting next_dagrun for etl_sales_daily to None, run_after=None
[2022-05-23 21:35:37,763] {processor.py:161} INFO - Processing /opt/airflow/dags/example.py took 0.039 seconds
[2022-05-23 21:36:07,941] {processor.py:153} INFO - Started process (PID=7479) to work on /opt/airflow/dags/example.py
[2022-05-23 21:36:07,942] {processor.py:641} INFO - Processing file /opt/airflow/dags/example.py for tasks to queue
[2022-05-23 21:36:07,942] {logging_mixin.py:115} INFO - [2022-05-23 21:36:07,942] {dagbag.py:507} INFO - Filling up the DagBag from /opt/airflow/dags/example.py
[2022-05-23 21:36:07,944] {processor.py:651} INFO - DAG(s) dict_keys(['etl_sales_daily']) retrieved from /opt/airflow/dags/example.py
[2022-05-23 21:36:07,958] {logging_mixin.py:115} INFO - [2022-05-23 21:36:07,958] {dag.py:2371} INFO - Sync 1 DAGs
[2022-05-23 21:36:07,970] {logging_mixin.py:115} INFO - [2022-05-23 21:36:07,970] {dag.py:2915} INFO - Setting next_dagrun for etl_sales_daily to None, run_after=None
[2022-05-23 21:36:07,977] {processor.py:161} INFO - Processing /opt/airflow/dags/example.py took 0.037 seconds
[2022-05-23 21:36:38,398] {processor.py:153} INFO - Started process (PID=7558) to work on /opt/airflow/dags/example.py
[2022-05-23 21:36:38,398] {processor.py:641} INFO - Processing file /opt/airflow/dags/example.py for tasks to queue
[2022-05-23 21:36:38,399] {logging_mixin.py:115} INFO - [2022-05-23 21:36:38,399] {dagbag.py:507} INFO - Filling up the DagBag from /opt/airflow/dags/example.py
[2022-05-23 21:36:38,401] {processor.py:651} INFO - DAG(s) dict_keys(['etl_sales_daily']) retrieved from /opt/airflow/dags/example.py
[2022-05-23 21:36:38,414] {logging_mixin.py:115} INFO - [2022-05-23 21:36:38,414] {dag.py:2371} INFO - Sync 1 DAGs
[2022-05-23 21:36:38,427] {logging_mixin.py:115} INFO - [2022-05-23 21:36:38,427] {dag.py:2915} INFO - Setting next_dagrun for etl_sales_daily to None, run_after=None
[2022-05-23 21:36:38,436] {processor.py:161} INFO - Processing /opt/airflow/dags/example.py took 0.040 seconds
[2022-05-23 21:37:08,824] {processor.py:153} INFO - Started process (PID=7730) to work on /opt/airflow/dags/example.py
[2022-05-23 21:37:08,824] {processor.py:641} INFO - Processing file /opt/airflow/dags/example.py for tasks to queue
[2022-05-23 21:37:08,825] {logging_mixin.py:115} INFO - [2022-05-23 21:37:08,825] {dagbag.py:507} INFO - Filling up the DagBag from /opt/airflow/dags/example.py
[2022-05-23 21:37:08,827] {processor.py:651} INFO - DAG(s) dict_keys(['etl_sales_daily']) retrieved from /opt/airflow/dags/example.py
[2022-05-23 21:37:08,846] {logging_mixin.py:115} INFO - [2022-05-23 21:37:08,845] {dag.py:2371} INFO - Sync 1 DAGs
[2022-05-23 21:37:08,863] {logging_mixin.py:115} INFO - [2022-05-23 21:37:08,863] {dag.py:2915} INFO - Setting next_dagrun for etl_sales_daily to None, run_after=None
[2022-05-23 21:37:08,873] {processor.py:161} INFO - Processing /opt/airflow/dags/example.py took 0.051 seconds
[2022-05-23 21:37:39,186] {processor.py:153} INFO - Started process (PID=7803) to work on /opt/airflow/dags/example.py
[2022-05-23 21:37:39,186] {processor.py:641} INFO - Processing file /opt/airflow/dags/example.py for tasks to queue
[2022-05-23 21:37:39,186] {logging_mixin.py:115} INFO - [2022-05-23 21:37:39,186] {dagbag.py:507} INFO - Filling up the DagBag from /opt/airflow/dags/example.py
[2022-05-23 21:37:39,188] {processor.py:651} INFO - DAG(s) dict_keys(['etl_sales_daily']) retrieved from /opt/airflow/dags/example.py
[2022-05-23 21:37:39,202] {logging_mixin.py:115} INFO - [2022-05-23 21:37:39,202] {dag.py:2371} INFO - Sync 1 DAGs
[2022-05-23 21:37:39,217] {logging_mixin.py:115} INFO - [2022-05-23 21:37:39,217] {dag.py:2915} INFO - Setting next_dagrun for etl_sales_daily to None, run_after=None
[2022-05-23 21:37:39,224] {processor.py:161} INFO - Processing /opt/airflow/dags/example.py took 0.041 seconds
[2022-05-23 21:38:09,703] {processor.py:153} INFO - Started process (PID=7974) to work on /opt/airflow/dags/example.py
[2022-05-23 21:38:09,704] {processor.py:641} INFO - Processing file /opt/airflow/dags/example.py for tasks to queue
[2022-05-23 21:38:09,704] {logging_mixin.py:115} INFO - [2022-05-23 21:38:09,704] {dagbag.py:507} INFO - Filling up the DagBag from /opt/airflow/dags/example.py
[2022-05-23 21:38:09,707] {processor.py:651} INFO - DAG(s) dict_keys(['etl_sales_daily']) retrieved from /opt/airflow/dags/example.py
[2022-05-23 21:38:09,720] {logging_mixin.py:115} INFO - [2022-05-23 21:38:09,720] {dag.py:2371} INFO - Sync 1 DAGs
[2022-05-23 21:38:09,734] {logging_mixin.py:115} INFO - [2022-05-23 21:38:09,734] {dag.py:2915} INFO - Setting next_dagrun for etl_sales_daily to None, run_after=None
[2022-05-23 21:38:09,747] {processor.py:161} INFO - Processing /opt/airflow/dags/example.py took 0.047 seconds
[2022-05-23 21:38:40,319] {processor.py:153} INFO - Started process (PID=8071) to work on /opt/airflow/dags/example.py
[2022-05-23 21:38:40,320] {processor.py:641} INFO - Processing file /opt/airflow/dags/example.py for tasks to queue
[2022-05-23 21:38:40,320] {logging_mixin.py:115} INFO - [2022-05-23 21:38:40,320] {dagbag.py:507} INFO - Filling up the DagBag from /opt/airflow/dags/example.py
[2022-05-23 21:38:40,324] {processor.py:651} INFO - DAG(s) dict_keys(['etl_sales_daily']) retrieved from /opt/airflow/dags/example.py
[2022-05-23 21:38:40,393] {logging_mixin.py:115} INFO - [2022-05-23 21:38:40,393] {dag.py:2371} INFO - Sync 1 DAGs
[2022-05-23 21:38:40,433] {logging_mixin.py:115} INFO - [2022-05-23 21:38:40,433] {dag.py:2915} INFO - Setting next_dagrun for etl_sales_daily to None, run_after=None
[2022-05-23 21:38:40,452] {processor.py:161} INFO - Processing /opt/airflow/dags/example.py took 0.138 seconds
[2022-05-23 21:39:10,585] {processor.py:153} INFO - Started process (PID=8217) to work on /opt/airflow/dags/example.py
[2022-05-23 21:39:10,586] {processor.py:641} INFO - Processing file /opt/airflow/dags/example.py for tasks to queue
[2022-05-23 21:39:10,586] {logging_mixin.py:115} INFO - [2022-05-23 21:39:10,586] {dagbag.py:507} INFO - Filling up the DagBag from /opt/airflow/dags/example.py
[2022-05-23 21:39:10,588] {processor.py:651} INFO - DAG(s) dict_keys(['etl_sales_daily']) retrieved from /opt/airflow/dags/example.py
[2022-05-23 21:39:10,605] {logging_mixin.py:115} INFO - [2022-05-23 21:39:10,604] {dag.py:2371} INFO - Sync 1 DAGs
[2022-05-23 21:39:10,620] {logging_mixin.py:115} INFO - [2022-05-23 21:39:10,620] {dag.py:2915} INFO - Setting next_dagrun for etl_sales_daily to None, run_after=None
[2022-05-23 21:39:10,628] {processor.py:161} INFO - Processing /opt/airflow/dags/example.py took 0.046 seconds
[2022-05-23 21:39:40,922] {processor.py:153} INFO - Started process (PID=8297) to work on /opt/airflow/dags/example.py
[2022-05-23 21:39:40,923] {processor.py:641} INFO - Processing file /opt/airflow/dags/example.py for tasks to queue
[2022-05-23 21:39:40,923] {logging_mixin.py:115} INFO - [2022-05-23 21:39:40,923] {dagbag.py:507} INFO - Filling up the DagBag from /opt/airflow/dags/example.py
[2022-05-23 21:39:40,925] {processor.py:651} INFO - DAG(s) dict_keys(['etl_sales_daily']) retrieved from /opt/airflow/dags/example.py
[2022-05-23 21:39:40,939] {logging_mixin.py:115} INFO - [2022-05-23 21:39:40,939] {dag.py:2371} INFO - Sync 1 DAGs
[2022-05-23 21:39:40,950] {logging_mixin.py:115} INFO - [2022-05-23 21:39:40,950] {dag.py:2915} INFO - Setting next_dagrun for etl_sales_daily to None, run_after=None
[2022-05-23 21:39:40,957] {processor.py:161} INFO - Processing /opt/airflow/dags/example.py took 0.036 seconds
[2022-05-23 21:40:11,347] {processor.py:153} INFO - Started process (PID=8469) to work on /opt/airflow/dags/example.py
[2022-05-23 21:40:11,347] {processor.py:641} INFO - Processing file /opt/airflow/dags/example.py for tasks to queue
[2022-05-23 21:40:11,348] {logging_mixin.py:115} INFO - [2022-05-23 21:40:11,348] {dagbag.py:507} INFO - Filling up the DagBag from /opt/airflow/dags/example.py
[2022-05-23 21:40:11,351] {processor.py:651} INFO - DAG(s) dict_keys(['etl_sales_daily']) retrieved from /opt/airflow/dags/example.py
[2022-05-23 21:40:11,366] {logging_mixin.py:115} INFO - [2022-05-23 21:40:11,366] {dag.py:2371} INFO - Sync 1 DAGs
[2022-05-23 21:40:11,378] {logging_mixin.py:115} INFO - [2022-05-23 21:40:11,378] {dag.py:2915} INFO - Setting next_dagrun for etl_sales_daily to None, run_after=None
[2022-05-23 21:40:11,384] {processor.py:161} INFO - Processing /opt/airflow/dags/example.py took 0.041 seconds
[2022-05-23 21:40:41,736] {processor.py:153} INFO - Started process (PID=8545) to work on /opt/airflow/dags/example.py
[2022-05-23 21:40:41,736] {processor.py:641} INFO - Processing file /opt/airflow/dags/example.py for tasks to queue
[2022-05-23 21:40:41,737] {logging_mixin.py:115} INFO - [2022-05-23 21:40:41,737] {dagbag.py:507} INFO - Filling up the DagBag from /opt/airflow/dags/example.py
[2022-05-23 21:40:41,740] {processor.py:651} INFO - DAG(s) dict_keys(['etl_sales_daily']) retrieved from /opt/airflow/dags/example.py
[2022-05-23 21:40:41,757] {logging_mixin.py:115} INFO - [2022-05-23 21:40:41,757] {dag.py:2371} INFO - Sync 1 DAGs
[2022-05-23 21:40:41,771] {logging_mixin.py:115} INFO - [2022-05-23 21:40:41,771] {dag.py:2915} INFO - Setting next_dagrun for etl_sales_daily to None, run_after=None
[2022-05-23 21:40:41,778] {processor.py:161} INFO - Processing /opt/airflow/dags/example.py took 0.044 seconds
[2022-05-23 21:41:12,145] {processor.py:153} INFO - Started process (PID=8709) to work on /opt/airflow/dags/example.py
[2022-05-23 21:41:12,146] {processor.py:641} INFO - Processing file /opt/airflow/dags/example.py for tasks to queue
[2022-05-23 21:41:12,146] {logging_mixin.py:115} INFO - [2022-05-23 21:41:12,146] {dagbag.py:507} INFO - Filling up the DagBag from /opt/airflow/dags/example.py
[2022-05-23 21:41:12,150] {processor.py:651} INFO - DAG(s) dict_keys(['etl_sales_daily']) retrieved from /opt/airflow/dags/example.py
[2022-05-23 21:41:12,164] {logging_mixin.py:115} INFO - [2022-05-23 21:41:12,164] {dag.py:2371} INFO - Sync 1 DAGs
[2022-05-23 21:41:12,177] {logging_mixin.py:115} INFO - [2022-05-23 21:41:12,177] {dag.py:2915} INFO - Setting next_dagrun for etl_sales_daily to None, run_after=None
[2022-05-23 21:41:12,184] {processor.py:161} INFO - Processing /opt/airflow/dags/example.py took 0.042 seconds
