[2022-05-23 21:06:30,825] {processor.py:153} INFO - Started process (PID=195) to work on /opt/airflow/dags/football_teams.py
[2022-05-23 21:06:30,826] {processor.py:641} INFO - Processing file /opt/airflow/dags/football_teams.py for tasks to queue
[2022-05-23 21:06:30,826] {logging_mixin.py:115} INFO - [2022-05-23 21:06:30,826] {dagbag.py:507} INFO - Filling up the DagBag from /opt/airflow/dags/football_teams.py
[2022-05-23 21:06:30,837] {processor.py:651} INFO - DAG(s) dict_keys(['football-teams']) retrieved from /opt/airflow/dags/football_teams.py
[2022-05-23 21:06:30,898] {logging_mixin.py:115} INFO - [2022-05-23 21:06:30,898] {manager.py:508} INFO - Created Permission View: can delete on DAG:football-teams
[2022-05-23 21:06:30,903] {logging_mixin.py:115} INFO - [2022-05-23 21:06:30,903] {manager.py:508} INFO - Created Permission View: can edit on DAG:football-teams
[2022-05-23 21:06:30,908] {logging_mixin.py:115} INFO - [2022-05-23 21:06:30,908] {manager.py:508} INFO - Created Permission View: can read on DAG:football-teams
[2022-05-23 21:06:30,909] {logging_mixin.py:115} INFO - [2022-05-23 21:06:30,909] {dag.py:2371} INFO - Sync 1 DAGs
[2022-05-23 21:06:30,914] {logging_mixin.py:115} INFO - [2022-05-23 21:06:30,913] {dag.py:2390} INFO - Creating ORM DAG for football-teams
[2022-05-23 21:06:30,920] {logging_mixin.py:115} INFO - [2022-05-23 21:06:30,920] {dag.py:2915} INFO - Setting next_dagrun for football-teams to 2022-05-23T00:00:00+00:00, run_after=2022-05-24T00:00:00+00:00
[2022-05-23 21:06:30,926] {processor.py:161} INFO - Processing /opt/airflow/dags/football_teams.py took 0.104 seconds
[2022-05-23 21:07:01,455] {processor.py:153} INFO - Started process (PID=353) to work on /opt/airflow/dags/football_teams.py
[2022-05-23 21:07:01,456] {processor.py:641} INFO - Processing file /opt/airflow/dags/football_teams.py for tasks to queue
[2022-05-23 21:07:01,456] {logging_mixin.py:115} INFO - [2022-05-23 21:07:01,456] {dagbag.py:507} INFO - Filling up the DagBag from /opt/airflow/dags/football_teams.py
[2022-05-23 21:07:01,462] {processor.py:651} INFO - DAG(s) dict_keys(['football-teams']) retrieved from /opt/airflow/dags/football_teams.py
[2022-05-23 21:07:01,476] {logging_mixin.py:115} INFO - [2022-05-23 21:07:01,476] {dag.py:2371} INFO - Sync 1 DAGs
[2022-05-23 21:07:01,487] {logging_mixin.py:115} INFO - [2022-05-23 21:07:01,487] {dag.py:2915} INFO - Setting next_dagrun for football-teams to 2022-05-23T00:00:00+00:00, run_after=2022-05-24T00:00:00+00:00
[2022-05-23 21:07:01,493] {processor.py:161} INFO - Processing /opt/airflow/dags/football_teams.py took 0.040 seconds
[2022-05-23 21:07:31,893] {processor.py:153} INFO - Started process (PID=478) to work on /opt/airflow/dags/football_teams.py
[2022-05-23 21:07:31,893] {processor.py:641} INFO - Processing file /opt/airflow/dags/football_teams.py for tasks to queue
[2022-05-23 21:07:31,893] {logging_mixin.py:115} INFO - [2022-05-23 21:07:31,893] {dagbag.py:507} INFO - Filling up the DagBag from /opt/airflow/dags/football_teams.py
[2022-05-23 21:07:31,899] {processor.py:651} INFO - DAG(s) dict_keys(['football-teams']) retrieved from /opt/airflow/dags/football_teams.py
[2022-05-23 21:07:31,913] {logging_mixin.py:115} INFO - [2022-05-23 21:07:31,913] {dag.py:2371} INFO - Sync 1 DAGs
[2022-05-23 21:07:31,925] {logging_mixin.py:115} INFO - [2022-05-23 21:07:31,925] {dag.py:2915} INFO - Setting next_dagrun for football-teams to 2022-05-23T00:00:00+00:00, run_after=2022-05-24T00:00:00+00:00
[2022-05-23 21:07:31,931] {processor.py:161} INFO - Processing /opt/airflow/dags/football_teams.py took 0.040 seconds
[2022-05-23 21:08:02,578] {processor.py:153} INFO - Started process (PID=603) to work on /opt/airflow/dags/football_teams.py
[2022-05-23 21:08:02,579] {processor.py:641} INFO - Processing file /opt/airflow/dags/football_teams.py for tasks to queue
[2022-05-23 21:08:02,579] {logging_mixin.py:115} INFO - [2022-05-23 21:08:02,579] {dagbag.py:507} INFO - Filling up the DagBag from /opt/airflow/dags/football_teams.py
[2022-05-23 21:08:02,585] {processor.py:651} INFO - DAG(s) dict_keys(['football-teams']) retrieved from /opt/airflow/dags/football_teams.py
[2022-05-23 21:08:02,599] {logging_mixin.py:115} INFO - [2022-05-23 21:08:02,599] {dag.py:2371} INFO - Sync 1 DAGs
[2022-05-23 21:08:02,613] {logging_mixin.py:115} INFO - [2022-05-23 21:08:02,613] {dag.py:2915} INFO - Setting next_dagrun for football-teams to 2022-05-23T00:00:00+00:00, run_after=2022-05-24T00:00:00+00:00
[2022-05-23 21:08:02,620] {processor.py:161} INFO - Processing /opt/airflow/dags/football_teams.py took 0.043 seconds
[2022-05-23 21:08:33,045] {processor.py:153} INFO - Started process (PID=764) to work on /opt/airflow/dags/football_teams.py
[2022-05-23 21:08:33,046] {processor.py:641} INFO - Processing file /opt/airflow/dags/football_teams.py for tasks to queue
[2022-05-23 21:08:33,046] {logging_mixin.py:115} INFO - [2022-05-23 21:08:33,046] {dagbag.py:507} INFO - Filling up the DagBag from /opt/airflow/dags/football_teams.py
[2022-05-23 21:08:33,051] {processor.py:651} INFO - DAG(s) dict_keys(['football-teams']) retrieved from /opt/airflow/dags/football_teams.py
[2022-05-23 21:08:33,064] {logging_mixin.py:115} INFO - [2022-05-23 21:08:33,064] {dag.py:2371} INFO - Sync 1 DAGs
[2022-05-23 21:08:33,074] {logging_mixin.py:115} INFO - [2022-05-23 21:08:33,074] {dag.py:2915} INFO - Setting next_dagrun for football-teams to 2022-05-23T00:00:00+00:00, run_after=2022-05-24T00:00:00+00:00
[2022-05-23 21:08:33,080] {processor.py:161} INFO - Processing /opt/airflow/dags/football_teams.py took 0.036 seconds
[2022-05-23 21:09:03,718] {processor.py:153} INFO - Started process (PID=846) to work on /opt/airflow/dags/football_teams.py
[2022-05-23 21:09:03,719] {processor.py:641} INFO - Processing file /opt/airflow/dags/football_teams.py for tasks to queue
[2022-05-23 21:09:03,719] {logging_mixin.py:115} INFO - [2022-05-23 21:09:03,719] {dagbag.py:507} INFO - Filling up the DagBag from /opt/airflow/dags/football_teams.py
[2022-05-23 21:09:03,725] {processor.py:651} INFO - DAG(s) dict_keys(['football-teams']) retrieved from /opt/airflow/dags/football_teams.py
[2022-05-23 21:09:03,739] {logging_mixin.py:115} INFO - [2022-05-23 21:09:03,739] {dag.py:2371} INFO - Sync 1 DAGs
[2022-05-23 21:09:03,752] {logging_mixin.py:115} INFO - [2022-05-23 21:09:03,751] {dag.py:2915} INFO - Setting next_dagrun for football-teams to 2022-05-23T00:00:00+00:00, run_after=2022-05-24T00:00:00+00:00
[2022-05-23 21:09:03,758] {processor.py:161} INFO - Processing /opt/airflow/dags/football_teams.py took 0.043 seconds
[2022-05-23 21:09:34,185] {processor.py:153} INFO - Started process (PID=1014) to work on /opt/airflow/dags/football_teams.py
[2022-05-23 21:09:34,186] {processor.py:641} INFO - Processing file /opt/airflow/dags/football_teams.py for tasks to queue
[2022-05-23 21:09:34,186] {logging_mixin.py:115} INFO - [2022-05-23 21:09:34,186] {dagbag.py:507} INFO - Filling up the DagBag from /opt/airflow/dags/football_teams.py
[2022-05-23 21:09:34,191] {processor.py:651} INFO - DAG(s) dict_keys(['football-teams']) retrieved from /opt/airflow/dags/football_teams.py
[2022-05-23 21:09:34,204] {logging_mixin.py:115} INFO - [2022-05-23 21:09:34,204] {dag.py:2371} INFO - Sync 1 DAGs
[2022-05-23 21:09:34,215] {logging_mixin.py:115} INFO - [2022-05-23 21:09:34,215] {dag.py:2915} INFO - Setting next_dagrun for football-teams to 2022-05-23T00:00:00+00:00, run_after=2022-05-24T00:00:00+00:00
[2022-05-23 21:09:34,220] {processor.py:161} INFO - Processing /opt/airflow/dags/football_teams.py took 0.036 seconds
[2022-05-23 21:10:04,877] {processor.py:153} INFO - Started process (PID=1097) to work on /opt/airflow/dags/football_teams.py
[2022-05-23 21:10:04,878] {processor.py:641} INFO - Processing file /opt/airflow/dags/football_teams.py for tasks to queue
[2022-05-23 21:10:04,878] {logging_mixin.py:115} INFO - [2022-05-23 21:10:04,878] {dagbag.py:507} INFO - Filling up the DagBag from /opt/airflow/dags/football_teams.py
[2022-05-23 21:10:04,886] {processor.py:651} INFO - DAG(s) dict_keys(['football-teams']) retrieved from /opt/airflow/dags/football_teams.py
[2022-05-23 21:10:04,900] {logging_mixin.py:115} INFO - [2022-05-23 21:10:04,900] {dag.py:2371} INFO - Sync 1 DAGs
[2022-05-23 21:10:04,911] {logging_mixin.py:115} INFO - [2022-05-23 21:10:04,911] {dag.py:2915} INFO - Setting next_dagrun for football-teams to 2022-05-23T00:00:00+00:00, run_after=2022-05-24T00:00:00+00:00
[2022-05-23 21:10:04,917] {processor.py:161} INFO - Processing /opt/airflow/dags/football_teams.py took 0.044 seconds
[2022-05-23 21:10:35,361] {processor.py:153} INFO - Started process (PID=1256) to work on /opt/airflow/dags/football_teams.py
[2022-05-23 21:10:35,361] {processor.py:641} INFO - Processing file /opt/airflow/dags/football_teams.py for tasks to queue
[2022-05-23 21:10:35,362] {logging_mixin.py:115} INFO - [2022-05-23 21:10:35,362] {dagbag.py:507} INFO - Filling up the DagBag from /opt/airflow/dags/football_teams.py
[2022-05-23 21:10:35,367] {processor.py:651} INFO - DAG(s) dict_keys(['football-teams']) retrieved from /opt/airflow/dags/football_teams.py
[2022-05-23 21:10:35,379] {logging_mixin.py:115} INFO - [2022-05-23 21:10:35,379] {dag.py:2371} INFO - Sync 1 DAGs
[2022-05-23 21:10:35,389] {logging_mixin.py:115} INFO - [2022-05-23 21:10:35,389] {dag.py:2915} INFO - Setting next_dagrun for football-teams to 2022-05-23T00:00:00+00:00, run_after=2022-05-24T00:00:00+00:00
[2022-05-23 21:10:35,395] {processor.py:161} INFO - Processing /opt/airflow/dags/football_teams.py took 0.035 seconds
[2022-05-23 21:11:06,241] {processor.py:153} INFO - Started process (PID=1338) to work on /opt/airflow/dags/football_teams.py
[2022-05-23 21:11:06,245] {processor.py:641} INFO - Processing file /opt/airflow/dags/football_teams.py for tasks to queue
[2022-05-23 21:11:06,246] {logging_mixin.py:115} INFO - [2022-05-23 21:11:06,245] {dagbag.py:507} INFO - Filling up the DagBag from /opt/airflow/dags/football_teams.py
[2022-05-23 21:11:06,255] {processor.py:651} INFO - DAG(s) dict_keys(['football-teams']) retrieved from /opt/airflow/dags/football_teams.py
[2022-05-23 21:11:06,295] {logging_mixin.py:115} INFO - [2022-05-23 21:11:06,295] {dag.py:2371} INFO - Sync 1 DAGs
[2022-05-23 21:11:06,316] {logging_mixin.py:115} INFO - [2022-05-23 21:11:06,316] {dag.py:2915} INFO - Setting next_dagrun for football-teams to 2022-05-23T00:00:00+00:00, run_after=2022-05-24T00:00:00+00:00
[2022-05-23 21:11:06,327] {processor.py:161} INFO - Processing /opt/airflow/dags/football_teams.py took 0.088 seconds
[2022-05-23 21:11:36,920] {processor.py:153} INFO - Started process (PID=1504) to work on /opt/airflow/dags/football_teams.py
[2022-05-23 21:11:36,920] {processor.py:641} INFO - Processing file /opt/airflow/dags/football_teams.py for tasks to queue
[2022-05-23 21:11:36,921] {logging_mixin.py:115} INFO - [2022-05-23 21:11:36,921] {dagbag.py:507} INFO - Filling up the DagBag from /opt/airflow/dags/football_teams.py
[2022-05-23 21:11:36,926] {processor.py:651} INFO - DAG(s) dict_keys(['football-teams']) retrieved from /opt/airflow/dags/football_teams.py
[2022-05-23 21:11:36,940] {logging_mixin.py:115} INFO - [2022-05-23 21:11:36,940] {dag.py:2371} INFO - Sync 1 DAGs
[2022-05-23 21:11:36,951] {logging_mixin.py:115} INFO - [2022-05-23 21:11:36,951] {dag.py:2915} INFO - Setting next_dagrun for football-teams to 2022-05-23T00:00:00+00:00, run_after=2022-05-24T00:00:00+00:00
[2022-05-23 21:11:36,956] {processor.py:161} INFO - Processing /opt/airflow/dags/football_teams.py took 0.038 seconds
[2022-05-23 21:12:07,610] {processor.py:153} INFO - Started process (PID=1586) to work on /opt/airflow/dags/football_teams.py
[2022-05-23 21:12:07,610] {processor.py:641} INFO - Processing file /opt/airflow/dags/football_teams.py for tasks to queue
[2022-05-23 21:12:07,611] {logging_mixin.py:115} INFO - [2022-05-23 21:12:07,611] {dagbag.py:507} INFO - Filling up the DagBag from /opt/airflow/dags/football_teams.py
[2022-05-23 21:12:07,617] {processor.py:651} INFO - DAG(s) dict_keys(['football-teams']) retrieved from /opt/airflow/dags/football_teams.py
[2022-05-23 21:12:07,631] {logging_mixin.py:115} INFO - [2022-05-23 21:12:07,631] {dag.py:2371} INFO - Sync 1 DAGs
[2022-05-23 21:12:07,643] {logging_mixin.py:115} INFO - [2022-05-23 21:12:07,643] {dag.py:2915} INFO - Setting next_dagrun for football-teams to 2022-05-23T00:00:00+00:00, run_after=2022-05-24T00:00:00+00:00
[2022-05-23 21:12:07,649] {processor.py:161} INFO - Processing /opt/airflow/dags/football_teams.py took 0.041 seconds
[2022-05-23 21:12:38,057] {processor.py:153} INFO - Started process (PID=1749) to work on /opt/airflow/dags/football_teams.py
[2022-05-23 21:12:38,058] {processor.py:641} INFO - Processing file /opt/airflow/dags/football_teams.py for tasks to queue
[2022-05-23 21:12:38,058] {logging_mixin.py:115} INFO - [2022-05-23 21:12:38,058] {dagbag.py:507} INFO - Filling up the DagBag from /opt/airflow/dags/football_teams.py
[2022-05-23 21:12:38,063] {processor.py:651} INFO - DAG(s) dict_keys(['football-teams']) retrieved from /opt/airflow/dags/football_teams.py
[2022-05-23 21:12:38,078] {logging_mixin.py:115} INFO - [2022-05-23 21:12:38,078] {dag.py:2371} INFO - Sync 1 DAGs
[2022-05-23 21:12:38,091] {logging_mixin.py:115} INFO - [2022-05-23 21:12:38,091] {dag.py:2915} INFO - Setting next_dagrun for football-teams to 2022-05-23T00:00:00+00:00, run_after=2022-05-24T00:00:00+00:00
[2022-05-23 21:12:38,097] {processor.py:161} INFO - Processing /opt/airflow/dags/football_teams.py took 0.041 seconds
[2022-05-23 21:13:08,897] {processor.py:153} INFO - Started process (PID=1831) to work on /opt/airflow/dags/football_teams.py
[2022-05-23 21:13:08,897] {processor.py:641} INFO - Processing file /opt/airflow/dags/football_teams.py for tasks to queue
[2022-05-23 21:13:08,897] {logging_mixin.py:115} INFO - [2022-05-23 21:13:08,897] {dagbag.py:507} INFO - Filling up the DagBag from /opt/airflow/dags/football_teams.py
[2022-05-23 21:13:08,903] {processor.py:651} INFO - DAG(s) dict_keys(['football-teams']) retrieved from /opt/airflow/dags/football_teams.py
[2022-05-23 21:13:08,918] {logging_mixin.py:115} INFO - [2022-05-23 21:13:08,918] {dag.py:2371} INFO - Sync 1 DAGs
[2022-05-23 21:13:08,932] {logging_mixin.py:115} INFO - [2022-05-23 21:13:08,932] {dag.py:2915} INFO - Setting next_dagrun for football-teams to 2022-05-23T00:00:00+00:00, run_after=2022-05-24T00:00:00+00:00
[2022-05-23 21:13:08,939] {processor.py:161} INFO - Processing /opt/airflow/dags/football_teams.py took 0.044 seconds
[2022-05-23 21:13:39,324] {processor.py:153} INFO - Started process (PID=2002) to work on /opt/airflow/dags/football_teams.py
[2022-05-23 21:13:39,325] {processor.py:641} INFO - Processing file /opt/airflow/dags/football_teams.py for tasks to queue
[2022-05-23 21:13:39,325] {logging_mixin.py:115} INFO - [2022-05-23 21:13:39,325] {dagbag.py:507} INFO - Filling up the DagBag from /opt/airflow/dags/football_teams.py
[2022-05-23 21:13:39,331] {processor.py:651} INFO - DAG(s) dict_keys(['football-teams']) retrieved from /opt/airflow/dags/football_teams.py
[2022-05-23 21:13:39,345] {logging_mixin.py:115} INFO - [2022-05-23 21:13:39,345] {dag.py:2371} INFO - Sync 1 DAGs
[2022-05-23 21:13:39,356] {logging_mixin.py:115} INFO - [2022-05-23 21:13:39,356] {dag.py:2915} INFO - Setting next_dagrun for football-teams to 2022-05-23T00:00:00+00:00, run_after=2022-05-24T00:00:00+00:00
[2022-05-23 21:13:39,362] {processor.py:161} INFO - Processing /opt/airflow/dags/football_teams.py took 0.040 seconds
[2022-05-23 21:14:10,017] {processor.py:153} INFO - Started process (PID=2084) to work on /opt/airflow/dags/football_teams.py
[2022-05-23 21:14:10,018] {processor.py:641} INFO - Processing file /opt/airflow/dags/football_teams.py for tasks to queue
[2022-05-23 21:14:10,018] {logging_mixin.py:115} INFO - [2022-05-23 21:14:10,018] {dagbag.py:507} INFO - Filling up the DagBag from /opt/airflow/dags/football_teams.py
[2022-05-23 21:14:10,027] {processor.py:651} INFO - DAG(s) dict_keys(['football-teams']) retrieved from /opt/airflow/dags/football_teams.py
[2022-05-23 21:14:10,065] {logging_mixin.py:115} INFO - [2022-05-23 21:14:10,065] {dag.py:2371} INFO - Sync 1 DAGs
[2022-05-23 21:14:10,083] {logging_mixin.py:115} INFO - [2022-05-23 21:14:10,083] {dag.py:2915} INFO - Setting next_dagrun for football-teams to 2022-05-23T00:00:00+00:00, run_after=2022-05-24T00:00:00+00:00
[2022-05-23 21:14:10,090] {processor.py:161} INFO - Processing /opt/airflow/dags/football_teams.py took 0.076 seconds
[2022-05-23 21:14:40,593] {processor.py:153} INFO - Started process (PID=2248) to work on /opt/airflow/dags/football_teams.py
[2022-05-23 21:14:40,594] {processor.py:641} INFO - Processing file /opt/airflow/dags/football_teams.py for tasks to queue
[2022-05-23 21:14:40,594] {logging_mixin.py:115} INFO - [2022-05-23 21:14:40,594] {dagbag.py:507} INFO - Filling up the DagBag from /opt/airflow/dags/football_teams.py
[2022-05-23 21:14:40,600] {processor.py:651} INFO - DAG(s) dict_keys(['football-teams']) retrieved from /opt/airflow/dags/football_teams.py
[2022-05-23 21:14:40,614] {logging_mixin.py:115} INFO - [2022-05-23 21:14:40,614] {dag.py:2371} INFO - Sync 1 DAGs
[2022-05-23 21:14:40,626] {logging_mixin.py:115} INFO - [2022-05-23 21:14:40,626] {dag.py:2915} INFO - Setting next_dagrun for football-teams to 2022-05-23T00:00:00+00:00, run_after=2022-05-24T00:00:00+00:00
[2022-05-23 21:14:40,637] {processor.py:161} INFO - Processing /opt/airflow/dags/football_teams.py took 0.045 seconds
[2022-05-23 21:15:10,669] {processor.py:153} INFO - Started process (PID=2333) to work on /opt/airflow/dags/football_teams.py
[2022-05-23 21:15:10,670] {processor.py:641} INFO - Processing file /opt/airflow/dags/football_teams.py for tasks to queue
[2022-05-23 21:15:10,670] {logging_mixin.py:115} INFO - [2022-05-23 21:15:10,670] {dagbag.py:507} INFO - Filling up the DagBag from /opt/airflow/dags/football_teams.py
[2022-05-23 21:15:10,678] {processor.py:651} INFO - DAG(s) dict_keys(['football-teams']) retrieved from /opt/airflow/dags/football_teams.py
[2022-05-23 21:15:10,701] {logging_mixin.py:115} INFO - [2022-05-23 21:15:10,701] {dag.py:2371} INFO - Sync 1 DAGs
[2022-05-23 21:15:10,717] {logging_mixin.py:115} INFO - [2022-05-23 21:15:10,717] {dag.py:2915} INFO - Setting next_dagrun for football-teams to 2022-05-23T00:00:00+00:00, run_after=2022-05-24T00:00:00+00:00
[2022-05-23 21:15:10,733] {processor.py:161} INFO - Processing /opt/airflow/dags/football_teams.py took 0.067 seconds
[2022-05-23 21:15:41,324] {processor.py:153} INFO - Started process (PID=2502) to work on /opt/airflow/dags/football_teams.py
[2022-05-23 21:15:41,325] {processor.py:641} INFO - Processing file /opt/airflow/dags/football_teams.py for tasks to queue
[2022-05-23 21:15:41,325] {logging_mixin.py:115} INFO - [2022-05-23 21:15:41,325] {dagbag.py:507} INFO - Filling up the DagBag from /opt/airflow/dags/football_teams.py
[2022-05-23 21:15:41,332] {processor.py:651} INFO - DAG(s) dict_keys(['football-teams']) retrieved from /opt/airflow/dags/football_teams.py
[2022-05-23 21:15:41,348] {logging_mixin.py:115} INFO - [2022-05-23 21:15:41,348] {dag.py:2371} INFO - Sync 1 DAGs
[2022-05-23 21:15:41,362] {logging_mixin.py:115} INFO - [2022-05-23 21:15:41,362] {dag.py:2915} INFO - Setting next_dagrun for football-teams to 2022-05-23T00:00:00+00:00, run_after=2022-05-24T00:00:00+00:00
[2022-05-23 21:15:41,369] {processor.py:161} INFO - Processing /opt/airflow/dags/football_teams.py took 0.046 seconds
[2022-05-23 21:16:12,076] {processor.py:153} INFO - Started process (PID=2576) to work on /opt/airflow/dags/football_teams.py
[2022-05-23 21:16:12,077] {processor.py:641} INFO - Processing file /opt/airflow/dags/football_teams.py for tasks to queue
[2022-05-23 21:16:12,077] {logging_mixin.py:115} INFO - [2022-05-23 21:16:12,077] {dagbag.py:507} INFO - Filling up the DagBag from /opt/airflow/dags/football_teams.py
[2022-05-23 21:16:12,087] {processor.py:651} INFO - DAG(s) dict_keys(['football-teams']) retrieved from /opt/airflow/dags/football_teams.py
[2022-05-23 21:16:12,109] {logging_mixin.py:115} INFO - [2022-05-23 21:16:12,109] {dag.py:2371} INFO - Sync 1 DAGs
[2022-05-23 21:16:12,127] {logging_mixin.py:115} INFO - [2022-05-23 21:16:12,127] {dag.py:2915} INFO - Setting next_dagrun for football-teams to 2022-05-23T00:00:00+00:00, run_after=2022-05-24T00:00:00+00:00
[2022-05-23 21:16:12,135] {processor.py:161} INFO - Processing /opt/airflow/dags/football_teams.py took 0.061 seconds
[2022-05-23 21:16:42,672] {processor.py:153} INFO - Started process (PID=2746) to work on /opt/airflow/dags/football_teams.py
[2022-05-23 21:16:42,673] {processor.py:641} INFO - Processing file /opt/airflow/dags/football_teams.py for tasks to queue
[2022-05-23 21:16:42,673] {logging_mixin.py:115} INFO - [2022-05-23 21:16:42,673] {dagbag.py:507} INFO - Filling up the DagBag from /opt/airflow/dags/football_teams.py
[2022-05-23 21:16:42,681] {processor.py:651} INFO - DAG(s) dict_keys(['football-teams']) retrieved from /opt/airflow/dags/football_teams.py
[2022-05-23 21:16:42,698] {logging_mixin.py:115} INFO - [2022-05-23 21:16:42,697] {dag.py:2371} INFO - Sync 1 DAGs
[2022-05-23 21:16:42,733] {logging_mixin.py:115} INFO - [2022-05-23 21:16:42,733] {dag.py:2915} INFO - Setting next_dagrun for football-teams to 2022-05-23T00:00:00+00:00, run_after=2022-05-24T00:00:00+00:00
[2022-05-23 21:16:42,793] {processor.py:161} INFO - Processing /opt/airflow/dags/football_teams.py took 0.122 seconds
[2022-05-23 21:17:13,615] {processor.py:153} INFO - Started process (PID=2828) to work on /opt/airflow/dags/football_teams.py
[2022-05-23 21:17:13,616] {processor.py:641} INFO - Processing file /opt/airflow/dags/football_teams.py for tasks to queue
[2022-05-23 21:17:13,616] {logging_mixin.py:115} INFO - [2022-05-23 21:17:13,616] {dagbag.py:507} INFO - Filling up the DagBag from /opt/airflow/dags/football_teams.py
[2022-05-23 21:17:13,626] {processor.py:651} INFO - DAG(s) dict_keys(['football-teams']) retrieved from /opt/airflow/dags/football_teams.py
[2022-05-23 21:17:13,645] {logging_mixin.py:115} INFO - [2022-05-23 21:17:13,645] {dag.py:2371} INFO - Sync 1 DAGs
[2022-05-23 21:17:13,658] {logging_mixin.py:115} INFO - [2022-05-23 21:17:13,658] {dag.py:2915} INFO - Setting next_dagrun for football-teams to 2022-05-23T00:00:00+00:00, run_after=2022-05-24T00:00:00+00:00
[2022-05-23 21:17:13,664] {processor.py:161} INFO - Processing /opt/airflow/dags/football_teams.py took 0.052 seconds
[2022-05-23 21:17:44,073] {processor.py:153} INFO - Started process (PID=2986) to work on /opt/airflow/dags/football_teams.py
[2022-05-23 21:17:44,073] {processor.py:641} INFO - Processing file /opt/airflow/dags/football_teams.py for tasks to queue
[2022-05-23 21:17:44,073] {logging_mixin.py:115} INFO - [2022-05-23 21:17:44,073] {dagbag.py:507} INFO - Filling up the DagBag from /opt/airflow/dags/football_teams.py
[2022-05-23 21:17:44,079] {processor.py:651} INFO - DAG(s) dict_keys(['football-teams']) retrieved from /opt/airflow/dags/football_teams.py
[2022-05-23 21:17:44,095] {logging_mixin.py:115} INFO - [2022-05-23 21:17:44,095] {dag.py:2371} INFO - Sync 1 DAGs
[2022-05-23 21:17:44,108] {logging_mixin.py:115} INFO - [2022-05-23 21:17:44,108] {dag.py:2915} INFO - Setting next_dagrun for football-teams to 2022-05-23T00:00:00+00:00, run_after=2022-05-24T00:00:00+00:00
[2022-05-23 21:17:44,114] {processor.py:161} INFO - Processing /opt/airflow/dags/football_teams.py took 0.043 seconds
[2022-05-23 21:18:14,996] {processor.py:153} INFO - Started process (PID=3068) to work on /opt/airflow/dags/football_teams.py
[2022-05-23 21:18:14,997] {processor.py:641} INFO - Processing file /opt/airflow/dags/football_teams.py for tasks to queue
[2022-05-23 21:18:14,997] {logging_mixin.py:115} INFO - [2022-05-23 21:18:14,997] {dagbag.py:507} INFO - Filling up the DagBag from /opt/airflow/dags/football_teams.py
[2022-05-23 21:18:15,002] {processor.py:651} INFO - DAG(s) dict_keys(['football-teams']) retrieved from /opt/airflow/dags/football_teams.py
[2022-05-23 21:18:15,016] {logging_mixin.py:115} INFO - [2022-05-23 21:18:15,016] {dag.py:2371} INFO - Sync 1 DAGs
[2022-05-23 21:18:15,028] {logging_mixin.py:115} INFO - [2022-05-23 21:18:15,028] {dag.py:2915} INFO - Setting next_dagrun for football-teams to 2022-05-23T00:00:00+00:00, run_after=2022-05-24T00:00:00+00:00
[2022-05-23 21:18:15,034] {processor.py:161} INFO - Processing /opt/airflow/dags/football_teams.py took 0.039 seconds
[2022-05-23 21:18:45,499] {processor.py:153} INFO - Started process (PID=3235) to work on /opt/airflow/dags/football_teams.py
[2022-05-23 21:18:45,499] {processor.py:641} INFO - Processing file /opt/airflow/dags/football_teams.py for tasks to queue
[2022-05-23 21:18:45,500] {logging_mixin.py:115} INFO - [2022-05-23 21:18:45,500] {dagbag.py:507} INFO - Filling up the DagBag from /opt/airflow/dags/football_teams.py
[2022-05-23 21:18:45,505] {processor.py:651} INFO - DAG(s) dict_keys(['football-teams']) retrieved from /opt/airflow/dags/football_teams.py
[2022-05-23 21:18:45,518] {logging_mixin.py:115} INFO - [2022-05-23 21:18:45,518] {dag.py:2371} INFO - Sync 1 DAGs
[2022-05-23 21:18:45,529] {logging_mixin.py:115} INFO - [2022-05-23 21:18:45,529] {dag.py:2915} INFO - Setting next_dagrun for football-teams to 2022-05-23T00:00:00+00:00, run_after=2022-05-24T00:00:00+00:00
[2022-05-23 21:18:45,535] {processor.py:161} INFO - Processing /opt/airflow/dags/football_teams.py took 0.037 seconds
[2022-05-23 21:19:16,195] {processor.py:153} INFO - Started process (PID=3317) to work on /opt/airflow/dags/football_teams.py
[2022-05-23 21:19:16,196] {processor.py:641} INFO - Processing file /opt/airflow/dags/football_teams.py for tasks to queue
[2022-05-23 21:19:16,196] {logging_mixin.py:115} INFO - [2022-05-23 21:19:16,196] {dagbag.py:507} INFO - Filling up the DagBag from /opt/airflow/dags/football_teams.py
[2022-05-23 21:19:16,204] {processor.py:651} INFO - DAG(s) dict_keys(['football-teams']) retrieved from /opt/airflow/dags/football_teams.py
[2022-05-23 21:19:16,220] {logging_mixin.py:115} INFO - [2022-05-23 21:19:16,220] {dag.py:2371} INFO - Sync 1 DAGs
[2022-05-23 21:19:16,234] {logging_mixin.py:115} INFO - [2022-05-23 21:19:16,234] {dag.py:2915} INFO - Setting next_dagrun for football-teams to 2022-05-23T00:00:00+00:00, run_after=2022-05-24T00:00:00+00:00
[2022-05-23 21:19:16,242] {processor.py:161} INFO - Processing /opt/airflow/dags/football_teams.py took 0.049 seconds
[2022-05-23 21:19:46,680] {processor.py:153} INFO - Started process (PID=3476) to work on /opt/airflow/dags/football_teams.py
[2022-05-23 21:19:46,680] {processor.py:641} INFO - Processing file /opt/airflow/dags/football_teams.py for tasks to queue
[2022-05-23 21:19:46,680] {logging_mixin.py:115} INFO - [2022-05-23 21:19:46,680] {dagbag.py:507} INFO - Filling up the DagBag from /opt/airflow/dags/football_teams.py
[2022-05-23 21:19:46,686] {processor.py:651} INFO - DAG(s) dict_keys(['football-teams']) retrieved from /opt/airflow/dags/football_teams.py
[2022-05-23 21:19:46,699] {logging_mixin.py:115} INFO - [2022-05-23 21:19:46,699] {dag.py:2371} INFO - Sync 1 DAGs
[2022-05-23 21:19:46,710] {logging_mixin.py:115} INFO - [2022-05-23 21:19:46,710] {dag.py:2915} INFO - Setting next_dagrun for football-teams to 2022-05-23T00:00:00+00:00, run_after=2022-05-24T00:00:00+00:00
[2022-05-23 21:19:46,716] {processor.py:161} INFO - Processing /opt/airflow/dags/football_teams.py took 0.038 seconds
[2022-05-23 21:20:17,450] {processor.py:153} INFO - Started process (PID=3557) to work on /opt/airflow/dags/football_teams.py
[2022-05-23 21:20:17,450] {processor.py:641} INFO - Processing file /opt/airflow/dags/football_teams.py for tasks to queue
[2022-05-23 21:20:17,451] {logging_mixin.py:115} INFO - [2022-05-23 21:20:17,451] {dagbag.py:507} INFO - Filling up the DagBag from /opt/airflow/dags/football_teams.py
[2022-05-23 21:20:17,460] {processor.py:651} INFO - DAG(s) dict_keys(['football-teams']) retrieved from /opt/airflow/dags/football_teams.py
[2022-05-23 21:20:17,476] {logging_mixin.py:115} INFO - [2022-05-23 21:20:17,475] {dag.py:2371} INFO - Sync 1 DAGs
[2022-05-23 21:20:17,489] {logging_mixin.py:115} INFO - [2022-05-23 21:20:17,489] {dag.py:2915} INFO - Setting next_dagrun for football-teams to 2022-05-23T00:00:00+00:00, run_after=2022-05-24T00:00:00+00:00
[2022-05-23 21:20:17,496] {processor.py:161} INFO - Processing /opt/airflow/dags/football_teams.py took 0.049 seconds
[2022-05-23 21:20:47,930] {processor.py:153} INFO - Started process (PID=3726) to work on /opt/airflow/dags/football_teams.py
[2022-05-23 21:20:47,931] {processor.py:641} INFO - Processing file /opt/airflow/dags/football_teams.py for tasks to queue
[2022-05-23 21:20:47,931] {logging_mixin.py:115} INFO - [2022-05-23 21:20:47,931] {dagbag.py:507} INFO - Filling up the DagBag from /opt/airflow/dags/football_teams.py
[2022-05-23 21:20:47,937] {processor.py:651} INFO - DAG(s) dict_keys(['football-teams']) retrieved from /opt/airflow/dags/football_teams.py
[2022-05-23 21:20:47,950] {logging_mixin.py:115} INFO - [2022-05-23 21:20:47,950] {dag.py:2371} INFO - Sync 1 DAGs
[2022-05-23 21:20:47,961] {logging_mixin.py:115} INFO - [2022-05-23 21:20:47,961] {dag.py:2915} INFO - Setting next_dagrun for football-teams to 2022-05-23T00:00:00+00:00, run_after=2022-05-24T00:00:00+00:00
[2022-05-23 21:20:47,967] {processor.py:161} INFO - Processing /opt/airflow/dags/football_teams.py took 0.038 seconds
[2022-05-23 21:21:18,628] {processor.py:153} INFO - Started process (PID=3808) to work on /opt/airflow/dags/football_teams.py
[2022-05-23 21:21:18,628] {processor.py:641} INFO - Processing file /opt/airflow/dags/football_teams.py for tasks to queue
[2022-05-23 21:21:18,628] {logging_mixin.py:115} INFO - [2022-05-23 21:21:18,628] {dagbag.py:507} INFO - Filling up the DagBag from /opt/airflow/dags/football_teams.py
[2022-05-23 21:21:18,634] {processor.py:651} INFO - DAG(s) dict_keys(['football-teams']) retrieved from /opt/airflow/dags/football_teams.py
[2022-05-23 21:21:18,649] {logging_mixin.py:115} INFO - [2022-05-23 21:21:18,648] {dag.py:2371} INFO - Sync 1 DAGs
[2022-05-23 21:21:18,661] {logging_mixin.py:115} INFO - [2022-05-23 21:21:18,661] {dag.py:2915} INFO - Setting next_dagrun for football-teams to 2022-05-23T00:00:00+00:00, run_after=2022-05-24T00:00:00+00:00
[2022-05-23 21:21:18,668] {processor.py:161} INFO - Processing /opt/airflow/dags/football_teams.py took 0.042 seconds
[2022-05-23 21:21:49,063] {processor.py:153} INFO - Started process (PID=3971) to work on /opt/airflow/dags/football_teams.py
[2022-05-23 21:21:49,063] {processor.py:641} INFO - Processing file /opt/airflow/dags/football_teams.py for tasks to queue
[2022-05-23 21:21:49,063] {logging_mixin.py:115} INFO - [2022-05-23 21:21:49,063] {dagbag.py:507} INFO - Filling up the DagBag from /opt/airflow/dags/football_teams.py
[2022-05-23 21:21:49,069] {processor.py:651} INFO - DAG(s) dict_keys(['football-teams']) retrieved from /opt/airflow/dags/football_teams.py
[2022-05-23 21:21:49,083] {logging_mixin.py:115} INFO - [2022-05-23 21:21:49,083] {dag.py:2371} INFO - Sync 1 DAGs
[2022-05-23 21:21:49,095] {logging_mixin.py:115} INFO - [2022-05-23 21:21:49,095] {dag.py:2915} INFO - Setting next_dagrun for football-teams to 2022-05-23T00:00:00+00:00, run_after=2022-05-24T00:00:00+00:00
[2022-05-23 21:21:49,105] {processor.py:161} INFO - Processing /opt/airflow/dags/football_teams.py took 0.044 seconds
[2022-05-23 21:22:19,781] {processor.py:153} INFO - Started process (PID=4050) to work on /opt/airflow/dags/football_teams.py
[2022-05-23 21:22:19,781] {processor.py:641} INFO - Processing file /opt/airflow/dags/football_teams.py for tasks to queue
[2022-05-23 21:22:19,782] {logging_mixin.py:115} INFO - [2022-05-23 21:22:19,782] {dagbag.py:507} INFO - Filling up the DagBag from /opt/airflow/dags/football_teams.py
[2022-05-23 21:22:19,788] {processor.py:651} INFO - DAG(s) dict_keys(['football-teams']) retrieved from /opt/airflow/dags/football_teams.py
[2022-05-23 21:22:19,801] {logging_mixin.py:115} INFO - [2022-05-23 21:22:19,801] {dag.py:2371} INFO - Sync 1 DAGs
[2022-05-23 21:22:19,814] {logging_mixin.py:115} INFO - [2022-05-23 21:22:19,814] {dag.py:2915} INFO - Setting next_dagrun for football-teams to 2022-05-23T00:00:00+00:00, run_after=2022-05-24T00:00:00+00:00
[2022-05-23 21:22:19,821] {processor.py:161} INFO - Processing /opt/airflow/dags/football_teams.py took 0.042 seconds
[2022-05-23 21:22:50,205] {processor.py:153} INFO - Started process (PID=4220) to work on /opt/airflow/dags/football_teams.py
[2022-05-23 21:22:50,205] {processor.py:641} INFO - Processing file /opt/airflow/dags/football_teams.py for tasks to queue
[2022-05-23 21:22:50,206] {logging_mixin.py:115} INFO - [2022-05-23 21:22:50,206] {dagbag.py:507} INFO - Filling up the DagBag from /opt/airflow/dags/football_teams.py
[2022-05-23 21:22:50,211] {processor.py:651} INFO - DAG(s) dict_keys(['football-teams']) retrieved from /opt/airflow/dags/football_teams.py
[2022-05-23 21:22:50,224] {logging_mixin.py:115} INFO - [2022-05-23 21:22:50,224] {dag.py:2371} INFO - Sync 1 DAGs
[2022-05-23 21:22:50,235] {logging_mixin.py:115} INFO - [2022-05-23 21:22:50,235] {dag.py:2915} INFO - Setting next_dagrun for football-teams to 2022-05-23T00:00:00+00:00, run_after=2022-05-24T00:00:00+00:00
[2022-05-23 21:22:50,241] {processor.py:161} INFO - Processing /opt/airflow/dags/football_teams.py took 0.037 seconds
[2022-05-23 21:23:20,889] {processor.py:153} INFO - Started process (PID=4302) to work on /opt/airflow/dags/football_teams.py
[2022-05-23 21:23:20,890] {processor.py:641} INFO - Processing file /opt/airflow/dags/football_teams.py for tasks to queue
[2022-05-23 21:23:20,890] {logging_mixin.py:115} INFO - [2022-05-23 21:23:20,890] {dagbag.py:507} INFO - Filling up the DagBag from /opt/airflow/dags/football_teams.py
[2022-05-23 21:23:20,896] {processor.py:651} INFO - DAG(s) dict_keys(['football-teams']) retrieved from /opt/airflow/dags/football_teams.py
[2022-05-23 21:23:20,910] {logging_mixin.py:115} INFO - [2022-05-23 21:23:20,910] {dag.py:2371} INFO - Sync 1 DAGs
[2022-05-23 21:23:20,922] {logging_mixin.py:115} INFO - [2022-05-23 21:23:20,922] {dag.py:2915} INFO - Setting next_dagrun for football-teams to 2022-05-23T00:00:00+00:00, run_after=2022-05-24T00:00:00+00:00
[2022-05-23 21:23:20,929] {processor.py:161} INFO - Processing /opt/airflow/dags/football_teams.py took 0.041 seconds
[2022-05-23 21:23:51,356] {processor.py:153} INFO - Started process (PID=4464) to work on /opt/airflow/dags/football_teams.py
[2022-05-23 21:23:51,357] {processor.py:641} INFO - Processing file /opt/airflow/dags/football_teams.py for tasks to queue
[2022-05-23 21:23:51,357] {logging_mixin.py:115} INFO - [2022-05-23 21:23:51,357] {dagbag.py:507} INFO - Filling up the DagBag from /opt/airflow/dags/football_teams.py
[2022-05-23 21:23:51,362] {processor.py:651} INFO - DAG(s) dict_keys(['football-teams']) retrieved from /opt/airflow/dags/football_teams.py
[2022-05-23 21:23:51,377] {logging_mixin.py:115} INFO - [2022-05-23 21:23:51,377] {dag.py:2371} INFO - Sync 1 DAGs
[2022-05-23 21:23:51,389] {logging_mixin.py:115} INFO - [2022-05-23 21:23:51,389] {dag.py:2915} INFO - Setting next_dagrun for football-teams to 2022-05-23T00:00:00+00:00, run_after=2022-05-24T00:00:00+00:00
[2022-05-23 21:23:51,395] {processor.py:161} INFO - Processing /opt/airflow/dags/football_teams.py took 0.040 seconds
[2022-05-23 21:24:22,101] {processor.py:153} INFO - Started process (PID=4546) to work on /opt/airflow/dags/football_teams.py
[2022-05-23 21:24:22,101] {processor.py:641} INFO - Processing file /opt/airflow/dags/football_teams.py for tasks to queue
[2022-05-23 21:24:22,102] {logging_mixin.py:115} INFO - [2022-05-23 21:24:22,101] {dagbag.py:507} INFO - Filling up the DagBag from /opt/airflow/dags/football_teams.py
[2022-05-23 21:24:22,107] {processor.py:651} INFO - DAG(s) dict_keys(['football-teams']) retrieved from /opt/airflow/dags/football_teams.py
[2022-05-23 21:24:22,122] {logging_mixin.py:115} INFO - [2022-05-23 21:24:22,122] {dag.py:2371} INFO - Sync 1 DAGs
[2022-05-23 21:24:22,134] {logging_mixin.py:115} INFO - [2022-05-23 21:24:22,134] {dag.py:2915} INFO - Setting next_dagrun for football-teams to 2022-05-23T00:00:00+00:00, run_after=2022-05-24T00:00:00+00:00
[2022-05-23 21:24:22,140] {processor.py:161} INFO - Processing /opt/airflow/dags/football_teams.py took 0.041 seconds
[2022-05-23 21:24:52,579] {processor.py:153} INFO - Started process (PID=4719) to work on /opt/airflow/dags/football_teams.py
[2022-05-23 21:24:52,579] {processor.py:641} INFO - Processing file /opt/airflow/dags/football_teams.py for tasks to queue
[2022-05-23 21:24:52,580] {logging_mixin.py:115} INFO - [2022-05-23 21:24:52,580] {dagbag.py:507} INFO - Filling up the DagBag from /opt/airflow/dags/football_teams.py
[2022-05-23 21:24:52,585] {processor.py:651} INFO - DAG(s) dict_keys(['football-teams']) retrieved from /opt/airflow/dags/football_teams.py
[2022-05-23 21:24:52,598] {logging_mixin.py:115} INFO - [2022-05-23 21:24:52,598] {dag.py:2371} INFO - Sync 1 DAGs
[2022-05-23 21:24:52,609] {logging_mixin.py:115} INFO - [2022-05-23 21:24:52,609] {dag.py:2915} INFO - Setting next_dagrun for football-teams to 2022-05-23T00:00:00+00:00, run_after=2022-05-24T00:00:00+00:00
[2022-05-23 21:24:52,614] {processor.py:161} INFO - Processing /opt/airflow/dags/football_teams.py took 0.036 seconds
[2022-05-23 21:25:23,260] {processor.py:153} INFO - Started process (PID=4798) to work on /opt/airflow/dags/football_teams.py
[2022-05-23 21:25:23,260] {processor.py:641} INFO - Processing file /opt/airflow/dags/football_teams.py for tasks to queue
[2022-05-23 21:25:23,261] {logging_mixin.py:115} INFO - [2022-05-23 21:25:23,260] {dagbag.py:507} INFO - Filling up the DagBag from /opt/airflow/dags/football_teams.py
[2022-05-23 21:25:23,267] {processor.py:651} INFO - DAG(s) dict_keys(['football-teams']) retrieved from /opt/airflow/dags/football_teams.py
[2022-05-23 21:25:23,282] {logging_mixin.py:115} INFO - [2022-05-23 21:25:23,282] {dag.py:2371} INFO - Sync 1 DAGs
[2022-05-23 21:25:23,293] {logging_mixin.py:115} INFO - [2022-05-23 21:25:23,293] {dag.py:2915} INFO - Setting next_dagrun for football-teams to 2022-05-23T00:00:00+00:00, run_after=2022-05-24T00:00:00+00:00
[2022-05-23 21:25:23,299] {processor.py:161} INFO - Processing /opt/airflow/dags/football_teams.py took 0.042 seconds
[2022-05-23 21:25:53,716] {processor.py:153} INFO - Started process (PID=4970) to work on /opt/airflow/dags/football_teams.py
[2022-05-23 21:25:53,717] {processor.py:641} INFO - Processing file /opt/airflow/dags/football_teams.py for tasks to queue
[2022-05-23 21:25:53,717] {logging_mixin.py:115} INFO - [2022-05-23 21:25:53,717] {dagbag.py:507} INFO - Filling up the DagBag from /opt/airflow/dags/football_teams.py
[2022-05-23 21:25:53,723] {processor.py:651} INFO - DAG(s) dict_keys(['football-teams']) retrieved from /opt/airflow/dags/football_teams.py
[2022-05-23 21:25:53,738] {logging_mixin.py:115} INFO - [2022-05-23 21:25:53,738] {dag.py:2371} INFO - Sync 1 DAGs
[2022-05-23 21:25:53,750] {logging_mixin.py:115} INFO - [2022-05-23 21:25:53,750] {dag.py:2915} INFO - Setting next_dagrun for football-teams to 2022-05-23T00:00:00+00:00, run_after=2022-05-24T00:00:00+00:00
[2022-05-23 21:25:53,756] {processor.py:161} INFO - Processing /opt/airflow/dags/football_teams.py took 0.042 seconds
[2022-05-23 21:26:24,410] {processor.py:153} INFO - Started process (PID=5041) to work on /opt/airflow/dags/football_teams.py
[2022-05-23 21:26:24,411] {processor.py:641} INFO - Processing file /opt/airflow/dags/football_teams.py for tasks to queue
[2022-05-23 21:26:24,411] {logging_mixin.py:115} INFO - [2022-05-23 21:26:24,411] {dagbag.py:507} INFO - Filling up the DagBag from /opt/airflow/dags/football_teams.py
[2022-05-23 21:26:24,418] {processor.py:651} INFO - DAG(s) dict_keys(['football-teams']) retrieved from /opt/airflow/dags/football_teams.py
[2022-05-23 21:26:24,431] {logging_mixin.py:115} INFO - [2022-05-23 21:26:24,431] {dag.py:2371} INFO - Sync 1 DAGs
[2022-05-23 21:26:24,444] {logging_mixin.py:115} INFO - [2022-05-23 21:26:24,443] {dag.py:2915} INFO - Setting next_dagrun for football-teams to 2022-05-23T00:00:00+00:00, run_after=2022-05-24T00:00:00+00:00
[2022-05-23 21:26:24,450] {processor.py:161} INFO - Processing /opt/airflow/dags/football_teams.py took 0.043 seconds
[2022-05-23 21:26:54,935] {processor.py:153} INFO - Started process (PID=5214) to work on /opt/airflow/dags/football_teams.py
[2022-05-23 21:26:54,935] {processor.py:641} INFO - Processing file /opt/airflow/dags/football_teams.py for tasks to queue
[2022-05-23 21:26:54,936] {logging_mixin.py:115} INFO - [2022-05-23 21:26:54,936] {dagbag.py:507} INFO - Filling up the DagBag from /opt/airflow/dags/football_teams.py
[2022-05-23 21:26:54,941] {processor.py:651} INFO - DAG(s) dict_keys(['football-teams']) retrieved from /opt/airflow/dags/football_teams.py
[2022-05-23 21:26:54,955] {logging_mixin.py:115} INFO - [2022-05-23 21:26:54,955] {dag.py:2371} INFO - Sync 1 DAGs
[2022-05-23 21:26:54,967] {logging_mixin.py:115} INFO - [2022-05-23 21:26:54,967] {dag.py:2915} INFO - Setting next_dagrun for football-teams to 2022-05-23T00:00:00+00:00, run_after=2022-05-24T00:00:00+00:00
[2022-05-23 21:26:54,975] {processor.py:161} INFO - Processing /opt/airflow/dags/football_teams.py took 0.042 seconds
[2022-05-23 21:27:25,634] {processor.py:153} INFO - Started process (PID=5294) to work on /opt/airflow/dags/football_teams.py
[2022-05-23 21:27:25,634] {processor.py:641} INFO - Processing file /opt/airflow/dags/football_teams.py for tasks to queue
[2022-05-23 21:27:25,635] {logging_mixin.py:115} INFO - [2022-05-23 21:27:25,634] {dagbag.py:507} INFO - Filling up the DagBag from /opt/airflow/dags/football_teams.py
[2022-05-23 21:27:25,642] {processor.py:651} INFO - DAG(s) dict_keys(['football-teams']) retrieved from /opt/airflow/dags/football_teams.py
[2022-05-23 21:27:25,655] {logging_mixin.py:115} INFO - [2022-05-23 21:27:25,655] {dag.py:2371} INFO - Sync 1 DAGs
[2022-05-23 21:27:25,666] {logging_mixin.py:115} INFO - [2022-05-23 21:27:25,666] {dag.py:2915} INFO - Setting next_dagrun for football-teams to 2022-05-23T00:00:00+00:00, run_after=2022-05-24T00:00:00+00:00
[2022-05-23 21:27:25,674] {processor.py:161} INFO - Processing /opt/airflow/dags/football_teams.py took 0.043 seconds
[2022-05-23 21:27:56,121] {processor.py:153} INFO - Started process (PID=5465) to work on /opt/airflow/dags/football_teams.py
[2022-05-23 21:27:56,121] {processor.py:641} INFO - Processing file /opt/airflow/dags/football_teams.py for tasks to queue
[2022-05-23 21:27:56,122] {logging_mixin.py:115} INFO - [2022-05-23 21:27:56,121] {dagbag.py:507} INFO - Filling up the DagBag from /opt/airflow/dags/football_teams.py
[2022-05-23 21:27:56,127] {processor.py:651} INFO - DAG(s) dict_keys(['football-teams']) retrieved from /opt/airflow/dags/football_teams.py
[2022-05-23 21:27:56,141] {logging_mixin.py:115} INFO - [2022-05-23 21:27:56,141] {dag.py:2371} INFO - Sync 1 DAGs
[2022-05-23 21:27:56,152] {logging_mixin.py:115} INFO - [2022-05-23 21:27:56,152] {dag.py:2915} INFO - Setting next_dagrun for football-teams to 2022-05-23T00:00:00+00:00, run_after=2022-05-24T00:00:00+00:00
[2022-05-23 21:27:56,158] {processor.py:161} INFO - Processing /opt/airflow/dags/football_teams.py took 0.039 seconds
[2022-05-23 21:28:26,807] {processor.py:153} INFO - Started process (PID=5536) to work on /opt/airflow/dags/football_teams.py
[2022-05-23 21:28:26,807] {processor.py:641} INFO - Processing file /opt/airflow/dags/football_teams.py for tasks to queue
[2022-05-23 21:28:26,808] {logging_mixin.py:115} INFO - [2022-05-23 21:28:26,808] {dagbag.py:507} INFO - Filling up the DagBag from /opt/airflow/dags/football_teams.py
[2022-05-23 21:28:26,817] {processor.py:651} INFO - DAG(s) dict_keys(['football-teams']) retrieved from /opt/airflow/dags/football_teams.py
[2022-05-23 21:28:26,831] {logging_mixin.py:115} INFO - [2022-05-23 21:28:26,831] {dag.py:2371} INFO - Sync 1 DAGs
[2022-05-23 21:28:26,844] {logging_mixin.py:115} INFO - [2022-05-23 21:28:26,844] {dag.py:2915} INFO - Setting next_dagrun for football-teams to 2022-05-23T00:00:00+00:00, run_after=2022-05-24T00:00:00+00:00
[2022-05-23 21:28:26,851] {processor.py:161} INFO - Processing /opt/airflow/dags/football_teams.py took 0.047 seconds
[2022-05-23 21:28:57,315] {processor.py:153} INFO - Started process (PID=5709) to work on /opt/airflow/dags/football_teams.py
[2022-05-23 21:28:57,315] {processor.py:641} INFO - Processing file /opt/airflow/dags/football_teams.py for tasks to queue
[2022-05-23 21:28:57,316] {logging_mixin.py:115} INFO - [2022-05-23 21:28:57,315] {dagbag.py:507} INFO - Filling up the DagBag from /opt/airflow/dags/football_teams.py
[2022-05-23 21:28:57,321] {processor.py:651} INFO - DAG(s) dict_keys(['football-teams']) retrieved from /opt/airflow/dags/football_teams.py
[2022-05-23 21:28:57,334] {logging_mixin.py:115} INFO - [2022-05-23 21:28:57,334] {dag.py:2371} INFO - Sync 1 DAGs
[2022-05-23 21:28:57,346] {logging_mixin.py:115} INFO - [2022-05-23 21:28:57,345] {dag.py:2915} INFO - Setting next_dagrun for football-teams to 2022-05-23T00:00:00+00:00, run_after=2022-05-24T00:00:00+00:00
[2022-05-23 21:28:57,352] {processor.py:161} INFO - Processing /opt/airflow/dags/football_teams.py took 0.039 seconds
[2022-05-23 21:29:28,052] {processor.py:153} INFO - Started process (PID=5789) to work on /opt/airflow/dags/football_teams.py
[2022-05-23 21:29:28,053] {processor.py:641} INFO - Processing file /opt/airflow/dags/football_teams.py for tasks to queue
[2022-05-23 21:29:28,053] {logging_mixin.py:115} INFO - [2022-05-23 21:29:28,053] {dagbag.py:507} INFO - Filling up the DagBag from /opt/airflow/dags/football_teams.py
[2022-05-23 21:29:28,062] {processor.py:651} INFO - DAG(s) dict_keys(['football-teams']) retrieved from /opt/airflow/dags/football_teams.py
[2022-05-23 21:29:28,075] {logging_mixin.py:115} INFO - [2022-05-23 21:29:28,075] {dag.py:2371} INFO - Sync 1 DAGs
[2022-05-23 21:29:28,088] {logging_mixin.py:115} INFO - [2022-05-23 21:29:28,088] {dag.py:2915} INFO - Setting next_dagrun for football-teams to 2022-05-23T00:00:00+00:00, run_after=2022-05-24T00:00:00+00:00
[2022-05-23 21:29:28,095] {processor.py:161} INFO - Processing /opt/airflow/dags/football_teams.py took 0.045 seconds
[2022-05-23 21:29:58,544] {processor.py:153} INFO - Started process (PID=5963) to work on /opt/airflow/dags/football_teams.py
[2022-05-23 21:29:58,545] {processor.py:641} INFO - Processing file /opt/airflow/dags/football_teams.py for tasks to queue
[2022-05-23 21:29:58,546] {logging_mixin.py:115} INFO - [2022-05-23 21:29:58,545] {dagbag.py:507} INFO - Filling up the DagBag from /opt/airflow/dags/football_teams.py
[2022-05-23 21:29:58,555] {processor.py:651} INFO - DAG(s) dict_keys(['football-teams']) retrieved from /opt/airflow/dags/football_teams.py
[2022-05-23 21:29:58,568] {logging_mixin.py:115} INFO - [2022-05-23 21:29:58,568] {dag.py:2371} INFO - Sync 1 DAGs
[2022-05-23 21:29:58,579] {logging_mixin.py:115} INFO - [2022-05-23 21:29:58,579] {dag.py:2915} INFO - Setting next_dagrun for football-teams to 2022-05-23T00:00:00+00:00, run_after=2022-05-24T00:00:00+00:00
[2022-05-23 21:29:58,585] {processor.py:161} INFO - Processing /opt/airflow/dags/football_teams.py took 0.044 seconds
[2022-05-23 21:30:29,259] {processor.py:153} INFO - Started process (PID=6031) to work on /opt/airflow/dags/football_teams.py
[2022-05-23 21:30:29,260] {processor.py:641} INFO - Processing file /opt/airflow/dags/football_teams.py for tasks to queue
[2022-05-23 21:30:29,260] {logging_mixin.py:115} INFO - [2022-05-23 21:30:29,260] {dagbag.py:507} INFO - Filling up the DagBag from /opt/airflow/dags/football_teams.py
[2022-05-23 21:30:29,266] {processor.py:651} INFO - DAG(s) dict_keys(['football-teams']) retrieved from /opt/airflow/dags/football_teams.py
[2022-05-23 21:30:29,280] {logging_mixin.py:115} INFO - [2022-05-23 21:30:29,279] {dag.py:2371} INFO - Sync 1 DAGs
[2022-05-23 21:30:29,293] {logging_mixin.py:115} INFO - [2022-05-23 21:30:29,293] {dag.py:2915} INFO - Setting next_dagrun for football-teams to 2022-05-23T00:00:00+00:00, run_after=2022-05-24T00:00:00+00:00
[2022-05-23 21:30:29,300] {processor.py:161} INFO - Processing /opt/airflow/dags/football_teams.py took 0.043 seconds
[2022-05-23 21:30:59,785] {processor.py:153} INFO - Started process (PID=6205) to work on /opt/airflow/dags/football_teams.py
[2022-05-23 21:30:59,786] {processor.py:641} INFO - Processing file /opt/airflow/dags/football_teams.py for tasks to queue
[2022-05-23 21:30:59,786] {logging_mixin.py:115} INFO - [2022-05-23 21:30:59,786] {dagbag.py:507} INFO - Filling up the DagBag from /opt/airflow/dags/football_teams.py
[2022-05-23 21:30:59,791] {processor.py:651} INFO - DAG(s) dict_keys(['football-teams']) retrieved from /opt/airflow/dags/football_teams.py
[2022-05-23 21:30:59,805] {logging_mixin.py:115} INFO - [2022-05-23 21:30:59,805] {dag.py:2371} INFO - Sync 1 DAGs
[2022-05-23 21:30:59,817] {logging_mixin.py:115} INFO - [2022-05-23 21:30:59,817] {dag.py:2915} INFO - Setting next_dagrun for football-teams to 2022-05-23T00:00:00+00:00, run_after=2022-05-24T00:00:00+00:00
[2022-05-23 21:30:59,824] {processor.py:161} INFO - Processing /opt/airflow/dags/football_teams.py took 0.040 seconds
[2022-05-23 21:31:30,496] {processor.py:153} INFO - Started process (PID=6282) to work on /opt/airflow/dags/football_teams.py
[2022-05-23 21:31:30,497] {processor.py:641} INFO - Processing file /opt/airflow/dags/football_teams.py for tasks to queue
[2022-05-23 21:31:30,497] {logging_mixin.py:115} INFO - [2022-05-23 21:31:30,497] {dagbag.py:507} INFO - Filling up the DagBag from /opt/airflow/dags/football_teams.py
[2022-05-23 21:31:30,502] {processor.py:651} INFO - DAG(s) dict_keys(['football-teams']) retrieved from /opt/airflow/dags/football_teams.py
[2022-05-23 21:31:30,517] {logging_mixin.py:115} INFO - [2022-05-23 21:31:30,517] {dag.py:2371} INFO - Sync 1 DAGs
[2022-05-23 21:31:30,529] {logging_mixin.py:115} INFO - [2022-05-23 21:31:30,529] {dag.py:2915} INFO - Setting next_dagrun for football-teams to 2022-05-23T00:00:00+00:00, run_after=2022-05-24T00:00:00+00:00
[2022-05-23 21:31:30,536] {processor.py:161} INFO - Processing /opt/airflow/dags/football_teams.py took 0.042 seconds
[2022-05-23 21:32:01,000] {processor.py:153} INFO - Started process (PID=6455) to work on /opt/airflow/dags/football_teams.py
[2022-05-23 21:32:01,000] {processor.py:641} INFO - Processing file /opt/airflow/dags/football_teams.py for tasks to queue
[2022-05-23 21:32:01,001] {logging_mixin.py:115} INFO - [2022-05-23 21:32:01,001] {dagbag.py:507} INFO - Filling up the DagBag from /opt/airflow/dags/football_teams.py
[2022-05-23 21:32:01,008] {processor.py:651} INFO - DAG(s) dict_keys(['football-teams']) retrieved from /opt/airflow/dags/football_teams.py
[2022-05-23 21:32:01,028] {logging_mixin.py:115} INFO - [2022-05-23 21:32:01,028] {dag.py:2371} INFO - Sync 1 DAGs
[2022-05-23 21:32:01,041] {logging_mixin.py:115} INFO - [2022-05-23 21:32:01,041] {dag.py:2915} INFO - Setting next_dagrun for football-teams to 2022-05-23T00:00:00+00:00, run_after=2022-05-24T00:00:00+00:00
[2022-05-23 21:32:01,050] {processor.py:161} INFO - Processing /opt/airflow/dags/football_teams.py took 0.052 seconds
[2022-05-23 21:32:31,780] {processor.py:153} INFO - Started process (PID=6531) to work on /opt/airflow/dags/football_teams.py
[2022-05-23 21:32:31,781] {processor.py:641} INFO - Processing file /opt/airflow/dags/football_teams.py for tasks to queue
[2022-05-23 21:32:31,782] {logging_mixin.py:115} INFO - [2022-05-23 21:32:31,782] {dagbag.py:507} INFO - Filling up the DagBag from /opt/airflow/dags/football_teams.py
[2022-05-23 21:32:31,792] {processor.py:651} INFO - DAG(s) dict_keys(['football-teams']) retrieved from /opt/airflow/dags/football_teams.py
[2022-05-23 21:32:31,810] {logging_mixin.py:115} INFO - [2022-05-23 21:32:31,810] {dag.py:2371} INFO - Sync 1 DAGs
[2022-05-23 21:32:31,824] {logging_mixin.py:115} INFO - [2022-05-23 21:32:31,824] {dag.py:2915} INFO - Setting next_dagrun for football-teams to 2022-05-23T00:00:00+00:00, run_after=2022-05-24T00:00:00+00:00
[2022-05-23 21:32:31,832] {processor.py:161} INFO - Processing /opt/airflow/dags/football_teams.py took 0.054 seconds
[2022-05-23 21:33:02,262] {processor.py:153} INFO - Started process (PID=6700) to work on /opt/airflow/dags/football_teams.py
[2022-05-23 21:33:02,262] {processor.py:641} INFO - Processing file /opt/airflow/dags/football_teams.py for tasks to queue
[2022-05-23 21:33:02,262] {logging_mixin.py:115} INFO - [2022-05-23 21:33:02,262] {dagbag.py:507} INFO - Filling up the DagBag from /opt/airflow/dags/football_teams.py
[2022-05-23 21:33:02,269] {processor.py:651} INFO - DAG(s) dict_keys(['football-teams']) retrieved from /opt/airflow/dags/football_teams.py
[2022-05-23 21:33:02,283] {logging_mixin.py:115} INFO - [2022-05-23 21:33:02,283] {dag.py:2371} INFO - Sync 1 DAGs
[2022-05-23 21:33:02,294] {logging_mixin.py:115} INFO - [2022-05-23 21:33:02,294] {dag.py:2915} INFO - Setting next_dagrun for football-teams to 2022-05-23T00:00:00+00:00, run_after=2022-05-24T00:00:00+00:00
[2022-05-23 21:33:02,301] {processor.py:161} INFO - Processing /opt/airflow/dags/football_teams.py took 0.041 seconds
[2022-05-23 21:33:33,121] {processor.py:153} INFO - Started process (PID=6778) to work on /opt/airflow/dags/football_teams.py
[2022-05-23 21:33:33,121] {processor.py:641} INFO - Processing file /opt/airflow/dags/football_teams.py for tasks to queue
[2022-05-23 21:33:33,121] {logging_mixin.py:115} INFO - [2022-05-23 21:33:33,121] {dagbag.py:507} INFO - Filling up the DagBag from /opt/airflow/dags/football_teams.py
[2022-05-23 21:33:33,127] {processor.py:651} INFO - DAG(s) dict_keys(['football-teams']) retrieved from /opt/airflow/dags/football_teams.py
[2022-05-23 21:33:33,140] {logging_mixin.py:115} INFO - [2022-05-23 21:33:33,140] {dag.py:2371} INFO - Sync 1 DAGs
[2022-05-23 21:33:33,151] {logging_mixin.py:115} INFO - [2022-05-23 21:33:33,151] {dag.py:2915} INFO - Setting next_dagrun for football-teams to 2022-05-23T00:00:00+00:00, run_after=2022-05-24T00:00:00+00:00
[2022-05-23 21:33:33,158] {processor.py:161} INFO - Processing /opt/airflow/dags/football_teams.py took 0.039 seconds
[2022-05-23 21:34:03,591] {processor.py:153} INFO - Started process (PID=6954) to work on /opt/airflow/dags/football_teams.py
[2022-05-23 21:34:03,591] {processor.py:641} INFO - Processing file /opt/airflow/dags/football_teams.py for tasks to queue
[2022-05-23 21:34:03,591] {logging_mixin.py:115} INFO - [2022-05-23 21:34:03,591] {dagbag.py:507} INFO - Filling up the DagBag from /opt/airflow/dags/football_teams.py
[2022-05-23 21:34:03,597] {processor.py:651} INFO - DAG(s) dict_keys(['football-teams']) retrieved from /opt/airflow/dags/football_teams.py
[2022-05-23 21:34:03,610] {logging_mixin.py:115} INFO - [2022-05-23 21:34:03,610] {dag.py:2371} INFO - Sync 1 DAGs
[2022-05-23 21:34:03,621] {logging_mixin.py:115} INFO - [2022-05-23 21:34:03,620] {dag.py:2915} INFO - Setting next_dagrun for football-teams to 2022-05-23T00:00:00+00:00, run_after=2022-05-24T00:00:00+00:00
[2022-05-23 21:34:03,627] {processor.py:161} INFO - Processing /opt/airflow/dags/football_teams.py took 0.037 seconds
[2022-05-23 21:34:34,271] {processor.py:153} INFO - Started process (PID=7032) to work on /opt/airflow/dags/football_teams.py
[2022-05-23 21:34:34,272] {processor.py:641} INFO - Processing file /opt/airflow/dags/football_teams.py for tasks to queue
[2022-05-23 21:34:34,272] {logging_mixin.py:115} INFO - [2022-05-23 21:34:34,272] {dagbag.py:507} INFO - Filling up the DagBag from /opt/airflow/dags/football_teams.py
[2022-05-23 21:34:34,278] {processor.py:651} INFO - DAG(s) dict_keys(['football-teams']) retrieved from /opt/airflow/dags/football_teams.py
[2022-05-23 21:34:34,295] {logging_mixin.py:115} INFO - [2022-05-23 21:34:34,295] {dag.py:2371} INFO - Sync 1 DAGs
[2022-05-23 21:34:34,309] {logging_mixin.py:115} INFO - [2022-05-23 21:34:34,308] {dag.py:2915} INFO - Setting next_dagrun for football-teams to 2022-05-23T00:00:00+00:00, run_after=2022-05-24T00:00:00+00:00
[2022-05-23 21:34:34,319] {processor.py:161} INFO - Processing /opt/airflow/dags/football_teams.py took 0.049 seconds
[2022-05-23 21:35:04,783] {processor.py:153} INFO - Started process (PID=7199) to work on /opt/airflow/dags/football_teams.py
[2022-05-23 21:35:04,783] {processor.py:641} INFO - Processing file /opt/airflow/dags/football_teams.py for tasks to queue
[2022-05-23 21:35:04,783] {logging_mixin.py:115} INFO - [2022-05-23 21:35:04,783] {dagbag.py:507} INFO - Filling up the DagBag from /opt/airflow/dags/football_teams.py
[2022-05-23 21:35:04,791] {processor.py:651} INFO - DAG(s) dict_keys(['football-teams']) retrieved from /opt/airflow/dags/football_teams.py
[2022-05-23 21:35:04,805] {logging_mixin.py:115} INFO - [2022-05-23 21:35:04,805] {dag.py:2371} INFO - Sync 1 DAGs
[2022-05-23 21:35:04,816] {logging_mixin.py:115} INFO - [2022-05-23 21:35:04,816] {dag.py:2915} INFO - Setting next_dagrun for football-teams to 2022-05-23T00:00:00+00:00, run_after=2022-05-24T00:00:00+00:00
[2022-05-23 21:35:04,823] {processor.py:161} INFO - Processing /opt/airflow/dags/football_teams.py took 0.042 seconds
[2022-05-23 21:35:35,579] {processor.py:153} INFO - Started process (PID=7277) to work on /opt/airflow/dags/football_teams.py
[2022-05-23 21:35:35,580] {processor.py:641} INFO - Processing file /opt/airflow/dags/football_teams.py for tasks to queue
[2022-05-23 21:35:35,580] {logging_mixin.py:115} INFO - [2022-05-23 21:35:35,580] {dagbag.py:507} INFO - Filling up the DagBag from /opt/airflow/dags/football_teams.py
[2022-05-23 21:35:35,586] {processor.py:651} INFO - DAG(s) dict_keys(['football-teams']) retrieved from /opt/airflow/dags/football_teams.py
[2022-05-23 21:35:35,600] {logging_mixin.py:115} INFO - [2022-05-23 21:35:35,600] {dag.py:2371} INFO - Sync 1 DAGs
[2022-05-23 21:35:35,611] {logging_mixin.py:115} INFO - [2022-05-23 21:35:35,611] {dag.py:2915} INFO - Setting next_dagrun for football-teams to 2022-05-23T00:00:00+00:00, run_after=2022-05-24T00:00:00+00:00
[2022-05-23 21:35:35,618] {processor.py:161} INFO - Processing /opt/airflow/dags/football_teams.py took 0.041 seconds
[2022-05-23 21:36:06,012] {processor.py:153} INFO - Started process (PID=7452) to work on /opt/airflow/dags/football_teams.py
[2022-05-23 21:36:06,012] {processor.py:641} INFO - Processing file /opt/airflow/dags/football_teams.py for tasks to queue
[2022-05-23 21:36:06,012] {logging_mixin.py:115} INFO - [2022-05-23 21:36:06,012] {dagbag.py:507} INFO - Filling up the DagBag from /opt/airflow/dags/football_teams.py
[2022-05-23 21:36:06,018] {processor.py:651} INFO - DAG(s) dict_keys(['football-teams']) retrieved from /opt/airflow/dags/football_teams.py
[2022-05-23 21:36:06,032] {logging_mixin.py:115} INFO - [2022-05-23 21:36:06,032] {dag.py:2371} INFO - Sync 1 DAGs
[2022-05-23 21:36:06,045] {logging_mixin.py:115} INFO - [2022-05-23 21:36:06,045] {dag.py:2915} INFO - Setting next_dagrun for football-teams to 2022-05-23T00:00:00+00:00, run_after=2022-05-24T00:00:00+00:00
[2022-05-23 21:36:06,052] {processor.py:161} INFO - Processing /opt/airflow/dags/football_teams.py took 0.042 seconds
[2022-05-23 21:36:36,196] {processor.py:153} INFO - Started process (PID=7529) to work on /opt/airflow/dags/football_teams.py
[2022-05-23 21:36:36,196] {processor.py:641} INFO - Processing file /opt/airflow/dags/football_teams.py for tasks to queue
[2022-05-23 21:36:36,196] {logging_mixin.py:115} INFO - [2022-05-23 21:36:36,196] {dagbag.py:507} INFO - Filling up the DagBag from /opt/airflow/dags/football_teams.py
[2022-05-23 21:36:36,203] {processor.py:651} INFO - DAG(s) dict_keys(['football-teams']) retrieved from /opt/airflow/dags/football_teams.py
[2022-05-23 21:36:36,218] {logging_mixin.py:115} INFO - [2022-05-23 21:36:36,218] {dag.py:2371} INFO - Sync 1 DAGs
[2022-05-23 21:36:36,235] {logging_mixin.py:115} INFO - [2022-05-23 21:36:36,235] {dag.py:2915} INFO - Setting next_dagrun for football-teams to 2022-05-23T00:00:00+00:00, run_after=2022-05-24T00:00:00+00:00
[2022-05-23 21:36:36,243] {processor.py:161} INFO - Processing /opt/airflow/dags/football_teams.py took 0.049 seconds
[2022-05-23 21:37:06,681] {processor.py:153} INFO - Started process (PID=7696) to work on /opt/airflow/dags/football_teams.py
[2022-05-23 21:37:06,681] {processor.py:641} INFO - Processing file /opt/airflow/dags/football_teams.py for tasks to queue
[2022-05-23 21:37:06,681] {logging_mixin.py:115} INFO - [2022-05-23 21:37:06,681] {dagbag.py:507} INFO - Filling up the DagBag from /opt/airflow/dags/football_teams.py
[2022-05-23 21:37:06,686] {processor.py:651} INFO - DAG(s) dict_keys(['football-teams']) retrieved from /opt/airflow/dags/football_teams.py
[2022-05-23 21:37:06,700] {logging_mixin.py:115} INFO - [2022-05-23 21:37:06,700] {dag.py:2371} INFO - Sync 1 DAGs
[2022-05-23 21:37:06,713] {logging_mixin.py:115} INFO - [2022-05-23 21:37:06,713] {dag.py:2915} INFO - Setting next_dagrun for football-teams to 2022-05-23T00:00:00+00:00, run_after=2022-05-24T00:00:00+00:00
[2022-05-23 21:37:06,722] {processor.py:161} INFO - Processing /opt/airflow/dags/football_teams.py took 0.043 seconds
[2022-05-23 21:37:37,023] {processor.py:153} INFO - Started process (PID=7774) to work on /opt/airflow/dags/football_teams.py
[2022-05-23 21:37:37,023] {processor.py:641} INFO - Processing file /opt/airflow/dags/football_teams.py for tasks to queue
[2022-05-23 21:37:37,024] {logging_mixin.py:115} INFO - [2022-05-23 21:37:37,023] {dagbag.py:507} INFO - Filling up the DagBag from /opt/airflow/dags/football_teams.py
[2022-05-23 21:37:37,029] {processor.py:651} INFO - DAG(s) dict_keys(['football-teams']) retrieved from /opt/airflow/dags/football_teams.py
[2022-05-23 21:37:37,043] {logging_mixin.py:115} INFO - [2022-05-23 21:37:37,043] {dag.py:2371} INFO - Sync 1 DAGs
[2022-05-23 21:37:37,056] {logging_mixin.py:115} INFO - [2022-05-23 21:37:37,056] {dag.py:2915} INFO - Setting next_dagrun for football-teams to 2022-05-23T00:00:00+00:00, run_after=2022-05-24T00:00:00+00:00
[2022-05-23 21:37:37,063] {processor.py:161} INFO - Processing /opt/airflow/dags/football_teams.py took 0.042 seconds
[2022-05-23 21:38:07,486] {processor.py:153} INFO - Started process (PID=7947) to work on /opt/airflow/dags/football_teams.py
[2022-05-23 21:38:07,487] {processor.py:641} INFO - Processing file /opt/airflow/dags/football_teams.py for tasks to queue
[2022-05-23 21:38:07,487] {logging_mixin.py:115} INFO - [2022-05-23 21:38:07,487] {dagbag.py:507} INFO - Filling up the DagBag from /opt/airflow/dags/football_teams.py
[2022-05-23 21:38:07,493] {processor.py:651} INFO - DAG(s) dict_keys(['football-teams']) retrieved from /opt/airflow/dags/football_teams.py
[2022-05-23 21:38:07,512] {logging_mixin.py:115} INFO - [2022-05-23 21:38:07,512] {dag.py:2371} INFO - Sync 1 DAGs
[2022-05-23 21:38:07,529] {logging_mixin.py:115} INFO - [2022-05-23 21:38:07,529] {dag.py:2915} INFO - Setting next_dagrun for football-teams to 2022-05-23T00:00:00+00:00, run_after=2022-05-24T00:00:00+00:00
[2022-05-23 21:38:07,537] {processor.py:161} INFO - Processing /opt/airflow/dags/football_teams.py took 0.053 seconds
[2022-05-23 21:38:37,962] {processor.py:153} INFO - Started process (PID=8018) to work on /opt/airflow/dags/football_teams.py
[2022-05-23 21:38:37,968] {processor.py:641} INFO - Processing file /opt/airflow/dags/football_teams.py for tasks to queue
[2022-05-23 21:38:37,969] {logging_mixin.py:115} INFO - [2022-05-23 21:38:37,969] {dagbag.py:507} INFO - Filling up the DagBag from /opt/airflow/dags/football_teams.py
[2022-05-23 21:38:37,979] {processor.py:651} INFO - DAG(s) dict_keys(['football-teams']) retrieved from /opt/airflow/dags/football_teams.py
[2022-05-23 21:38:37,996] {logging_mixin.py:115} INFO - [2022-05-23 21:38:37,996] {dag.py:2371} INFO - Sync 1 DAGs
[2022-05-23 21:38:38,018] {logging_mixin.py:115} INFO - [2022-05-23 21:38:38,018] {dag.py:2915} INFO - Setting next_dagrun for football-teams to 2022-05-23T00:00:00+00:00, run_after=2022-05-24T00:00:00+00:00
[2022-05-23 21:38:38,030] {processor.py:161} INFO - Processing /opt/airflow/dags/football_teams.py took 0.077 seconds
[2022-05-23 21:39:08,422] {processor.py:153} INFO - Started process (PID=8190) to work on /opt/airflow/dags/football_teams.py
[2022-05-23 21:39:08,422] {processor.py:641} INFO - Processing file /opt/airflow/dags/football_teams.py for tasks to queue
[2022-05-23 21:39:08,423] {logging_mixin.py:115} INFO - [2022-05-23 21:39:08,423] {dagbag.py:507} INFO - Filling up the DagBag from /opt/airflow/dags/football_teams.py
[2022-05-23 21:39:08,428] {processor.py:651} INFO - DAG(s) dict_keys(['football-teams']) retrieved from /opt/airflow/dags/football_teams.py
[2022-05-23 21:39:08,444] {logging_mixin.py:115} INFO - [2022-05-23 21:39:08,444] {dag.py:2371} INFO - Sync 1 DAGs
[2022-05-23 21:39:08,458] {logging_mixin.py:115} INFO - [2022-05-23 21:39:08,458] {dag.py:2915} INFO - Setting next_dagrun for football-teams to 2022-05-23T00:00:00+00:00, run_after=2022-05-24T00:00:00+00:00
[2022-05-23 21:39:08,464] {processor.py:161} INFO - Processing /opt/airflow/dags/football_teams.py took 0.044 seconds
[2022-05-23 21:39:38,735] {processor.py:153} INFO - Started process (PID=8267) to work on /opt/airflow/dags/football_teams.py
[2022-05-23 21:39:38,736] {processor.py:641} INFO - Processing file /opt/airflow/dags/football_teams.py for tasks to queue
[2022-05-23 21:39:38,737] {logging_mixin.py:115} INFO - [2022-05-23 21:39:38,737] {dagbag.py:507} INFO - Filling up the DagBag from /opt/airflow/dags/football_teams.py
[2022-05-23 21:39:38,746] {processor.py:651} INFO - DAG(s) dict_keys(['football-teams']) retrieved from /opt/airflow/dags/football_teams.py
[2022-05-23 21:39:38,765] {logging_mixin.py:115} INFO - [2022-05-23 21:39:38,765] {dag.py:2371} INFO - Sync 1 DAGs
[2022-05-23 21:39:38,784] {logging_mixin.py:115} INFO - [2022-05-23 21:39:38,784] {dag.py:2915} INFO - Setting next_dagrun for football-teams to 2022-05-23T00:00:00+00:00, run_after=2022-05-24T00:00:00+00:00
[2022-05-23 21:39:38,793] {processor.py:161} INFO - Processing /opt/airflow/dags/football_teams.py took 0.062 seconds
[2022-05-23 21:40:09,195] {processor.py:153} INFO - Started process (PID=8434) to work on /opt/airflow/dags/football_teams.py
[2022-05-23 21:40:09,195] {processor.py:641} INFO - Processing file /opt/airflow/dags/football_teams.py for tasks to queue
[2022-05-23 21:40:09,196] {logging_mixin.py:115} INFO - [2022-05-23 21:40:09,196] {dagbag.py:507} INFO - Filling up the DagBag from /opt/airflow/dags/football_teams.py
[2022-05-23 21:40:09,201] {processor.py:651} INFO - DAG(s) dict_keys(['football-teams']) retrieved from /opt/airflow/dags/football_teams.py
[2022-05-23 21:40:09,217] {logging_mixin.py:115} INFO - [2022-05-23 21:40:09,217] {dag.py:2371} INFO - Sync 1 DAGs
[2022-05-23 21:40:09,228] {logging_mixin.py:115} INFO - [2022-05-23 21:40:09,228] {dag.py:2915} INFO - Setting next_dagrun for football-teams to 2022-05-23T00:00:00+00:00, run_after=2022-05-24T00:00:00+00:00
[2022-05-23 21:40:09,234] {processor.py:161} INFO - Processing /opt/airflow/dags/football_teams.py took 0.041 seconds
[2022-05-23 21:40:39,503] {processor.py:153} INFO - Started process (PID=8510) to work on /opt/airflow/dags/football_teams.py
[2022-05-23 21:40:39,504] {processor.py:641} INFO - Processing file /opt/airflow/dags/football_teams.py for tasks to queue
[2022-05-23 21:40:39,504] {logging_mixin.py:115} INFO - [2022-05-23 21:40:39,504] {dagbag.py:507} INFO - Filling up the DagBag from /opt/airflow/dags/football_teams.py
[2022-05-23 21:40:39,513] {processor.py:651} INFO - DAG(s) dict_keys(['football-teams']) retrieved from /opt/airflow/dags/football_teams.py
[2022-05-23 21:40:39,531] {logging_mixin.py:115} INFO - [2022-05-23 21:40:39,530] {dag.py:2371} INFO - Sync 1 DAGs
[2022-05-23 21:40:39,546] {logging_mixin.py:115} INFO - [2022-05-23 21:40:39,546] {dag.py:2915} INFO - Setting next_dagrun for football-teams to 2022-05-23T00:00:00+00:00, run_after=2022-05-24T00:00:00+00:00
[2022-05-23 21:40:39,552] {processor.py:161} INFO - Processing /opt/airflow/dags/football_teams.py took 0.052 seconds
[2022-05-23 21:41:09,991] {processor.py:153} INFO - Started process (PID=8682) to work on /opt/airflow/dags/football_teams.py
[2022-05-23 21:41:09,991] {processor.py:641} INFO - Processing file /opt/airflow/dags/football_teams.py for tasks to queue
[2022-05-23 21:41:09,991] {logging_mixin.py:115} INFO - [2022-05-23 21:41:09,991] {dagbag.py:507} INFO - Filling up the DagBag from /opt/airflow/dags/football_teams.py
[2022-05-23 21:41:09,996] {processor.py:651} INFO - DAG(s) dict_keys(['football-teams']) retrieved from /opt/airflow/dags/football_teams.py
[2022-05-23 21:41:10,009] {logging_mixin.py:115} INFO - [2022-05-23 21:41:10,009] {dag.py:2371} INFO - Sync 1 DAGs
[2022-05-23 21:41:10,024] {logging_mixin.py:115} INFO - [2022-05-23 21:41:10,023] {dag.py:2915} INFO - Setting next_dagrun for football-teams to 2022-05-23T00:00:00+00:00, run_after=2022-05-24T00:00:00+00:00
[2022-05-23 21:41:10,031] {processor.py:161} INFO - Processing /opt/airflow/dags/football_teams.py took 0.042 seconds
