[2022-05-23 21:06:30,942] {processor.py:153} INFO - Started process (PID=202) to work on /opt/airflow/dags/football_teams2.py
[2022-05-23 21:06:30,942] {processor.py:641} INFO - Processing file /opt/airflow/dags/football_teams2.py for tasks to queue
[2022-05-23 21:06:30,942] {logging_mixin.py:115} INFO - [2022-05-23 21:06:30,942] {dagbag.py:507} INFO - Filling up the DagBag from /opt/airflow/dags/football_teams2.py
[2022-05-23 21:06:30,950] {processor.py:651} INFO - DAG(s) dict_keys(['football-teams2']) retrieved from /opt/airflow/dags/football_teams2.py
[2022-05-23 21:06:31,004] {logging_mixin.py:115} INFO - [2022-05-23 21:06:31,003] {manager.py:508} INFO - Created Permission View: can delete on DAG:football-teams2
[2022-05-23 21:06:31,009] {logging_mixin.py:115} INFO - [2022-05-23 21:06:31,009] {manager.py:508} INFO - Created Permission View: can edit on DAG:football-teams2
[2022-05-23 21:06:31,014] {logging_mixin.py:115} INFO - [2022-05-23 21:06:31,014] {manager.py:508} INFO - Created Permission View: can read on DAG:football-teams2
[2022-05-23 21:06:31,014] {logging_mixin.py:115} INFO - [2022-05-23 21:06:31,014] {dag.py:2371} INFO - Sync 1 DAGs
[2022-05-23 21:06:31,020] {logging_mixin.py:115} INFO - [2022-05-23 21:06:31,020] {dag.py:2390} INFO - Creating ORM DAG for football-teams2
[2022-05-23 21:06:31,028] {logging_mixin.py:115} INFO - [2022-05-23 21:06:31,028] {dag.py:2915} INFO - Setting next_dagrun for football-teams2 to 2022-05-23T00:00:00+00:00, run_after=2022-05-24T00:00:00+00:00
[2022-05-23 21:06:31,036] {processor.py:161} INFO - Processing /opt/airflow/dags/football_teams2.py took 0.096 seconds
[2022-05-23 21:07:01,502] {processor.py:153} INFO - Started process (PID=360) to work on /opt/airflow/dags/football_teams2.py
[2022-05-23 21:07:01,502] {processor.py:641} INFO - Processing file /opt/airflow/dags/football_teams2.py for tasks to queue
[2022-05-23 21:07:01,503] {logging_mixin.py:115} INFO - [2022-05-23 21:07:01,502] {dagbag.py:507} INFO - Filling up the DagBag from /opt/airflow/dags/football_teams2.py
[2022-05-23 21:07:01,508] {processor.py:651} INFO - DAG(s) dict_keys(['football-teams2']) retrieved from /opt/airflow/dags/football_teams2.py
[2022-05-23 21:07:01,522] {logging_mixin.py:115} INFO - [2022-05-23 21:07:01,522] {dag.py:2371} INFO - Sync 1 DAGs
[2022-05-23 21:07:01,534] {logging_mixin.py:115} INFO - [2022-05-23 21:07:01,534] {dag.py:2915} INFO - Setting next_dagrun for football-teams2 to 2022-05-23T00:00:00+00:00, run_after=2022-05-24T00:00:00+00:00
[2022-05-23 21:07:01,540] {processor.py:161} INFO - Processing /opt/airflow/dags/football_teams2.py took 0.040 seconds
[2022-05-23 21:07:31,946] {processor.py:153} INFO - Started process (PID=483) to work on /opt/airflow/dags/football_teams2.py
[2022-05-23 21:07:31,946] {processor.py:641} INFO - Processing file /opt/airflow/dags/football_teams2.py for tasks to queue
[2022-05-23 21:07:31,946] {logging_mixin.py:115} INFO - [2022-05-23 21:07:31,946] {dagbag.py:507} INFO - Filling up the DagBag from /opt/airflow/dags/football_teams2.py
[2022-05-23 21:07:31,952] {processor.py:651} INFO - DAG(s) dict_keys(['football-teams2']) retrieved from /opt/airflow/dags/football_teams2.py
[2022-05-23 21:07:31,970] {logging_mixin.py:115} INFO - [2022-05-23 21:07:31,970] {dag.py:2371} INFO - Sync 1 DAGs
[2022-05-23 21:07:31,988] {logging_mixin.py:115} INFO - [2022-05-23 21:07:31,987] {dag.py:2915} INFO - Setting next_dagrun for football-teams2 to 2022-05-23T00:00:00+00:00, run_after=2022-05-24T00:00:00+00:00
[2022-05-23 21:07:31,996] {processor.py:161} INFO - Processing /opt/airflow/dags/football_teams2.py took 0.052 seconds
[2022-05-23 21:08:02,633] {processor.py:153} INFO - Started process (PID=610) to work on /opt/airflow/dags/football_teams2.py
[2022-05-23 21:08:02,634] {processor.py:641} INFO - Processing file /opt/airflow/dags/football_teams2.py for tasks to queue
[2022-05-23 21:08:02,634] {logging_mixin.py:115} INFO - [2022-05-23 21:08:02,634] {dagbag.py:507} INFO - Filling up the DagBag from /opt/airflow/dags/football_teams2.py
[2022-05-23 21:08:02,640] {processor.py:651} INFO - DAG(s) dict_keys(['football-teams2']) retrieved from /opt/airflow/dags/football_teams2.py
[2022-05-23 21:08:02,654] {logging_mixin.py:115} INFO - [2022-05-23 21:08:02,654] {dag.py:2371} INFO - Sync 1 DAGs
[2022-05-23 21:08:02,667] {logging_mixin.py:115} INFO - [2022-05-23 21:08:02,667] {dag.py:2915} INFO - Setting next_dagrun for football-teams2 to 2022-05-23T00:00:00+00:00, run_after=2022-05-24T00:00:00+00:00
[2022-05-23 21:08:02,673] {processor.py:161} INFO - Processing /opt/airflow/dags/football_teams2.py took 0.042 seconds
[2022-05-23 21:08:33,092] {processor.py:153} INFO - Started process (PID=769) to work on /opt/airflow/dags/football_teams2.py
[2022-05-23 21:08:33,093] {processor.py:641} INFO - Processing file /opt/airflow/dags/football_teams2.py for tasks to queue
[2022-05-23 21:08:33,093] {logging_mixin.py:115} INFO - [2022-05-23 21:08:33,093] {dagbag.py:507} INFO - Filling up the DagBag from /opt/airflow/dags/football_teams2.py
[2022-05-23 21:08:33,098] {processor.py:651} INFO - DAG(s) dict_keys(['football-teams2']) retrieved from /opt/airflow/dags/football_teams2.py
[2022-05-23 21:08:33,111] {logging_mixin.py:115} INFO - [2022-05-23 21:08:33,111] {dag.py:2371} INFO - Sync 1 DAGs
[2022-05-23 21:08:33,121] {logging_mixin.py:115} INFO - [2022-05-23 21:08:33,121] {dag.py:2915} INFO - Setting next_dagrun for football-teams2 to 2022-05-23T00:00:00+00:00, run_after=2022-05-24T00:00:00+00:00
[2022-05-23 21:08:33,127] {processor.py:161} INFO - Processing /opt/airflow/dags/football_teams2.py took 0.036 seconds
[2022-05-23 21:09:03,768] {processor.py:153} INFO - Started process (PID=853) to work on /opt/airflow/dags/football_teams2.py
[2022-05-23 21:09:03,768] {processor.py:641} INFO - Processing file /opt/airflow/dags/football_teams2.py for tasks to queue
[2022-05-23 21:09:03,768] {logging_mixin.py:115} INFO - [2022-05-23 21:09:03,768] {dagbag.py:507} INFO - Filling up the DagBag from /opt/airflow/dags/football_teams2.py
[2022-05-23 21:09:03,774] {processor.py:651} INFO - DAG(s) dict_keys(['football-teams2']) retrieved from /opt/airflow/dags/football_teams2.py
[2022-05-23 21:09:03,786] {logging_mixin.py:115} INFO - [2022-05-23 21:09:03,786] {dag.py:2371} INFO - Sync 1 DAGs
[2022-05-23 21:09:03,797] {logging_mixin.py:115} INFO - [2022-05-23 21:09:03,797] {dag.py:2915} INFO - Setting next_dagrun for football-teams2 to 2022-05-23T00:00:00+00:00, run_after=2022-05-24T00:00:00+00:00
[2022-05-23 21:09:03,802] {processor.py:161} INFO - Processing /opt/airflow/dags/football_teams2.py took 0.036 seconds
[2022-05-23 21:09:34,233] {processor.py:153} INFO - Started process (PID=1019) to work on /opt/airflow/dags/football_teams2.py
[2022-05-23 21:09:34,233] {processor.py:641} INFO - Processing file /opt/airflow/dags/football_teams2.py for tasks to queue
[2022-05-23 21:09:34,233] {logging_mixin.py:115} INFO - [2022-05-23 21:09:34,233] {dagbag.py:507} INFO - Filling up the DagBag from /opt/airflow/dags/football_teams2.py
[2022-05-23 21:09:34,238] {processor.py:651} INFO - DAG(s) dict_keys(['football-teams2']) retrieved from /opt/airflow/dags/football_teams2.py
[2022-05-23 21:09:34,251] {logging_mixin.py:115} INFO - [2022-05-23 21:09:34,251] {dag.py:2371} INFO - Sync 1 DAGs
[2022-05-23 21:09:34,262] {logging_mixin.py:115} INFO - [2022-05-23 21:09:34,262] {dag.py:2915} INFO - Setting next_dagrun for football-teams2 to 2022-05-23T00:00:00+00:00, run_after=2022-05-24T00:00:00+00:00
[2022-05-23 21:09:34,267] {processor.py:161} INFO - Processing /opt/airflow/dags/football_teams2.py took 0.036 seconds
[2022-05-23 21:10:04,927] {processor.py:153} INFO - Started process (PID=1104) to work on /opt/airflow/dags/football_teams2.py
[2022-05-23 21:10:04,928] {processor.py:641} INFO - Processing file /opt/airflow/dags/football_teams2.py for tasks to queue
[2022-05-23 21:10:04,928] {logging_mixin.py:115} INFO - [2022-05-23 21:10:04,928] {dagbag.py:507} INFO - Filling up the DagBag from /opt/airflow/dags/football_teams2.py
[2022-05-23 21:10:04,934] {processor.py:651} INFO - DAG(s) dict_keys(['football-teams2']) retrieved from /opt/airflow/dags/football_teams2.py
[2022-05-23 21:10:04,947] {logging_mixin.py:115} INFO - [2022-05-23 21:10:04,947] {dag.py:2371} INFO - Sync 1 DAGs
[2022-05-23 21:10:04,959] {logging_mixin.py:115} INFO - [2022-05-23 21:10:04,959] {dag.py:2915} INFO - Setting next_dagrun for football-teams2 to 2022-05-23T00:00:00+00:00, run_after=2022-05-24T00:00:00+00:00
[2022-05-23 21:10:04,964] {processor.py:161} INFO - Processing /opt/airflow/dags/football_teams2.py took 0.038 seconds
[2022-05-23 21:10:35,407] {processor.py:153} INFO - Started process (PID=1261) to work on /opt/airflow/dags/football_teams2.py
[2022-05-23 21:10:35,407] {processor.py:641} INFO - Processing file /opt/airflow/dags/football_teams2.py for tasks to queue
[2022-05-23 21:10:35,407] {logging_mixin.py:115} INFO - [2022-05-23 21:10:35,407] {dagbag.py:507} INFO - Filling up the DagBag from /opt/airflow/dags/football_teams2.py
[2022-05-23 21:10:35,412] {processor.py:651} INFO - DAG(s) dict_keys(['football-teams2']) retrieved from /opt/airflow/dags/football_teams2.py
[2022-05-23 21:10:35,425] {logging_mixin.py:115} INFO - [2022-05-23 21:10:35,425] {dag.py:2371} INFO - Sync 1 DAGs
[2022-05-23 21:10:35,435] {logging_mixin.py:115} INFO - [2022-05-23 21:10:35,435] {dag.py:2915} INFO - Setting next_dagrun for football-teams2 to 2022-05-23T00:00:00+00:00, run_after=2022-05-24T00:00:00+00:00
[2022-05-23 21:10:35,442] {processor.py:161} INFO - Processing /opt/airflow/dags/football_teams2.py took 0.036 seconds
[2022-05-23 21:11:06,363] {processor.py:153} INFO - Started process (PID=1345) to work on /opt/airflow/dags/football_teams2.py
[2022-05-23 21:11:06,365] {processor.py:641} INFO - Processing file /opt/airflow/dags/football_teams2.py for tasks to queue
[2022-05-23 21:11:06,365] {logging_mixin.py:115} INFO - [2022-05-23 21:11:06,365] {dagbag.py:507} INFO - Filling up the DagBag from /opt/airflow/dags/football_teams2.py
[2022-05-23 21:11:06,380] {processor.py:651} INFO - DAG(s) dict_keys(['football-teams2']) retrieved from /opt/airflow/dags/football_teams2.py
[2022-05-23 21:11:06,406] {logging_mixin.py:115} INFO - [2022-05-23 21:11:06,406] {dag.py:2371} INFO - Sync 1 DAGs
[2022-05-23 21:11:06,427] {logging_mixin.py:115} INFO - [2022-05-23 21:11:06,427] {dag.py:2915} INFO - Setting next_dagrun for football-teams2 to 2022-05-23T00:00:00+00:00, run_after=2022-05-24T00:00:00+00:00
[2022-05-23 21:11:06,439] {processor.py:161} INFO - Processing /opt/airflow/dags/football_teams2.py took 0.078 seconds
[2022-05-23 21:11:36,970] {processor.py:153} INFO - Started process (PID=1509) to work on /opt/airflow/dags/football_teams2.py
[2022-05-23 21:11:36,970] {processor.py:641} INFO - Processing file /opt/airflow/dags/football_teams2.py for tasks to queue
[2022-05-23 21:11:36,970] {logging_mixin.py:115} INFO - [2022-05-23 21:11:36,970] {dagbag.py:507} INFO - Filling up the DagBag from /opt/airflow/dags/football_teams2.py
[2022-05-23 21:11:36,977] {processor.py:651} INFO - DAG(s) dict_keys(['football-teams2']) retrieved from /opt/airflow/dags/football_teams2.py
[2022-05-23 21:11:36,992] {logging_mixin.py:115} INFO - [2022-05-23 21:11:36,992] {dag.py:2371} INFO - Sync 1 DAGs
[2022-05-23 21:11:37,003] {logging_mixin.py:115} INFO - [2022-05-23 21:11:37,003] {dag.py:2915} INFO - Setting next_dagrun for football-teams2 to 2022-05-23T00:00:00+00:00, run_after=2022-05-24T00:00:00+00:00
[2022-05-23 21:11:37,009] {processor.py:161} INFO - Processing /opt/airflow/dags/football_teams2.py took 0.041 seconds
[2022-05-23 21:12:07,658] {processor.py:153} INFO - Started process (PID=1593) to work on /opt/airflow/dags/football_teams2.py
[2022-05-23 21:12:07,659] {processor.py:641} INFO - Processing file /opt/airflow/dags/football_teams2.py for tasks to queue
[2022-05-23 21:12:07,659] {logging_mixin.py:115} INFO - [2022-05-23 21:12:07,659] {dagbag.py:507} INFO - Filling up the DagBag from /opt/airflow/dags/football_teams2.py
[2022-05-23 21:12:07,665] {processor.py:651} INFO - DAG(s) dict_keys(['football-teams2']) retrieved from /opt/airflow/dags/football_teams2.py
[2022-05-23 21:12:07,680] {logging_mixin.py:115} INFO - [2022-05-23 21:12:07,679] {dag.py:2371} INFO - Sync 1 DAGs
[2022-05-23 21:12:07,692] {logging_mixin.py:115} INFO - [2022-05-23 21:12:07,692] {dag.py:2915} INFO - Setting next_dagrun for football-teams2 to 2022-05-23T00:00:00+00:00, run_after=2022-05-24T00:00:00+00:00
[2022-05-23 21:12:07,700] {processor.py:161} INFO - Processing /opt/airflow/dags/football_teams2.py took 0.043 seconds
[2022-05-23 21:12:38,113] {processor.py:153} INFO - Started process (PID=1754) to work on /opt/airflow/dags/football_teams2.py
[2022-05-23 21:12:38,113] {processor.py:641} INFO - Processing file /opt/airflow/dags/football_teams2.py for tasks to queue
[2022-05-23 21:12:38,114] {logging_mixin.py:115} INFO - [2022-05-23 21:12:38,114] {dagbag.py:507} INFO - Filling up the DagBag from /opt/airflow/dags/football_teams2.py
[2022-05-23 21:12:38,120] {processor.py:651} INFO - DAG(s) dict_keys(['football-teams2']) retrieved from /opt/airflow/dags/football_teams2.py
[2022-05-23 21:12:38,135] {logging_mixin.py:115} INFO - [2022-05-23 21:12:38,134] {dag.py:2371} INFO - Sync 1 DAGs
[2022-05-23 21:12:38,147] {logging_mixin.py:115} INFO - [2022-05-23 21:12:38,147] {dag.py:2915} INFO - Setting next_dagrun for football-teams2 to 2022-05-23T00:00:00+00:00, run_after=2022-05-24T00:00:00+00:00
[2022-05-23 21:12:38,155] {processor.py:161} INFO - Processing /opt/airflow/dags/football_teams2.py took 0.043 seconds
[2022-05-23 21:13:08,947] {processor.py:153} INFO - Started process (PID=1838) to work on /opt/airflow/dags/football_teams2.py
[2022-05-23 21:13:08,947] {processor.py:641} INFO - Processing file /opt/airflow/dags/football_teams2.py for tasks to queue
[2022-05-23 21:13:08,948] {logging_mixin.py:115} INFO - [2022-05-23 21:13:08,948] {dagbag.py:507} INFO - Filling up the DagBag from /opt/airflow/dags/football_teams2.py
[2022-05-23 21:13:08,954] {processor.py:651} INFO - DAG(s) dict_keys(['football-teams2']) retrieved from /opt/airflow/dags/football_teams2.py
[2022-05-23 21:13:08,970] {logging_mixin.py:115} INFO - [2022-05-23 21:13:08,970] {dag.py:2371} INFO - Sync 1 DAGs
[2022-05-23 21:13:08,983] {logging_mixin.py:115} INFO - [2022-05-23 21:13:08,983] {dag.py:2915} INFO - Setting next_dagrun for football-teams2 to 2022-05-23T00:00:00+00:00, run_after=2022-05-24T00:00:00+00:00
[2022-05-23 21:13:08,989] {processor.py:161} INFO - Processing /opt/airflow/dags/football_teams2.py took 0.044 seconds
[2022-05-23 21:13:39,375] {processor.py:153} INFO - Started process (PID=2007) to work on /opt/airflow/dags/football_teams2.py
[2022-05-23 21:13:39,376] {processor.py:641} INFO - Processing file /opt/airflow/dags/football_teams2.py for tasks to queue
[2022-05-23 21:13:39,376] {logging_mixin.py:115} INFO - [2022-05-23 21:13:39,376] {dagbag.py:507} INFO - Filling up the DagBag from /opt/airflow/dags/football_teams2.py
[2022-05-23 21:13:39,382] {processor.py:651} INFO - DAG(s) dict_keys(['football-teams2']) retrieved from /opt/airflow/dags/football_teams2.py
[2022-05-23 21:13:39,395] {logging_mixin.py:115} INFO - [2022-05-23 21:13:39,395] {dag.py:2371} INFO - Sync 1 DAGs
[2022-05-23 21:13:39,406] {logging_mixin.py:115} INFO - [2022-05-23 21:13:39,406] {dag.py:2915} INFO - Setting next_dagrun for football-teams2 to 2022-05-23T00:00:00+00:00, run_after=2022-05-24T00:00:00+00:00
[2022-05-23 21:13:39,412] {processor.py:161} INFO - Processing /opt/airflow/dags/football_teams2.py took 0.038 seconds
[2022-05-23 21:14:10,103] {processor.py:153} INFO - Started process (PID=2091) to work on /opt/airflow/dags/football_teams2.py
[2022-05-23 21:14:10,103] {processor.py:641} INFO - Processing file /opt/airflow/dags/football_teams2.py for tasks to queue
[2022-05-23 21:14:10,103] {logging_mixin.py:115} INFO - [2022-05-23 21:14:10,103] {dagbag.py:507} INFO - Filling up the DagBag from /opt/airflow/dags/football_teams2.py
[2022-05-23 21:14:10,111] {processor.py:651} INFO - DAG(s) dict_keys(['football-teams2']) retrieved from /opt/airflow/dags/football_teams2.py
[2022-05-23 21:14:10,132] {logging_mixin.py:115} INFO - [2022-05-23 21:14:10,132] {dag.py:2371} INFO - Sync 1 DAGs
[2022-05-23 21:14:10,153] {logging_mixin.py:115} INFO - [2022-05-23 21:14:10,152] {dag.py:2915} INFO - Setting next_dagrun for football-teams2 to 2022-05-23T00:00:00+00:00, run_after=2022-05-24T00:00:00+00:00
[2022-05-23 21:14:10,163] {processor.py:161} INFO - Processing /opt/airflow/dags/football_teams2.py took 0.062 seconds
[2022-05-23 21:14:40,655] {processor.py:153} INFO - Started process (PID=2253) to work on /opt/airflow/dags/football_teams2.py
[2022-05-23 21:14:40,655] {processor.py:641} INFO - Processing file /opt/airflow/dags/football_teams2.py for tasks to queue
[2022-05-23 21:14:40,655] {logging_mixin.py:115} INFO - [2022-05-23 21:14:40,655] {dagbag.py:507} INFO - Filling up the DagBag from /opt/airflow/dags/football_teams2.py
[2022-05-23 21:14:40,662] {processor.py:651} INFO - DAG(s) dict_keys(['football-teams2']) retrieved from /opt/airflow/dags/football_teams2.py
[2022-05-23 21:14:40,677] {logging_mixin.py:115} INFO - [2022-05-23 21:14:40,676] {dag.py:2371} INFO - Sync 1 DAGs
[2022-05-23 21:14:40,689] {logging_mixin.py:115} INFO - [2022-05-23 21:14:40,689] {dag.py:2915} INFO - Setting next_dagrun for football-teams2 to 2022-05-23T00:00:00+00:00, run_after=2022-05-24T00:00:00+00:00
[2022-05-23 21:14:40,695] {processor.py:161} INFO - Processing /opt/airflow/dags/football_teams2.py took 0.042 seconds
[2022-05-23 21:15:10,749] {processor.py:153} INFO - Started process (PID=2338) to work on /opt/airflow/dags/football_teams2.py
[2022-05-23 21:15:10,750] {processor.py:641} INFO - Processing file /opt/airflow/dags/football_teams2.py for tasks to queue
[2022-05-23 21:15:10,750] {logging_mixin.py:115} INFO - [2022-05-23 21:15:10,750] {dagbag.py:507} INFO - Filling up the DagBag from /opt/airflow/dags/football_teams2.py
[2022-05-23 21:15:10,757] {processor.py:651} INFO - DAG(s) dict_keys(['football-teams2']) retrieved from /opt/airflow/dags/football_teams2.py
[2022-05-23 21:15:10,775] {logging_mixin.py:115} INFO - [2022-05-23 21:15:10,775] {dag.py:2371} INFO - Sync 1 DAGs
[2022-05-23 21:15:10,791] {logging_mixin.py:115} INFO - [2022-05-23 21:15:10,791] {dag.py:2915} INFO - Setting next_dagrun for football-teams2 to 2022-05-23T00:00:00+00:00, run_after=2022-05-24T00:00:00+00:00
[2022-05-23 21:15:10,804] {processor.py:161} INFO - Processing /opt/airflow/dags/football_teams2.py took 0.057 seconds
[2022-05-23 21:15:41,394] {processor.py:153} INFO - Started process (PID=2507) to work on /opt/airflow/dags/football_teams2.py
[2022-05-23 21:15:41,394] {processor.py:641} INFO - Processing file /opt/airflow/dags/football_teams2.py for tasks to queue
[2022-05-23 21:15:41,395] {logging_mixin.py:115} INFO - [2022-05-23 21:15:41,395] {dagbag.py:507} INFO - Filling up the DagBag from /opt/airflow/dags/football_teams2.py
[2022-05-23 21:15:41,403] {processor.py:651} INFO - DAG(s) dict_keys(['football-teams2']) retrieved from /opt/airflow/dags/football_teams2.py
[2022-05-23 21:15:41,421] {logging_mixin.py:115} INFO - [2022-05-23 21:15:41,421] {dag.py:2371} INFO - Sync 1 DAGs
[2022-05-23 21:15:41,437] {logging_mixin.py:115} INFO - [2022-05-23 21:15:41,437] {dag.py:2915} INFO - Setting next_dagrun for football-teams2 to 2022-05-23T00:00:00+00:00, run_after=2022-05-24T00:00:00+00:00
[2022-05-23 21:15:41,446] {processor.py:161} INFO - Processing /opt/airflow/dags/football_teams2.py took 0.055 seconds
[2022-05-23 21:16:12,147] {processor.py:153} INFO - Started process (PID=2583) to work on /opt/airflow/dags/football_teams2.py
[2022-05-23 21:16:12,147] {processor.py:641} INFO - Processing file /opt/airflow/dags/football_teams2.py for tasks to queue
[2022-05-23 21:16:12,148] {logging_mixin.py:115} INFO - [2022-05-23 21:16:12,148] {dagbag.py:507} INFO - Filling up the DagBag from /opt/airflow/dags/football_teams2.py
[2022-05-23 21:16:12,155] {processor.py:651} INFO - DAG(s) dict_keys(['football-teams2']) retrieved from /opt/airflow/dags/football_teams2.py
[2022-05-23 21:16:12,173] {logging_mixin.py:115} INFO - [2022-05-23 21:16:12,173] {dag.py:2371} INFO - Sync 1 DAGs
[2022-05-23 21:16:12,189] {logging_mixin.py:115} INFO - [2022-05-23 21:16:12,189] {dag.py:2915} INFO - Setting next_dagrun for football-teams2 to 2022-05-23T00:00:00+00:00, run_after=2022-05-24T00:00:00+00:00
[2022-05-23 21:16:12,196] {processor.py:161} INFO - Processing /opt/airflow/dags/football_teams2.py took 0.052 seconds
[2022-05-23 21:16:42,822] {processor.py:153} INFO - Started process (PID=2751) to work on /opt/airflow/dags/football_teams2.py
[2022-05-23 21:16:42,822] {processor.py:641} INFO - Processing file /opt/airflow/dags/football_teams2.py for tasks to queue
[2022-05-23 21:16:42,823] {logging_mixin.py:115} INFO - [2022-05-23 21:16:42,823] {dagbag.py:507} INFO - Filling up the DagBag from /opt/airflow/dags/football_teams2.py
[2022-05-23 21:16:42,838] {processor.py:651} INFO - DAG(s) dict_keys(['football-teams2']) retrieved from /opt/airflow/dags/football_teams2.py
[2022-05-23 21:16:42,857] {logging_mixin.py:115} INFO - [2022-05-23 21:16:42,857] {dag.py:2371} INFO - Sync 1 DAGs
[2022-05-23 21:16:42,876] {logging_mixin.py:115} INFO - [2022-05-23 21:16:42,876] {dag.py:2915} INFO - Setting next_dagrun for football-teams2 to 2022-05-23T00:00:00+00:00, run_after=2022-05-24T00:00:00+00:00
[2022-05-23 21:16:42,885] {processor.py:161} INFO - Processing /opt/airflow/dags/football_teams2.py took 0.066 seconds
[2022-05-23 21:17:13,673] {processor.py:153} INFO - Started process (PID=2835) to work on /opt/airflow/dags/football_teams2.py
[2022-05-23 21:17:13,674] {processor.py:641} INFO - Processing file /opt/airflow/dags/football_teams2.py for tasks to queue
[2022-05-23 21:17:13,674] {logging_mixin.py:115} INFO - [2022-05-23 21:17:13,674] {dagbag.py:507} INFO - Filling up the DagBag from /opt/airflow/dags/football_teams2.py
[2022-05-23 21:17:13,680] {processor.py:651} INFO - DAG(s) dict_keys(['football-teams2']) retrieved from /opt/airflow/dags/football_teams2.py
[2022-05-23 21:17:13,695] {logging_mixin.py:115} INFO - [2022-05-23 21:17:13,695] {dag.py:2371} INFO - Sync 1 DAGs
[2022-05-23 21:17:13,708] {logging_mixin.py:115} INFO - [2022-05-23 21:17:13,708] {dag.py:2915} INFO - Setting next_dagrun for football-teams2 to 2022-05-23T00:00:00+00:00, run_after=2022-05-24T00:00:00+00:00
[2022-05-23 21:17:13,714] {processor.py:161} INFO - Processing /opt/airflow/dags/football_teams2.py took 0.042 seconds
[2022-05-23 21:17:44,128] {processor.py:153} INFO - Started process (PID=2991) to work on /opt/airflow/dags/football_teams2.py
[2022-05-23 21:17:44,128] {processor.py:641} INFO - Processing file /opt/airflow/dags/football_teams2.py for tasks to queue
[2022-05-23 21:17:44,129] {logging_mixin.py:115} INFO - [2022-05-23 21:17:44,129] {dagbag.py:507} INFO - Filling up the DagBag from /opt/airflow/dags/football_teams2.py
[2022-05-23 21:17:44,134] {processor.py:651} INFO - DAG(s) dict_keys(['football-teams2']) retrieved from /opt/airflow/dags/football_teams2.py
[2022-05-23 21:17:44,147] {logging_mixin.py:115} INFO - [2022-05-23 21:17:44,147] {dag.py:2371} INFO - Sync 1 DAGs
[2022-05-23 21:17:44,159] {logging_mixin.py:115} INFO - [2022-05-23 21:17:44,159] {dag.py:2915} INFO - Setting next_dagrun for football-teams2 to 2022-05-23T00:00:00+00:00, run_after=2022-05-24T00:00:00+00:00
[2022-05-23 21:17:44,165] {processor.py:161} INFO - Processing /opt/airflow/dags/football_teams2.py took 0.038 seconds
[2022-05-23 21:18:15,048] {processor.py:153} INFO - Started process (PID=3075) to work on /opt/airflow/dags/football_teams2.py
[2022-05-23 21:18:15,048] {processor.py:641} INFO - Processing file /opt/airflow/dags/football_teams2.py for tasks to queue
[2022-05-23 21:18:15,049] {logging_mixin.py:115} INFO - [2022-05-23 21:18:15,049] {dagbag.py:507} INFO - Filling up the DagBag from /opt/airflow/dags/football_teams2.py
[2022-05-23 21:18:15,054] {processor.py:651} INFO - DAG(s) dict_keys(['football-teams2']) retrieved from /opt/airflow/dags/football_teams2.py
[2022-05-23 21:18:15,067] {logging_mixin.py:115} INFO - [2022-05-23 21:18:15,067] {dag.py:2371} INFO - Sync 1 DAGs
[2022-05-23 21:18:15,079] {logging_mixin.py:115} INFO - [2022-05-23 21:18:15,079] {dag.py:2915} INFO - Setting next_dagrun for football-teams2 to 2022-05-23T00:00:00+00:00, run_after=2022-05-24T00:00:00+00:00
[2022-05-23 21:18:15,085] {processor.py:161} INFO - Processing /opt/airflow/dags/football_teams2.py took 0.038 seconds
[2022-05-23 21:18:45,548] {processor.py:153} INFO - Started process (PID=3240) to work on /opt/airflow/dags/football_teams2.py
[2022-05-23 21:18:45,549] {processor.py:641} INFO - Processing file /opt/airflow/dags/football_teams2.py for tasks to queue
[2022-05-23 21:18:45,549] {logging_mixin.py:115} INFO - [2022-05-23 21:18:45,549] {dagbag.py:507} INFO - Filling up the DagBag from /opt/airflow/dags/football_teams2.py
[2022-05-23 21:18:45,554] {processor.py:651} INFO - DAG(s) dict_keys(['football-teams2']) retrieved from /opt/airflow/dags/football_teams2.py
[2022-05-23 21:18:45,570] {logging_mixin.py:115} INFO - [2022-05-23 21:18:45,570] {dag.py:2371} INFO - Sync 1 DAGs
[2022-05-23 21:18:45,582] {logging_mixin.py:115} INFO - [2022-05-23 21:18:45,582] {dag.py:2915} INFO - Setting next_dagrun for football-teams2 to 2022-05-23T00:00:00+00:00, run_after=2022-05-24T00:00:00+00:00
[2022-05-23 21:18:45,588] {processor.py:161} INFO - Processing /opt/airflow/dags/football_teams2.py took 0.042 seconds
[2022-05-23 21:19:16,254] {processor.py:153} INFO - Started process (PID=3324) to work on /opt/airflow/dags/football_teams2.py
[2022-05-23 21:19:16,254] {processor.py:641} INFO - Processing file /opt/airflow/dags/football_teams2.py for tasks to queue
[2022-05-23 21:19:16,255] {logging_mixin.py:115} INFO - [2022-05-23 21:19:16,254] {dagbag.py:507} INFO - Filling up the DagBag from /opt/airflow/dags/football_teams2.py
[2022-05-23 21:19:16,261] {processor.py:651} INFO - DAG(s) dict_keys(['football-teams2']) retrieved from /opt/airflow/dags/football_teams2.py
[2022-05-23 21:19:16,277] {logging_mixin.py:115} INFO - [2022-05-23 21:19:16,277] {dag.py:2371} INFO - Sync 1 DAGs
[2022-05-23 21:19:16,291] {logging_mixin.py:115} INFO - [2022-05-23 21:19:16,291] {dag.py:2915} INFO - Setting next_dagrun for football-teams2 to 2022-05-23T00:00:00+00:00, run_after=2022-05-24T00:00:00+00:00
[2022-05-23 21:19:16,298] {processor.py:161} INFO - Processing /opt/airflow/dags/football_teams2.py took 0.046 seconds
[2022-05-23 21:19:46,729] {processor.py:153} INFO - Started process (PID=3481) to work on /opt/airflow/dags/football_teams2.py
[2022-05-23 21:19:46,729] {processor.py:641} INFO - Processing file /opt/airflow/dags/football_teams2.py for tasks to queue
[2022-05-23 21:19:46,729] {logging_mixin.py:115} INFO - [2022-05-23 21:19:46,729] {dagbag.py:507} INFO - Filling up the DagBag from /opt/airflow/dags/football_teams2.py
[2022-05-23 21:19:46,735] {processor.py:651} INFO - DAG(s) dict_keys(['football-teams2']) retrieved from /opt/airflow/dags/football_teams2.py
[2022-05-23 21:19:46,750] {logging_mixin.py:115} INFO - [2022-05-23 21:19:46,750] {dag.py:2371} INFO - Sync 1 DAGs
[2022-05-23 21:19:46,762] {logging_mixin.py:115} INFO - [2022-05-23 21:19:46,762] {dag.py:2915} INFO - Setting next_dagrun for football-teams2 to 2022-05-23T00:00:00+00:00, run_after=2022-05-24T00:00:00+00:00
[2022-05-23 21:19:46,767] {processor.py:161} INFO - Processing /opt/airflow/dags/football_teams2.py took 0.040 seconds
[2022-05-23 21:20:17,508] {processor.py:153} INFO - Started process (PID=3564) to work on /opt/airflow/dags/football_teams2.py
[2022-05-23 21:20:17,508] {processor.py:641} INFO - Processing file /opt/airflow/dags/football_teams2.py for tasks to queue
[2022-05-23 21:20:17,508] {logging_mixin.py:115} INFO - [2022-05-23 21:20:17,508] {dagbag.py:507} INFO - Filling up the DagBag from /opt/airflow/dags/football_teams2.py
[2022-05-23 21:20:17,514] {processor.py:651} INFO - DAG(s) dict_keys(['football-teams2']) retrieved from /opt/airflow/dags/football_teams2.py
[2022-05-23 21:20:17,526] {logging_mixin.py:115} INFO - [2022-05-23 21:20:17,526] {dag.py:2371} INFO - Sync 1 DAGs
[2022-05-23 21:20:17,537] {logging_mixin.py:115} INFO - [2022-05-23 21:20:17,537] {dag.py:2915} INFO - Setting next_dagrun for football-teams2 to 2022-05-23T00:00:00+00:00, run_after=2022-05-24T00:00:00+00:00
[2022-05-23 21:20:17,542] {processor.py:161} INFO - Processing /opt/airflow/dags/football_teams2.py took 0.036 seconds
[2022-05-23 21:20:47,980] {processor.py:153} INFO - Started process (PID=3731) to work on /opt/airflow/dags/football_teams2.py
[2022-05-23 21:20:47,980] {processor.py:641} INFO - Processing file /opt/airflow/dags/football_teams2.py for tasks to queue
[2022-05-23 21:20:47,980] {logging_mixin.py:115} INFO - [2022-05-23 21:20:47,980] {dagbag.py:507} INFO - Filling up the DagBag from /opt/airflow/dags/football_teams2.py
[2022-05-23 21:20:47,986] {processor.py:651} INFO - DAG(s) dict_keys(['football-teams2']) retrieved from /opt/airflow/dags/football_teams2.py
[2022-05-23 21:20:48,000] {logging_mixin.py:115} INFO - [2022-05-23 21:20:47,999] {dag.py:2371} INFO - Sync 1 DAGs
[2022-05-23 21:20:48,011] {logging_mixin.py:115} INFO - [2022-05-23 21:20:48,011] {dag.py:2915} INFO - Setting next_dagrun for football-teams2 to 2022-05-23T00:00:00+00:00, run_after=2022-05-24T00:00:00+00:00
[2022-05-23 21:20:48,018] {processor.py:161} INFO - Processing /opt/airflow/dags/football_teams2.py took 0.040 seconds
[2022-05-23 21:21:18,677] {processor.py:153} INFO - Started process (PID=3815) to work on /opt/airflow/dags/football_teams2.py
[2022-05-23 21:21:18,678] {processor.py:641} INFO - Processing file /opt/airflow/dags/football_teams2.py for tasks to queue
[2022-05-23 21:21:18,678] {logging_mixin.py:115} INFO - [2022-05-23 21:21:18,678] {dagbag.py:507} INFO - Filling up the DagBag from /opt/airflow/dags/football_teams2.py
[2022-05-23 21:21:18,684] {processor.py:651} INFO - DAG(s) dict_keys(['football-teams2']) retrieved from /opt/airflow/dags/football_teams2.py
[2022-05-23 21:21:18,699] {logging_mixin.py:115} INFO - [2022-05-23 21:21:18,699] {dag.py:2371} INFO - Sync 1 DAGs
[2022-05-23 21:21:18,712] {logging_mixin.py:115} INFO - [2022-05-23 21:21:18,712] {dag.py:2915} INFO - Setting next_dagrun for football-teams2 to 2022-05-23T00:00:00+00:00, run_after=2022-05-24T00:00:00+00:00
[2022-05-23 21:21:18,718] {processor.py:161} INFO - Processing /opt/airflow/dags/football_teams2.py took 0.042 seconds
[2022-05-23 21:21:49,118] {processor.py:153} INFO - Started process (PID=3976) to work on /opt/airflow/dags/football_teams2.py
[2022-05-23 21:21:49,118] {processor.py:641} INFO - Processing file /opt/airflow/dags/football_teams2.py for tasks to queue
[2022-05-23 21:21:49,118] {logging_mixin.py:115} INFO - [2022-05-23 21:21:49,118] {dagbag.py:507} INFO - Filling up the DagBag from /opt/airflow/dags/football_teams2.py
[2022-05-23 21:21:49,124] {processor.py:651} INFO - DAG(s) dict_keys(['football-teams2']) retrieved from /opt/airflow/dags/football_teams2.py
[2022-05-23 21:21:49,137] {logging_mixin.py:115} INFO - [2022-05-23 21:21:49,137] {dag.py:2371} INFO - Sync 1 DAGs
[2022-05-23 21:21:49,148] {logging_mixin.py:115} INFO - [2022-05-23 21:21:49,148] {dag.py:2915} INFO - Setting next_dagrun for football-teams2 to 2022-05-23T00:00:00+00:00, run_after=2022-05-24T00:00:00+00:00
[2022-05-23 21:21:49,154] {processor.py:161} INFO - Processing /opt/airflow/dags/football_teams2.py took 0.038 seconds
[2022-05-23 21:22:19,829] {processor.py:153} INFO - Started process (PID=4057) to work on /opt/airflow/dags/football_teams2.py
[2022-05-23 21:22:19,829] {processor.py:641} INFO - Processing file /opt/airflow/dags/football_teams2.py for tasks to queue
[2022-05-23 21:22:19,829] {logging_mixin.py:115} INFO - [2022-05-23 21:22:19,829] {dagbag.py:507} INFO - Filling up the DagBag from /opt/airflow/dags/football_teams2.py
[2022-05-23 21:22:19,835] {processor.py:651} INFO - DAG(s) dict_keys(['football-teams2']) retrieved from /opt/airflow/dags/football_teams2.py
[2022-05-23 21:22:19,849] {logging_mixin.py:115} INFO - [2022-05-23 21:22:19,849] {dag.py:2371} INFO - Sync 1 DAGs
[2022-05-23 21:22:19,860] {logging_mixin.py:115} INFO - [2022-05-23 21:22:19,860] {dag.py:2915} INFO - Setting next_dagrun for football-teams2 to 2022-05-23T00:00:00+00:00, run_after=2022-05-24T00:00:00+00:00
[2022-05-23 21:22:19,866] {processor.py:161} INFO - Processing /opt/airflow/dags/football_teams2.py took 0.038 seconds
[2022-05-23 21:22:50,253] {processor.py:153} INFO - Started process (PID=4225) to work on /opt/airflow/dags/football_teams2.py
[2022-05-23 21:22:50,254] {processor.py:641} INFO - Processing file /opt/airflow/dags/football_teams2.py for tasks to queue
[2022-05-23 21:22:50,254] {logging_mixin.py:115} INFO - [2022-05-23 21:22:50,254] {dagbag.py:507} INFO - Filling up the DagBag from /opt/airflow/dags/football_teams2.py
[2022-05-23 21:22:50,259] {processor.py:651} INFO - DAG(s) dict_keys(['football-teams2']) retrieved from /opt/airflow/dags/football_teams2.py
[2022-05-23 21:22:50,272] {logging_mixin.py:115} INFO - [2022-05-23 21:22:50,272] {dag.py:2371} INFO - Sync 1 DAGs
[2022-05-23 21:22:50,283] {logging_mixin.py:115} INFO - [2022-05-23 21:22:50,283] {dag.py:2915} INFO - Setting next_dagrun for football-teams2 to 2022-05-23T00:00:00+00:00, run_after=2022-05-24T00:00:00+00:00
[2022-05-23 21:22:50,288] {processor.py:161} INFO - Processing /opt/airflow/dags/football_teams2.py took 0.036 seconds
[2022-05-23 21:23:20,937] {processor.py:153} INFO - Started process (PID=4309) to work on /opt/airflow/dags/football_teams2.py
[2022-05-23 21:23:20,938] {processor.py:641} INFO - Processing file /opt/airflow/dags/football_teams2.py for tasks to queue
[2022-05-23 21:23:20,938] {logging_mixin.py:115} INFO - [2022-05-23 21:23:20,938] {dagbag.py:507} INFO - Filling up the DagBag from /opt/airflow/dags/football_teams2.py
[2022-05-23 21:23:20,944] {processor.py:651} INFO - DAG(s) dict_keys(['football-teams2']) retrieved from /opt/airflow/dags/football_teams2.py
[2022-05-23 21:23:20,958] {logging_mixin.py:115} INFO - [2022-05-23 21:23:20,958] {dag.py:2371} INFO - Sync 1 DAGs
[2022-05-23 21:23:20,969] {logging_mixin.py:115} INFO - [2022-05-23 21:23:20,969] {dag.py:2915} INFO - Setting next_dagrun for football-teams2 to 2022-05-23T00:00:00+00:00, run_after=2022-05-24T00:00:00+00:00
[2022-05-23 21:23:20,974] {processor.py:161} INFO - Processing /opt/airflow/dags/football_teams2.py took 0.039 seconds
[2022-05-23 21:23:51,410] {processor.py:153} INFO - Started process (PID=4469) to work on /opt/airflow/dags/football_teams2.py
[2022-05-23 21:23:51,410] {processor.py:641} INFO - Processing file /opt/airflow/dags/football_teams2.py for tasks to queue
[2022-05-23 21:23:51,410] {logging_mixin.py:115} INFO - [2022-05-23 21:23:51,410] {dagbag.py:507} INFO - Filling up the DagBag from /opt/airflow/dags/football_teams2.py
[2022-05-23 21:23:51,416] {processor.py:651} INFO - DAG(s) dict_keys(['football-teams2']) retrieved from /opt/airflow/dags/football_teams2.py
[2022-05-23 21:23:51,448] {logging_mixin.py:115} INFO - [2022-05-23 21:23:51,448] {dag.py:2371} INFO - Sync 1 DAGs
[2022-05-23 21:23:51,461] {logging_mixin.py:115} INFO - [2022-05-23 21:23:51,461] {dag.py:2915} INFO - Setting next_dagrun for football-teams2 to 2022-05-23T00:00:00+00:00, run_after=2022-05-24T00:00:00+00:00
[2022-05-23 21:23:51,468] {processor.py:161} INFO - Processing /opt/airflow/dags/football_teams2.py took 0.060 seconds
[2022-05-23 21:24:22,151] {processor.py:153} INFO - Started process (PID=4553) to work on /opt/airflow/dags/football_teams2.py
[2022-05-23 21:24:22,152] {processor.py:641} INFO - Processing file /opt/airflow/dags/football_teams2.py for tasks to queue
[2022-05-23 21:24:22,152] {logging_mixin.py:115} INFO - [2022-05-23 21:24:22,152] {dagbag.py:507} INFO - Filling up the DagBag from /opt/airflow/dags/football_teams2.py
[2022-05-23 21:24:22,158] {processor.py:651} INFO - DAG(s) dict_keys(['football-teams2']) retrieved from /opt/airflow/dags/football_teams2.py
[2022-05-23 21:24:22,172] {logging_mixin.py:115} INFO - [2022-05-23 21:24:22,172] {dag.py:2371} INFO - Sync 1 DAGs
[2022-05-23 21:24:22,184] {logging_mixin.py:115} INFO - [2022-05-23 21:24:22,184] {dag.py:2915} INFO - Setting next_dagrun for football-teams2 to 2022-05-23T00:00:00+00:00, run_after=2022-05-24T00:00:00+00:00
[2022-05-23 21:24:22,190] {processor.py:161} INFO - Processing /opt/airflow/dags/football_teams2.py took 0.040 seconds
[2022-05-23 21:24:52,627] {processor.py:153} INFO - Started process (PID=4724) to work on /opt/airflow/dags/football_teams2.py
[2022-05-23 21:24:52,627] {processor.py:641} INFO - Processing file /opt/airflow/dags/football_teams2.py for tasks to queue
[2022-05-23 21:24:52,627] {logging_mixin.py:115} INFO - [2022-05-23 21:24:52,627] {dagbag.py:507} INFO - Filling up the DagBag from /opt/airflow/dags/football_teams2.py
[2022-05-23 21:24:52,632] {processor.py:651} INFO - DAG(s) dict_keys(['football-teams2']) retrieved from /opt/airflow/dags/football_teams2.py
[2022-05-23 21:24:52,646] {logging_mixin.py:115} INFO - [2022-05-23 21:24:52,646] {dag.py:2371} INFO - Sync 1 DAGs
[2022-05-23 21:24:52,657] {logging_mixin.py:115} INFO - [2022-05-23 21:24:52,657] {dag.py:2915} INFO - Setting next_dagrun for football-teams2 to 2022-05-23T00:00:00+00:00, run_after=2022-05-24T00:00:00+00:00
[2022-05-23 21:24:52,663] {processor.py:161} INFO - Processing /opt/airflow/dags/football_teams2.py took 0.037 seconds
[2022-05-23 21:25:23,308] {processor.py:153} INFO - Started process (PID=4805) to work on /opt/airflow/dags/football_teams2.py
[2022-05-23 21:25:23,308] {processor.py:641} INFO - Processing file /opt/airflow/dags/football_teams2.py for tasks to queue
[2022-05-23 21:25:23,309] {logging_mixin.py:115} INFO - [2022-05-23 21:25:23,309] {dagbag.py:507} INFO - Filling up the DagBag from /opt/airflow/dags/football_teams2.py
[2022-05-23 21:25:23,314] {processor.py:651} INFO - DAG(s) dict_keys(['football-teams2']) retrieved from /opt/airflow/dags/football_teams2.py
[2022-05-23 21:25:23,330] {logging_mixin.py:115} INFO - [2022-05-23 21:25:23,330] {dag.py:2371} INFO - Sync 1 DAGs
[2022-05-23 21:25:23,343] {logging_mixin.py:115} INFO - [2022-05-23 21:25:23,343] {dag.py:2915} INFO - Setting next_dagrun for football-teams2 to 2022-05-23T00:00:00+00:00, run_after=2022-05-24T00:00:00+00:00
[2022-05-23 21:25:23,348] {processor.py:161} INFO - Processing /opt/airflow/dags/football_teams2.py took 0.042 seconds
[2022-05-23 21:25:53,770] {processor.py:153} INFO - Started process (PID=4975) to work on /opt/airflow/dags/football_teams2.py
[2022-05-23 21:25:53,771] {processor.py:641} INFO - Processing file /opt/airflow/dags/football_teams2.py for tasks to queue
[2022-05-23 21:25:53,771] {logging_mixin.py:115} INFO - [2022-05-23 21:25:53,771] {dagbag.py:507} INFO - Filling up the DagBag from /opt/airflow/dags/football_teams2.py
[2022-05-23 21:25:53,777] {processor.py:651} INFO - DAG(s) dict_keys(['football-teams2']) retrieved from /opt/airflow/dags/football_teams2.py
[2022-05-23 21:25:53,792] {logging_mixin.py:115} INFO - [2022-05-23 21:25:53,791] {dag.py:2371} INFO - Sync 1 DAGs
[2022-05-23 21:25:53,805] {logging_mixin.py:115} INFO - [2022-05-23 21:25:53,805] {dag.py:2915} INFO - Setting next_dagrun for football-teams2 to 2022-05-23T00:00:00+00:00, run_after=2022-05-24T00:00:00+00:00
[2022-05-23 21:25:53,812] {processor.py:161} INFO - Processing /opt/airflow/dags/football_teams2.py took 0.043 seconds
[2022-05-23 21:26:24,461] {processor.py:153} INFO - Started process (PID=5048) to work on /opt/airflow/dags/football_teams2.py
[2022-05-23 21:26:24,461] {processor.py:641} INFO - Processing file /opt/airflow/dags/football_teams2.py for tasks to queue
[2022-05-23 21:26:24,461] {logging_mixin.py:115} INFO - [2022-05-23 21:26:24,461] {dagbag.py:507} INFO - Filling up the DagBag from /opt/airflow/dags/football_teams2.py
[2022-05-23 21:26:24,467] {processor.py:651} INFO - DAG(s) dict_keys(['football-teams2']) retrieved from /opt/airflow/dags/football_teams2.py
[2022-05-23 21:26:24,481] {logging_mixin.py:115} INFO - [2022-05-23 21:26:24,480] {dag.py:2371} INFO - Sync 1 DAGs
[2022-05-23 21:26:24,491] {logging_mixin.py:115} INFO - [2022-05-23 21:26:24,491] {dag.py:2915} INFO - Setting next_dagrun for football-teams2 to 2022-05-23T00:00:00+00:00, run_after=2022-05-24T00:00:00+00:00
[2022-05-23 21:26:24,497] {processor.py:161} INFO - Processing /opt/airflow/dags/football_teams2.py took 0.038 seconds
[2022-05-23 21:26:54,991] {processor.py:153} INFO - Started process (PID=5219) to work on /opt/airflow/dags/football_teams2.py
[2022-05-23 21:26:54,991] {processor.py:641} INFO - Processing file /opt/airflow/dags/football_teams2.py for tasks to queue
[2022-05-23 21:26:54,991] {logging_mixin.py:115} INFO - [2022-05-23 21:26:54,991] {dagbag.py:507} INFO - Filling up the DagBag from /opt/airflow/dags/football_teams2.py
[2022-05-23 21:26:54,997] {processor.py:651} INFO - DAG(s) dict_keys(['football-teams2']) retrieved from /opt/airflow/dags/football_teams2.py
[2022-05-23 21:26:55,012] {logging_mixin.py:115} INFO - [2022-05-23 21:26:55,012] {dag.py:2371} INFO - Sync 1 DAGs
[2022-05-23 21:26:55,024] {logging_mixin.py:115} INFO - [2022-05-23 21:26:55,024] {dag.py:2915} INFO - Setting next_dagrun for football-teams2 to 2022-05-23T00:00:00+00:00, run_after=2022-05-24T00:00:00+00:00
[2022-05-23 21:26:55,030] {processor.py:161} INFO - Processing /opt/airflow/dags/football_teams2.py took 0.041 seconds
[2022-05-23 21:27:25,683] {processor.py:153} INFO - Started process (PID=5301) to work on /opt/airflow/dags/football_teams2.py
[2022-05-23 21:27:25,684] {processor.py:641} INFO - Processing file /opt/airflow/dags/football_teams2.py for tasks to queue
[2022-05-23 21:27:25,684] {logging_mixin.py:115} INFO - [2022-05-23 21:27:25,684] {dagbag.py:507} INFO - Filling up the DagBag from /opt/airflow/dags/football_teams2.py
[2022-05-23 21:27:25,689] {processor.py:651} INFO - DAG(s) dict_keys(['football-teams2']) retrieved from /opt/airflow/dags/football_teams2.py
[2022-05-23 21:27:25,702] {logging_mixin.py:115} INFO - [2022-05-23 21:27:25,702] {dag.py:2371} INFO - Sync 1 DAGs
[2022-05-23 21:27:25,713] {logging_mixin.py:115} INFO - [2022-05-23 21:27:25,713] {dag.py:2915} INFO - Setting next_dagrun for football-teams2 to 2022-05-23T00:00:00+00:00, run_after=2022-05-24T00:00:00+00:00
[2022-05-23 21:27:25,720] {processor.py:161} INFO - Processing /opt/airflow/dags/football_teams2.py took 0.038 seconds
[2022-05-23 21:27:56,171] {processor.py:153} INFO - Started process (PID=5470) to work on /opt/airflow/dags/football_teams2.py
[2022-05-23 21:27:56,171] {processor.py:641} INFO - Processing file /opt/airflow/dags/football_teams2.py for tasks to queue
[2022-05-23 21:27:56,172] {logging_mixin.py:115} INFO - [2022-05-23 21:27:56,171] {dagbag.py:507} INFO - Filling up the DagBag from /opt/airflow/dags/football_teams2.py
[2022-05-23 21:27:56,177] {processor.py:651} INFO - DAG(s) dict_keys(['football-teams2']) retrieved from /opt/airflow/dags/football_teams2.py
[2022-05-23 21:27:56,191] {logging_mixin.py:115} INFO - [2022-05-23 21:27:56,191] {dag.py:2371} INFO - Sync 1 DAGs
[2022-05-23 21:27:56,202] {logging_mixin.py:115} INFO - [2022-05-23 21:27:56,202] {dag.py:2915} INFO - Setting next_dagrun for football-teams2 to 2022-05-23T00:00:00+00:00, run_after=2022-05-24T00:00:00+00:00
[2022-05-23 21:27:56,209] {processor.py:161} INFO - Processing /opt/airflow/dags/football_teams2.py took 0.040 seconds
[2022-05-23 21:28:26,861] {processor.py:153} INFO - Started process (PID=5543) to work on /opt/airflow/dags/football_teams2.py
[2022-05-23 21:28:26,861] {processor.py:641} INFO - Processing file /opt/airflow/dags/football_teams2.py for tasks to queue
[2022-05-23 21:28:26,861] {logging_mixin.py:115} INFO - [2022-05-23 21:28:26,861] {dagbag.py:507} INFO - Filling up the DagBag from /opt/airflow/dags/football_teams2.py
[2022-05-23 21:28:26,868] {processor.py:651} INFO - DAG(s) dict_keys(['football-teams2']) retrieved from /opt/airflow/dags/football_teams2.py
[2022-05-23 21:28:26,882] {logging_mixin.py:115} INFO - [2022-05-23 21:28:26,882] {dag.py:2371} INFO - Sync 1 DAGs
[2022-05-23 21:28:26,895] {logging_mixin.py:115} INFO - [2022-05-23 21:28:26,895] {dag.py:2915} INFO - Setting next_dagrun for football-teams2 to 2022-05-23T00:00:00+00:00, run_after=2022-05-24T00:00:00+00:00
[2022-05-23 21:28:26,902] {processor.py:161} INFO - Processing /opt/airflow/dags/football_teams2.py took 0.043 seconds
[2022-05-23 21:28:57,366] {processor.py:153} INFO - Started process (PID=5714) to work on /opt/airflow/dags/football_teams2.py
[2022-05-23 21:28:57,366] {processor.py:641} INFO - Processing file /opt/airflow/dags/football_teams2.py for tasks to queue
[2022-05-23 21:28:57,367] {logging_mixin.py:115} INFO - [2022-05-23 21:28:57,367] {dagbag.py:507} INFO - Filling up the DagBag from /opt/airflow/dags/football_teams2.py
[2022-05-23 21:28:57,372] {processor.py:651} INFO - DAG(s) dict_keys(['football-teams2']) retrieved from /opt/airflow/dags/football_teams2.py
[2022-05-23 21:28:57,385] {logging_mixin.py:115} INFO - [2022-05-23 21:28:57,385] {dag.py:2371} INFO - Sync 1 DAGs
[2022-05-23 21:28:57,396] {logging_mixin.py:115} INFO - [2022-05-23 21:28:57,396] {dag.py:2915} INFO - Setting next_dagrun for football-teams2 to 2022-05-23T00:00:00+00:00, run_after=2022-05-24T00:00:00+00:00
[2022-05-23 21:28:57,402] {processor.py:161} INFO - Processing /opt/airflow/dags/football_teams2.py took 0.037 seconds
[2022-05-23 21:29:28,103] {processor.py:153} INFO - Started process (PID=5796) to work on /opt/airflow/dags/football_teams2.py
[2022-05-23 21:29:28,103] {processor.py:641} INFO - Processing file /opt/airflow/dags/football_teams2.py for tasks to queue
[2022-05-23 21:29:28,103] {logging_mixin.py:115} INFO - [2022-05-23 21:29:28,103] {dagbag.py:507} INFO - Filling up the DagBag from /opt/airflow/dags/football_teams2.py
[2022-05-23 21:29:28,109] {processor.py:651} INFO - DAG(s) dict_keys(['football-teams2']) retrieved from /opt/airflow/dags/football_teams2.py
[2022-05-23 21:29:28,123] {logging_mixin.py:115} INFO - [2022-05-23 21:29:28,123] {dag.py:2371} INFO - Sync 1 DAGs
[2022-05-23 21:29:28,135] {logging_mixin.py:115} INFO - [2022-05-23 21:29:28,134] {dag.py:2915} INFO - Setting next_dagrun for football-teams2 to 2022-05-23T00:00:00+00:00, run_after=2022-05-24T00:00:00+00:00
[2022-05-23 21:29:28,141] {processor.py:161} INFO - Processing /opt/airflow/dags/football_teams2.py took 0.040 seconds
[2022-05-23 21:29:58,598] {processor.py:153} INFO - Started process (PID=5968) to work on /opt/airflow/dags/football_teams2.py
[2022-05-23 21:29:58,598] {processor.py:641} INFO - Processing file /opt/airflow/dags/football_teams2.py for tasks to queue
[2022-05-23 21:29:58,598] {logging_mixin.py:115} INFO - [2022-05-23 21:29:58,598] {dagbag.py:507} INFO - Filling up the DagBag from /opt/airflow/dags/football_teams2.py
[2022-05-23 21:29:58,604] {processor.py:651} INFO - DAG(s) dict_keys(['football-teams2']) retrieved from /opt/airflow/dags/football_teams2.py
[2022-05-23 21:29:58,616] {logging_mixin.py:115} INFO - [2022-05-23 21:29:58,616] {dag.py:2371} INFO - Sync 1 DAGs
[2022-05-23 21:29:58,627] {logging_mixin.py:115} INFO - [2022-05-23 21:29:58,627] {dag.py:2915} INFO - Setting next_dagrun for football-teams2 to 2022-05-23T00:00:00+00:00, run_after=2022-05-24T00:00:00+00:00
[2022-05-23 21:29:58,633] {processor.py:161} INFO - Processing /opt/airflow/dags/football_teams2.py took 0.037 seconds
[2022-05-23 21:30:29,342] {processor.py:153} INFO - Started process (PID=6038) to work on /opt/airflow/dags/football_teams2.py
[2022-05-23 21:30:29,342] {processor.py:641} INFO - Processing file /opt/airflow/dags/football_teams2.py for tasks to queue
[2022-05-23 21:30:29,342] {logging_mixin.py:115} INFO - [2022-05-23 21:30:29,342] {dagbag.py:507} INFO - Filling up the DagBag from /opt/airflow/dags/football_teams2.py
[2022-05-23 21:30:29,349] {processor.py:651} INFO - DAG(s) dict_keys(['football-teams2']) retrieved from /opt/airflow/dags/football_teams2.py
[2022-05-23 21:30:29,364] {logging_mixin.py:115} INFO - [2022-05-23 21:30:29,364] {dag.py:2371} INFO - Sync 1 DAGs
[2022-05-23 21:30:29,376] {logging_mixin.py:115} INFO - [2022-05-23 21:30:29,376] {dag.py:2915} INFO - Setting next_dagrun for football-teams2 to 2022-05-23T00:00:00+00:00, run_after=2022-05-24T00:00:00+00:00
[2022-05-23 21:30:29,384] {processor.py:161} INFO - Processing /opt/airflow/dags/football_teams2.py took 0.044 seconds
[2022-05-23 21:30:59,837] {processor.py:153} INFO - Started process (PID=6210) to work on /opt/airflow/dags/football_teams2.py
[2022-05-23 21:30:59,837] {processor.py:641} INFO - Processing file /opt/airflow/dags/football_teams2.py for tasks to queue
[2022-05-23 21:30:59,838] {logging_mixin.py:115} INFO - [2022-05-23 21:30:59,838] {dagbag.py:507} INFO - Filling up the DagBag from /opt/airflow/dags/football_teams2.py
[2022-05-23 21:30:59,843] {processor.py:651} INFO - DAG(s) dict_keys(['football-teams2']) retrieved from /opt/airflow/dags/football_teams2.py
[2022-05-23 21:30:59,857] {logging_mixin.py:115} INFO - [2022-05-23 21:30:59,857] {dag.py:2371} INFO - Sync 1 DAGs
[2022-05-23 21:30:59,868] {logging_mixin.py:115} INFO - [2022-05-23 21:30:59,868] {dag.py:2915} INFO - Setting next_dagrun for football-teams2 to 2022-05-23T00:00:00+00:00, run_after=2022-05-24T00:00:00+00:00
[2022-05-23 21:30:59,875] {processor.py:161} INFO - Processing /opt/airflow/dags/football_teams2.py took 0.039 seconds
[2022-05-23 21:31:30,544] {processor.py:153} INFO - Started process (PID=6289) to work on /opt/airflow/dags/football_teams2.py
[2022-05-23 21:31:30,545] {processor.py:641} INFO - Processing file /opt/airflow/dags/football_teams2.py for tasks to queue
[2022-05-23 21:31:30,545] {logging_mixin.py:115} INFO - [2022-05-23 21:31:30,545] {dagbag.py:507} INFO - Filling up the DagBag from /opt/airflow/dags/football_teams2.py
[2022-05-23 21:31:30,551] {processor.py:651} INFO - DAG(s) dict_keys(['football-teams2']) retrieved from /opt/airflow/dags/football_teams2.py
[2022-05-23 21:31:30,565] {logging_mixin.py:115} INFO - [2022-05-23 21:31:30,565] {dag.py:2371} INFO - Sync 1 DAGs
[2022-05-23 21:31:30,577] {logging_mixin.py:115} INFO - [2022-05-23 21:31:30,577] {dag.py:2915} INFO - Setting next_dagrun for football-teams2 to 2022-05-23T00:00:00+00:00, run_after=2022-05-24T00:00:00+00:00
[2022-05-23 21:31:30,584] {processor.py:161} INFO - Processing /opt/airflow/dags/football_teams2.py took 0.041 seconds
[2022-05-23 21:32:01,067] {processor.py:153} INFO - Started process (PID=6460) to work on /opt/airflow/dags/football_teams2.py
[2022-05-23 21:32:01,067] {processor.py:641} INFO - Processing file /opt/airflow/dags/football_teams2.py for tasks to queue
[2022-05-23 21:32:01,068] {logging_mixin.py:115} INFO - [2022-05-23 21:32:01,068] {dagbag.py:507} INFO - Filling up the DagBag from /opt/airflow/dags/football_teams2.py
[2022-05-23 21:32:01,074] {processor.py:651} INFO - DAG(s) dict_keys(['football-teams2']) retrieved from /opt/airflow/dags/football_teams2.py
[2022-05-23 21:32:01,092] {logging_mixin.py:115} INFO - [2022-05-23 21:32:01,092] {dag.py:2371} INFO - Sync 1 DAGs
[2022-05-23 21:32:01,115] {logging_mixin.py:115} INFO - [2022-05-23 21:32:01,115] {dag.py:2915} INFO - Setting next_dagrun for football-teams2 to 2022-05-23T00:00:00+00:00, run_after=2022-05-24T00:00:00+00:00
[2022-05-23 21:32:01,125] {processor.py:161} INFO - Processing /opt/airflow/dags/football_teams2.py took 0.060 seconds
[2022-05-23 21:32:31,834] {processor.py:153} INFO - Started process (PID=6536) to work on /opt/airflow/dags/football_teams2.py
[2022-05-23 21:32:31,834] {processor.py:641} INFO - Processing file /opt/airflow/dags/football_teams2.py for tasks to queue
[2022-05-23 21:32:31,835] {logging_mixin.py:115} INFO - [2022-05-23 21:32:31,835] {dagbag.py:507} INFO - Filling up the DagBag from /opt/airflow/dags/football_teams2.py
[2022-05-23 21:32:31,841] {processor.py:651} INFO - DAG(s) dict_keys(['football-teams2']) retrieved from /opt/airflow/dags/football_teams2.py
[2022-05-23 21:32:31,859] {logging_mixin.py:115} INFO - [2022-05-23 21:32:31,859] {dag.py:2371} INFO - Sync 1 DAGs
[2022-05-23 21:32:31,877] {logging_mixin.py:115} INFO - [2022-05-23 21:32:31,877] {dag.py:2915} INFO - Setting next_dagrun for football-teams2 to 2022-05-23T00:00:00+00:00, run_after=2022-05-24T00:00:00+00:00
[2022-05-23 21:32:31,887] {processor.py:161} INFO - Processing /opt/airflow/dags/football_teams2.py took 0.055 seconds
[2022-05-23 21:33:02,314] {processor.py:153} INFO - Started process (PID=6705) to work on /opt/airflow/dags/football_teams2.py
[2022-05-23 21:33:02,314] {processor.py:641} INFO - Processing file /opt/airflow/dags/football_teams2.py for tasks to queue
[2022-05-23 21:33:02,314] {logging_mixin.py:115} INFO - [2022-05-23 21:33:02,314] {dagbag.py:507} INFO - Filling up the DagBag from /opt/airflow/dags/football_teams2.py
[2022-05-23 21:33:02,320] {processor.py:651} INFO - DAG(s) dict_keys(['football-teams2']) retrieved from /opt/airflow/dags/football_teams2.py
[2022-05-23 21:33:02,334] {logging_mixin.py:115} INFO - [2022-05-23 21:33:02,334] {dag.py:2371} INFO - Sync 1 DAGs
[2022-05-23 21:33:02,346] {logging_mixin.py:115} INFO - [2022-05-23 21:33:02,346] {dag.py:2915} INFO - Setting next_dagrun for football-teams2 to 2022-05-23T00:00:00+00:00, run_after=2022-05-24T00:00:00+00:00
[2022-05-23 21:33:02,352] {processor.py:161} INFO - Processing /opt/airflow/dags/football_teams2.py took 0.040 seconds
[2022-05-23 21:33:33,167] {processor.py:153} INFO - Started process (PID=6785) to work on /opt/airflow/dags/football_teams2.py
[2022-05-23 21:33:33,167] {processor.py:641} INFO - Processing file /opt/airflow/dags/football_teams2.py for tasks to queue
[2022-05-23 21:33:33,167] {logging_mixin.py:115} INFO - [2022-05-23 21:33:33,167] {dagbag.py:507} INFO - Filling up the DagBag from /opt/airflow/dags/football_teams2.py
[2022-05-23 21:33:33,173] {processor.py:651} INFO - DAG(s) dict_keys(['football-teams2']) retrieved from /opt/airflow/dags/football_teams2.py
[2022-05-23 21:33:33,187] {logging_mixin.py:115} INFO - [2022-05-23 21:33:33,186] {dag.py:2371} INFO - Sync 1 DAGs
[2022-05-23 21:33:33,200] {logging_mixin.py:115} INFO - [2022-05-23 21:33:33,200] {dag.py:2915} INFO - Setting next_dagrun for football-teams2 to 2022-05-23T00:00:00+00:00, run_after=2022-05-24T00:00:00+00:00
[2022-05-23 21:33:33,207] {processor.py:161} INFO - Processing /opt/airflow/dags/football_teams2.py took 0.041 seconds
[2022-05-23 21:34:03,639] {processor.py:153} INFO - Started process (PID=6959) to work on /opt/airflow/dags/football_teams2.py
[2022-05-23 21:34:03,640] {processor.py:641} INFO - Processing file /opt/airflow/dags/football_teams2.py for tasks to queue
[2022-05-23 21:34:03,640] {logging_mixin.py:115} INFO - [2022-05-23 21:34:03,640] {dagbag.py:507} INFO - Filling up the DagBag from /opt/airflow/dags/football_teams2.py
[2022-05-23 21:34:03,645] {processor.py:651} INFO - DAG(s) dict_keys(['football-teams2']) retrieved from /opt/airflow/dags/football_teams2.py
[2022-05-23 21:34:03,658] {logging_mixin.py:115} INFO - [2022-05-23 21:34:03,658] {dag.py:2371} INFO - Sync 1 DAGs
[2022-05-23 21:34:03,669] {logging_mixin.py:115} INFO - [2022-05-23 21:34:03,669] {dag.py:2915} INFO - Setting next_dagrun for football-teams2 to 2022-05-23T00:00:00+00:00, run_after=2022-05-24T00:00:00+00:00
[2022-05-23 21:34:03,675] {processor.py:161} INFO - Processing /opt/airflow/dags/football_teams2.py took 0.037 seconds
[2022-05-23 21:34:34,336] {processor.py:153} INFO - Started process (PID=7039) to work on /opt/airflow/dags/football_teams2.py
[2022-05-23 21:34:34,336] {processor.py:641} INFO - Processing file /opt/airflow/dags/football_teams2.py for tasks to queue
[2022-05-23 21:34:34,336] {logging_mixin.py:115} INFO - [2022-05-23 21:34:34,336] {dagbag.py:507} INFO - Filling up the DagBag from /opt/airflow/dags/football_teams2.py
[2022-05-23 21:34:34,345] {processor.py:651} INFO - DAG(s) dict_keys(['football-teams2']) retrieved from /opt/airflow/dags/football_teams2.py
[2022-05-23 21:34:34,364] {logging_mixin.py:115} INFO - [2022-05-23 21:34:34,364] {dag.py:2371} INFO - Sync 1 DAGs
[2022-05-23 21:34:34,380] {logging_mixin.py:115} INFO - [2022-05-23 21:34:34,380] {dag.py:2915} INFO - Setting next_dagrun for football-teams2 to 2022-05-23T00:00:00+00:00, run_after=2022-05-24T00:00:00+00:00
[2022-05-23 21:34:34,389] {processor.py:161} INFO - Processing /opt/airflow/dags/football_teams2.py took 0.056 seconds
[2022-05-23 21:35:04,837] {processor.py:153} INFO - Started process (PID=7204) to work on /opt/airflow/dags/football_teams2.py
[2022-05-23 21:35:04,837] {processor.py:641} INFO - Processing file /opt/airflow/dags/football_teams2.py for tasks to queue
[2022-05-23 21:35:04,837] {logging_mixin.py:115} INFO - [2022-05-23 21:35:04,837] {dagbag.py:507} INFO - Filling up the DagBag from /opt/airflow/dags/football_teams2.py
[2022-05-23 21:35:04,842] {processor.py:651} INFO - DAG(s) dict_keys(['football-teams2']) retrieved from /opt/airflow/dags/football_teams2.py
[2022-05-23 21:35:04,856] {logging_mixin.py:115} INFO - [2022-05-23 21:35:04,856] {dag.py:2371} INFO - Sync 1 DAGs
[2022-05-23 21:35:04,867] {logging_mixin.py:115} INFO - [2022-05-23 21:35:04,867] {dag.py:2915} INFO - Setting next_dagrun for football-teams2 to 2022-05-23T00:00:00+00:00, run_after=2022-05-24T00:00:00+00:00
[2022-05-23 21:35:04,874] {processor.py:161} INFO - Processing /opt/airflow/dags/football_teams2.py took 0.039 seconds
[2022-05-23 21:35:35,626] {processor.py:153} INFO - Started process (PID=7284) to work on /opt/airflow/dags/football_teams2.py
[2022-05-23 21:35:35,627] {processor.py:641} INFO - Processing file /opt/airflow/dags/football_teams2.py for tasks to queue
[2022-05-23 21:35:35,627] {logging_mixin.py:115} INFO - [2022-05-23 21:35:35,627] {dagbag.py:507} INFO - Filling up the DagBag from /opt/airflow/dags/football_teams2.py
[2022-05-23 21:35:35,632] {processor.py:651} INFO - DAG(s) dict_keys(['football-teams2']) retrieved from /opt/airflow/dags/football_teams2.py
[2022-05-23 21:35:35,647] {logging_mixin.py:115} INFO - [2022-05-23 21:35:35,647] {dag.py:2371} INFO - Sync 1 DAGs
[2022-05-23 21:35:35,659] {logging_mixin.py:115} INFO - [2022-05-23 21:35:35,659] {dag.py:2915} INFO - Setting next_dagrun for football-teams2 to 2022-05-23T00:00:00+00:00, run_after=2022-05-24T00:00:00+00:00
[2022-05-23 21:35:35,666] {processor.py:161} INFO - Processing /opt/airflow/dags/football_teams2.py took 0.041 seconds
[2022-05-23 21:36:06,066] {processor.py:153} INFO - Started process (PID=7457) to work on /opt/airflow/dags/football_teams2.py
[2022-05-23 21:36:06,066] {processor.py:641} INFO - Processing file /opt/airflow/dags/football_teams2.py for tasks to queue
[2022-05-23 21:36:06,067] {logging_mixin.py:115} INFO - [2022-05-23 21:36:06,067] {dagbag.py:507} INFO - Filling up the DagBag from /opt/airflow/dags/football_teams2.py
[2022-05-23 21:36:06,072] {processor.py:651} INFO - DAG(s) dict_keys(['football-teams2']) retrieved from /opt/airflow/dags/football_teams2.py
[2022-05-23 21:36:06,087] {logging_mixin.py:115} INFO - [2022-05-23 21:36:06,087] {dag.py:2371} INFO - Sync 1 DAGs
[2022-05-23 21:36:06,098] {logging_mixin.py:115} INFO - [2022-05-23 21:36:06,098] {dag.py:2915} INFO - Setting next_dagrun for football-teams2 to 2022-05-23T00:00:00+00:00, run_after=2022-05-24T00:00:00+00:00
[2022-05-23 21:36:06,105] {processor.py:161} INFO - Processing /opt/airflow/dags/football_teams2.py took 0.041 seconds
[2022-05-23 21:36:36,262] {processor.py:153} INFO - Started process (PID=7536) to work on /opt/airflow/dags/football_teams2.py
[2022-05-23 21:36:36,262] {processor.py:641} INFO - Processing file /opt/airflow/dags/football_teams2.py for tasks to queue
[2022-05-23 21:36:36,263] {logging_mixin.py:115} INFO - [2022-05-23 21:36:36,263] {dagbag.py:507} INFO - Filling up the DagBag from /opt/airflow/dags/football_teams2.py
[2022-05-23 21:36:36,269] {processor.py:651} INFO - DAG(s) dict_keys(['football-teams2']) retrieved from /opt/airflow/dags/football_teams2.py
[2022-05-23 21:36:36,284] {logging_mixin.py:115} INFO - [2022-05-23 21:36:36,284] {dag.py:2371} INFO - Sync 1 DAGs
[2022-05-23 21:36:36,299] {logging_mixin.py:115} INFO - [2022-05-23 21:36:36,299] {dag.py:2915} INFO - Setting next_dagrun for football-teams2 to 2022-05-23T00:00:00+00:00, run_after=2022-05-24T00:00:00+00:00
[2022-05-23 21:36:36,306] {processor.py:161} INFO - Processing /opt/airflow/dags/football_teams2.py took 0.046 seconds
[2022-05-23 21:37:06,736] {processor.py:153} INFO - Started process (PID=7701) to work on /opt/airflow/dags/football_teams2.py
[2022-05-23 21:37:06,736] {processor.py:641} INFO - Processing file /opt/airflow/dags/football_teams2.py for tasks to queue
[2022-05-23 21:37:06,736] {logging_mixin.py:115} INFO - [2022-05-23 21:37:06,736] {dagbag.py:507} INFO - Filling up the DagBag from /opt/airflow/dags/football_teams2.py
[2022-05-23 21:37:06,743] {processor.py:651} INFO - DAG(s) dict_keys(['football-teams2']) retrieved from /opt/airflow/dags/football_teams2.py
[2022-05-23 21:37:06,757] {logging_mixin.py:115} INFO - [2022-05-23 21:37:06,757] {dag.py:2371} INFO - Sync 1 DAGs
[2022-05-23 21:37:06,769] {logging_mixin.py:115} INFO - [2022-05-23 21:37:06,769] {dag.py:2915} INFO - Setting next_dagrun for football-teams2 to 2022-05-23T00:00:00+00:00, run_after=2022-05-24T00:00:00+00:00
[2022-05-23 21:37:06,775] {processor.py:161} INFO - Processing /opt/airflow/dags/football_teams2.py took 0.041 seconds
[2022-05-23 21:37:37,073] {processor.py:153} INFO - Started process (PID=7781) to work on /opt/airflow/dags/football_teams2.py
[2022-05-23 21:37:37,074] {processor.py:641} INFO - Processing file /opt/airflow/dags/football_teams2.py for tasks to queue
[2022-05-23 21:37:37,074] {logging_mixin.py:115} INFO - [2022-05-23 21:37:37,074] {dagbag.py:507} INFO - Filling up the DagBag from /opt/airflow/dags/football_teams2.py
[2022-05-23 21:37:37,080] {processor.py:651} INFO - DAG(s) dict_keys(['football-teams2']) retrieved from /opt/airflow/dags/football_teams2.py
[2022-05-23 21:37:37,096] {logging_mixin.py:115} INFO - [2022-05-23 21:37:37,096] {dag.py:2371} INFO - Sync 1 DAGs
[2022-05-23 21:37:37,112] {logging_mixin.py:115} INFO - [2022-05-23 21:37:37,112] {dag.py:2915} INFO - Setting next_dagrun for football-teams2 to 2022-05-23T00:00:00+00:00, run_after=2022-05-24T00:00:00+00:00
[2022-05-23 21:37:37,120] {processor.py:161} INFO - Processing /opt/airflow/dags/football_teams2.py took 0.048 seconds
[2022-05-23 21:38:07,556] {processor.py:153} INFO - Started process (PID=7952) to work on /opt/airflow/dags/football_teams2.py
[2022-05-23 21:38:07,556] {processor.py:641} INFO - Processing file /opt/airflow/dags/football_teams2.py for tasks to queue
[2022-05-23 21:38:07,557] {logging_mixin.py:115} INFO - [2022-05-23 21:38:07,557] {dagbag.py:507} INFO - Filling up the DagBag from /opt/airflow/dags/football_teams2.py
[2022-05-23 21:38:07,563] {processor.py:651} INFO - DAG(s) dict_keys(['football-teams2']) retrieved from /opt/airflow/dags/football_teams2.py
[2022-05-23 21:38:07,579] {logging_mixin.py:115} INFO - [2022-05-23 21:38:07,579] {dag.py:2371} INFO - Sync 1 DAGs
[2022-05-23 21:38:07,595] {logging_mixin.py:115} INFO - [2022-05-23 21:38:07,595] {dag.py:2915} INFO - Setting next_dagrun for football-teams2 to 2022-05-23T00:00:00+00:00, run_after=2022-05-24T00:00:00+00:00
[2022-05-23 21:38:07,612] {processor.py:161} INFO - Processing /opt/airflow/dags/football_teams2.py took 0.058 seconds
[2022-05-23 21:38:38,070] {processor.py:153} INFO - Started process (PID=8023) to work on /opt/airflow/dags/football_teams2.py
[2022-05-23 21:38:38,070] {processor.py:641} INFO - Processing file /opt/airflow/dags/football_teams2.py for tasks to queue
[2022-05-23 21:38:38,071] {logging_mixin.py:115} INFO - [2022-05-23 21:38:38,071] {dagbag.py:507} INFO - Filling up the DagBag from /opt/airflow/dags/football_teams2.py
[2022-05-23 21:38:38,078] {processor.py:651} INFO - DAG(s) dict_keys(['football-teams2']) retrieved from /opt/airflow/dags/football_teams2.py
[2022-05-23 21:38:38,093] {logging_mixin.py:115} INFO - [2022-05-23 21:38:38,093] {dag.py:2371} INFO - Sync 1 DAGs
[2022-05-23 21:38:38,107] {logging_mixin.py:115} INFO - [2022-05-23 21:38:38,106] {dag.py:2915} INFO - Setting next_dagrun for football-teams2 to 2022-05-23T00:00:00+00:00, run_after=2022-05-24T00:00:00+00:00
[2022-05-23 21:38:38,112] {processor.py:161} INFO - Processing /opt/airflow/dags/football_teams2.py took 0.046 seconds
[2022-05-23 21:39:08,481] {processor.py:153} INFO - Started process (PID=8195) to work on /opt/airflow/dags/football_teams2.py
[2022-05-23 21:39:08,481] {processor.py:641} INFO - Processing file /opt/airflow/dags/football_teams2.py for tasks to queue
[2022-05-23 21:39:08,481] {logging_mixin.py:115} INFO - [2022-05-23 21:39:08,481] {dagbag.py:507} INFO - Filling up the DagBag from /opt/airflow/dags/football_teams2.py
[2022-05-23 21:39:08,487] {processor.py:651} INFO - DAG(s) dict_keys(['football-teams2']) retrieved from /opt/airflow/dags/football_teams2.py
[2022-05-23 21:39:08,502] {logging_mixin.py:115} INFO - [2022-05-23 21:39:08,502] {dag.py:2371} INFO - Sync 1 DAGs
[2022-05-23 21:39:08,516] {logging_mixin.py:115} INFO - [2022-05-23 21:39:08,516] {dag.py:2915} INFO - Setting next_dagrun for football-teams2 to 2022-05-23T00:00:00+00:00, run_after=2022-05-24T00:00:00+00:00
[2022-05-23 21:39:08,522] {processor.py:161} INFO - Processing /opt/airflow/dags/football_teams2.py took 0.044 seconds
[2022-05-23 21:39:38,803] {processor.py:153} INFO - Started process (PID=8275) to work on /opt/airflow/dags/football_teams2.py
[2022-05-23 21:39:38,803] {processor.py:641} INFO - Processing file /opt/airflow/dags/football_teams2.py for tasks to queue
[2022-05-23 21:39:38,804] {logging_mixin.py:115} INFO - [2022-05-23 21:39:38,804] {dagbag.py:507} INFO - Filling up the DagBag from /opt/airflow/dags/football_teams2.py
[2022-05-23 21:39:38,809] {processor.py:651} INFO - DAG(s) dict_keys(['football-teams2']) retrieved from /opt/airflow/dags/football_teams2.py
[2022-05-23 21:39:38,826] {logging_mixin.py:115} INFO - [2022-05-23 21:39:38,826] {dag.py:2371} INFO - Sync 1 DAGs
[2022-05-23 21:39:38,842] {logging_mixin.py:115} INFO - [2022-05-23 21:39:38,842] {dag.py:2915} INFO - Setting next_dagrun for football-teams2 to 2022-05-23T00:00:00+00:00, run_after=2022-05-24T00:00:00+00:00
[2022-05-23 21:39:38,847] {processor.py:161} INFO - Processing /opt/airflow/dags/football_teams2.py took 0.047 seconds
[2022-05-23 21:40:09,247] {processor.py:153} INFO - Started process (PID=8439) to work on /opt/airflow/dags/football_teams2.py
[2022-05-23 21:40:09,248] {processor.py:641} INFO - Processing file /opt/airflow/dags/football_teams2.py for tasks to queue
[2022-05-23 21:40:09,248] {logging_mixin.py:115} INFO - [2022-05-23 21:40:09,248] {dagbag.py:507} INFO - Filling up the DagBag from /opt/airflow/dags/football_teams2.py
[2022-05-23 21:40:09,253] {processor.py:651} INFO - DAG(s) dict_keys(['football-teams2']) retrieved from /opt/airflow/dags/football_teams2.py
[2022-05-23 21:40:09,267] {logging_mixin.py:115} INFO - [2022-05-23 21:40:09,267] {dag.py:2371} INFO - Sync 1 DAGs
[2022-05-23 21:40:09,279] {logging_mixin.py:115} INFO - [2022-05-23 21:40:09,279] {dag.py:2915} INFO - Setting next_dagrun for football-teams2 to 2022-05-23T00:00:00+00:00, run_after=2022-05-24T00:00:00+00:00
[2022-05-23 21:40:09,285] {processor.py:161} INFO - Processing /opt/airflow/dags/football_teams2.py took 0.039 seconds
[2022-05-23 21:40:39,564] {processor.py:153} INFO - Started process (PID=8517) to work on /opt/airflow/dags/football_teams2.py
[2022-05-23 21:40:39,564] {processor.py:641} INFO - Processing file /opt/airflow/dags/football_teams2.py for tasks to queue
[2022-05-23 21:40:39,565] {logging_mixin.py:115} INFO - [2022-05-23 21:40:39,565] {dagbag.py:507} INFO - Filling up the DagBag from /opt/airflow/dags/football_teams2.py
[2022-05-23 21:40:39,570] {processor.py:651} INFO - DAG(s) dict_keys(['football-teams2']) retrieved from /opt/airflow/dags/football_teams2.py
[2022-05-23 21:40:39,584] {logging_mixin.py:115} INFO - [2022-05-23 21:40:39,584] {dag.py:2371} INFO - Sync 1 DAGs
[2022-05-23 21:40:39,598] {logging_mixin.py:115} INFO - [2022-05-23 21:40:39,598] {dag.py:2915} INFO - Setting next_dagrun for football-teams2 to 2022-05-23T00:00:00+00:00, run_after=2022-05-24T00:00:00+00:00
[2022-05-23 21:40:39,605] {processor.py:161} INFO - Processing /opt/airflow/dags/football_teams2.py took 0.043 seconds
[2022-05-23 21:41:10,046] {processor.py:153} INFO - Started process (PID=8687) to work on /opt/airflow/dags/football_teams2.py
[2022-05-23 21:41:10,047] {processor.py:641} INFO - Processing file /opt/airflow/dags/football_teams2.py for tasks to queue
[2022-05-23 21:41:10,047] {logging_mixin.py:115} INFO - [2022-05-23 21:41:10,047] {dagbag.py:507} INFO - Filling up the DagBag from /opt/airflow/dags/football_teams2.py
[2022-05-23 21:41:10,052] {processor.py:651} INFO - DAG(s) dict_keys(['football-teams2']) retrieved from /opt/airflow/dags/football_teams2.py
[2022-05-23 21:41:10,065] {logging_mixin.py:115} INFO - [2022-05-23 21:41:10,065] {dag.py:2371} INFO - Sync 1 DAGs
[2022-05-23 21:41:10,077] {logging_mixin.py:115} INFO - [2022-05-23 21:41:10,077] {dag.py:2915} INFO - Setting next_dagrun for football-teams2 to 2022-05-23T00:00:00+00:00, run_after=2022-05-24T00:00:00+00:00
[2022-05-23 21:41:10,083] {processor.py:161} INFO - Processing /opt/airflow/dags/football_teams2.py took 0.038 seconds
