[2022-05-23 21:06:31,082] {processor.py:153} INFO - Started process (PID=228) to work on /opt/airflow/dags/pepermill.py
[2022-05-23 21:06:31,082] {processor.py:641} INFO - Processing file /opt/airflow/dags/pepermill.py for tasks to queue
[2022-05-23 21:06:31,083] {logging_mixin.py:115} INFO - [2022-05-23 21:06:31,083] {dagbag.py:507} INFO - Filling up the DagBag from /opt/airflow/dags/pepermill.py
[2022-05-23 21:06:31,962] {processor.py:651} INFO - DAG(s) dict_keys(['example_papermill_operator']) retrieved from /opt/airflow/dags/pepermill.py
[2022-05-23 21:06:32,004] {logging_mixin.py:115} INFO - [2022-05-23 21:06:32,004] {manager.py:508} INFO - Created Permission View: can delete on DAG:example_papermill_operator
[2022-05-23 21:06:32,010] {logging_mixin.py:115} INFO - [2022-05-23 21:06:32,010] {manager.py:508} INFO - Created Permission View: can edit on DAG:example_papermill_operator
[2022-05-23 21:06:32,014] {logging_mixin.py:115} INFO - [2022-05-23 21:06:32,014] {manager.py:508} INFO - Created Permission View: can read on DAG:example_papermill_operator
[2022-05-23 21:06:32,014] {logging_mixin.py:115} INFO - [2022-05-23 21:06:32,014] {dag.py:2371} INFO - Sync 1 DAGs
[2022-05-23 21:06:32,019] {logging_mixin.py:115} INFO - [2022-05-23 21:06:32,018] {dag.py:2390} INFO - Creating ORM DAG for example_papermill_operator
[2022-05-23 21:06:32,026] {logging_mixin.py:115} INFO - [2022-05-23 21:06:32,026] {dag.py:2915} INFO - Setting next_dagrun for example_papermill_operator to 2022-05-22T00:00:00+00:00, run_after=2022-05-23T00:00:00+00:00
[2022-05-23 21:06:32,033] {processor.py:161} INFO - Processing /opt/airflow/dags/pepermill.py took 0.953 seconds
[2022-05-23 21:07:02,543] {processor.py:153} INFO - Started process (PID=370) to work on /opt/airflow/dags/pepermill.py
[2022-05-23 21:07:02,544] {processor.py:641} INFO - Processing file /opt/airflow/dags/pepermill.py for tasks to queue
[2022-05-23 21:07:02,545] {logging_mixin.py:115} INFO - [2022-05-23 21:07:02,544] {dagbag.py:507} INFO - Filling up the DagBag from /opt/airflow/dags/pepermill.py
[2022-05-23 21:07:02,821] {processor.py:651} INFO - DAG(s) dict_keys(['example_papermill_operator']) retrieved from /opt/airflow/dags/pepermill.py
[2022-05-23 21:07:02,832] {logging_mixin.py:115} INFO - [2022-05-23 21:07:02,832] {dag.py:2371} INFO - Sync 1 DAGs
[2022-05-23 21:07:02,843] {logging_mixin.py:115} INFO - [2022-05-23 21:07:02,843] {dag.py:2915} INFO - Setting next_dagrun for example_papermill_operator to 2022-05-22T00:00:00+00:00, run_after=2022-05-23T00:00:00+00:00
[2022-05-23 21:07:02,850] {processor.py:161} INFO - Processing /opt/airflow/dags/pepermill.py took 0.311 seconds
[2022-05-23 21:07:33,036] {processor.py:153} INFO - Started process (PID=537) to work on /opt/airflow/dags/pepermill.py
[2022-05-23 21:07:33,038] {processor.py:641} INFO - Processing file /opt/airflow/dags/pepermill.py for tasks to queue
[2022-05-23 21:07:33,039] {logging_mixin.py:115} INFO - [2022-05-23 21:07:33,039] {dagbag.py:507} INFO - Filling up the DagBag from /opt/airflow/dags/pepermill.py
[2022-05-23 21:07:33,294] {processor.py:651} INFO - DAG(s) dict_keys(['example_papermill_operator']) retrieved from /opt/airflow/dags/pepermill.py
[2022-05-23 21:07:33,305] {logging_mixin.py:115} INFO - [2022-05-23 21:07:33,304] {dag.py:2371} INFO - Sync 1 DAGs
[2022-05-23 21:07:33,316] {logging_mixin.py:115} INFO - [2022-05-23 21:07:33,316] {dag.py:2915} INFO - Setting next_dagrun for example_papermill_operator to 2022-05-22T00:00:00+00:00, run_after=2022-05-23T00:00:00+00:00
[2022-05-23 21:07:33,322] {processor.py:161} INFO - Processing /opt/airflow/dags/pepermill.py took 0.291 seconds
[2022-05-23 21:08:03,698] {processor.py:153} INFO - Started process (PID=620) to work on /opt/airflow/dags/pepermill.py
[2022-05-23 21:08:03,698] {processor.py:641} INFO - Processing file /opt/airflow/dags/pepermill.py for tasks to queue
[2022-05-23 21:08:03,699] {logging_mixin.py:115} INFO - [2022-05-23 21:08:03,699] {dagbag.py:507} INFO - Filling up the DagBag from /opt/airflow/dags/pepermill.py
[2022-05-23 21:08:03,968] {processor.py:651} INFO - DAG(s) dict_keys(['example_papermill_operator']) retrieved from /opt/airflow/dags/pepermill.py
[2022-05-23 21:08:03,979] {logging_mixin.py:115} INFO - [2022-05-23 21:08:03,978] {dag.py:2371} INFO - Sync 1 DAGs
[2022-05-23 21:08:03,989] {logging_mixin.py:115} INFO - [2022-05-23 21:08:03,989] {dag.py:2915} INFO - Setting next_dagrun for example_papermill_operator to 2022-05-22T00:00:00+00:00, run_after=2022-05-23T00:00:00+00:00
[2022-05-23 21:08:03,995] {processor.py:161} INFO - Processing /opt/airflow/dags/pepermill.py took 0.299 seconds
[2022-05-23 21:08:34,152] {processor.py:153} INFO - Started process (PID=779) to work on /opt/airflow/dags/pepermill.py
[2022-05-23 21:08:34,154] {processor.py:641} INFO - Processing file /opt/airflow/dags/pepermill.py for tasks to queue
[2022-05-23 21:08:34,155] {logging_mixin.py:115} INFO - [2022-05-23 21:08:34,155] {dagbag.py:507} INFO - Filling up the DagBag from /opt/airflow/dags/pepermill.py
[2022-05-23 21:08:34,430] {processor.py:651} INFO - DAG(s) dict_keys(['example_papermill_operator']) retrieved from /opt/airflow/dags/pepermill.py
[2022-05-23 21:08:34,442] {logging_mixin.py:115} INFO - [2022-05-23 21:08:34,442] {dag.py:2371} INFO - Sync 1 DAGs
[2022-05-23 21:08:34,455] {logging_mixin.py:115} INFO - [2022-05-23 21:08:34,455] {dag.py:2915} INFO - Setting next_dagrun for example_papermill_operator to 2022-05-22T00:00:00+00:00, run_after=2022-05-23T00:00:00+00:00
[2022-05-23 21:08:34,460] {processor.py:161} INFO - Processing /opt/airflow/dags/pepermill.py took 0.312 seconds
[2022-05-23 21:09:04,835] {processor.py:153} INFO - Started process (PID=863) to work on /opt/airflow/dags/pepermill.py
[2022-05-23 21:09:04,835] {processor.py:641} INFO - Processing file /opt/airflow/dags/pepermill.py for tasks to queue
[2022-05-23 21:09:04,836] {logging_mixin.py:115} INFO - [2022-05-23 21:09:04,836] {dagbag.py:507} INFO - Filling up the DagBag from /opt/airflow/dags/pepermill.py
[2022-05-23 21:09:05,109] {processor.py:651} INFO - DAG(s) dict_keys(['example_papermill_operator']) retrieved from /opt/airflow/dags/pepermill.py
[2022-05-23 21:09:05,121] {logging_mixin.py:115} INFO - [2022-05-23 21:09:05,121] {dag.py:2371} INFO - Sync 1 DAGs
[2022-05-23 21:09:05,132] {logging_mixin.py:115} INFO - [2022-05-23 21:09:05,132] {dag.py:2915} INFO - Setting next_dagrun for example_papermill_operator to 2022-05-22T00:00:00+00:00, run_after=2022-05-23T00:00:00+00:00
[2022-05-23 21:09:05,139] {processor.py:161} INFO - Processing /opt/airflow/dags/pepermill.py took 0.307 seconds
[2022-05-23 21:09:35,301] {processor.py:153} INFO - Started process (PID=1029) to work on /opt/airflow/dags/pepermill.py
[2022-05-23 21:09:35,301] {processor.py:641} INFO - Processing file /opt/airflow/dags/pepermill.py for tasks to queue
[2022-05-23 21:09:35,302] {logging_mixin.py:115} INFO - [2022-05-23 21:09:35,302] {dagbag.py:507} INFO - Filling up the DagBag from /opt/airflow/dags/pepermill.py
[2022-05-23 21:09:35,563] {processor.py:651} INFO - DAG(s) dict_keys(['example_papermill_operator']) retrieved from /opt/airflow/dags/pepermill.py
[2022-05-23 21:09:35,573] {logging_mixin.py:115} INFO - [2022-05-23 21:09:35,573] {dag.py:2371} INFO - Sync 1 DAGs
[2022-05-23 21:09:35,584] {logging_mixin.py:115} INFO - [2022-05-23 21:09:35,584] {dag.py:2915} INFO - Setting next_dagrun for example_papermill_operator to 2022-05-22T00:00:00+00:00, run_after=2022-05-23T00:00:00+00:00
[2022-05-23 21:09:35,590] {processor.py:161} INFO - Processing /opt/airflow/dags/pepermill.py took 0.295 seconds
[2022-05-23 21:10:05,996] {processor.py:153} INFO - Started process (PID=1114) to work on /opt/airflow/dags/pepermill.py
[2022-05-23 21:10:05,997] {processor.py:641} INFO - Processing file /opt/airflow/dags/pepermill.py for tasks to queue
[2022-05-23 21:10:05,997] {logging_mixin.py:115} INFO - [2022-05-23 21:10:05,997] {dagbag.py:507} INFO - Filling up the DagBag from /opt/airflow/dags/pepermill.py
[2022-05-23 21:10:06,276] {processor.py:651} INFO - DAG(s) dict_keys(['example_papermill_operator']) retrieved from /opt/airflow/dags/pepermill.py
[2022-05-23 21:10:06,287] {logging_mixin.py:115} INFO - [2022-05-23 21:10:06,287] {dag.py:2371} INFO - Sync 1 DAGs
[2022-05-23 21:10:06,298] {logging_mixin.py:115} INFO - [2022-05-23 21:10:06,298] {dag.py:2915} INFO - Setting next_dagrun for example_papermill_operator to 2022-05-22T00:00:00+00:00, run_after=2022-05-23T00:00:00+00:00
[2022-05-23 21:10:06,305] {processor.py:161} INFO - Processing /opt/airflow/dags/pepermill.py took 0.311 seconds
[2022-05-23 21:10:36,475] {processor.py:153} INFO - Started process (PID=1271) to work on /opt/airflow/dags/pepermill.py
[2022-05-23 21:10:36,477] {processor.py:641} INFO - Processing file /opt/airflow/dags/pepermill.py for tasks to queue
[2022-05-23 21:10:36,477] {logging_mixin.py:115} INFO - [2022-05-23 21:10:36,477] {dagbag.py:507} INFO - Filling up the DagBag from /opt/airflow/dags/pepermill.py
[2022-05-23 21:10:36,782] {processor.py:651} INFO - DAG(s) dict_keys(['example_papermill_operator']) retrieved from /opt/airflow/dags/pepermill.py
[2022-05-23 21:10:36,795] {logging_mixin.py:115} INFO - [2022-05-23 21:10:36,795] {dag.py:2371} INFO - Sync 1 DAGs
[2022-05-23 21:10:36,810] {logging_mixin.py:115} INFO - [2022-05-23 21:10:36,810] {dag.py:2915} INFO - Setting next_dagrun for example_papermill_operator to 2022-05-22T00:00:00+00:00, run_after=2022-05-23T00:00:00+00:00
[2022-05-23 21:10:36,820] {processor.py:161} INFO - Processing /opt/airflow/dags/pepermill.py took 0.350 seconds
[2022-05-23 21:11:07,435] {processor.py:153} INFO - Started process (PID=1355) to work on /opt/airflow/dags/pepermill.py
[2022-05-23 21:11:07,437] {processor.py:641} INFO - Processing file /opt/airflow/dags/pepermill.py for tasks to queue
[2022-05-23 21:11:07,438] {logging_mixin.py:115} INFO - [2022-05-23 21:11:07,438] {dagbag.py:507} INFO - Filling up the DagBag from /opt/airflow/dags/pepermill.py
[2022-05-23 21:11:07,871] {processor.py:651} INFO - DAG(s) dict_keys(['example_papermill_operator']) retrieved from /opt/airflow/dags/pepermill.py
[2022-05-23 21:11:07,886] {logging_mixin.py:115} INFO - [2022-05-23 21:11:07,886] {dag.py:2371} INFO - Sync 1 DAGs
[2022-05-23 21:11:07,899] {logging_mixin.py:115} INFO - [2022-05-23 21:11:07,899] {dag.py:2915} INFO - Setting next_dagrun for example_papermill_operator to 2022-05-22T00:00:00+00:00, run_after=2022-05-23T00:00:00+00:00
[2022-05-23 21:11:07,907] {processor.py:161} INFO - Processing /opt/airflow/dags/pepermill.py took 0.475 seconds
[2022-05-23 21:11:38,038] {processor.py:153} INFO - Started process (PID=1519) to work on /opt/airflow/dags/pepermill.py
[2022-05-23 21:11:38,040] {processor.py:641} INFO - Processing file /opt/airflow/dags/pepermill.py for tasks to queue
[2022-05-23 21:11:38,040] {logging_mixin.py:115} INFO - [2022-05-23 21:11:38,040] {dagbag.py:507} INFO - Filling up the DagBag from /opt/airflow/dags/pepermill.py
[2022-05-23 21:11:38,313] {processor.py:651} INFO - DAG(s) dict_keys(['example_papermill_operator']) retrieved from /opt/airflow/dags/pepermill.py
[2022-05-23 21:11:38,324] {logging_mixin.py:115} INFO - [2022-05-23 21:11:38,324] {dag.py:2371} INFO - Sync 1 DAGs
[2022-05-23 21:11:38,335] {logging_mixin.py:115} INFO - [2022-05-23 21:11:38,335] {dag.py:2915} INFO - Setting next_dagrun for example_papermill_operator to 2022-05-22T00:00:00+00:00, run_after=2022-05-23T00:00:00+00:00
[2022-05-23 21:11:38,342] {processor.py:161} INFO - Processing /opt/airflow/dags/pepermill.py took 0.307 seconds
[2022-05-23 21:12:08,705] {processor.py:153} INFO - Started process (PID=1603) to work on /opt/airflow/dags/pepermill.py
[2022-05-23 21:12:08,706] {processor.py:641} INFO - Processing file /opt/airflow/dags/pepermill.py for tasks to queue
[2022-05-23 21:12:08,707] {logging_mixin.py:115} INFO - [2022-05-23 21:12:08,707] {dagbag.py:507} INFO - Filling up the DagBag from /opt/airflow/dags/pepermill.py
[2022-05-23 21:12:09,009] {processor.py:651} INFO - DAG(s) dict_keys(['example_papermill_operator']) retrieved from /opt/airflow/dags/pepermill.py
[2022-05-23 21:12:09,020] {logging_mixin.py:115} INFO - [2022-05-23 21:12:09,020] {dag.py:2371} INFO - Sync 1 DAGs
[2022-05-23 21:12:09,033] {logging_mixin.py:115} INFO - [2022-05-23 21:12:09,033] {dag.py:2915} INFO - Setting next_dagrun for example_papermill_operator to 2022-05-22T00:00:00+00:00, run_after=2022-05-23T00:00:00+00:00
[2022-05-23 21:12:09,040] {processor.py:161} INFO - Processing /opt/airflow/dags/pepermill.py took 0.338 seconds
[2022-05-23 21:12:39,178] {processor.py:153} INFO - Started process (PID=1764) to work on /opt/airflow/dags/pepermill.py
[2022-05-23 21:12:39,179] {processor.py:641} INFO - Processing file /opt/airflow/dags/pepermill.py for tasks to queue
[2022-05-23 21:12:39,180] {logging_mixin.py:115} INFO - [2022-05-23 21:12:39,180] {dagbag.py:507} INFO - Filling up the DagBag from /opt/airflow/dags/pepermill.py
[2022-05-23 21:12:39,512] {processor.py:651} INFO - DAG(s) dict_keys(['example_papermill_operator']) retrieved from /opt/airflow/dags/pepermill.py
[2022-05-23 21:12:39,528] {logging_mixin.py:115} INFO - [2022-05-23 21:12:39,527] {dag.py:2371} INFO - Sync 1 DAGs
[2022-05-23 21:12:39,543] {logging_mixin.py:115} INFO - [2022-05-23 21:12:39,543] {dag.py:2915} INFO - Setting next_dagrun for example_papermill_operator to 2022-05-22T00:00:00+00:00, run_after=2022-05-23T00:00:00+00:00
[2022-05-23 21:12:39,552] {processor.py:161} INFO - Processing /opt/airflow/dags/pepermill.py took 0.376 seconds
[2022-05-23 21:13:09,986] {processor.py:153} INFO - Started process (PID=1848) to work on /opt/airflow/dags/pepermill.py
[2022-05-23 21:13:09,987] {processor.py:641} INFO - Processing file /opt/airflow/dags/pepermill.py for tasks to queue
[2022-05-23 21:13:09,987] {logging_mixin.py:115} INFO - [2022-05-23 21:13:09,987] {dagbag.py:507} INFO - Filling up the DagBag from /opt/airflow/dags/pepermill.py
[2022-05-23 21:13:10,307] {processor.py:651} INFO - DAG(s) dict_keys(['example_papermill_operator']) retrieved from /opt/airflow/dags/pepermill.py
[2022-05-23 21:13:10,322] {logging_mixin.py:115} INFO - [2022-05-23 21:13:10,322] {dag.py:2371} INFO - Sync 1 DAGs
[2022-05-23 21:13:10,336] {logging_mixin.py:115} INFO - [2022-05-23 21:13:10,336] {dag.py:2915} INFO - Setting next_dagrun for example_papermill_operator to 2022-05-22T00:00:00+00:00, run_after=2022-05-23T00:00:00+00:00
[2022-05-23 21:13:10,342] {processor.py:161} INFO - Processing /opt/airflow/dags/pepermill.py took 0.357 seconds
[2022-05-23 21:13:40,432] {processor.py:153} INFO - Started process (PID=2017) to work on /opt/airflow/dags/pepermill.py
[2022-05-23 21:13:40,432] {processor.py:641} INFO - Processing file /opt/airflow/dags/pepermill.py for tasks to queue
[2022-05-23 21:13:40,432] {logging_mixin.py:115} INFO - [2022-05-23 21:13:40,432] {dagbag.py:507} INFO - Filling up the DagBag from /opt/airflow/dags/pepermill.py
[2022-05-23 21:13:40,712] {processor.py:651} INFO - DAG(s) dict_keys(['example_papermill_operator']) retrieved from /opt/airflow/dags/pepermill.py
[2022-05-23 21:13:40,724] {logging_mixin.py:115} INFO - [2022-05-23 21:13:40,724] {dag.py:2371} INFO - Sync 1 DAGs
[2022-05-23 21:13:40,735] {logging_mixin.py:115} INFO - [2022-05-23 21:13:40,735] {dag.py:2915} INFO - Setting next_dagrun for example_papermill_operator to 2022-05-22T00:00:00+00:00, run_after=2022-05-23T00:00:00+00:00
[2022-05-23 21:13:40,741] {processor.py:161} INFO - Processing /opt/airflow/dags/pepermill.py took 0.311 seconds
[2022-05-23 21:14:11,149] {processor.py:153} INFO - Started process (PID=2101) to work on /opt/airflow/dags/pepermill.py
[2022-05-23 21:14:11,150] {processor.py:641} INFO - Processing file /opt/airflow/dags/pepermill.py for tasks to queue
[2022-05-23 21:14:11,151] {logging_mixin.py:115} INFO - [2022-05-23 21:14:11,151] {dagbag.py:507} INFO - Filling up the DagBag from /opt/airflow/dags/pepermill.py
[2022-05-23 21:14:11,565] {processor.py:651} INFO - DAG(s) dict_keys(['example_papermill_operator']) retrieved from /opt/airflow/dags/pepermill.py
[2022-05-23 21:14:11,580] {logging_mixin.py:115} INFO - [2022-05-23 21:14:11,579] {dag.py:2371} INFO - Sync 1 DAGs
[2022-05-23 21:14:11,598] {logging_mixin.py:115} INFO - [2022-05-23 21:14:11,598] {dag.py:2915} INFO - Setting next_dagrun for example_papermill_operator to 2022-05-22T00:00:00+00:00, run_after=2022-05-23T00:00:00+00:00
[2022-05-23 21:14:11,607] {processor.py:161} INFO - Processing /opt/airflow/dags/pepermill.py took 0.460 seconds
[2022-05-23 21:14:41,716] {processor.py:153} INFO - Started process (PID=2263) to work on /opt/airflow/dags/pepermill.py
[2022-05-23 21:14:41,717] {processor.py:641} INFO - Processing file /opt/airflow/dags/pepermill.py for tasks to queue
[2022-05-23 21:14:41,717] {logging_mixin.py:115} INFO - [2022-05-23 21:14:41,717] {dagbag.py:507} INFO - Filling up the DagBag from /opt/airflow/dags/pepermill.py
[2022-05-23 21:14:42,026] {processor.py:651} INFO - DAG(s) dict_keys(['example_papermill_operator']) retrieved from /opt/airflow/dags/pepermill.py
[2022-05-23 21:14:42,039] {logging_mixin.py:115} INFO - [2022-05-23 21:14:42,038] {dag.py:2371} INFO - Sync 1 DAGs
[2022-05-23 21:14:42,052] {logging_mixin.py:115} INFO - [2022-05-23 21:14:42,052] {dag.py:2915} INFO - Setting next_dagrun for example_papermill_operator to 2022-05-22T00:00:00+00:00, run_after=2022-05-23T00:00:00+00:00
[2022-05-23 21:14:42,059] {processor.py:161} INFO - Processing /opt/airflow/dags/pepermill.py took 0.344 seconds
[2022-05-23 21:15:12,802] {processor.py:153} INFO - Started process (PID=2348) to work on /opt/airflow/dags/pepermill.py
[2022-05-23 21:15:12,804] {processor.py:641} INFO - Processing file /opt/airflow/dags/pepermill.py for tasks to queue
[2022-05-23 21:15:12,804] {logging_mixin.py:115} INFO - [2022-05-23 21:15:12,804] {dagbag.py:507} INFO - Filling up the DagBag from /opt/airflow/dags/pepermill.py
[2022-05-23 21:15:13,235] {processor.py:651} INFO - DAG(s) dict_keys(['example_papermill_operator']) retrieved from /opt/airflow/dags/pepermill.py
[2022-05-23 21:15:13,251] {logging_mixin.py:115} INFO - [2022-05-23 21:15:13,250] {dag.py:2371} INFO - Sync 1 DAGs
[2022-05-23 21:15:13,267] {logging_mixin.py:115} INFO - [2022-05-23 21:15:13,267] {dag.py:2915} INFO - Setting next_dagrun for example_papermill_operator to 2022-05-22T00:00:00+00:00, run_after=2022-05-23T00:00:00+00:00
[2022-05-23 21:15:13,282] {processor.py:161} INFO - Processing /opt/airflow/dags/pepermill.py took 0.482 seconds
[2022-05-23 21:15:43,472] {processor.py:153} INFO - Started process (PID=2517) to work on /opt/airflow/dags/pepermill.py
[2022-05-23 21:15:43,473] {processor.py:641} INFO - Processing file /opt/airflow/dags/pepermill.py for tasks to queue
[2022-05-23 21:15:43,474] {logging_mixin.py:115} INFO - [2022-05-23 21:15:43,474] {dagbag.py:507} INFO - Filling up the DagBag from /opt/airflow/dags/pepermill.py
[2022-05-23 21:15:43,765] {processor.py:651} INFO - DAG(s) dict_keys(['example_papermill_operator']) retrieved from /opt/airflow/dags/pepermill.py
[2022-05-23 21:15:43,777] {logging_mixin.py:115} INFO - [2022-05-23 21:15:43,776] {dag.py:2371} INFO - Sync 1 DAGs
[2022-05-23 21:15:43,792] {logging_mixin.py:115} INFO - [2022-05-23 21:15:43,792] {dag.py:2915} INFO - Setting next_dagrun for example_papermill_operator to 2022-05-22T00:00:00+00:00, run_after=2022-05-23T00:00:00+00:00
[2022-05-23 21:15:43,800] {processor.py:161} INFO - Processing /opt/airflow/dags/pepermill.py took 0.329 seconds
[2022-05-23 21:16:14,200] {processor.py:153} INFO - Started process (PID=2593) to work on /opt/airflow/dags/pepermill.py
[2022-05-23 21:16:14,200] {processor.py:641} INFO - Processing file /opt/airflow/dags/pepermill.py for tasks to queue
[2022-05-23 21:16:14,201] {logging_mixin.py:115} INFO - [2022-05-23 21:16:14,201] {dagbag.py:507} INFO - Filling up the DagBag from /opt/airflow/dags/pepermill.py
[2022-05-23 21:16:14,710] {processor.py:651} INFO - DAG(s) dict_keys(['example_papermill_operator']) retrieved from /opt/airflow/dags/pepermill.py
[2022-05-23 21:16:14,728] {logging_mixin.py:115} INFO - [2022-05-23 21:16:14,727] {dag.py:2371} INFO - Sync 1 DAGs
[2022-05-23 21:16:14,745] {logging_mixin.py:115} INFO - [2022-05-23 21:16:14,745] {dag.py:2915} INFO - Setting next_dagrun for example_papermill_operator to 2022-05-22T00:00:00+00:00, run_after=2022-05-23T00:00:00+00:00
[2022-05-23 21:16:14,754] {processor.py:161} INFO - Processing /opt/airflow/dags/pepermill.py took 0.557 seconds
[2022-05-23 21:16:44,910] {processor.py:153} INFO - Started process (PID=2761) to work on /opt/airflow/dags/pepermill.py
[2022-05-23 21:16:44,911] {processor.py:641} INFO - Processing file /opt/airflow/dags/pepermill.py for tasks to queue
[2022-05-23 21:16:44,911] {logging_mixin.py:115} INFO - [2022-05-23 21:16:44,911] {dagbag.py:507} INFO - Filling up the DagBag from /opt/airflow/dags/pepermill.py
[2022-05-23 21:16:45,278] {processor.py:651} INFO - DAG(s) dict_keys(['example_papermill_operator']) retrieved from /opt/airflow/dags/pepermill.py
[2022-05-23 21:16:45,293] {logging_mixin.py:115} INFO - [2022-05-23 21:16:45,293] {dag.py:2371} INFO - Sync 1 DAGs
[2022-05-23 21:16:45,313] {logging_mixin.py:115} INFO - [2022-05-23 21:16:45,313] {dag.py:2915} INFO - Setting next_dagrun for example_papermill_operator to 2022-05-22T00:00:00+00:00, run_after=2022-05-23T00:00:00+00:00
[2022-05-23 21:16:45,320] {processor.py:161} INFO - Processing /opt/airflow/dags/pepermill.py took 0.411 seconds
[2022-05-23 21:17:15,719] {processor.py:153} INFO - Started process (PID=2845) to work on /opt/airflow/dags/pepermill.py
[2022-05-23 21:17:15,720] {processor.py:641} INFO - Processing file /opt/airflow/dags/pepermill.py for tasks to queue
[2022-05-23 21:17:15,720] {logging_mixin.py:115} INFO - [2022-05-23 21:17:15,720] {dagbag.py:507} INFO - Filling up the DagBag from /opt/airflow/dags/pepermill.py
[2022-05-23 21:17:16,032] {processor.py:651} INFO - DAG(s) dict_keys(['example_papermill_operator']) retrieved from /opt/airflow/dags/pepermill.py
[2022-05-23 21:17:16,046] {logging_mixin.py:115} INFO - [2022-05-23 21:17:16,046] {dag.py:2371} INFO - Sync 1 DAGs
[2022-05-23 21:17:16,062] {logging_mixin.py:115} INFO - [2022-05-23 21:17:16,062] {dag.py:2915} INFO - Setting next_dagrun for example_papermill_operator to 2022-05-22T00:00:00+00:00, run_after=2022-05-23T00:00:00+00:00
[2022-05-23 21:17:16,071] {processor.py:161} INFO - Processing /opt/airflow/dags/pepermill.py took 0.353 seconds
[2022-05-23 21:17:46,190] {processor.py:153} INFO - Started process (PID=3009) to work on /opt/airflow/dags/pepermill.py
[2022-05-23 21:17:46,190] {processor.py:641} INFO - Processing file /opt/airflow/dags/pepermill.py for tasks to queue
[2022-05-23 21:17:46,191] {logging_mixin.py:115} INFO - [2022-05-23 21:17:46,191] {dagbag.py:507} INFO - Filling up the DagBag from /opt/airflow/dags/pepermill.py
[2022-05-23 21:17:46,596] {processor.py:651} INFO - DAG(s) dict_keys(['example_papermill_operator']) retrieved from /opt/airflow/dags/pepermill.py
[2022-05-23 21:17:46,614] {logging_mixin.py:115} INFO - [2022-05-23 21:17:46,613] {dag.py:2371} INFO - Sync 1 DAGs
[2022-05-23 21:17:46,635] {logging_mixin.py:115} INFO - [2022-05-23 21:17:46,635] {dag.py:2915} INFO - Setting next_dagrun for example_papermill_operator to 2022-05-22T00:00:00+00:00, run_after=2022-05-23T00:00:00+00:00
[2022-05-23 21:17:46,647] {processor.py:161} INFO - Processing /opt/airflow/dags/pepermill.py took 0.459 seconds
[2022-05-23 21:18:17,114] {processor.py:153} INFO - Started process (PID=3085) to work on /opt/airflow/dags/pepermill.py
[2022-05-23 21:18:17,115] {processor.py:641} INFO - Processing file /opt/airflow/dags/pepermill.py for tasks to queue
[2022-05-23 21:18:17,115] {logging_mixin.py:115} INFO - [2022-05-23 21:18:17,115] {dagbag.py:507} INFO - Filling up the DagBag from /opt/airflow/dags/pepermill.py
[2022-05-23 21:18:17,437] {processor.py:651} INFO - DAG(s) dict_keys(['example_papermill_operator']) retrieved from /opt/airflow/dags/pepermill.py
[2022-05-23 21:18:17,450] {logging_mixin.py:115} INFO - [2022-05-23 21:18:17,449] {dag.py:2371} INFO - Sync 1 DAGs
[2022-05-23 21:18:17,463] {logging_mixin.py:115} INFO - [2022-05-23 21:18:17,463] {dag.py:2915} INFO - Setting next_dagrun for example_papermill_operator to 2022-05-22T00:00:00+00:00, run_after=2022-05-23T00:00:00+00:00
[2022-05-23 21:18:17,469] {processor.py:161} INFO - Processing /opt/airflow/dags/pepermill.py took 0.358 seconds
[2022-05-23 21:18:47,624] {processor.py:153} INFO - Started process (PID=3250) to work on /opt/airflow/dags/pepermill.py
[2022-05-23 21:18:47,626] {processor.py:641} INFO - Processing file /opt/airflow/dags/pepermill.py for tasks to queue
[2022-05-23 21:18:47,626] {logging_mixin.py:115} INFO - [2022-05-23 21:18:47,626] {dagbag.py:507} INFO - Filling up the DagBag from /opt/airflow/dags/pepermill.py
[2022-05-23 21:18:47,896] {processor.py:651} INFO - DAG(s) dict_keys(['example_papermill_operator']) retrieved from /opt/airflow/dags/pepermill.py
[2022-05-23 21:18:47,907] {logging_mixin.py:115} INFO - [2022-05-23 21:18:47,907] {dag.py:2371} INFO - Sync 1 DAGs
[2022-05-23 21:18:47,918] {logging_mixin.py:115} INFO - [2022-05-23 21:18:47,918] {dag.py:2915} INFO - Setting next_dagrun for example_papermill_operator to 2022-05-22T00:00:00+00:00, run_after=2022-05-23T00:00:00+00:00
[2022-05-23 21:18:47,926] {processor.py:161} INFO - Processing /opt/airflow/dags/pepermill.py took 0.307 seconds
[2022-05-23 21:19:18,322] {processor.py:153} INFO - Started process (PID=3334) to work on /opt/airflow/dags/pepermill.py
[2022-05-23 21:19:18,323] {processor.py:641} INFO - Processing file /opt/airflow/dags/pepermill.py for tasks to queue
[2022-05-23 21:19:18,323] {logging_mixin.py:115} INFO - [2022-05-23 21:19:18,323] {dagbag.py:507} INFO - Filling up the DagBag from /opt/airflow/dags/pepermill.py
[2022-05-23 21:19:18,606] {processor.py:651} INFO - DAG(s) dict_keys(['example_papermill_operator']) retrieved from /opt/airflow/dags/pepermill.py
[2022-05-23 21:19:18,619] {logging_mixin.py:115} INFO - [2022-05-23 21:19:18,619] {dag.py:2371} INFO - Sync 1 DAGs
[2022-05-23 21:19:18,631] {logging_mixin.py:115} INFO - [2022-05-23 21:19:18,631] {dag.py:2915} INFO - Setting next_dagrun for example_papermill_operator to 2022-05-22T00:00:00+00:00, run_after=2022-05-23T00:00:00+00:00
[2022-05-23 21:19:18,638] {processor.py:161} INFO - Processing /opt/airflow/dags/pepermill.py took 0.318 seconds
[2022-05-23 21:19:48,792] {processor.py:153} INFO - Started process (PID=3491) to work on /opt/airflow/dags/pepermill.py
[2022-05-23 21:19:48,793] {processor.py:641} INFO - Processing file /opt/airflow/dags/pepermill.py for tasks to queue
[2022-05-23 21:19:48,793] {logging_mixin.py:115} INFO - [2022-05-23 21:19:48,793] {dagbag.py:507} INFO - Filling up the DagBag from /opt/airflow/dags/pepermill.py
[2022-05-23 21:19:49,091] {processor.py:651} INFO - DAG(s) dict_keys(['example_papermill_operator']) retrieved from /opt/airflow/dags/pepermill.py
[2022-05-23 21:19:49,106] {logging_mixin.py:115} INFO - [2022-05-23 21:19:49,106] {dag.py:2371} INFO - Sync 1 DAGs
[2022-05-23 21:19:49,124] {logging_mixin.py:115} INFO - [2022-05-23 21:19:49,124] {dag.py:2915} INFO - Setting next_dagrun for example_papermill_operator to 2022-05-22T00:00:00+00:00, run_after=2022-05-23T00:00:00+00:00
[2022-05-23 21:19:49,133] {processor.py:161} INFO - Processing /opt/airflow/dags/pepermill.py took 0.342 seconds
[2022-05-23 21:20:19,575] {processor.py:153} INFO - Started process (PID=3574) to work on /opt/airflow/dags/pepermill.py
[2022-05-23 21:20:19,576] {processor.py:641} INFO - Processing file /opt/airflow/dags/pepermill.py for tasks to queue
[2022-05-23 21:20:19,577] {logging_mixin.py:115} INFO - [2022-05-23 21:20:19,577] {dagbag.py:507} INFO - Filling up the DagBag from /opt/airflow/dags/pepermill.py
[2022-05-23 21:20:19,866] {processor.py:651} INFO - DAG(s) dict_keys(['example_papermill_operator']) retrieved from /opt/airflow/dags/pepermill.py
[2022-05-23 21:20:19,878] {logging_mixin.py:115} INFO - [2022-05-23 21:20:19,877] {dag.py:2371} INFO - Sync 1 DAGs
[2022-05-23 21:20:19,889] {logging_mixin.py:115} INFO - [2022-05-23 21:20:19,889] {dag.py:2915} INFO - Setting next_dagrun for example_papermill_operator to 2022-05-22T00:00:00+00:00, run_after=2022-05-23T00:00:00+00:00
[2022-05-23 21:20:19,895] {processor.py:161} INFO - Processing /opt/airflow/dags/pepermill.py took 0.323 seconds
[2022-05-23 21:20:50,042] {processor.py:153} INFO - Started process (PID=3741) to work on /opt/airflow/dags/pepermill.py
[2022-05-23 21:20:50,043] {processor.py:641} INFO - Processing file /opt/airflow/dags/pepermill.py for tasks to queue
[2022-05-23 21:20:50,043] {logging_mixin.py:115} INFO - [2022-05-23 21:20:50,043] {dagbag.py:507} INFO - Filling up the DagBag from /opt/airflow/dags/pepermill.py
[2022-05-23 21:20:50,323] {processor.py:651} INFO - DAG(s) dict_keys(['example_papermill_operator']) retrieved from /opt/airflow/dags/pepermill.py
[2022-05-23 21:20:50,335] {logging_mixin.py:115} INFO - [2022-05-23 21:20:50,335] {dag.py:2371} INFO - Sync 1 DAGs
[2022-05-23 21:20:50,347] {logging_mixin.py:115} INFO - [2022-05-23 21:20:50,347] {dag.py:2915} INFO - Setting next_dagrun for example_papermill_operator to 2022-05-22T00:00:00+00:00, run_after=2022-05-23T00:00:00+00:00
[2022-05-23 21:20:50,355] {processor.py:161} INFO - Processing /opt/airflow/dags/pepermill.py took 0.314 seconds
[2022-05-23 21:21:20,720] {processor.py:153} INFO - Started process (PID=3825) to work on /opt/airflow/dags/pepermill.py
[2022-05-23 21:21:20,721] {processor.py:641} INFO - Processing file /opt/airflow/dags/pepermill.py for tasks to queue
[2022-05-23 21:21:20,722] {logging_mixin.py:115} INFO - [2022-05-23 21:21:20,722] {dagbag.py:507} INFO - Filling up the DagBag from /opt/airflow/dags/pepermill.py
[2022-05-23 21:21:21,005] {processor.py:651} INFO - DAG(s) dict_keys(['example_papermill_operator']) retrieved from /opt/airflow/dags/pepermill.py
[2022-05-23 21:21:21,016] {logging_mixin.py:115} INFO - [2022-05-23 21:21:21,016] {dag.py:2371} INFO - Sync 1 DAGs
[2022-05-23 21:21:21,027] {logging_mixin.py:115} INFO - [2022-05-23 21:21:21,027] {dag.py:2915} INFO - Setting next_dagrun for example_papermill_operator to 2022-05-22T00:00:00+00:00, run_after=2022-05-23T00:00:00+00:00
[2022-05-23 21:21:21,034] {processor.py:161} INFO - Processing /opt/airflow/dags/pepermill.py took 0.316 seconds
[2022-05-23 21:21:51,175] {processor.py:153} INFO - Started process (PID=3994) to work on /opt/airflow/dags/pepermill.py
[2022-05-23 21:21:51,175] {processor.py:641} INFO - Processing file /opt/airflow/dags/pepermill.py for tasks to queue
[2022-05-23 21:21:51,175] {logging_mixin.py:115} INFO - [2022-05-23 21:21:51,175] {dagbag.py:507} INFO - Filling up the DagBag from /opt/airflow/dags/pepermill.py
[2022-05-23 21:21:51,449] {processor.py:651} INFO - DAG(s) dict_keys(['example_papermill_operator']) retrieved from /opt/airflow/dags/pepermill.py
[2022-05-23 21:21:51,460] {logging_mixin.py:115} INFO - [2022-05-23 21:21:51,460] {dag.py:2371} INFO - Sync 1 DAGs
[2022-05-23 21:21:51,472] {logging_mixin.py:115} INFO - [2022-05-23 21:21:51,472] {dag.py:2915} INFO - Setting next_dagrun for example_papermill_operator to 2022-05-22T00:00:00+00:00, run_after=2022-05-23T00:00:00+00:00
[2022-05-23 21:21:51,479] {processor.py:161} INFO - Processing /opt/airflow/dags/pepermill.py took 0.306 seconds
[2022-05-23 21:22:21,866] {processor.py:153} INFO - Started process (PID=4067) to work on /opt/airflow/dags/pepermill.py
[2022-05-23 21:22:21,866] {processor.py:641} INFO - Processing file /opt/airflow/dags/pepermill.py for tasks to queue
[2022-05-23 21:22:21,866] {logging_mixin.py:115} INFO - [2022-05-23 21:22:21,866] {dagbag.py:507} INFO - Filling up the DagBag from /opt/airflow/dags/pepermill.py
[2022-05-23 21:22:22,143] {processor.py:651} INFO - DAG(s) dict_keys(['example_papermill_operator']) retrieved from /opt/airflow/dags/pepermill.py
[2022-05-23 21:22:22,155] {logging_mixin.py:115} INFO - [2022-05-23 21:22:22,154] {dag.py:2371} INFO - Sync 1 DAGs
[2022-05-23 21:22:22,166] {logging_mixin.py:115} INFO - [2022-05-23 21:22:22,166] {dag.py:2915} INFO - Setting next_dagrun for example_papermill_operator to 2022-05-22T00:00:00+00:00, run_after=2022-05-23T00:00:00+00:00
[2022-05-23 21:22:22,172] {processor.py:161} INFO - Processing /opt/airflow/dags/pepermill.py took 0.308 seconds
[2022-05-23 21:22:52,323] {processor.py:153} INFO - Started process (PID=4235) to work on /opt/airflow/dags/pepermill.py
[2022-05-23 21:22:52,324] {processor.py:641} INFO - Processing file /opt/airflow/dags/pepermill.py for tasks to queue
[2022-05-23 21:22:52,325] {logging_mixin.py:115} INFO - [2022-05-23 21:22:52,325] {dagbag.py:507} INFO - Filling up the DagBag from /opt/airflow/dags/pepermill.py
[2022-05-23 21:22:52,587] {processor.py:651} INFO - DAG(s) dict_keys(['example_papermill_operator']) retrieved from /opt/airflow/dags/pepermill.py
[2022-05-23 21:22:52,598] {logging_mixin.py:115} INFO - [2022-05-23 21:22:52,598] {dag.py:2371} INFO - Sync 1 DAGs
[2022-05-23 21:22:52,610] {logging_mixin.py:115} INFO - [2022-05-23 21:22:52,610] {dag.py:2915} INFO - Setting next_dagrun for example_papermill_operator to 2022-05-22T00:00:00+00:00, run_after=2022-05-23T00:00:00+00:00
[2022-05-23 21:22:52,616] {processor.py:161} INFO - Processing /opt/airflow/dags/pepermill.py took 0.298 seconds
[2022-05-23 21:23:22,984] {processor.py:153} INFO - Started process (PID=4319) to work on /opt/airflow/dags/pepermill.py
[2022-05-23 21:23:22,985] {processor.py:641} INFO - Processing file /opt/airflow/dags/pepermill.py for tasks to queue
[2022-05-23 21:23:22,985] {logging_mixin.py:115} INFO - [2022-05-23 21:23:22,985] {dagbag.py:507} INFO - Filling up the DagBag from /opt/airflow/dags/pepermill.py
[2022-05-23 21:23:23,283] {processor.py:651} INFO - DAG(s) dict_keys(['example_papermill_operator']) retrieved from /opt/airflow/dags/pepermill.py
[2022-05-23 21:23:23,296] {logging_mixin.py:115} INFO - [2022-05-23 21:23:23,295] {dag.py:2371} INFO - Sync 1 DAGs
[2022-05-23 21:23:23,310] {logging_mixin.py:115} INFO - [2022-05-23 21:23:23,310] {dag.py:2915} INFO - Setting next_dagrun for example_papermill_operator to 2022-05-22T00:00:00+00:00, run_after=2022-05-23T00:00:00+00:00
[2022-05-23 21:23:23,318] {processor.py:161} INFO - Processing /opt/airflow/dags/pepermill.py took 0.336 seconds
[2022-05-23 21:23:53,502] {processor.py:153} INFO - Started process (PID=4490) to work on /opt/airflow/dags/pepermill.py
[2022-05-23 21:23:53,504] {processor.py:641} INFO - Processing file /opt/airflow/dags/pepermill.py for tasks to queue
[2022-05-23 21:23:53,504] {logging_mixin.py:115} INFO - [2022-05-23 21:23:53,504] {dagbag.py:507} INFO - Filling up the DagBag from /opt/airflow/dags/pepermill.py
[2022-05-23 21:23:53,788] {processor.py:651} INFO - DAG(s) dict_keys(['example_papermill_operator']) retrieved from /opt/airflow/dags/pepermill.py
[2022-05-23 21:23:53,800] {logging_mixin.py:115} INFO - [2022-05-23 21:23:53,799] {dag.py:2371} INFO - Sync 1 DAGs
[2022-05-23 21:23:53,812] {logging_mixin.py:115} INFO - [2022-05-23 21:23:53,812] {dag.py:2915} INFO - Setting next_dagrun for example_papermill_operator to 2022-05-22T00:00:00+00:00, run_after=2022-05-23T00:00:00+00:00
[2022-05-23 21:23:53,819] {processor.py:161} INFO - Processing /opt/airflow/dags/pepermill.py took 0.321 seconds
[2022-05-23 21:24:24,224] {processor.py:153} INFO - Started process (PID=4563) to work on /opt/airflow/dags/pepermill.py
[2022-05-23 21:24:24,224] {processor.py:641} INFO - Processing file /opt/airflow/dags/pepermill.py for tasks to queue
[2022-05-23 21:24:24,225] {logging_mixin.py:115} INFO - [2022-05-23 21:24:24,225] {dagbag.py:507} INFO - Filling up the DagBag from /opt/airflow/dags/pepermill.py
[2022-05-23 21:24:24,503] {processor.py:651} INFO - DAG(s) dict_keys(['example_papermill_operator']) retrieved from /opt/airflow/dags/pepermill.py
[2022-05-23 21:24:24,515] {logging_mixin.py:115} INFO - [2022-05-23 21:24:24,515] {dag.py:2371} INFO - Sync 1 DAGs
[2022-05-23 21:24:24,526] {logging_mixin.py:115} INFO - [2022-05-23 21:24:24,526] {dag.py:2915} INFO - Setting next_dagrun for example_papermill_operator to 2022-05-22T00:00:00+00:00, run_after=2022-05-23T00:00:00+00:00
[2022-05-23 21:24:24,533] {processor.py:161} INFO - Processing /opt/airflow/dags/pepermill.py took 0.312 seconds
[2022-05-23 21:24:54,690] {processor.py:153} INFO - Started process (PID=4734) to work on /opt/airflow/dags/pepermill.py
[2022-05-23 21:24:54,691] {processor.py:641} INFO - Processing file /opt/airflow/dags/pepermill.py for tasks to queue
[2022-05-23 21:24:54,691] {logging_mixin.py:115} INFO - [2022-05-23 21:24:54,691] {dagbag.py:507} INFO - Filling up the DagBag from /opt/airflow/dags/pepermill.py
[2022-05-23 21:24:54,954] {processor.py:651} INFO - DAG(s) dict_keys(['example_papermill_operator']) retrieved from /opt/airflow/dags/pepermill.py
[2022-05-23 21:24:54,965] {logging_mixin.py:115} INFO - [2022-05-23 21:24:54,965] {dag.py:2371} INFO - Sync 1 DAGs
[2022-05-23 21:24:54,977] {logging_mixin.py:115} INFO - [2022-05-23 21:24:54,977] {dag.py:2915} INFO - Setting next_dagrun for example_papermill_operator to 2022-05-22T00:00:00+00:00, run_after=2022-05-23T00:00:00+00:00
[2022-05-23 21:24:54,983] {processor.py:161} INFO - Processing /opt/airflow/dags/pepermill.py took 0.297 seconds
[2022-05-23 21:25:25,359] {processor.py:153} INFO - Started process (PID=4815) to work on /opt/airflow/dags/pepermill.py
[2022-05-23 21:25:25,360] {processor.py:641} INFO - Processing file /opt/airflow/dags/pepermill.py for tasks to queue
[2022-05-23 21:25:25,360] {logging_mixin.py:115} INFO - [2022-05-23 21:25:25,360] {dagbag.py:507} INFO - Filling up the DagBag from /opt/airflow/dags/pepermill.py
[2022-05-23 21:25:25,650] {processor.py:651} INFO - DAG(s) dict_keys(['example_papermill_operator']) retrieved from /opt/airflow/dags/pepermill.py
[2022-05-23 21:25:25,661] {logging_mixin.py:115} INFO - [2022-05-23 21:25:25,660] {dag.py:2371} INFO - Sync 1 DAGs
[2022-05-23 21:25:25,672] {logging_mixin.py:115} INFO - [2022-05-23 21:25:25,672] {dag.py:2915} INFO - Setting next_dagrun for example_papermill_operator to 2022-05-22T00:00:00+00:00, run_after=2022-05-23T00:00:00+00:00
[2022-05-23 21:25:25,678] {processor.py:161} INFO - Processing /opt/airflow/dags/pepermill.py took 0.323 seconds
[2022-05-23 21:25:55,841] {processor.py:153} INFO - Started process (PID=4985) to work on /opt/airflow/dags/pepermill.py
[2022-05-23 21:25:55,843] {processor.py:641} INFO - Processing file /opt/airflow/dags/pepermill.py for tasks to queue
[2022-05-23 21:25:55,843] {logging_mixin.py:115} INFO - [2022-05-23 21:25:55,843] {dagbag.py:507} INFO - Filling up the DagBag from /opt/airflow/dags/pepermill.py
[2022-05-23 21:25:56,100] {processor.py:651} INFO - DAG(s) dict_keys(['example_papermill_operator']) retrieved from /opt/airflow/dags/pepermill.py
[2022-05-23 21:25:56,111] {logging_mixin.py:115} INFO - [2022-05-23 21:25:56,111] {dag.py:2371} INFO - Sync 1 DAGs
[2022-05-23 21:25:56,122] {logging_mixin.py:115} INFO - [2022-05-23 21:25:56,122] {dag.py:2915} INFO - Setting next_dagrun for example_papermill_operator to 2022-05-22T00:00:00+00:00, run_after=2022-05-23T00:00:00+00:00
[2022-05-23 21:25:56,128] {processor.py:161} INFO - Processing /opt/airflow/dags/pepermill.py took 0.288 seconds
[2022-05-23 21:26:26,519] {processor.py:153} INFO - Started process (PID=5066) to work on /opt/airflow/dags/pepermill.py
[2022-05-23 21:26:26,520] {processor.py:641} INFO - Processing file /opt/airflow/dags/pepermill.py for tasks to queue
[2022-05-23 21:26:26,521] {logging_mixin.py:115} INFO - [2022-05-23 21:26:26,521] {dagbag.py:507} INFO - Filling up the DagBag from /opt/airflow/dags/pepermill.py
[2022-05-23 21:26:26,832] {processor.py:651} INFO - DAG(s) dict_keys(['example_papermill_operator']) retrieved from /opt/airflow/dags/pepermill.py
[2022-05-23 21:26:26,846] {logging_mixin.py:115} INFO - [2022-05-23 21:26:26,845] {dag.py:2371} INFO - Sync 1 DAGs
[2022-05-23 21:26:26,864] {logging_mixin.py:115} INFO - [2022-05-23 21:26:26,864] {dag.py:2915} INFO - Setting next_dagrun for example_papermill_operator to 2022-05-22T00:00:00+00:00, run_after=2022-05-23T00:00:00+00:00
[2022-05-23 21:26:26,876] {processor.py:161} INFO - Processing /opt/airflow/dags/pepermill.py took 0.358 seconds
[2022-05-23 21:26:57,056] {processor.py:153} INFO - Started process (PID=5229) to work on /opt/airflow/dags/pepermill.py
[2022-05-23 21:26:57,057] {processor.py:641} INFO - Processing file /opt/airflow/dags/pepermill.py for tasks to queue
[2022-05-23 21:26:57,058] {logging_mixin.py:115} INFO - [2022-05-23 21:26:57,058] {dagbag.py:507} INFO - Filling up the DagBag from /opt/airflow/dags/pepermill.py
[2022-05-23 21:26:57,325] {processor.py:651} INFO - DAG(s) dict_keys(['example_papermill_operator']) retrieved from /opt/airflow/dags/pepermill.py
[2022-05-23 21:26:57,336] {logging_mixin.py:115} INFO - [2022-05-23 21:26:57,336] {dag.py:2371} INFO - Sync 1 DAGs
[2022-05-23 21:26:57,347] {logging_mixin.py:115} INFO - [2022-05-23 21:26:57,347] {dag.py:2915} INFO - Setting next_dagrun for example_papermill_operator to 2022-05-22T00:00:00+00:00, run_after=2022-05-23T00:00:00+00:00
[2022-05-23 21:26:57,354] {processor.py:161} INFO - Processing /opt/airflow/dags/pepermill.py took 0.299 seconds
[2022-05-23 21:27:27,753] {processor.py:153} INFO - Started process (PID=5311) to work on /opt/airflow/dags/pepermill.py
[2022-05-23 21:27:27,754] {processor.py:641} INFO - Processing file /opt/airflow/dags/pepermill.py for tasks to queue
[2022-05-23 21:27:27,755] {logging_mixin.py:115} INFO - [2022-05-23 21:27:27,755] {dagbag.py:507} INFO - Filling up the DagBag from /opt/airflow/dags/pepermill.py
[2022-05-23 21:27:28,041] {processor.py:651} INFO - DAG(s) dict_keys(['example_papermill_operator']) retrieved from /opt/airflow/dags/pepermill.py
[2022-05-23 21:27:28,053] {logging_mixin.py:115} INFO - [2022-05-23 21:27:28,052] {dag.py:2371} INFO - Sync 1 DAGs
[2022-05-23 21:27:28,063] {logging_mixin.py:115} INFO - [2022-05-23 21:27:28,063] {dag.py:2915} INFO - Setting next_dagrun for example_papermill_operator to 2022-05-22T00:00:00+00:00, run_after=2022-05-23T00:00:00+00:00
[2022-05-23 21:27:28,070] {processor.py:161} INFO - Processing /opt/airflow/dags/pepermill.py took 0.320 seconds
[2022-05-23 21:27:58,243] {processor.py:153} INFO - Started process (PID=5482) to work on /opt/airflow/dags/pepermill.py
[2022-05-23 21:27:58,244] {processor.py:641} INFO - Processing file /opt/airflow/dags/pepermill.py for tasks to queue
[2022-05-23 21:27:58,244] {logging_mixin.py:115} INFO - [2022-05-23 21:27:58,244] {dagbag.py:507} INFO - Filling up the DagBag from /opt/airflow/dags/pepermill.py
[2022-05-23 21:27:58,502] {processor.py:651} INFO - DAG(s) dict_keys(['example_papermill_operator']) retrieved from /opt/airflow/dags/pepermill.py
[2022-05-23 21:27:58,513] {logging_mixin.py:115} INFO - [2022-05-23 21:27:58,512] {dag.py:2371} INFO - Sync 1 DAGs
[2022-05-23 21:27:58,524] {logging_mixin.py:115} INFO - [2022-05-23 21:27:58,524] {dag.py:2915} INFO - Setting next_dagrun for example_papermill_operator to 2022-05-22T00:00:00+00:00, run_after=2022-05-23T00:00:00+00:00
[2022-05-23 21:27:58,530] {processor.py:161} INFO - Processing /opt/airflow/dags/pepermill.py took 0.289 seconds
[2022-05-23 21:28:28,900] {processor.py:153} INFO - Started process (PID=5561) to work on /opt/airflow/dags/pepermill.py
[2022-05-23 21:28:28,900] {processor.py:641} INFO - Processing file /opt/airflow/dags/pepermill.py for tasks to queue
[2022-05-23 21:28:28,901] {logging_mixin.py:115} INFO - [2022-05-23 21:28:28,900] {dagbag.py:507} INFO - Filling up the DagBag from /opt/airflow/dags/pepermill.py
[2022-05-23 21:28:29,220] {processor.py:651} INFO - DAG(s) dict_keys(['example_papermill_operator']) retrieved from /opt/airflow/dags/pepermill.py
[2022-05-23 21:28:29,231] {logging_mixin.py:115} INFO - [2022-05-23 21:28:29,231] {dag.py:2371} INFO - Sync 1 DAGs
[2022-05-23 21:28:29,244] {logging_mixin.py:115} INFO - [2022-05-23 21:28:29,244] {dag.py:2915} INFO - Setting next_dagrun for example_papermill_operator to 2022-05-22T00:00:00+00:00, run_after=2022-05-23T00:00:00+00:00
[2022-05-23 21:28:29,249] {processor.py:161} INFO - Processing /opt/airflow/dags/pepermill.py took 0.351 seconds
[2022-05-23 21:28:59,437] {processor.py:153} INFO - Started process (PID=5726) to work on /opt/airflow/dags/pepermill.py
[2022-05-23 21:28:59,439] {processor.py:641} INFO - Processing file /opt/airflow/dags/pepermill.py for tasks to queue
[2022-05-23 21:28:59,440] {logging_mixin.py:115} INFO - [2022-05-23 21:28:59,439] {dagbag.py:507} INFO - Filling up the DagBag from /opt/airflow/dags/pepermill.py
[2022-05-23 21:28:59,724] {processor.py:651} INFO - DAG(s) dict_keys(['example_papermill_operator']) retrieved from /opt/airflow/dags/pepermill.py
[2022-05-23 21:28:59,737] {logging_mixin.py:115} INFO - [2022-05-23 21:28:59,737] {dag.py:2371} INFO - Sync 1 DAGs
[2022-05-23 21:28:59,749] {logging_mixin.py:115} INFO - [2022-05-23 21:28:59,749] {dag.py:2915} INFO - Setting next_dagrun for example_papermill_operator to 2022-05-22T00:00:00+00:00, run_after=2022-05-23T00:00:00+00:00
[2022-05-23 21:28:59,756] {processor.py:161} INFO - Processing /opt/airflow/dags/pepermill.py took 0.324 seconds
[2022-05-23 21:29:30,152] {processor.py:153} INFO - Started process (PID=5806) to work on /opt/airflow/dags/pepermill.py
[2022-05-23 21:29:30,153] {processor.py:641} INFO - Processing file /opt/airflow/dags/pepermill.py for tasks to queue
[2022-05-23 21:29:30,153] {logging_mixin.py:115} INFO - [2022-05-23 21:29:30,153] {dagbag.py:507} INFO - Filling up the DagBag from /opt/airflow/dags/pepermill.py
[2022-05-23 21:29:30,456] {processor.py:651} INFO - DAG(s) dict_keys(['example_papermill_operator']) retrieved from /opt/airflow/dags/pepermill.py
[2022-05-23 21:29:30,467] {logging_mixin.py:115} INFO - [2022-05-23 21:29:30,466] {dag.py:2371} INFO - Sync 1 DAGs
[2022-05-23 21:29:30,478] {logging_mixin.py:115} INFO - [2022-05-23 21:29:30,478] {dag.py:2915} INFO - Setting next_dagrun for example_papermill_operator to 2022-05-22T00:00:00+00:00, run_after=2022-05-23T00:00:00+00:00
[2022-05-23 21:29:30,484] {processor.py:161} INFO - Processing /opt/airflow/dags/pepermill.py took 0.336 seconds
[2022-05-23 21:30:00,667] {processor.py:153} INFO - Started process (PID=5978) to work on /opt/airflow/dags/pepermill.py
[2022-05-23 21:30:00,669] {processor.py:641} INFO - Processing file /opt/airflow/dags/pepermill.py for tasks to queue
[2022-05-23 21:30:00,669] {logging_mixin.py:115} INFO - [2022-05-23 21:30:00,669] {dagbag.py:507} INFO - Filling up the DagBag from /opt/airflow/dags/pepermill.py
[2022-05-23 21:30:00,944] {processor.py:651} INFO - DAG(s) dict_keys(['example_papermill_operator']) retrieved from /opt/airflow/dags/pepermill.py
[2022-05-23 21:30:00,955] {logging_mixin.py:115} INFO - [2022-05-23 21:30:00,955] {dag.py:2371} INFO - Sync 1 DAGs
[2022-05-23 21:30:00,967] {logging_mixin.py:115} INFO - [2022-05-23 21:30:00,967] {dag.py:2915} INFO - Setting next_dagrun for example_papermill_operator to 2022-05-22T00:00:00+00:00, run_after=2022-05-23T00:00:00+00:00
[2022-05-23 21:30:00,975] {processor.py:161} INFO - Processing /opt/airflow/dags/pepermill.py took 0.312 seconds
[2022-05-23 21:30:31,416] {processor.py:153} INFO - Started process (PID=6056) to work on /opt/airflow/dags/pepermill.py
[2022-05-23 21:30:31,417] {processor.py:641} INFO - Processing file /opt/airflow/dags/pepermill.py for tasks to queue
[2022-05-23 21:30:31,418] {logging_mixin.py:115} INFO - [2022-05-23 21:30:31,418] {dagbag.py:507} INFO - Filling up the DagBag from /opt/airflow/dags/pepermill.py
[2022-05-23 21:30:31,703] {processor.py:651} INFO - DAG(s) dict_keys(['example_papermill_operator']) retrieved from /opt/airflow/dags/pepermill.py
[2022-05-23 21:30:31,714] {logging_mixin.py:115} INFO - [2022-05-23 21:30:31,714] {dag.py:2371} INFO - Sync 1 DAGs
[2022-05-23 21:30:31,725] {logging_mixin.py:115} INFO - [2022-05-23 21:30:31,725] {dag.py:2915} INFO - Setting next_dagrun for example_papermill_operator to 2022-05-22T00:00:00+00:00, run_after=2022-05-23T00:00:00+00:00
[2022-05-23 21:30:31,731] {processor.py:161} INFO - Processing /opt/airflow/dags/pepermill.py took 0.318 seconds
[2022-05-23 21:31:01,897] {processor.py:153} INFO - Started process (PID=6220) to work on /opt/airflow/dags/pepermill.py
[2022-05-23 21:31:01,897] {processor.py:641} INFO - Processing file /opt/airflow/dags/pepermill.py for tasks to queue
[2022-05-23 21:31:01,897] {logging_mixin.py:115} INFO - [2022-05-23 21:31:01,897] {dagbag.py:507} INFO - Filling up the DagBag from /opt/airflow/dags/pepermill.py
[2022-05-23 21:31:02,180] {processor.py:651} INFO - DAG(s) dict_keys(['example_papermill_operator']) retrieved from /opt/airflow/dags/pepermill.py
[2022-05-23 21:31:02,191] {logging_mixin.py:115} INFO - [2022-05-23 21:31:02,191] {dag.py:2371} INFO - Sync 1 DAGs
[2022-05-23 21:31:02,204] {logging_mixin.py:115} INFO - [2022-05-23 21:31:02,203] {dag.py:2915} INFO - Setting next_dagrun for example_papermill_operator to 2022-05-22T00:00:00+00:00, run_after=2022-05-23T00:00:00+00:00
[2022-05-23 21:31:02,211] {processor.py:161} INFO - Processing /opt/airflow/dags/pepermill.py took 0.316 seconds
[2022-05-23 21:31:32,592] {processor.py:153} INFO - Started process (PID=6299) to work on /opt/airflow/dags/pepermill.py
[2022-05-23 21:31:32,594] {processor.py:641} INFO - Processing file /opt/airflow/dags/pepermill.py for tasks to queue
[2022-05-23 21:31:32,595] {logging_mixin.py:115} INFO - [2022-05-23 21:31:32,594] {dagbag.py:507} INFO - Filling up the DagBag from /opt/airflow/dags/pepermill.py
[2022-05-23 21:31:32,940] {processor.py:651} INFO - DAG(s) dict_keys(['example_papermill_operator']) retrieved from /opt/airflow/dags/pepermill.py
[2022-05-23 21:31:32,954] {logging_mixin.py:115} INFO - [2022-05-23 21:31:32,954] {dag.py:2371} INFO - Sync 1 DAGs
[2022-05-23 21:31:32,971] {logging_mixin.py:115} INFO - [2022-05-23 21:31:32,971] {dag.py:2915} INFO - Setting next_dagrun for example_papermill_operator to 2022-05-22T00:00:00+00:00, run_after=2022-05-23T00:00:00+00:00
[2022-05-23 21:31:32,979] {processor.py:161} INFO - Processing /opt/airflow/dags/pepermill.py took 0.392 seconds
[2022-05-23 21:32:03,168] {processor.py:153} INFO - Started process (PID=6470) to work on /opt/airflow/dags/pepermill.py
[2022-05-23 21:32:03,170] {processor.py:641} INFO - Processing file /opt/airflow/dags/pepermill.py for tasks to queue
[2022-05-23 21:32:03,170] {logging_mixin.py:115} INFO - [2022-05-23 21:32:03,170] {dagbag.py:507} INFO - Filling up the DagBag from /opt/airflow/dags/pepermill.py
[2022-05-23 21:32:03,437] {processor.py:651} INFO - DAG(s) dict_keys(['example_papermill_operator']) retrieved from /opt/airflow/dags/pepermill.py
[2022-05-23 21:32:03,449] {logging_mixin.py:115} INFO - [2022-05-23 21:32:03,449] {dag.py:2371} INFO - Sync 1 DAGs
[2022-05-23 21:32:03,461] {logging_mixin.py:115} INFO - [2022-05-23 21:32:03,461] {dag.py:2915} INFO - Setting next_dagrun for example_papermill_operator to 2022-05-22T00:00:00+00:00, run_after=2022-05-23T00:00:00+00:00
[2022-05-23 21:32:03,469] {processor.py:161} INFO - Processing /opt/airflow/dags/pepermill.py took 0.306 seconds
[2022-05-23 21:32:33,900] {processor.py:153} INFO - Started process (PID=6548) to work on /opt/airflow/dags/pepermill.py
[2022-05-23 21:32:33,901] {processor.py:641} INFO - Processing file /opt/airflow/dags/pepermill.py for tasks to queue
[2022-05-23 21:32:33,902] {logging_mixin.py:115} INFO - [2022-05-23 21:32:33,901] {dagbag.py:507} INFO - Filling up the DagBag from /opt/airflow/dags/pepermill.py
[2022-05-23 21:32:34,193] {processor.py:651} INFO - DAG(s) dict_keys(['example_papermill_operator']) retrieved from /opt/airflow/dags/pepermill.py
[2022-05-23 21:32:34,205] {logging_mixin.py:115} INFO - [2022-05-23 21:32:34,205] {dag.py:2371} INFO - Sync 1 DAGs
[2022-05-23 21:32:34,216] {logging_mixin.py:115} INFO - [2022-05-23 21:32:34,216] {dag.py:2915} INFO - Setting next_dagrun for example_papermill_operator to 2022-05-22T00:00:00+00:00, run_after=2022-05-23T00:00:00+00:00
[2022-05-23 21:32:34,221] {processor.py:161} INFO - Processing /opt/airflow/dags/pepermill.py took 0.324 seconds
[2022-05-23 21:33:04,392] {processor.py:153} INFO - Started process (PID=6715) to work on /opt/airflow/dags/pepermill.py
[2022-05-23 21:33:04,393] {processor.py:641} INFO - Processing file /opt/airflow/dags/pepermill.py for tasks to queue
[2022-05-23 21:33:04,394] {logging_mixin.py:115} INFO - [2022-05-23 21:33:04,394] {dagbag.py:507} INFO - Filling up the DagBag from /opt/airflow/dags/pepermill.py
[2022-05-23 21:33:04,722] {processor.py:651} INFO - DAG(s) dict_keys(['example_papermill_operator']) retrieved from /opt/airflow/dags/pepermill.py
[2022-05-23 21:33:04,739] {logging_mixin.py:115} INFO - [2022-05-23 21:33:04,739] {dag.py:2371} INFO - Sync 1 DAGs
[2022-05-23 21:33:04,759] {logging_mixin.py:115} INFO - [2022-05-23 21:33:04,758] {dag.py:2915} INFO - Setting next_dagrun for example_papermill_operator to 2022-05-22T00:00:00+00:00, run_after=2022-05-23T00:00:00+00:00
[2022-05-23 21:33:04,768] {processor.py:161} INFO - Processing /opt/airflow/dags/pepermill.py took 0.381 seconds
[2022-05-23 21:33:35,215] {processor.py:153} INFO - Started process (PID=6795) to work on /opt/airflow/dags/pepermill.py
[2022-05-23 21:33:35,216] {processor.py:641} INFO - Processing file /opt/airflow/dags/pepermill.py for tasks to queue
[2022-05-23 21:33:35,217] {logging_mixin.py:115} INFO - [2022-05-23 21:33:35,217] {dagbag.py:507} INFO - Filling up the DagBag from /opt/airflow/dags/pepermill.py
[2022-05-23 21:33:35,516] {processor.py:651} INFO - DAG(s) dict_keys(['example_papermill_operator']) retrieved from /opt/airflow/dags/pepermill.py
[2022-05-23 21:33:35,528] {logging_mixin.py:115} INFO - [2022-05-23 21:33:35,528] {dag.py:2371} INFO - Sync 1 DAGs
[2022-05-23 21:33:35,540] {logging_mixin.py:115} INFO - [2022-05-23 21:33:35,540] {dag.py:2915} INFO - Setting next_dagrun for example_papermill_operator to 2022-05-22T00:00:00+00:00, run_after=2022-05-23T00:00:00+00:00
[2022-05-23 21:33:35,546] {processor.py:161} INFO - Processing /opt/airflow/dags/pepermill.py took 0.336 seconds
[2022-05-23 21:34:05,703] {processor.py:153} INFO - Started process (PID=6969) to work on /opt/airflow/dags/pepermill.py
[2022-05-23 21:34:05,705] {processor.py:641} INFO - Processing file /opt/airflow/dags/pepermill.py for tasks to queue
[2022-05-23 21:34:05,706] {logging_mixin.py:115} INFO - [2022-05-23 21:34:05,706] {dagbag.py:507} INFO - Filling up the DagBag from /opt/airflow/dags/pepermill.py
[2022-05-23 21:34:05,966] {processor.py:651} INFO - DAG(s) dict_keys(['example_papermill_operator']) retrieved from /opt/airflow/dags/pepermill.py
[2022-05-23 21:34:05,977] {logging_mixin.py:115} INFO - [2022-05-23 21:34:05,977] {dag.py:2371} INFO - Sync 1 DAGs
[2022-05-23 21:34:05,988] {logging_mixin.py:115} INFO - [2022-05-23 21:34:05,988] {dag.py:2915} INFO - Setting next_dagrun for example_papermill_operator to 2022-05-22T00:00:00+00:00, run_after=2022-05-23T00:00:00+00:00
[2022-05-23 21:34:05,993] {processor.py:161} INFO - Processing /opt/airflow/dags/pepermill.py took 0.294 seconds
[2022-05-23 21:34:36,424] {processor.py:153} INFO - Started process (PID=7049) to work on /opt/airflow/dags/pepermill.py
[2022-05-23 21:34:36,425] {processor.py:641} INFO - Processing file /opt/airflow/dags/pepermill.py for tasks to queue
[2022-05-23 21:34:36,426] {logging_mixin.py:115} INFO - [2022-05-23 21:34:36,426] {dagbag.py:507} INFO - Filling up the DagBag from /opt/airflow/dags/pepermill.py
[2022-05-23 21:34:36,705] {processor.py:651} INFO - DAG(s) dict_keys(['example_papermill_operator']) retrieved from /opt/airflow/dags/pepermill.py
[2022-05-23 21:34:36,716] {logging_mixin.py:115} INFO - [2022-05-23 21:34:36,716] {dag.py:2371} INFO - Sync 1 DAGs
[2022-05-23 21:34:36,728] {logging_mixin.py:115} INFO - [2022-05-23 21:34:36,727] {dag.py:2915} INFO - Setting next_dagrun for example_papermill_operator to 2022-05-22T00:00:00+00:00, run_after=2022-05-23T00:00:00+00:00
[2022-05-23 21:34:36,735] {processor.py:161} INFO - Processing /opt/airflow/dags/pepermill.py took 0.314 seconds
[2022-05-23 21:35:06,909] {processor.py:153} INFO - Started process (PID=7214) to work on /opt/airflow/dags/pepermill.py
[2022-05-23 21:35:06,911] {processor.py:641} INFO - Processing file /opt/airflow/dags/pepermill.py for tasks to queue
[2022-05-23 21:35:06,911] {logging_mixin.py:115} INFO - [2022-05-23 21:35:06,911] {dagbag.py:507} INFO - Filling up the DagBag from /opt/airflow/dags/pepermill.py
[2022-05-23 21:35:07,218] {processor.py:651} INFO - DAG(s) dict_keys(['example_papermill_operator']) retrieved from /opt/airflow/dags/pepermill.py
[2022-05-23 21:35:07,232] {logging_mixin.py:115} INFO - [2022-05-23 21:35:07,232] {dag.py:2371} INFO - Sync 1 DAGs
[2022-05-23 21:35:07,245] {logging_mixin.py:115} INFO - [2022-05-23 21:35:07,245] {dag.py:2915} INFO - Setting next_dagrun for example_papermill_operator to 2022-05-22T00:00:00+00:00, run_after=2022-05-23T00:00:00+00:00
[2022-05-23 21:35:07,251] {processor.py:161} INFO - Processing /opt/airflow/dags/pepermill.py took 0.347 seconds
[2022-05-23 21:35:37,666] {processor.py:153} INFO - Started process (PID=7294) to work on /opt/airflow/dags/pepermill.py
[2022-05-23 21:35:37,668] {processor.py:641} INFO - Processing file /opt/airflow/dags/pepermill.py for tasks to queue
[2022-05-23 21:35:37,668] {logging_mixin.py:115} INFO - [2022-05-23 21:35:37,668] {dagbag.py:507} INFO - Filling up the DagBag from /opt/airflow/dags/pepermill.py
[2022-05-23 21:35:38,008] {processor.py:651} INFO - DAG(s) dict_keys(['example_papermill_operator']) retrieved from /opt/airflow/dags/pepermill.py
[2022-05-23 21:35:38,022] {logging_mixin.py:115} INFO - [2022-05-23 21:35:38,021] {dag.py:2371} INFO - Sync 1 DAGs
[2022-05-23 21:35:38,035] {logging_mixin.py:115} INFO - [2022-05-23 21:35:38,035] {dag.py:2915} INFO - Setting next_dagrun for example_papermill_operator to 2022-05-22T00:00:00+00:00, run_after=2022-05-23T00:00:00+00:00
[2022-05-23 21:35:38,042] {processor.py:161} INFO - Processing /opt/airflow/dags/pepermill.py took 0.378 seconds
[2022-05-23 21:36:08,101] {processor.py:153} INFO - Started process (PID=7496) to work on /opt/airflow/dags/pepermill.py
[2022-05-23 21:36:08,102] {processor.py:641} INFO - Processing file /opt/airflow/dags/pepermill.py for tasks to queue
[2022-05-23 21:36:08,102] {logging_mixin.py:115} INFO - [2022-05-23 21:36:08,102] {dagbag.py:507} INFO - Filling up the DagBag from /opt/airflow/dags/pepermill.py
[2022-05-23 21:36:08,374] {processor.py:651} INFO - DAG(s) dict_keys(['example_papermill_operator']) retrieved from /opt/airflow/dags/pepermill.py
[2022-05-23 21:36:08,385] {logging_mixin.py:115} INFO - [2022-05-23 21:36:08,385] {dag.py:2371} INFO - Sync 1 DAGs
[2022-05-23 21:36:08,397] {logging_mixin.py:115} INFO - [2022-05-23 21:36:08,397] {dag.py:2915} INFO - Setting next_dagrun for example_papermill_operator to 2022-05-22T00:00:00+00:00, run_after=2022-05-23T00:00:00+00:00
[2022-05-23 21:36:08,404] {processor.py:161} INFO - Processing /opt/airflow/dags/pepermill.py took 0.304 seconds
[2022-05-23 21:36:38,554] {processor.py:153} INFO - Started process (PID=7598) to work on /opt/airflow/dags/pepermill.py
[2022-05-23 21:36:38,554] {processor.py:641} INFO - Processing file /opt/airflow/dags/pepermill.py for tasks to queue
[2022-05-23 21:36:38,555] {logging_mixin.py:115} INFO - [2022-05-23 21:36:38,555] {dagbag.py:507} INFO - Filling up the DagBag from /opt/airflow/dags/pepermill.py
[2022-05-23 21:36:38,854] {processor.py:651} INFO - DAG(s) dict_keys(['example_papermill_operator']) retrieved from /opt/airflow/dags/pepermill.py
[2022-05-23 21:36:38,867] {logging_mixin.py:115} INFO - [2022-05-23 21:36:38,867] {dag.py:2371} INFO - Sync 1 DAGs
[2022-05-23 21:36:38,880] {logging_mixin.py:115} INFO - [2022-05-23 21:36:38,880] {dag.py:2915} INFO - Setting next_dagrun for example_papermill_operator to 2022-05-22T00:00:00+00:00, run_after=2022-05-23T00:00:00+00:00
[2022-05-23 21:36:38,888] {processor.py:161} INFO - Processing /opt/airflow/dags/pepermill.py took 0.336 seconds
[2022-05-23 21:37:08,941] {processor.py:153} INFO - Started process (PID=7746) to work on /opt/airflow/dags/pepermill.py
[2022-05-23 21:37:08,942] {processor.py:641} INFO - Processing file /opt/airflow/dags/pepermill.py for tasks to queue
[2022-05-23 21:37:08,942] {logging_mixin.py:115} INFO - [2022-05-23 21:37:08,942] {dagbag.py:507} INFO - Filling up the DagBag from /opt/airflow/dags/pepermill.py
[2022-05-23 21:37:09,233] {processor.py:651} INFO - DAG(s) dict_keys(['example_papermill_operator']) retrieved from /opt/airflow/dags/pepermill.py
[2022-05-23 21:37:09,246] {logging_mixin.py:115} INFO - [2022-05-23 21:37:09,245] {dag.py:2371} INFO - Sync 1 DAGs
[2022-05-23 21:37:09,258] {logging_mixin.py:115} INFO - [2022-05-23 21:37:09,258] {dag.py:2915} INFO - Setting next_dagrun for example_papermill_operator to 2022-05-22T00:00:00+00:00, run_after=2022-05-23T00:00:00+00:00
[2022-05-23 21:37:09,265] {processor.py:161} INFO - Processing /opt/airflow/dags/pepermill.py took 0.326 seconds
[2022-05-23 21:37:39,352] {processor.py:153} INFO - Started process (PID=7840) to work on /opt/airflow/dags/pepermill.py
[2022-05-23 21:37:39,352] {processor.py:641} INFO - Processing file /opt/airflow/dags/pepermill.py for tasks to queue
[2022-05-23 21:37:39,353] {logging_mixin.py:115} INFO - [2022-05-23 21:37:39,352] {dagbag.py:507} INFO - Filling up the DagBag from /opt/airflow/dags/pepermill.py
[2022-05-23 21:37:39,805] {processor.py:651} INFO - DAG(s) dict_keys(['example_papermill_operator']) retrieved from /opt/airflow/dags/pepermill.py
[2022-05-23 21:37:39,825] {logging_mixin.py:115} INFO - [2022-05-23 21:37:39,824] {dag.py:2371} INFO - Sync 1 DAGs
[2022-05-23 21:37:39,845] {logging_mixin.py:115} INFO - [2022-05-23 21:37:39,845] {dag.py:2915} INFO - Setting next_dagrun for example_papermill_operator to 2022-05-22T00:00:00+00:00, run_after=2022-05-23T00:00:00+00:00
[2022-05-23 21:37:39,855] {processor.py:161} INFO - Processing /opt/airflow/dags/pepermill.py took 0.505 seconds
[2022-05-23 21:38:10,827] {processor.py:153} INFO - Started process (PID=7991) to work on /opt/airflow/dags/pepermill.py
[2022-05-23 21:38:10,829] {processor.py:641} INFO - Processing file /opt/airflow/dags/pepermill.py for tasks to queue
[2022-05-23 21:38:10,829] {logging_mixin.py:115} INFO - [2022-05-23 21:38:10,829] {dagbag.py:507} INFO - Filling up the DagBag from /opt/airflow/dags/pepermill.py
[2022-05-23 21:38:11,196] {processor.py:651} INFO - DAG(s) dict_keys(['example_papermill_operator']) retrieved from /opt/airflow/dags/pepermill.py
[2022-05-23 21:38:11,211] {logging_mixin.py:115} INFO - [2022-05-23 21:38:11,211] {dag.py:2371} INFO - Sync 1 DAGs
[2022-05-23 21:38:11,228] {logging_mixin.py:115} INFO - [2022-05-23 21:38:11,228] {dag.py:2915} INFO - Setting next_dagrun for example_papermill_operator to 2022-05-22T00:00:00+00:00, run_after=2022-05-23T00:00:00+00:00
[2022-05-23 21:38:11,309] {processor.py:161} INFO - Processing /opt/airflow/dags/pepermill.py took 0.484 seconds
[2022-05-23 21:38:41,685] {processor.py:153} INFO - Started process (PID=8110) to work on /opt/airflow/dags/pepermill.py
[2022-05-23 21:38:41,686] {processor.py:641} INFO - Processing file /opt/airflow/dags/pepermill.py for tasks to queue
[2022-05-23 21:38:41,686] {logging_mixin.py:115} INFO - [2022-05-23 21:38:41,686] {dagbag.py:507} INFO - Filling up the DagBag from /opt/airflow/dags/pepermill.py
[2022-05-23 21:38:42,173] {processor.py:651} INFO - DAG(s) dict_keys(['example_papermill_operator']) retrieved from /opt/airflow/dags/pepermill.py
[2022-05-23 21:38:42,203] {logging_mixin.py:115} INFO - [2022-05-23 21:38:42,202] {dag.py:2371} INFO - Sync 1 DAGs
[2022-05-23 21:38:42,239] {logging_mixin.py:115} INFO - [2022-05-23 21:38:42,239] {dag.py:2915} INFO - Setting next_dagrun for example_papermill_operator to 2022-05-22T00:00:00+00:00, run_after=2022-05-23T00:00:00+00:00
[2022-05-23 21:38:42,262] {processor.py:161} INFO - Processing /opt/airflow/dags/pepermill.py took 0.581 seconds
[2022-05-23 21:39:12,661] {processor.py:153} INFO - Started process (PID=8234) to work on /opt/airflow/dags/pepermill.py
[2022-05-23 21:39:12,662] {processor.py:641} INFO - Processing file /opt/airflow/dags/pepermill.py for tasks to queue
[2022-05-23 21:39:12,663] {logging_mixin.py:115} INFO - [2022-05-23 21:39:12,663] {dagbag.py:507} INFO - Filling up the DagBag from /opt/airflow/dags/pepermill.py
[2022-05-23 21:39:12,948] {processor.py:651} INFO - DAG(s) dict_keys(['example_papermill_operator']) retrieved from /opt/airflow/dags/pepermill.py
[2022-05-23 21:39:12,959] {logging_mixin.py:115} INFO - [2022-05-23 21:39:12,959] {dag.py:2371} INFO - Sync 1 DAGs
[2022-05-23 21:39:12,970] {logging_mixin.py:115} INFO - [2022-05-23 21:39:12,970] {dag.py:2915} INFO - Setting next_dagrun for example_papermill_operator to 2022-05-22T00:00:00+00:00, run_after=2022-05-23T00:00:00+00:00
[2022-05-23 21:39:12,977] {processor.py:161} INFO - Processing /opt/airflow/dags/pepermill.py took 0.322 seconds
[2022-05-23 21:39:43,020] {processor.py:153} INFO - Started process (PID=8401) to work on /opt/airflow/dags/pepermill.py
[2022-05-23 21:39:43,022] {processor.py:641} INFO - Processing file /opt/airflow/dags/pepermill.py for tasks to queue
[2022-05-23 21:39:43,023] {logging_mixin.py:115} INFO - [2022-05-23 21:39:43,023] {dagbag.py:507} INFO - Filling up the DagBag from /opt/airflow/dags/pepermill.py
[2022-05-23 21:39:43,296] {processor.py:651} INFO - DAG(s) dict_keys(['example_papermill_operator']) retrieved from /opt/airflow/dags/pepermill.py
[2022-05-23 21:39:43,308] {logging_mixin.py:115} INFO - [2022-05-23 21:39:43,308] {dag.py:2371} INFO - Sync 1 DAGs
[2022-05-23 21:39:43,319] {logging_mixin.py:115} INFO - [2022-05-23 21:39:43,319] {dag.py:2915} INFO - Setting next_dagrun for example_papermill_operator to 2022-05-22T00:00:00+00:00, run_after=2022-05-23T00:00:00+00:00
[2022-05-23 21:39:43,325] {processor.py:161} INFO - Processing /opt/airflow/dags/pepermill.py took 0.310 seconds
[2022-05-23 21:40:13,431] {processor.py:153} INFO - Started process (PID=8486) to work on /opt/airflow/dags/pepermill.py
[2022-05-23 21:40:13,431] {processor.py:641} INFO - Processing file /opt/airflow/dags/pepermill.py for tasks to queue
[2022-05-23 21:40:13,432] {logging_mixin.py:115} INFO - [2022-05-23 21:40:13,432] {dagbag.py:507} INFO - Filling up the DagBag from /opt/airflow/dags/pepermill.py
[2022-05-23 21:40:13,715] {processor.py:651} INFO - DAG(s) dict_keys(['example_papermill_operator']) retrieved from /opt/airflow/dags/pepermill.py
[2022-05-23 21:40:13,727] {logging_mixin.py:115} INFO - [2022-05-23 21:40:13,726] {dag.py:2371} INFO - Sync 1 DAGs
[2022-05-23 21:40:13,738] {logging_mixin.py:115} INFO - [2022-05-23 21:40:13,738] {dag.py:2915} INFO - Setting next_dagrun for example_papermill_operator to 2022-05-22T00:00:00+00:00, run_after=2022-05-23T00:00:00+00:00
[2022-05-23 21:40:13,744] {processor.py:161} INFO - Processing /opt/airflow/dags/pepermill.py took 0.315 seconds
[2022-05-23 21:40:43,823] {processor.py:153} INFO - Started process (PID=8650) to work on /opt/airflow/dags/pepermill.py
[2022-05-23 21:40:43,824] {processor.py:641} INFO - Processing file /opt/airflow/dags/pepermill.py for tasks to queue
[2022-05-23 21:40:43,825] {logging_mixin.py:115} INFO - [2022-05-23 21:40:43,825] {dagbag.py:507} INFO - Filling up the DagBag from /opt/airflow/dags/pepermill.py
[2022-05-23 21:40:44,160] {processor.py:651} INFO - DAG(s) dict_keys(['example_papermill_operator']) retrieved from /opt/airflow/dags/pepermill.py
[2022-05-23 21:40:44,174] {logging_mixin.py:115} INFO - [2022-05-23 21:40:44,173] {dag.py:2371} INFO - Sync 1 DAGs
[2022-05-23 21:40:44,186] {logging_mixin.py:115} INFO - [2022-05-23 21:40:44,186] {dag.py:2915} INFO - Setting next_dagrun for example_papermill_operator to 2022-05-22T00:00:00+00:00, run_after=2022-05-23T00:00:00+00:00
[2022-05-23 21:40:44,193] {processor.py:161} INFO - Processing /opt/airflow/dags/pepermill.py took 0.372 seconds
[2022-05-23 21:41:14,234] {processor.py:153} INFO - Started process (PID=8726) to work on /opt/airflow/dags/pepermill.py
[2022-05-23 21:41:14,235] {processor.py:641} INFO - Processing file /opt/airflow/dags/pepermill.py for tasks to queue
[2022-05-23 21:41:14,235] {logging_mixin.py:115} INFO - [2022-05-23 21:41:14,235] {dagbag.py:507} INFO - Filling up the DagBag from /opt/airflow/dags/pepermill.py
[2022-05-23 21:41:14,507] {processor.py:651} INFO - DAG(s) dict_keys(['example_papermill_operator']) retrieved from /opt/airflow/dags/pepermill.py
[2022-05-23 21:41:14,519] {logging_mixin.py:115} INFO - [2022-05-23 21:41:14,518] {dag.py:2371} INFO - Sync 1 DAGs
[2022-05-23 21:41:14,529] {logging_mixin.py:115} INFO - [2022-05-23 21:41:14,529] {dag.py:2915} INFO - Setting next_dagrun for example_papermill_operator to 2022-05-22T00:00:00+00:00, run_after=2022-05-23T00:00:00+00:00
[2022-05-23 21:41:14,536] {processor.py:161} INFO - Processing /opt/airflow/dags/pepermill.py took 0.307 seconds
