[2022-05-23 21:06:30,707] {processor.py:153} INFO - Started process (PID=167) to work on /opt/airflow/dags/sparksubmit_dag.py
[2022-05-23 21:06:30,707] {processor.py:641} INFO - Processing file /opt/airflow/dags/sparksubmit_dag.py for tasks to queue
[2022-05-23 21:06:30,708] {logging_mixin.py:115} INFO - [2022-05-23 21:06:30,708] {dagbag.py:507} INFO - Filling up the DagBag from /opt/airflow/dags/sparksubmit_dag.py
[2022-05-23 21:06:30,717] {processor.py:651} INFO - DAG(s) dict_keys(['sparkoperator_demo']) retrieved from /opt/airflow/dags/sparksubmit_dag.py
[2022-05-23 21:06:30,780] {logging_mixin.py:115} INFO - [2022-05-23 21:06:30,780] {manager.py:508} INFO - Created Permission View: can delete on DAG:sparkoperator_demo
[2022-05-23 21:06:30,785] {logging_mixin.py:115} INFO - [2022-05-23 21:06:30,785] {manager.py:508} INFO - Created Permission View: can edit on DAG:sparkoperator_demo
[2022-05-23 21:06:30,789] {logging_mixin.py:115} INFO - [2022-05-23 21:06:30,789] {manager.py:508} INFO - Created Permission View: can read on DAG:sparkoperator_demo
[2022-05-23 21:06:30,789] {logging_mixin.py:115} INFO - [2022-05-23 21:06:30,789] {dag.py:2371} INFO - Sync 1 DAGs
[2022-05-23 21:06:30,795] {logging_mixin.py:115} INFO - [2022-05-23 21:06:30,795] {dag.py:2390} INFO - Creating ORM DAG for sparkoperator_demo
[2022-05-23 21:06:30,802] {logging_mixin.py:115} INFO - [2022-05-23 21:06:30,802] {dag.py:2915} INFO - Setting next_dagrun for sparkoperator_demo to 2022-05-22T00:00:00+00:00, run_after=2022-05-22T00:00:00+00:00
[2022-05-23 21:06:30,809] {processor.py:161} INFO - Processing /opt/airflow/dags/sparksubmit_dag.py took 0.103 seconds
[2022-05-23 21:07:01,451] {processor.py:153} INFO - Started process (PID=350) to work on /opt/airflow/dags/sparksubmit_dag.py
[2022-05-23 21:07:01,452] {processor.py:641} INFO - Processing file /opt/airflow/dags/sparksubmit_dag.py for tasks to queue
[2022-05-23 21:07:01,452] {logging_mixin.py:115} INFO - [2022-05-23 21:07:01,452] {dagbag.py:507} INFO - Filling up the DagBag from /opt/airflow/dags/sparksubmit_dag.py
[2022-05-23 21:07:01,458] {processor.py:651} INFO - DAG(s) dict_keys(['sparkoperator_demo']) retrieved from /opt/airflow/dags/sparksubmit_dag.py
[2022-05-23 21:07:01,472] {logging_mixin.py:115} INFO - [2022-05-23 21:07:01,472] {dag.py:2371} INFO - Sync 1 DAGs
[2022-05-23 21:07:01,483] {logging_mixin.py:115} INFO - [2022-05-23 21:07:01,483] {dag.py:2915} INFO - Setting next_dagrun for sparkoperator_demo to 2022-05-22T00:00:00+00:00, run_after=2022-05-22T00:00:00+00:00
[2022-05-23 21:07:01,489] {processor.py:161} INFO - Processing /opt/airflow/dags/sparksubmit_dag.py took 0.040 seconds
[2022-05-23 21:07:31,835] {processor.py:153} INFO - Started process (PID=471) to work on /opt/airflow/dags/sparksubmit_dag.py
[2022-05-23 21:07:31,836] {processor.py:641} INFO - Processing file /opt/airflow/dags/sparksubmit_dag.py for tasks to queue
[2022-05-23 21:07:31,836] {logging_mixin.py:115} INFO - [2022-05-23 21:07:31,836] {dagbag.py:507} INFO - Filling up the DagBag from /opt/airflow/dags/sparksubmit_dag.py
[2022-05-23 21:07:31,844] {processor.py:651} INFO - DAG(s) dict_keys(['sparkoperator_demo']) retrieved from /opt/airflow/dags/sparksubmit_dag.py
[2022-05-23 21:07:31,861] {logging_mixin.py:115} INFO - [2022-05-23 21:07:31,861] {dag.py:2371} INFO - Sync 1 DAGs
[2022-05-23 21:07:31,873] {logging_mixin.py:115} INFO - [2022-05-23 21:07:31,873] {dag.py:2915} INFO - Setting next_dagrun for sparkoperator_demo to 2022-05-22T00:00:00+00:00, run_after=2022-05-22T00:00:00+00:00
[2022-05-23 21:07:31,879] {processor.py:161} INFO - Processing /opt/airflow/dags/sparksubmit_dag.py took 0.046 seconds
[2022-05-23 21:08:02,573] {processor.py:153} INFO - Started process (PID=600) to work on /opt/airflow/dags/sparksubmit_dag.py
[2022-05-23 21:08:02,575] {processor.py:641} INFO - Processing file /opt/airflow/dags/sparksubmit_dag.py for tasks to queue
[2022-05-23 21:08:02,575] {logging_mixin.py:115} INFO - [2022-05-23 21:08:02,575] {dagbag.py:507} INFO - Filling up the DagBag from /opt/airflow/dags/sparksubmit_dag.py
[2022-05-23 21:08:02,579] {processor.py:651} INFO - DAG(s) dict_keys(['sparkoperator_demo']) retrieved from /opt/airflow/dags/sparksubmit_dag.py
[2022-05-23 21:08:02,597] {logging_mixin.py:115} INFO - [2022-05-23 21:08:02,597] {dag.py:2371} INFO - Sync 1 DAGs
[2022-05-23 21:08:02,611] {logging_mixin.py:115} INFO - [2022-05-23 21:08:02,611] {dag.py:2915} INFO - Setting next_dagrun for sparkoperator_demo to 2022-05-22T00:00:00+00:00, run_after=2022-05-22T00:00:00+00:00
[2022-05-23 21:08:02,618] {processor.py:161} INFO - Processing /opt/airflow/dags/sparksubmit_dag.py took 0.047 seconds
[2022-05-23 21:08:32,992] {processor.py:153} INFO - Started process (PID=758) to work on /opt/airflow/dags/sparksubmit_dag.py
[2022-05-23 21:08:32,993] {processor.py:641} INFO - Processing file /opt/airflow/dags/sparksubmit_dag.py for tasks to queue
[2022-05-23 21:08:32,993] {logging_mixin.py:115} INFO - [2022-05-23 21:08:32,993] {dagbag.py:507} INFO - Filling up the DagBag from /opt/airflow/dags/sparksubmit_dag.py
[2022-05-23 21:08:33,002] {processor.py:651} INFO - DAG(s) dict_keys(['sparkoperator_demo']) retrieved from /opt/airflow/dags/sparksubmit_dag.py
[2022-05-23 21:08:33,016] {logging_mixin.py:115} INFO - [2022-05-23 21:08:33,016] {dag.py:2371} INFO - Sync 1 DAGs
[2022-05-23 21:08:33,028] {logging_mixin.py:115} INFO - [2022-05-23 21:08:33,027] {dag.py:2915} INFO - Setting next_dagrun for sparkoperator_demo to 2022-05-22T00:00:00+00:00, run_after=2022-05-22T00:00:00+00:00
[2022-05-23 21:08:33,033] {processor.py:161} INFO - Processing /opt/airflow/dags/sparksubmit_dag.py took 0.043 seconds
[2022-05-23 21:09:03,713] {processor.py:153} INFO - Started process (PID=843) to work on /opt/airflow/dags/sparksubmit_dag.py
[2022-05-23 21:09:03,714] {processor.py:641} INFO - Processing file /opt/airflow/dags/sparksubmit_dag.py for tasks to queue
[2022-05-23 21:09:03,715] {logging_mixin.py:115} INFO - [2022-05-23 21:09:03,715] {dagbag.py:507} INFO - Filling up the DagBag from /opt/airflow/dags/sparksubmit_dag.py
[2022-05-23 21:09:03,721] {processor.py:651} INFO - DAG(s) dict_keys(['sparkoperator_demo']) retrieved from /opt/airflow/dags/sparksubmit_dag.py
[2022-05-23 21:09:03,736] {logging_mixin.py:115} INFO - [2022-05-23 21:09:03,736] {dag.py:2371} INFO - Sync 1 DAGs
[2022-05-23 21:09:03,748] {logging_mixin.py:115} INFO - [2022-05-23 21:09:03,748] {dag.py:2915} INFO - Setting next_dagrun for sparkoperator_demo to 2022-05-22T00:00:00+00:00, run_after=2022-05-22T00:00:00+00:00
[2022-05-23 21:09:03,754] {processor.py:161} INFO - Processing /opt/airflow/dags/sparksubmit_dag.py took 0.043 seconds
[2022-05-23 21:09:34,131] {processor.py:153} INFO - Started process (PID=1009) to work on /opt/airflow/dags/sparksubmit_dag.py
[2022-05-23 21:09:34,133] {processor.py:641} INFO - Processing file /opt/airflow/dags/sparksubmit_dag.py for tasks to queue
[2022-05-23 21:09:34,133] {logging_mixin.py:115} INFO - [2022-05-23 21:09:34,133] {dagbag.py:507} INFO - Filling up the DagBag from /opt/airflow/dags/sparksubmit_dag.py
[2022-05-23 21:09:34,141] {processor.py:651} INFO - DAG(s) dict_keys(['sparkoperator_demo']) retrieved from /opt/airflow/dags/sparksubmit_dag.py
[2022-05-23 21:09:34,155] {logging_mixin.py:115} INFO - [2022-05-23 21:09:34,155] {dag.py:2371} INFO - Sync 1 DAGs
[2022-05-23 21:09:34,167] {logging_mixin.py:115} INFO - [2022-05-23 21:09:34,167] {dag.py:2915} INFO - Setting next_dagrun for sparkoperator_demo to 2022-05-22T00:00:00+00:00, run_after=2022-05-22T00:00:00+00:00
[2022-05-23 21:09:34,173] {processor.py:161} INFO - Processing /opt/airflow/dags/sparksubmit_dag.py took 0.046 seconds
[2022-05-23 21:10:04,872] {processor.py:153} INFO - Started process (PID=1094) to work on /opt/airflow/dags/sparksubmit_dag.py
[2022-05-23 21:10:04,873] {processor.py:641} INFO - Processing file /opt/airflow/dags/sparksubmit_dag.py for tasks to queue
[2022-05-23 21:10:04,873] {logging_mixin.py:115} INFO - [2022-05-23 21:10:04,873] {dagbag.py:507} INFO - Filling up the DagBag from /opt/airflow/dags/sparksubmit_dag.py
[2022-05-23 21:10:04,881] {processor.py:651} INFO - DAG(s) dict_keys(['sparkoperator_demo']) retrieved from /opt/airflow/dags/sparksubmit_dag.py
[2022-05-23 21:10:04,896] {logging_mixin.py:115} INFO - [2022-05-23 21:10:04,896] {dag.py:2371} INFO - Sync 1 DAGs
[2022-05-23 21:10:04,908] {logging_mixin.py:115} INFO - [2022-05-23 21:10:04,908] {dag.py:2915} INFO - Setting next_dagrun for sparkoperator_demo to 2022-05-22T00:00:00+00:00, run_after=2022-05-22T00:00:00+00:00
[2022-05-23 21:10:04,914] {processor.py:161} INFO - Processing /opt/airflow/dags/sparksubmit_dag.py took 0.046 seconds
[2022-05-23 21:10:35,309] {processor.py:153} INFO - Started process (PID=1251) to work on /opt/airflow/dags/sparksubmit_dag.py
[2022-05-23 21:10:35,310] {processor.py:641} INFO - Processing file /opt/airflow/dags/sparksubmit_dag.py for tasks to queue
[2022-05-23 21:10:35,311] {logging_mixin.py:115} INFO - [2022-05-23 21:10:35,311] {dagbag.py:507} INFO - Filling up the DagBag from /opt/airflow/dags/sparksubmit_dag.py
[2022-05-23 21:10:35,319] {processor.py:651} INFO - DAG(s) dict_keys(['sparkoperator_demo']) retrieved from /opt/airflow/dags/sparksubmit_dag.py
[2022-05-23 21:10:35,333] {logging_mixin.py:115} INFO - [2022-05-23 21:10:35,333] {dag.py:2371} INFO - Sync 1 DAGs
[2022-05-23 21:10:35,343] {logging_mixin.py:115} INFO - [2022-05-23 21:10:35,343] {dag.py:2915} INFO - Setting next_dagrun for sparkoperator_demo to 2022-05-22T00:00:00+00:00, run_after=2022-05-22T00:00:00+00:00
[2022-05-23 21:10:35,349] {processor.py:161} INFO - Processing /opt/airflow/dags/sparksubmit_dag.py took 0.044 seconds
[2022-05-23 21:11:06,217] {processor.py:153} INFO - Started process (PID=1335) to work on /opt/airflow/dags/sparksubmit_dag.py
[2022-05-23 21:11:06,218] {processor.py:641} INFO - Processing file /opt/airflow/dags/sparksubmit_dag.py for tasks to queue
[2022-05-23 21:11:06,219] {logging_mixin.py:115} INFO - [2022-05-23 21:11:06,219] {dagbag.py:507} INFO - Filling up the DagBag from /opt/airflow/dags/sparksubmit_dag.py
[2022-05-23 21:11:06,226] {processor.py:651} INFO - DAG(s) dict_keys(['sparkoperator_demo']) retrieved from /opt/airflow/dags/sparksubmit_dag.py
[2022-05-23 21:11:06,262] {logging_mixin.py:115} INFO - [2022-05-23 21:11:06,261] {dag.py:2371} INFO - Sync 1 DAGs
[2022-05-23 21:11:06,311] {logging_mixin.py:115} INFO - [2022-05-23 21:11:06,311] {dag.py:2915} INFO - Setting next_dagrun for sparkoperator_demo to 2022-05-22T00:00:00+00:00, run_after=2022-05-22T00:00:00+00:00
[2022-05-23 21:11:06,323] {processor.py:161} INFO - Processing /opt/airflow/dags/sparksubmit_dag.py took 0.109 seconds
[2022-05-23 21:11:36,866] {processor.py:153} INFO - Started process (PID=1499) to work on /opt/airflow/dags/sparksubmit_dag.py
[2022-05-23 21:11:36,866] {processor.py:641} INFO - Processing file /opt/airflow/dags/sparksubmit_dag.py for tasks to queue
[2022-05-23 21:11:36,867] {logging_mixin.py:115} INFO - [2022-05-23 21:11:36,867] {dagbag.py:507} INFO - Filling up the DagBag from /opt/airflow/dags/sparksubmit_dag.py
[2022-05-23 21:11:36,874] {processor.py:651} INFO - DAG(s) dict_keys(['sparkoperator_demo']) retrieved from /opt/airflow/dags/sparksubmit_dag.py
[2022-05-23 21:11:36,890] {logging_mixin.py:115} INFO - [2022-05-23 21:11:36,890] {dag.py:2371} INFO - Sync 1 DAGs
[2022-05-23 21:11:36,902] {logging_mixin.py:115} INFO - [2022-05-23 21:11:36,902] {dag.py:2915} INFO - Setting next_dagrun for sparkoperator_demo to 2022-05-22T00:00:00+00:00, run_after=2022-05-22T00:00:00+00:00
[2022-05-23 21:11:36,907] {processor.py:161} INFO - Processing /opt/airflow/dags/sparksubmit_dag.py took 0.045 seconds
[2022-05-23 21:12:07,605] {processor.py:153} INFO - Started process (PID=1583) to work on /opt/airflow/dags/sparksubmit_dag.py
[2022-05-23 21:12:07,606] {processor.py:641} INFO - Processing file /opt/airflow/dags/sparksubmit_dag.py for tasks to queue
[2022-05-23 21:12:07,606] {logging_mixin.py:115} INFO - [2022-05-23 21:12:07,606] {dagbag.py:507} INFO - Filling up the DagBag from /opt/airflow/dags/sparksubmit_dag.py
[2022-05-23 21:12:07,611] {processor.py:651} INFO - DAG(s) dict_keys(['sparkoperator_demo']) retrieved from /opt/airflow/dags/sparksubmit_dag.py
[2022-05-23 21:12:07,626] {logging_mixin.py:115} INFO - [2022-05-23 21:12:07,626] {dag.py:2371} INFO - Sync 1 DAGs
[2022-05-23 21:12:07,638] {logging_mixin.py:115} INFO - [2022-05-23 21:12:07,638] {dag.py:2915} INFO - Setting next_dagrun for sparkoperator_demo to 2022-05-22T00:00:00+00:00, run_after=2022-05-22T00:00:00+00:00
[2022-05-23 21:12:07,644] {processor.py:161} INFO - Processing /opt/airflow/dags/sparksubmit_dag.py took 0.041 seconds
[2022-05-23 21:12:38,006] {processor.py:153} INFO - Started process (PID=1744) to work on /opt/airflow/dags/sparksubmit_dag.py
[2022-05-23 21:12:38,007] {processor.py:641} INFO - Processing file /opt/airflow/dags/sparksubmit_dag.py for tasks to queue
[2022-05-23 21:12:38,007] {logging_mixin.py:115} INFO - [2022-05-23 21:12:38,007] {dagbag.py:507} INFO - Filling up the DagBag from /opt/airflow/dags/sparksubmit_dag.py
[2022-05-23 21:12:38,012] {processor.py:651} INFO - DAG(s) dict_keys(['sparkoperator_demo']) retrieved from /opt/airflow/dags/sparksubmit_dag.py
[2022-05-23 21:12:38,026] {logging_mixin.py:115} INFO - [2022-05-23 21:12:38,026] {dag.py:2371} INFO - Sync 1 DAGs
[2022-05-23 21:12:38,038] {logging_mixin.py:115} INFO - [2022-05-23 21:12:38,038] {dag.py:2915} INFO - Setting next_dagrun for sparkoperator_demo to 2022-05-22T00:00:00+00:00, run_after=2022-05-22T00:00:00+00:00
[2022-05-23 21:12:38,043] {processor.py:161} INFO - Processing /opt/airflow/dags/sparksubmit_dag.py took 0.039 seconds
[2022-05-23 21:13:08,891] {processor.py:153} INFO - Started process (PID=1828) to work on /opt/airflow/dags/sparksubmit_dag.py
[2022-05-23 21:13:08,892] {processor.py:641} INFO - Processing file /opt/airflow/dags/sparksubmit_dag.py for tasks to queue
[2022-05-23 21:13:08,892] {logging_mixin.py:115} INFO - [2022-05-23 21:13:08,892] {dagbag.py:507} INFO - Filling up the DagBag from /opt/airflow/dags/sparksubmit_dag.py
[2022-05-23 21:13:08,897] {processor.py:651} INFO - DAG(s) dict_keys(['sparkoperator_demo']) retrieved from /opt/airflow/dags/sparksubmit_dag.py
[2022-05-23 21:13:08,911] {logging_mixin.py:115} INFO - [2022-05-23 21:13:08,911] {dag.py:2371} INFO - Sync 1 DAGs
[2022-05-23 21:13:08,924] {logging_mixin.py:115} INFO - [2022-05-23 21:13:08,924] {dag.py:2915} INFO - Setting next_dagrun for sparkoperator_demo to 2022-05-22T00:00:00+00:00, run_after=2022-05-22T00:00:00+00:00
[2022-05-23 21:13:08,931] {processor.py:161} INFO - Processing /opt/airflow/dags/sparksubmit_dag.py took 0.041 seconds
[2022-05-23 21:13:39,271] {processor.py:153} INFO - Started process (PID=1997) to work on /opt/airflow/dags/sparksubmit_dag.py
[2022-05-23 21:13:39,272] {processor.py:641} INFO - Processing file /opt/airflow/dags/sparksubmit_dag.py for tasks to queue
[2022-05-23 21:13:39,272] {logging_mixin.py:115} INFO - [2022-05-23 21:13:39,272] {dagbag.py:507} INFO - Filling up the DagBag from /opt/airflow/dags/sparksubmit_dag.py
[2022-05-23 21:13:39,276] {processor.py:651} INFO - DAG(s) dict_keys(['sparkoperator_demo']) retrieved from /opt/airflow/dags/sparksubmit_dag.py
[2022-05-23 21:13:39,289] {logging_mixin.py:115} INFO - [2022-05-23 21:13:39,289] {dag.py:2371} INFO - Sync 1 DAGs
[2022-05-23 21:13:39,301] {logging_mixin.py:115} INFO - [2022-05-23 21:13:39,301] {dag.py:2915} INFO - Setting next_dagrun for sparkoperator_demo to 2022-05-22T00:00:00+00:00, run_after=2022-05-22T00:00:00+00:00
[2022-05-23 21:13:39,308] {processor.py:161} INFO - Processing /opt/airflow/dags/sparksubmit_dag.py took 0.038 seconds
[2022-05-23 21:14:10,011] {processor.py:153} INFO - Started process (PID=2081) to work on /opt/airflow/dags/sparksubmit_dag.py
[2022-05-23 21:14:10,012] {processor.py:641} INFO - Processing file /opt/airflow/dags/sparksubmit_dag.py for tasks to queue
[2022-05-23 21:14:10,012] {logging_mixin.py:115} INFO - [2022-05-23 21:14:10,012] {dagbag.py:507} INFO - Filling up the DagBag from /opt/airflow/dags/sparksubmit_dag.py
[2022-05-23 21:14:10,019] {processor.py:651} INFO - DAG(s) dict_keys(['sparkoperator_demo']) retrieved from /opt/airflow/dags/sparksubmit_dag.py
[2022-05-23 21:14:10,049] {logging_mixin.py:115} INFO - [2022-05-23 21:14:10,049] {dag.py:2371} INFO - Sync 1 DAGs
[2022-05-23 21:14:10,070] {logging_mixin.py:115} INFO - [2022-05-23 21:14:10,070] {dag.py:2915} INFO - Setting next_dagrun for sparkoperator_demo to 2022-05-22T00:00:00+00:00, run_after=2022-05-22T00:00:00+00:00
[2022-05-23 21:14:10,081] {processor.py:161} INFO - Processing /opt/airflow/dags/sparksubmit_dag.py took 0.072 seconds
[2022-05-23 21:14:40,543] {processor.py:153} INFO - Started process (PID=2243) to work on /opt/airflow/dags/sparksubmit_dag.py
[2022-05-23 21:14:40,544] {processor.py:641} INFO - Processing file /opt/airflow/dags/sparksubmit_dag.py for tasks to queue
[2022-05-23 21:14:40,544] {logging_mixin.py:115} INFO - [2022-05-23 21:14:40,544] {dagbag.py:507} INFO - Filling up the DagBag from /opt/airflow/dags/sparksubmit_dag.py
[2022-05-23 21:14:40,548] {processor.py:651} INFO - DAG(s) dict_keys(['sparkoperator_demo']) retrieved from /opt/airflow/dags/sparksubmit_dag.py
[2022-05-23 21:14:40,562] {logging_mixin.py:115} INFO - [2022-05-23 21:14:40,562] {dag.py:2371} INFO - Sync 1 DAGs
[2022-05-23 21:14:40,573] {logging_mixin.py:115} INFO - [2022-05-23 21:14:40,573] {dag.py:2915} INFO - Setting next_dagrun for sparkoperator_demo to 2022-05-22T00:00:00+00:00, run_after=2022-05-22T00:00:00+00:00
[2022-05-23 21:14:40,579] {processor.py:161} INFO - Processing /opt/airflow/dags/sparksubmit_dag.py took 0.038 seconds
[2022-05-23 21:15:10,597] {processor.py:153} INFO - Started process (PID=2328) to work on /opt/airflow/dags/sparksubmit_dag.py
[2022-05-23 21:15:10,599] {processor.py:641} INFO - Processing file /opt/airflow/dags/sparksubmit_dag.py for tasks to queue
[2022-05-23 21:15:10,600] {logging_mixin.py:115} INFO - [2022-05-23 21:15:10,600] {dagbag.py:507} INFO - Filling up the DagBag from /opt/airflow/dags/sparksubmit_dag.py
[2022-05-23 21:15:10,605] {processor.py:651} INFO - DAG(s) dict_keys(['sparkoperator_demo']) retrieved from /opt/airflow/dags/sparksubmit_dag.py
[2022-05-23 21:15:10,623] {logging_mixin.py:115} INFO - [2022-05-23 21:15:10,622] {dag.py:2371} INFO - Sync 1 DAGs
[2022-05-23 21:15:10,637] {logging_mixin.py:115} INFO - [2022-05-23 21:15:10,637] {dag.py:2915} INFO - Setting next_dagrun for sparkoperator_demo to 2022-05-22T00:00:00+00:00, run_after=2022-05-22T00:00:00+00:00
[2022-05-23 21:15:10,652] {processor.py:161} INFO - Processing /opt/airflow/dags/sparksubmit_dag.py took 0.057 seconds
[2022-05-23 21:15:41,254] {processor.py:153} INFO - Started process (PID=2497) to work on /opt/airflow/dags/sparksubmit_dag.py
[2022-05-23 21:15:41,256] {processor.py:641} INFO - Processing file /opt/airflow/dags/sparksubmit_dag.py for tasks to queue
[2022-05-23 21:15:41,256] {logging_mixin.py:115} INFO - [2022-05-23 21:15:41,256] {dagbag.py:507} INFO - Filling up the DagBag from /opt/airflow/dags/sparksubmit_dag.py
[2022-05-23 21:15:41,262] {processor.py:651} INFO - DAG(s) dict_keys(['sparkoperator_demo']) retrieved from /opt/airflow/dags/sparksubmit_dag.py
[2022-05-23 21:15:41,281] {logging_mixin.py:115} INFO - [2022-05-23 21:15:41,281] {dag.py:2371} INFO - Sync 1 DAGs
[2022-05-23 21:15:41,300] {logging_mixin.py:115} INFO - [2022-05-23 21:15:41,300] {dag.py:2915} INFO - Setting next_dagrun for sparkoperator_demo to 2022-05-22T00:00:00+00:00, run_after=2022-05-22T00:00:00+00:00
[2022-05-23 21:15:41,308] {processor.py:161} INFO - Processing /opt/airflow/dags/sparksubmit_dag.py took 0.055 seconds
[2022-05-23 21:16:12,071] {processor.py:153} INFO - Started process (PID=2573) to work on /opt/airflow/dags/sparksubmit_dag.py
[2022-05-23 21:16:12,073] {processor.py:641} INFO - Processing file /opt/airflow/dags/sparksubmit_dag.py for tasks to queue
[2022-05-23 21:16:12,073] {logging_mixin.py:115} INFO - [2022-05-23 21:16:12,073] {dagbag.py:507} INFO - Filling up the DagBag from /opt/airflow/dags/sparksubmit_dag.py
[2022-05-23 21:16:12,080] {processor.py:651} INFO - DAG(s) dict_keys(['sparkoperator_demo']) retrieved from /opt/airflow/dags/sparksubmit_dag.py
[2022-05-23 21:16:12,102] {logging_mixin.py:115} INFO - [2022-05-23 21:16:12,102] {dag.py:2371} INFO - Sync 1 DAGs
[2022-05-23 21:16:12,120] {logging_mixin.py:115} INFO - [2022-05-23 21:16:12,120] {dag.py:2915} INFO - Setting next_dagrun for sparkoperator_demo to 2022-05-22T00:00:00+00:00, run_after=2022-05-22T00:00:00+00:00
[2022-05-23 21:16:12,129] {processor.py:161} INFO - Processing /opt/airflow/dags/sparksubmit_dag.py took 0.060 seconds
[2022-05-23 21:16:42,574] {processor.py:153} INFO - Started process (PID=2741) to work on /opt/airflow/dags/sparksubmit_dag.py
[2022-05-23 21:16:42,575] {processor.py:641} INFO - Processing file /opt/airflow/dags/sparksubmit_dag.py for tasks to queue
[2022-05-23 21:16:42,575] {logging_mixin.py:115} INFO - [2022-05-23 21:16:42,575] {dagbag.py:507} INFO - Filling up the DagBag from /opt/airflow/dags/sparksubmit_dag.py
[2022-05-23 21:16:42,584] {processor.py:651} INFO - DAG(s) dict_keys(['sparkoperator_demo']) retrieved from /opt/airflow/dags/sparksubmit_dag.py
[2022-05-23 21:16:42,608] {logging_mixin.py:115} INFO - [2022-05-23 21:16:42,608] {dag.py:2371} INFO - Sync 1 DAGs
[2022-05-23 21:16:42,633] {logging_mixin.py:115} INFO - [2022-05-23 21:16:42,633] {dag.py:2915} INFO - Setting next_dagrun for sparkoperator_demo to 2022-05-22T00:00:00+00:00, run_after=2022-05-22T00:00:00+00:00
[2022-05-23 21:16:42,653] {processor.py:161} INFO - Processing /opt/airflow/dags/sparksubmit_dag.py took 0.082 seconds
[2022-05-23 21:17:13,605] {processor.py:153} INFO - Started process (PID=2825) to work on /opt/airflow/dags/sparksubmit_dag.py
[2022-05-23 21:17:13,606] {processor.py:641} INFO - Processing file /opt/airflow/dags/sparksubmit_dag.py for tasks to queue
[2022-05-23 21:17:13,607] {logging_mixin.py:115} INFO - [2022-05-23 21:17:13,607] {dagbag.py:507} INFO - Filling up the DagBag from /opt/airflow/dags/sparksubmit_dag.py
[2022-05-23 21:17:13,615] {processor.py:651} INFO - DAG(s) dict_keys(['sparkoperator_demo']) retrieved from /opt/airflow/dags/sparksubmit_dag.py
[2022-05-23 21:17:13,637] {logging_mixin.py:115} INFO - [2022-05-23 21:17:13,637] {dag.py:2371} INFO - Sync 1 DAGs
[2022-05-23 21:17:13,650] {logging_mixin.py:115} INFO - [2022-05-23 21:17:13,650] {dag.py:2915} INFO - Setting next_dagrun for sparkoperator_demo to 2022-05-22T00:00:00+00:00, run_after=2022-05-22T00:00:00+00:00
[2022-05-23 21:17:13,657] {processor.py:161} INFO - Processing /opt/airflow/dags/sparksubmit_dag.py took 0.056 seconds
[2022-05-23 21:17:44,024] {processor.py:153} INFO - Started process (PID=2981) to work on /opt/airflow/dags/sparksubmit_dag.py
[2022-05-23 21:17:44,024] {processor.py:641} INFO - Processing file /opt/airflow/dags/sparksubmit_dag.py for tasks to queue
[2022-05-23 21:17:44,025] {logging_mixin.py:115} INFO - [2022-05-23 21:17:44,025] {dagbag.py:507} INFO - Filling up the DagBag from /opt/airflow/dags/sparksubmit_dag.py
[2022-05-23 21:17:44,029] {processor.py:651} INFO - DAG(s) dict_keys(['sparkoperator_demo']) retrieved from /opt/airflow/dags/sparksubmit_dag.py
[2022-05-23 21:17:44,043] {logging_mixin.py:115} INFO - [2022-05-23 21:17:44,043] {dag.py:2371} INFO - Sync 1 DAGs
[2022-05-23 21:17:44,054] {logging_mixin.py:115} INFO - [2022-05-23 21:17:44,054] {dag.py:2915} INFO - Setting next_dagrun for sparkoperator_demo to 2022-05-22T00:00:00+00:00, run_after=2022-05-22T00:00:00+00:00
[2022-05-23 21:17:44,060] {processor.py:161} INFO - Processing /opt/airflow/dags/sparksubmit_dag.py took 0.037 seconds
[2022-05-23 21:18:14,994] {processor.py:153} INFO - Started process (PID=3065) to work on /opt/airflow/dags/sparksubmit_dag.py
[2022-05-23 21:18:14,994] {processor.py:641} INFO - Processing file /opt/airflow/dags/sparksubmit_dag.py for tasks to queue
[2022-05-23 21:18:14,994] {logging_mixin.py:115} INFO - [2022-05-23 21:18:14,994] {dagbag.py:507} INFO - Filling up the DagBag from /opt/airflow/dags/sparksubmit_dag.py
[2022-05-23 21:18:15,000] {processor.py:651} INFO - DAG(s) dict_keys(['sparkoperator_demo']) retrieved from /opt/airflow/dags/sparksubmit_dag.py
[2022-05-23 21:18:15,015] {logging_mixin.py:115} INFO - [2022-05-23 21:18:15,015] {dag.py:2371} INFO - Sync 1 DAGs
[2022-05-23 21:18:15,028] {logging_mixin.py:115} INFO - [2022-05-23 21:18:15,028] {dag.py:2915} INFO - Setting next_dagrun for sparkoperator_demo to 2022-05-22T00:00:00+00:00, run_after=2022-05-22T00:00:00+00:00
[2022-05-23 21:18:15,034] {processor.py:161} INFO - Processing /opt/airflow/dags/sparksubmit_dag.py took 0.044 seconds
[2022-05-23 21:18:45,446] {processor.py:153} INFO - Started process (PID=3230) to work on /opt/airflow/dags/sparksubmit_dag.py
[2022-05-23 21:18:45,448] {processor.py:641} INFO - Processing file /opt/airflow/dags/sparksubmit_dag.py for tasks to queue
[2022-05-23 21:18:45,449] {logging_mixin.py:115} INFO - [2022-05-23 21:18:45,449] {dagbag.py:507} INFO - Filling up the DagBag from /opt/airflow/dags/sparksubmit_dag.py
[2022-05-23 21:18:45,457] {processor.py:651} INFO - DAG(s) dict_keys(['sparkoperator_demo']) retrieved from /opt/airflow/dags/sparksubmit_dag.py
[2022-05-23 21:18:45,470] {logging_mixin.py:115} INFO - [2022-05-23 21:18:45,470] {dag.py:2371} INFO - Sync 1 DAGs
[2022-05-23 21:18:45,481] {logging_mixin.py:115} INFO - [2022-05-23 21:18:45,481] {dag.py:2915} INFO - Setting next_dagrun for sparkoperator_demo to 2022-05-22T00:00:00+00:00, run_after=2022-05-22T00:00:00+00:00
[2022-05-23 21:18:45,486] {processor.py:161} INFO - Processing /opt/airflow/dags/sparksubmit_dag.py took 0.045 seconds
[2022-05-23 21:19:16,189] {processor.py:153} INFO - Started process (PID=3314) to work on /opt/airflow/dags/sparksubmit_dag.py
[2022-05-23 21:19:16,190] {processor.py:641} INFO - Processing file /opt/airflow/dags/sparksubmit_dag.py for tasks to queue
[2022-05-23 21:19:16,190] {logging_mixin.py:115} INFO - [2022-05-23 21:19:16,190] {dagbag.py:507} INFO - Filling up the DagBag from /opt/airflow/dags/sparksubmit_dag.py
[2022-05-23 21:19:16,197] {processor.py:651} INFO - DAG(s) dict_keys(['sparkoperator_demo']) retrieved from /opt/airflow/dags/sparksubmit_dag.py
[2022-05-23 21:19:16,213] {logging_mixin.py:115} INFO - [2022-05-23 21:19:16,213] {dag.py:2371} INFO - Sync 1 DAGs
[2022-05-23 21:19:16,227] {logging_mixin.py:115} INFO - [2022-05-23 21:19:16,227] {dag.py:2915} INFO - Setting next_dagrun for sparkoperator_demo to 2022-05-22T00:00:00+00:00, run_after=2022-05-22T00:00:00+00:00
[2022-05-23 21:19:16,236] {processor.py:161} INFO - Processing /opt/airflow/dags/sparksubmit_dag.py took 0.049 seconds
[2022-05-23 21:19:46,626] {processor.py:153} INFO - Started process (PID=3471) to work on /opt/airflow/dags/sparksubmit_dag.py
[2022-05-23 21:19:46,627] {processor.py:641} INFO - Processing file /opt/airflow/dags/sparksubmit_dag.py for tasks to queue
[2022-05-23 21:19:46,628] {logging_mixin.py:115} INFO - [2022-05-23 21:19:46,628] {dagbag.py:507} INFO - Filling up the DagBag from /opt/airflow/dags/sparksubmit_dag.py
[2022-05-23 21:19:46,637] {processor.py:651} INFO - DAG(s) dict_keys(['sparkoperator_demo']) retrieved from /opt/airflow/dags/sparksubmit_dag.py
[2022-05-23 21:19:46,650] {logging_mixin.py:115} INFO - [2022-05-23 21:19:46,650] {dag.py:2371} INFO - Sync 1 DAGs
[2022-05-23 21:19:46,661] {logging_mixin.py:115} INFO - [2022-05-23 21:19:46,661] {dag.py:2915} INFO - Setting next_dagrun for sparkoperator_demo to 2022-05-22T00:00:00+00:00, run_after=2022-05-22T00:00:00+00:00
[2022-05-23 21:19:46,667] {processor.py:161} INFO - Processing /opt/airflow/dags/sparksubmit_dag.py took 0.046 seconds
[2022-05-23 21:20:17,445] {processor.py:153} INFO - Started process (PID=3554) to work on /opt/airflow/dags/sparksubmit_dag.py
[2022-05-23 21:20:17,446] {processor.py:641} INFO - Processing file /opt/airflow/dags/sparksubmit_dag.py for tasks to queue
[2022-05-23 21:20:17,447] {logging_mixin.py:115} INFO - [2022-05-23 21:20:17,447] {dagbag.py:507} INFO - Filling up the DagBag from /opt/airflow/dags/sparksubmit_dag.py
[2022-05-23 21:20:17,455] {processor.py:651} INFO - DAG(s) dict_keys(['sparkoperator_demo']) retrieved from /opt/airflow/dags/sparksubmit_dag.py
[2022-05-23 21:20:17,472] {logging_mixin.py:115} INFO - [2022-05-23 21:20:17,471] {dag.py:2371} INFO - Sync 1 DAGs
[2022-05-23 21:20:17,486] {logging_mixin.py:115} INFO - [2022-05-23 21:20:17,486] {dag.py:2915} INFO - Setting next_dagrun for sparkoperator_demo to 2022-05-22T00:00:00+00:00, run_after=2022-05-22T00:00:00+00:00
[2022-05-23 21:20:17,493] {processor.py:161} INFO - Processing /opt/airflow/dags/sparksubmit_dag.py took 0.051 seconds
[2022-05-23 21:20:47,876] {processor.py:153} INFO - Started process (PID=3721) to work on /opt/airflow/dags/sparksubmit_dag.py
[2022-05-23 21:20:47,877] {processor.py:641} INFO - Processing file /opt/airflow/dags/sparksubmit_dag.py for tasks to queue
[2022-05-23 21:20:47,878] {logging_mixin.py:115} INFO - [2022-05-23 21:20:47,878] {dagbag.py:507} INFO - Filling up the DagBag from /opt/airflow/dags/sparksubmit_dag.py
[2022-05-23 21:20:47,886] {processor.py:651} INFO - DAG(s) dict_keys(['sparkoperator_demo']) retrieved from /opt/airflow/dags/sparksubmit_dag.py
[2022-05-23 21:20:47,900] {logging_mixin.py:115} INFO - [2022-05-23 21:20:47,900] {dag.py:2371} INFO - Sync 1 DAGs
[2022-05-23 21:20:47,912] {logging_mixin.py:115} INFO - [2022-05-23 21:20:47,911] {dag.py:2915} INFO - Setting next_dagrun for sparkoperator_demo to 2022-05-22T00:00:00+00:00, run_after=2022-05-22T00:00:00+00:00
[2022-05-23 21:20:47,917] {processor.py:161} INFO - Processing /opt/airflow/dags/sparksubmit_dag.py took 0.046 seconds
[2022-05-23 21:21:18,623] {processor.py:153} INFO - Started process (PID=3805) to work on /opt/airflow/dags/sparksubmit_dag.py
[2022-05-23 21:21:18,624] {processor.py:641} INFO - Processing file /opt/airflow/dags/sparksubmit_dag.py for tasks to queue
[2022-05-23 21:21:18,625] {logging_mixin.py:115} INFO - [2022-05-23 21:21:18,625] {dagbag.py:507} INFO - Filling up the DagBag from /opt/airflow/dags/sparksubmit_dag.py
[2022-05-23 21:21:18,629] {processor.py:651} INFO - DAG(s) dict_keys(['sparkoperator_demo']) retrieved from /opt/airflow/dags/sparksubmit_dag.py
[2022-05-23 21:21:18,644] {logging_mixin.py:115} INFO - [2022-05-23 21:21:18,644] {dag.py:2371} INFO - Sync 1 DAGs
[2022-05-23 21:21:18,656] {logging_mixin.py:115} INFO - [2022-05-23 21:21:18,656] {dag.py:2915} INFO - Setting next_dagrun for sparkoperator_demo to 2022-05-22T00:00:00+00:00, run_after=2022-05-22T00:00:00+00:00
[2022-05-23 21:21:18,663] {processor.py:161} INFO - Processing /opt/airflow/dags/sparksubmit_dag.py took 0.043 seconds
[2022-05-23 21:21:49,008] {processor.py:153} INFO - Started process (PID=3966) to work on /opt/airflow/dags/sparksubmit_dag.py
[2022-05-23 21:21:49,008] {processor.py:641} INFO - Processing file /opt/airflow/dags/sparksubmit_dag.py for tasks to queue
[2022-05-23 21:21:49,008] {logging_mixin.py:115} INFO - [2022-05-23 21:21:49,008] {dagbag.py:507} INFO - Filling up the DagBag from /opt/airflow/dags/sparksubmit_dag.py
[2022-05-23 21:21:49,013] {processor.py:651} INFO - DAG(s) dict_keys(['sparkoperator_demo']) retrieved from /opt/airflow/dags/sparksubmit_dag.py
[2022-05-23 21:21:49,027] {logging_mixin.py:115} INFO - [2022-05-23 21:21:49,027] {dag.py:2371} INFO - Sync 1 DAGs
[2022-05-23 21:21:49,039] {logging_mixin.py:115} INFO - [2022-05-23 21:21:49,039] {dag.py:2915} INFO - Setting next_dagrun for sparkoperator_demo to 2022-05-22T00:00:00+00:00, run_after=2022-05-22T00:00:00+00:00
[2022-05-23 21:21:49,044] {processor.py:161} INFO - Processing /opt/airflow/dags/sparksubmit_dag.py took 0.038 seconds
[2022-05-23 21:22:19,776] {processor.py:153} INFO - Started process (PID=4047) to work on /opt/airflow/dags/sparksubmit_dag.py
[2022-05-23 21:22:19,776] {processor.py:641} INFO - Processing file /opt/airflow/dags/sparksubmit_dag.py for tasks to queue
[2022-05-23 21:22:19,777] {logging_mixin.py:115} INFO - [2022-05-23 21:22:19,777] {dagbag.py:507} INFO - Filling up the DagBag from /opt/airflow/dags/sparksubmit_dag.py
[2022-05-23 21:22:19,783] {processor.py:651} INFO - DAG(s) dict_keys(['sparkoperator_demo']) retrieved from /opt/airflow/dags/sparksubmit_dag.py
[2022-05-23 21:22:19,797] {logging_mixin.py:115} INFO - [2022-05-23 21:22:19,797] {dag.py:2371} INFO - Sync 1 DAGs
[2022-05-23 21:22:19,809] {logging_mixin.py:115} INFO - [2022-05-23 21:22:19,809] {dag.py:2915} INFO - Setting next_dagrun for sparkoperator_demo to 2022-05-22T00:00:00+00:00, run_after=2022-05-22T00:00:00+00:00
[2022-05-23 21:22:19,816] {processor.py:161} INFO - Processing /opt/airflow/dags/sparksubmit_dag.py took 0.043 seconds
[2022-05-23 21:22:50,152] {processor.py:153} INFO - Started process (PID=4215) to work on /opt/airflow/dags/sparksubmit_dag.py
[2022-05-23 21:22:50,153] {processor.py:641} INFO - Processing file /opt/airflow/dags/sparksubmit_dag.py for tasks to queue
[2022-05-23 21:22:50,154] {logging_mixin.py:115} INFO - [2022-05-23 21:22:50,154] {dagbag.py:507} INFO - Filling up the DagBag from /opt/airflow/dags/sparksubmit_dag.py
[2022-05-23 21:22:50,163] {processor.py:651} INFO - DAG(s) dict_keys(['sparkoperator_demo']) retrieved from /opt/airflow/dags/sparksubmit_dag.py
[2022-05-23 21:22:50,176] {logging_mixin.py:115} INFO - [2022-05-23 21:22:50,176] {dag.py:2371} INFO - Sync 1 DAGs
[2022-05-23 21:22:50,187] {logging_mixin.py:115} INFO - [2022-05-23 21:22:50,187] {dag.py:2915} INFO - Setting next_dagrun for sparkoperator_demo to 2022-05-22T00:00:00+00:00, run_after=2022-05-22T00:00:00+00:00
[2022-05-23 21:22:50,192] {processor.py:161} INFO - Processing /opt/airflow/dags/sparksubmit_dag.py took 0.045 seconds
[2022-05-23 21:23:20,885] {processor.py:153} INFO - Started process (PID=4299) to work on /opt/airflow/dags/sparksubmit_dag.py
[2022-05-23 21:23:20,885] {processor.py:641} INFO - Processing file /opt/airflow/dags/sparksubmit_dag.py for tasks to queue
[2022-05-23 21:23:20,885] {logging_mixin.py:115} INFO - [2022-05-23 21:23:20,885] {dagbag.py:507} INFO - Filling up the DagBag from /opt/airflow/dags/sparksubmit_dag.py
[2022-05-23 21:23:20,890] {processor.py:651} INFO - DAG(s) dict_keys(['sparkoperator_demo']) retrieved from /opt/airflow/dags/sparksubmit_dag.py
[2022-05-23 21:23:20,904] {logging_mixin.py:115} INFO - [2022-05-23 21:23:20,904] {dag.py:2371} INFO - Sync 1 DAGs
[2022-05-23 21:23:20,916] {logging_mixin.py:115} INFO - [2022-05-23 21:23:20,916] {dag.py:2915} INFO - Setting next_dagrun for sparkoperator_demo to 2022-05-22T00:00:00+00:00, run_after=2022-05-22T00:00:00+00:00
[2022-05-23 21:23:20,922] {processor.py:161} INFO - Processing /opt/airflow/dags/sparksubmit_dag.py took 0.039 seconds
[2022-05-23 21:23:51,299] {processor.py:153} INFO - Started process (PID=4459) to work on /opt/airflow/dags/sparksubmit_dag.py
[2022-05-23 21:23:51,300] {processor.py:641} INFO - Processing file /opt/airflow/dags/sparksubmit_dag.py for tasks to queue
[2022-05-23 21:23:51,301] {logging_mixin.py:115} INFO - [2022-05-23 21:23:51,301] {dagbag.py:507} INFO - Filling up the DagBag from /opt/airflow/dags/sparksubmit_dag.py
[2022-05-23 21:23:51,309] {processor.py:651} INFO - DAG(s) dict_keys(['sparkoperator_demo']) retrieved from /opt/airflow/dags/sparksubmit_dag.py
[2022-05-23 21:23:51,323] {logging_mixin.py:115} INFO - [2022-05-23 21:23:51,323] {dag.py:2371} INFO - Sync 1 DAGs
[2022-05-23 21:23:51,335] {logging_mixin.py:115} INFO - [2022-05-23 21:23:51,335] {dag.py:2915} INFO - Setting next_dagrun for sparkoperator_demo to 2022-05-22T00:00:00+00:00, run_after=2022-05-22T00:00:00+00:00
[2022-05-23 21:23:51,341] {processor.py:161} INFO - Processing /opt/airflow/dags/sparksubmit_dag.py took 0.046 seconds
[2022-05-23 21:24:22,097] {processor.py:153} INFO - Started process (PID=4543) to work on /opt/airflow/dags/sparksubmit_dag.py
[2022-05-23 21:24:22,098] {processor.py:641} INFO - Processing file /opt/airflow/dags/sparksubmit_dag.py for tasks to queue
[2022-05-23 21:24:22,098] {logging_mixin.py:115} INFO - [2022-05-23 21:24:22,098] {dagbag.py:507} INFO - Filling up the DagBag from /opt/airflow/dags/sparksubmit_dag.py
[2022-05-23 21:24:22,103] {processor.py:651} INFO - DAG(s) dict_keys(['sparkoperator_demo']) retrieved from /opt/airflow/dags/sparksubmit_dag.py
[2022-05-23 21:24:22,118] {logging_mixin.py:115} INFO - [2022-05-23 21:24:22,118] {dag.py:2371} INFO - Sync 1 DAGs
[2022-05-23 21:24:22,130] {logging_mixin.py:115} INFO - [2022-05-23 21:24:22,130] {dag.py:2915} INFO - Setting next_dagrun for sparkoperator_demo to 2022-05-22T00:00:00+00:00, run_after=2022-05-22T00:00:00+00:00
[2022-05-23 21:24:22,136] {processor.py:161} INFO - Processing /opt/airflow/dags/sparksubmit_dag.py took 0.041 seconds
[2022-05-23 21:24:52,524] {processor.py:153} INFO - Started process (PID=4714) to work on /opt/airflow/dags/sparksubmit_dag.py
[2022-05-23 21:24:52,526] {processor.py:641} INFO - Processing file /opt/airflow/dags/sparksubmit_dag.py for tasks to queue
[2022-05-23 21:24:52,527] {logging_mixin.py:115} INFO - [2022-05-23 21:24:52,527] {dagbag.py:507} INFO - Filling up the DagBag from /opt/airflow/dags/sparksubmit_dag.py
[2022-05-23 21:24:52,538] {processor.py:651} INFO - DAG(s) dict_keys(['sparkoperator_demo']) retrieved from /opt/airflow/dags/sparksubmit_dag.py
[2022-05-23 21:24:52,551] {logging_mixin.py:115} INFO - [2022-05-23 21:24:52,551] {dag.py:2371} INFO - Sync 1 DAGs
[2022-05-23 21:24:52,561] {logging_mixin.py:115} INFO - [2022-05-23 21:24:52,561] {dag.py:2915} INFO - Setting next_dagrun for sparkoperator_demo to 2022-05-22T00:00:00+00:00, run_after=2022-05-22T00:00:00+00:00
[2022-05-23 21:24:52,566] {processor.py:161} INFO - Processing /opt/airflow/dags/sparksubmit_dag.py took 0.047 seconds
[2022-05-23 21:25:23,255] {processor.py:153} INFO - Started process (PID=4795) to work on /opt/airflow/dags/sparksubmit_dag.py
[2022-05-23 21:25:23,256] {processor.py:641} INFO - Processing file /opt/airflow/dags/sparksubmit_dag.py for tasks to queue
[2022-05-23 21:25:23,256] {logging_mixin.py:115} INFO - [2022-05-23 21:25:23,256] {dagbag.py:507} INFO - Filling up the DagBag from /opt/airflow/dags/sparksubmit_dag.py
[2022-05-23 21:25:23,263] {processor.py:651} INFO - DAG(s) dict_keys(['sparkoperator_demo']) retrieved from /opt/airflow/dags/sparksubmit_dag.py
[2022-05-23 21:25:23,277] {logging_mixin.py:115} INFO - [2022-05-23 21:25:23,277] {dag.py:2371} INFO - Sync 1 DAGs
[2022-05-23 21:25:23,289] {logging_mixin.py:115} INFO - [2022-05-23 21:25:23,289] {dag.py:2915} INFO - Setting next_dagrun for sparkoperator_demo to 2022-05-22T00:00:00+00:00, run_after=2022-05-22T00:00:00+00:00
[2022-05-23 21:25:23,295] {processor.py:161} INFO - Processing /opt/airflow/dags/sparksubmit_dag.py took 0.043 seconds
[2022-05-23 21:25:53,650] {processor.py:153} INFO - Started process (PID=4964) to work on /opt/airflow/dags/sparksubmit_dag.py
[2022-05-23 21:25:53,651] {processor.py:641} INFO - Processing file /opt/airflow/dags/sparksubmit_dag.py for tasks to queue
[2022-05-23 21:25:53,651] {logging_mixin.py:115} INFO - [2022-05-23 21:25:53,651] {dagbag.py:507} INFO - Filling up the DagBag from /opt/airflow/dags/sparksubmit_dag.py
[2022-05-23 21:25:53,657] {processor.py:651} INFO - DAG(s) dict_keys(['sparkoperator_demo']) retrieved from /opt/airflow/dags/sparksubmit_dag.py
[2022-05-23 21:25:53,677] {logging_mixin.py:115} INFO - [2022-05-23 21:25:53,677] {dag.py:2371} INFO - Sync 1 DAGs
[2022-05-23 21:25:53,691] {logging_mixin.py:115} INFO - [2022-05-23 21:25:53,691] {dag.py:2915} INFO - Setting next_dagrun for sparkoperator_demo to 2022-05-22T00:00:00+00:00, run_after=2022-05-22T00:00:00+00:00
[2022-05-23 21:25:53,698] {processor.py:161} INFO - Processing /opt/airflow/dags/sparksubmit_dag.py took 0.049 seconds
[2022-05-23 21:26:24,404] {processor.py:153} INFO - Started process (PID=5038) to work on /opt/airflow/dags/sparksubmit_dag.py
[2022-05-23 21:26:24,406] {processor.py:641} INFO - Processing file /opt/airflow/dags/sparksubmit_dag.py for tasks to queue
[2022-05-23 21:26:24,406] {logging_mixin.py:115} INFO - [2022-05-23 21:26:24,406] {dagbag.py:507} INFO - Filling up the DagBag from /opt/airflow/dags/sparksubmit_dag.py
[2022-05-23 21:26:24,414] {processor.py:651} INFO - DAG(s) dict_keys(['sparkoperator_demo']) retrieved from /opt/airflow/dags/sparksubmit_dag.py
[2022-05-23 21:26:24,428] {logging_mixin.py:115} INFO - [2022-05-23 21:26:24,428] {dag.py:2371} INFO - Sync 1 DAGs
[2022-05-23 21:26:24,440] {logging_mixin.py:115} INFO - [2022-05-23 21:26:24,440] {dag.py:2915} INFO - Setting next_dagrun for sparkoperator_demo to 2022-05-22T00:00:00+00:00, run_after=2022-05-22T00:00:00+00:00
[2022-05-23 21:26:24,446] {processor.py:161} INFO - Processing /opt/airflow/dags/sparksubmit_dag.py took 0.045 seconds
[2022-05-23 21:26:54,885] {processor.py:153} INFO - Started process (PID=5209) to work on /opt/airflow/dags/sparksubmit_dag.py
[2022-05-23 21:26:54,887] {processor.py:641} INFO - Processing file /opt/airflow/dags/sparksubmit_dag.py for tasks to queue
[2022-05-23 21:26:54,887] {logging_mixin.py:115} INFO - [2022-05-23 21:26:54,887] {dagbag.py:507} INFO - Filling up the DagBag from /opt/airflow/dags/sparksubmit_dag.py
[2022-05-23 21:26:54,891] {processor.py:651} INFO - DAG(s) dict_keys(['sparkoperator_demo']) retrieved from /opt/airflow/dags/sparksubmit_dag.py
[2022-05-23 21:26:54,904] {logging_mixin.py:115} INFO - [2022-05-23 21:26:54,904] {dag.py:2371} INFO - Sync 1 DAGs
[2022-05-23 21:26:54,915] {logging_mixin.py:115} INFO - [2022-05-23 21:26:54,915] {dag.py:2915} INFO - Setting next_dagrun for sparkoperator_demo to 2022-05-22T00:00:00+00:00, run_after=2022-05-22T00:00:00+00:00
[2022-05-23 21:26:54,921] {processor.py:161} INFO - Processing /opt/airflow/dags/sparksubmit_dag.py took 0.038 seconds
[2022-05-23 21:27:25,629] {processor.py:153} INFO - Started process (PID=5291) to work on /opt/airflow/dags/sparksubmit_dag.py
[2022-05-23 21:27:25,630] {processor.py:641} INFO - Processing file /opt/airflow/dags/sparksubmit_dag.py for tasks to queue
[2022-05-23 21:27:25,630] {logging_mixin.py:115} INFO - [2022-05-23 21:27:25,630] {dagbag.py:507} INFO - Filling up the DagBag from /opt/airflow/dags/sparksubmit_dag.py
[2022-05-23 21:27:25,637] {processor.py:651} INFO - DAG(s) dict_keys(['sparkoperator_demo']) retrieved from /opt/airflow/dags/sparksubmit_dag.py
[2022-05-23 21:27:25,652] {logging_mixin.py:115} INFO - [2022-05-23 21:27:25,652] {dag.py:2371} INFO - Sync 1 DAGs
[2022-05-23 21:27:25,663] {logging_mixin.py:115} INFO - [2022-05-23 21:27:25,663] {dag.py:2915} INFO - Setting next_dagrun for sparkoperator_demo to 2022-05-22T00:00:00+00:00, run_after=2022-05-22T00:00:00+00:00
[2022-05-23 21:27:25,669] {processor.py:161} INFO - Processing /opt/airflow/dags/sparksubmit_dag.py took 0.042 seconds
[2022-05-23 21:27:56,066] {processor.py:153} INFO - Started process (PID=5460) to work on /opt/airflow/dags/sparksubmit_dag.py
[2022-05-23 21:27:56,068] {processor.py:641} INFO - Processing file /opt/airflow/dags/sparksubmit_dag.py for tasks to queue
[2022-05-23 21:27:56,069] {logging_mixin.py:115} INFO - [2022-05-23 21:27:56,069] {dagbag.py:507} INFO - Filling up the DagBag from /opt/airflow/dags/sparksubmit_dag.py
[2022-05-23 21:27:56,077] {processor.py:651} INFO - DAG(s) dict_keys(['sparkoperator_demo']) retrieved from /opt/airflow/dags/sparksubmit_dag.py
[2022-05-23 21:27:56,091] {logging_mixin.py:115} INFO - [2022-05-23 21:27:56,091] {dag.py:2371} INFO - Sync 1 DAGs
[2022-05-23 21:27:56,102] {logging_mixin.py:115} INFO - [2022-05-23 21:27:56,102] {dag.py:2915} INFO - Setting next_dagrun for sparkoperator_demo to 2022-05-22T00:00:00+00:00, run_after=2022-05-22T00:00:00+00:00
[2022-05-23 21:27:56,108] {processor.py:161} INFO - Processing /opt/airflow/dags/sparksubmit_dag.py took 0.046 seconds
[2022-05-23 21:28:26,801] {processor.py:153} INFO - Started process (PID=5533) to work on /opt/airflow/dags/sparksubmit_dag.py
[2022-05-23 21:28:26,803] {processor.py:641} INFO - Processing file /opt/airflow/dags/sparksubmit_dag.py for tasks to queue
[2022-05-23 21:28:26,803] {logging_mixin.py:115} INFO - [2022-05-23 21:28:26,803] {dagbag.py:507} INFO - Filling up the DagBag from /opt/airflow/dags/sparksubmit_dag.py
[2022-05-23 21:28:26,811] {processor.py:651} INFO - DAG(s) dict_keys(['sparkoperator_demo']) retrieved from /opt/airflow/dags/sparksubmit_dag.py
[2022-05-23 21:28:26,827] {logging_mixin.py:115} INFO - [2022-05-23 21:28:26,826] {dag.py:2371} INFO - Sync 1 DAGs
[2022-05-23 21:28:26,839] {logging_mixin.py:115} INFO - [2022-05-23 21:28:26,839] {dag.py:2915} INFO - Setting next_dagrun for sparkoperator_demo to 2022-05-22T00:00:00+00:00, run_after=2022-05-22T00:00:00+00:00
[2022-05-23 21:28:26,846] {processor.py:161} INFO - Processing /opt/airflow/dags/sparksubmit_dag.py took 0.047 seconds
[2022-05-23 21:28:57,260] {processor.py:153} INFO - Started process (PID=5704) to work on /opt/airflow/dags/sparksubmit_dag.py
[2022-05-23 21:28:57,261] {processor.py:641} INFO - Processing file /opt/airflow/dags/sparksubmit_dag.py for tasks to queue
[2022-05-23 21:28:57,261] {logging_mixin.py:115} INFO - [2022-05-23 21:28:57,261] {dagbag.py:507} INFO - Filling up the DagBag from /opt/airflow/dags/sparksubmit_dag.py
[2022-05-23 21:28:57,267] {processor.py:651} INFO - DAG(s) dict_keys(['sparkoperator_demo']) retrieved from /opt/airflow/dags/sparksubmit_dag.py
[2022-05-23 21:28:57,281] {logging_mixin.py:115} INFO - [2022-05-23 21:28:57,281] {dag.py:2371} INFO - Sync 1 DAGs
[2022-05-23 21:28:57,293] {logging_mixin.py:115} INFO - [2022-05-23 21:28:57,293] {dag.py:2915} INFO - Setting next_dagrun for sparkoperator_demo to 2022-05-22T00:00:00+00:00, run_after=2022-05-22T00:00:00+00:00
[2022-05-23 21:28:57,300] {processor.py:161} INFO - Processing /opt/airflow/dags/sparksubmit_dag.py took 0.044 seconds
[2022-05-23 21:29:28,047] {processor.py:153} INFO - Started process (PID=5786) to work on /opt/airflow/dags/sparksubmit_dag.py
[2022-05-23 21:29:28,049] {processor.py:641} INFO - Processing file /opt/airflow/dags/sparksubmit_dag.py for tasks to queue
[2022-05-23 21:29:28,049] {logging_mixin.py:115} INFO - [2022-05-23 21:29:28,049] {dagbag.py:507} INFO - Filling up the DagBag from /opt/airflow/dags/sparksubmit_dag.py
[2022-05-23 21:29:28,056] {processor.py:651} INFO - DAG(s) dict_keys(['sparkoperator_demo']) retrieved from /opt/airflow/dags/sparksubmit_dag.py
[2022-05-23 21:29:28,071] {logging_mixin.py:115} INFO - [2022-05-23 21:29:28,071] {dag.py:2371} INFO - Sync 1 DAGs
[2022-05-23 21:29:28,083] {logging_mixin.py:115} INFO - [2022-05-23 21:29:28,083] {dag.py:2915} INFO - Setting next_dagrun for sparkoperator_demo to 2022-05-22T00:00:00+00:00, run_after=2022-05-22T00:00:00+00:00
[2022-05-23 21:29:28,089] {processor.py:161} INFO - Processing /opt/airflow/dags/sparksubmit_dag.py took 0.044 seconds
[2022-05-23 21:29:58,470] {processor.py:153} INFO - Started process (PID=5958) to work on /opt/airflow/dags/sparksubmit_dag.py
[2022-05-23 21:29:58,472] {processor.py:641} INFO - Processing file /opt/airflow/dags/sparksubmit_dag.py for tasks to queue
[2022-05-23 21:29:58,473] {logging_mixin.py:115} INFO - [2022-05-23 21:29:58,473] {dagbag.py:507} INFO - Filling up the DagBag from /opt/airflow/dags/sparksubmit_dag.py
[2022-05-23 21:29:58,482] {processor.py:651} INFO - DAG(s) dict_keys(['sparkoperator_demo']) retrieved from /opt/airflow/dags/sparksubmit_dag.py
[2022-05-23 21:29:58,497] {logging_mixin.py:115} INFO - [2022-05-23 21:29:58,497] {dag.py:2371} INFO - Sync 1 DAGs
[2022-05-23 21:29:58,519] {logging_mixin.py:115} INFO - [2022-05-23 21:29:58,519] {dag.py:2915} INFO - Setting next_dagrun for sparkoperator_demo to 2022-05-22T00:00:00+00:00, run_after=2022-05-22T00:00:00+00:00
[2022-05-23 21:29:58,526] {processor.py:161} INFO - Processing /opt/airflow/dags/sparksubmit_dag.py took 0.060 seconds
[2022-05-23 21:30:29,255] {processor.py:153} INFO - Started process (PID=6028) to work on /opt/airflow/dags/sparksubmit_dag.py
[2022-05-23 21:30:29,256] {processor.py:641} INFO - Processing file /opt/airflow/dags/sparksubmit_dag.py for tasks to queue
[2022-05-23 21:30:29,257] {logging_mixin.py:115} INFO - [2022-05-23 21:30:29,257] {dagbag.py:507} INFO - Filling up the DagBag from /opt/airflow/dags/sparksubmit_dag.py
[2022-05-23 21:30:29,262] {processor.py:651} INFO - DAG(s) dict_keys(['sparkoperator_demo']) retrieved from /opt/airflow/dags/sparksubmit_dag.py
[2022-05-23 21:30:29,275] {logging_mixin.py:115} INFO - [2022-05-23 21:30:29,275] {dag.py:2371} INFO - Sync 1 DAGs
[2022-05-23 21:30:29,288] {logging_mixin.py:115} INFO - [2022-05-23 21:30:29,288] {dag.py:2915} INFO - Setting next_dagrun for sparkoperator_demo to 2022-05-22T00:00:00+00:00, run_after=2022-05-22T00:00:00+00:00
[2022-05-23 21:30:29,294] {processor.py:161} INFO - Processing /opt/airflow/dags/sparksubmit_dag.py took 0.043 seconds
[2022-05-23 21:30:59,718] {processor.py:153} INFO - Started process (PID=6200) to work on /opt/airflow/dags/sparksubmit_dag.py
[2022-05-23 21:30:59,720] {processor.py:641} INFO - Processing file /opt/airflow/dags/sparksubmit_dag.py for tasks to queue
[2022-05-23 21:30:59,720] {logging_mixin.py:115} INFO - [2022-05-23 21:30:59,720] {dagbag.py:507} INFO - Filling up the DagBag from /opt/airflow/dags/sparksubmit_dag.py
[2022-05-23 21:30:59,730] {processor.py:651} INFO - DAG(s) dict_keys(['sparkoperator_demo']) retrieved from /opt/airflow/dags/sparksubmit_dag.py
[2022-05-23 21:30:59,747] {logging_mixin.py:115} INFO - [2022-05-23 21:30:59,747] {dag.py:2371} INFO - Sync 1 DAGs
[2022-05-23 21:30:59,765] {logging_mixin.py:115} INFO - [2022-05-23 21:30:59,765] {dag.py:2915} INFO - Setting next_dagrun for sparkoperator_demo to 2022-05-22T00:00:00+00:00, run_after=2022-05-22T00:00:00+00:00
[2022-05-23 21:30:59,771] {processor.py:161} INFO - Processing /opt/airflow/dags/sparksubmit_dag.py took 0.058 seconds
[2022-05-23 21:31:30,492] {processor.py:153} INFO - Started process (PID=6279) to work on /opt/airflow/dags/sparksubmit_dag.py
[2022-05-23 21:31:30,493] {processor.py:641} INFO - Processing file /opt/airflow/dags/sparksubmit_dag.py for tasks to queue
[2022-05-23 21:31:30,494] {logging_mixin.py:115} INFO - [2022-05-23 21:31:30,494] {dagbag.py:507} INFO - Filling up the DagBag from /opt/airflow/dags/sparksubmit_dag.py
[2022-05-23 21:31:30,498] {processor.py:651} INFO - DAG(s) dict_keys(['sparkoperator_demo']) retrieved from /opt/airflow/dags/sparksubmit_dag.py
[2022-05-23 21:31:30,512] {logging_mixin.py:115} INFO - [2022-05-23 21:31:30,512] {dag.py:2371} INFO - Sync 1 DAGs
[2022-05-23 21:31:30,524] {logging_mixin.py:115} INFO - [2022-05-23 21:31:30,524] {dag.py:2915} INFO - Setting next_dagrun for sparkoperator_demo to 2022-05-22T00:00:00+00:00, run_after=2022-05-22T00:00:00+00:00
[2022-05-23 21:31:30,530] {processor.py:161} INFO - Processing /opt/airflow/dags/sparksubmit_dag.py took 0.040 seconds
[2022-05-23 21:32:00,934] {processor.py:153} INFO - Started process (PID=6450) to work on /opt/airflow/dags/sparksubmit_dag.py
[2022-05-23 21:32:00,934] {processor.py:641} INFO - Processing file /opt/airflow/dags/sparksubmit_dag.py for tasks to queue
[2022-05-23 21:32:00,935] {logging_mixin.py:115} INFO - [2022-05-23 21:32:00,935] {dagbag.py:507} INFO - Filling up the DagBag from /opt/airflow/dags/sparksubmit_dag.py
[2022-05-23 21:32:00,939] {processor.py:651} INFO - DAG(s) dict_keys(['sparkoperator_demo']) retrieved from /opt/airflow/dags/sparksubmit_dag.py
[2022-05-23 21:32:00,958] {logging_mixin.py:115} INFO - [2022-05-23 21:32:00,957] {dag.py:2371} INFO - Sync 1 DAGs
[2022-05-23 21:32:00,974] {logging_mixin.py:115} INFO - [2022-05-23 21:32:00,974] {dag.py:2915} INFO - Setting next_dagrun for sparkoperator_demo to 2022-05-22T00:00:00+00:00, run_after=2022-05-22T00:00:00+00:00
[2022-05-23 21:32:00,983] {processor.py:161} INFO - Processing /opt/airflow/dags/sparksubmit_dag.py took 0.051 seconds
[2022-05-23 21:32:31,766] {processor.py:153} INFO - Started process (PID=6528) to work on /opt/airflow/dags/sparksubmit_dag.py
[2022-05-23 21:32:31,767] {processor.py:641} INFO - Processing file /opt/airflow/dags/sparksubmit_dag.py for tasks to queue
[2022-05-23 21:32:31,768] {logging_mixin.py:115} INFO - [2022-05-23 21:32:31,768] {dagbag.py:507} INFO - Filling up the DagBag from /opt/airflow/dags/sparksubmit_dag.py
[2022-05-23 21:32:31,776] {processor.py:651} INFO - DAG(s) dict_keys(['sparkoperator_demo']) retrieved from /opt/airflow/dags/sparksubmit_dag.py
[2022-05-23 21:32:31,796] {logging_mixin.py:115} INFO - [2022-05-23 21:32:31,796] {dag.py:2371} INFO - Sync 1 DAGs
[2022-05-23 21:32:31,811] {logging_mixin.py:115} INFO - [2022-05-23 21:32:31,811] {dag.py:2915} INFO - Setting next_dagrun for sparkoperator_demo to 2022-05-22T00:00:00+00:00, run_after=2022-05-22T00:00:00+00:00
[2022-05-23 21:32:31,818] {processor.py:161} INFO - Processing /opt/airflow/dags/sparksubmit_dag.py took 0.054 seconds
[2022-05-23 21:33:02,202] {processor.py:153} INFO - Started process (PID=6695) to work on /opt/airflow/dags/sparksubmit_dag.py
[2022-05-23 21:33:02,203] {processor.py:641} INFO - Processing file /opt/airflow/dags/sparksubmit_dag.py for tasks to queue
[2022-05-23 21:33:02,203] {logging_mixin.py:115} INFO - [2022-05-23 21:33:02,203] {dagbag.py:507} INFO - Filling up the DagBag from /opt/airflow/dags/sparksubmit_dag.py
[2022-05-23 21:33:02,210] {processor.py:651} INFO - DAG(s) dict_keys(['sparkoperator_demo']) retrieved from /opt/airflow/dags/sparksubmit_dag.py
[2022-05-23 21:33:02,223] {logging_mixin.py:115} INFO - [2022-05-23 21:33:02,223] {dag.py:2371} INFO - Sync 1 DAGs
[2022-05-23 21:33:02,237] {logging_mixin.py:115} INFO - [2022-05-23 21:33:02,237] {dag.py:2915} INFO - Setting next_dagrun for sparkoperator_demo to 2022-05-22T00:00:00+00:00, run_after=2022-05-22T00:00:00+00:00
[2022-05-23 21:33:02,246] {processor.py:161} INFO - Processing /opt/airflow/dags/sparksubmit_dag.py took 0.048 seconds
[2022-05-23 21:33:33,116] {processor.py:153} INFO - Started process (PID=6775) to work on /opt/airflow/dags/sparksubmit_dag.py
[2022-05-23 21:33:33,117] {processor.py:641} INFO - Processing file /opt/airflow/dags/sparksubmit_dag.py for tasks to queue
[2022-05-23 21:33:33,117] {logging_mixin.py:115} INFO - [2022-05-23 21:33:33,117] {dagbag.py:507} INFO - Filling up the DagBag from /opt/airflow/dags/sparksubmit_dag.py
[2022-05-23 21:33:33,121] {processor.py:651} INFO - DAG(s) dict_keys(['sparkoperator_demo']) retrieved from /opt/airflow/dags/sparksubmit_dag.py
[2022-05-23 21:33:33,134] {logging_mixin.py:115} INFO - [2022-05-23 21:33:33,134] {dag.py:2371} INFO - Sync 1 DAGs
[2022-05-23 21:33:33,146] {logging_mixin.py:115} INFO - [2022-05-23 21:33:33,146] {dag.py:2915} INFO - Setting next_dagrun for sparkoperator_demo to 2022-05-22T00:00:00+00:00, run_after=2022-05-22T00:00:00+00:00
[2022-05-23 21:33:33,152] {processor.py:161} INFO - Processing /opt/airflow/dags/sparksubmit_dag.py took 0.037 seconds
[2022-05-23 21:34:03,535] {processor.py:153} INFO - Started process (PID=6949) to work on /opt/airflow/dags/sparksubmit_dag.py
[2022-05-23 21:34:03,536] {processor.py:641} INFO - Processing file /opt/airflow/dags/sparksubmit_dag.py for tasks to queue
[2022-05-23 21:34:03,537] {logging_mixin.py:115} INFO - [2022-05-23 21:34:03,537] {dagbag.py:507} INFO - Filling up the DagBag from /opt/airflow/dags/sparksubmit_dag.py
[2022-05-23 21:34:03,547] {processor.py:651} INFO - DAG(s) dict_keys(['sparkoperator_demo']) retrieved from /opt/airflow/dags/sparksubmit_dag.py
[2022-05-23 21:34:03,560] {logging_mixin.py:115} INFO - [2022-05-23 21:34:03,560] {dag.py:2371} INFO - Sync 1 DAGs
[2022-05-23 21:34:03,570] {logging_mixin.py:115} INFO - [2022-05-23 21:34:03,570] {dag.py:2915} INFO - Setting next_dagrun for sparkoperator_demo to 2022-05-22T00:00:00+00:00, run_after=2022-05-22T00:00:00+00:00
[2022-05-23 21:34:03,578] {processor.py:161} INFO - Processing /opt/airflow/dags/sparksubmit_dag.py took 0.048 seconds
[2022-05-23 21:34:34,267] {processor.py:153} INFO - Started process (PID=7029) to work on /opt/airflow/dags/sparksubmit_dag.py
[2022-05-23 21:34:34,267] {processor.py:641} INFO - Processing file /opt/airflow/dags/sparksubmit_dag.py for tasks to queue
[2022-05-23 21:34:34,268] {logging_mixin.py:115} INFO - [2022-05-23 21:34:34,268] {dagbag.py:507} INFO - Filling up the DagBag from /opt/airflow/dags/sparksubmit_dag.py
[2022-05-23 21:34:34,272] {processor.py:651} INFO - DAG(s) dict_keys(['sparkoperator_demo']) retrieved from /opt/airflow/dags/sparksubmit_dag.py
[2022-05-23 21:34:34,288] {logging_mixin.py:115} INFO - [2022-05-23 21:34:34,288] {dag.py:2371} INFO - Sync 1 DAGs
[2022-05-23 21:34:34,303] {logging_mixin.py:115} INFO - [2022-05-23 21:34:34,302] {dag.py:2915} INFO - Setting next_dagrun for sparkoperator_demo to 2022-05-22T00:00:00+00:00, run_after=2022-05-22T00:00:00+00:00
[2022-05-23 21:34:34,316] {processor.py:161} INFO - Processing /opt/airflow/dags/sparksubmit_dag.py took 0.051 seconds
[2022-05-23 21:35:04,724] {processor.py:153} INFO - Started process (PID=7194) to work on /opt/airflow/dags/sparksubmit_dag.py
[2022-05-23 21:35:04,725] {processor.py:641} INFO - Processing file /opt/airflow/dags/sparksubmit_dag.py for tasks to queue
[2022-05-23 21:35:04,725] {logging_mixin.py:115} INFO - [2022-05-23 21:35:04,725] {dagbag.py:507} INFO - Filling up the DagBag from /opt/airflow/dags/sparksubmit_dag.py
[2022-05-23 21:35:04,734] {processor.py:651} INFO - DAG(s) dict_keys(['sparkoperator_demo']) retrieved from /opt/airflow/dags/sparksubmit_dag.py
[2022-05-23 21:35:04,751] {logging_mixin.py:115} INFO - [2022-05-23 21:35:04,751] {dag.py:2371} INFO - Sync 1 DAGs
[2022-05-23 21:35:04,763] {logging_mixin.py:115} INFO - [2022-05-23 21:35:04,763] {dag.py:2915} INFO - Setting next_dagrun for sparkoperator_demo to 2022-05-22T00:00:00+00:00, run_after=2022-05-22T00:00:00+00:00
[2022-05-23 21:35:04,769] {processor.py:161} INFO - Processing /opt/airflow/dags/sparksubmit_dag.py took 0.049 seconds
[2022-05-23 21:35:35,576] {processor.py:153} INFO - Started process (PID=7274) to work on /opt/airflow/dags/sparksubmit_dag.py
[2022-05-23 21:35:35,576] {processor.py:641} INFO - Processing file /opt/airflow/dags/sparksubmit_dag.py for tasks to queue
[2022-05-23 21:35:35,577] {logging_mixin.py:115} INFO - [2022-05-23 21:35:35,577] {dagbag.py:507} INFO - Filling up the DagBag from /opt/airflow/dags/sparksubmit_dag.py
[2022-05-23 21:35:35,582] {processor.py:651} INFO - DAG(s) dict_keys(['sparkoperator_demo']) retrieved from /opt/airflow/dags/sparksubmit_dag.py
[2022-05-23 21:35:35,596] {logging_mixin.py:115} INFO - [2022-05-23 21:35:35,596] {dag.py:2371} INFO - Sync 1 DAGs
[2022-05-23 21:35:35,607] {logging_mixin.py:115} INFO - [2022-05-23 21:35:35,607] {dag.py:2915} INFO - Setting next_dagrun for sparkoperator_demo to 2022-05-22T00:00:00+00:00, run_after=2022-05-22T00:00:00+00:00
[2022-05-23 21:35:35,613] {processor.py:161} INFO - Processing /opt/airflow/dags/sparksubmit_dag.py took 0.040 seconds
[2022-05-23 21:36:05,956] {processor.py:153} INFO - Started process (PID=7447) to work on /opt/airflow/dags/sparksubmit_dag.py
[2022-05-23 21:36:05,957] {processor.py:641} INFO - Processing file /opt/airflow/dags/sparksubmit_dag.py for tasks to queue
[2022-05-23 21:36:05,957] {logging_mixin.py:115} INFO - [2022-05-23 21:36:05,957] {dagbag.py:507} INFO - Filling up the DagBag from /opt/airflow/dags/sparksubmit_dag.py
[2022-05-23 21:36:05,962] {processor.py:651} INFO - DAG(s) dict_keys(['sparkoperator_demo']) retrieved from /opt/airflow/dags/sparksubmit_dag.py
[2022-05-23 21:36:05,977] {logging_mixin.py:115} INFO - [2022-05-23 21:36:05,976] {dag.py:2371} INFO - Sync 1 DAGs
[2022-05-23 21:36:05,989] {logging_mixin.py:115} INFO - [2022-05-23 21:36:05,988] {dag.py:2915} INFO - Setting next_dagrun for sparkoperator_demo to 2022-05-22T00:00:00+00:00, run_after=2022-05-22T00:00:00+00:00
[2022-05-23 21:36:05,996] {processor.py:161} INFO - Processing /opt/airflow/dags/sparksubmit_dag.py took 0.044 seconds
[2022-05-23 21:36:36,190] {processor.py:153} INFO - Started process (PID=7526) to work on /opt/airflow/dags/sparksubmit_dag.py
[2022-05-23 21:36:36,191] {processor.py:641} INFO - Processing file /opt/airflow/dags/sparksubmit_dag.py for tasks to queue
[2022-05-23 21:36:36,192] {logging_mixin.py:115} INFO - [2022-05-23 21:36:36,191] {dagbag.py:507} INFO - Filling up the DagBag from /opt/airflow/dags/sparksubmit_dag.py
[2022-05-23 21:36:36,198] {processor.py:651} INFO - DAG(s) dict_keys(['sparkoperator_demo']) retrieved from /opt/airflow/dags/sparksubmit_dag.py
[2022-05-23 21:36:36,218] {logging_mixin.py:115} INFO - [2022-05-23 21:36:36,218] {dag.py:2371} INFO - Sync 1 DAGs
[2022-05-23 21:36:36,237] {logging_mixin.py:115} INFO - [2022-05-23 21:36:36,237] {dag.py:2915} INFO - Setting next_dagrun for sparkoperator_demo to 2022-05-22T00:00:00+00:00, run_after=2022-05-22T00:00:00+00:00
[2022-05-23 21:36:36,247] {processor.py:161} INFO - Processing /opt/airflow/dags/sparksubmit_dag.py took 0.059 seconds
[2022-05-23 21:37:06,630] {processor.py:153} INFO - Started process (PID=7691) to work on /opt/airflow/dags/sparksubmit_dag.py
[2022-05-23 21:37:06,631] {processor.py:641} INFO - Processing file /opt/airflow/dags/sparksubmit_dag.py for tasks to queue
[2022-05-23 21:37:06,631] {logging_mixin.py:115} INFO - [2022-05-23 21:37:06,631] {dagbag.py:507} INFO - Filling up the DagBag from /opt/airflow/dags/sparksubmit_dag.py
[2022-05-23 21:37:06,636] {processor.py:651} INFO - DAG(s) dict_keys(['sparkoperator_demo']) retrieved from /opt/airflow/dags/sparksubmit_dag.py
[2022-05-23 21:37:06,650] {logging_mixin.py:115} INFO - [2022-05-23 21:37:06,650] {dag.py:2371} INFO - Sync 1 DAGs
[2022-05-23 21:37:06,661] {logging_mixin.py:115} INFO - [2022-05-23 21:37:06,661] {dag.py:2915} INFO - Setting next_dagrun for sparkoperator_demo to 2022-05-22T00:00:00+00:00, run_after=2022-05-22T00:00:00+00:00
[2022-05-23 21:37:06,668] {processor.py:161} INFO - Processing /opt/airflow/dags/sparksubmit_dag.py took 0.040 seconds
[2022-05-23 21:37:37,020] {processor.py:153} INFO - Started process (PID=7771) to work on /opt/airflow/dags/sparksubmit_dag.py
[2022-05-23 21:37:37,020] {processor.py:641} INFO - Processing file /opt/airflow/dags/sparksubmit_dag.py for tasks to queue
[2022-05-23 21:37:37,020] {logging_mixin.py:115} INFO - [2022-05-23 21:37:37,020] {dagbag.py:507} INFO - Filling up the DagBag from /opt/airflow/dags/sparksubmit_dag.py
[2022-05-23 21:37:37,025] {processor.py:651} INFO - DAG(s) dict_keys(['sparkoperator_demo']) retrieved from /opt/airflow/dags/sparksubmit_dag.py
[2022-05-23 21:37:37,039] {logging_mixin.py:115} INFO - [2022-05-23 21:37:37,039] {dag.py:2371} INFO - Sync 1 DAGs
[2022-05-23 21:37:37,051] {logging_mixin.py:115} INFO - [2022-05-23 21:37:37,051] {dag.py:2915} INFO - Setting next_dagrun for sparkoperator_demo to 2022-05-22T00:00:00+00:00, run_after=2022-05-22T00:00:00+00:00
[2022-05-23 21:37:37,059] {processor.py:161} INFO - Processing /opt/airflow/dags/sparksubmit_dag.py took 0.042 seconds
[2022-05-23 21:38:07,400] {processor.py:153} INFO - Started process (PID=7942) to work on /opt/airflow/dags/sparksubmit_dag.py
[2022-05-23 21:38:07,400] {processor.py:641} INFO - Processing file /opt/airflow/dags/sparksubmit_dag.py for tasks to queue
[2022-05-23 21:38:07,401] {logging_mixin.py:115} INFO - [2022-05-23 21:38:07,401] {dagbag.py:507} INFO - Filling up the DagBag from /opt/airflow/dags/sparksubmit_dag.py
[2022-05-23 21:38:07,409] {processor.py:651} INFO - DAG(s) dict_keys(['sparkoperator_demo']) retrieved from /opt/airflow/dags/sparksubmit_dag.py
[2022-05-23 21:38:07,432] {logging_mixin.py:115} INFO - [2022-05-23 21:38:07,432] {dag.py:2371} INFO - Sync 1 DAGs
[2022-05-23 21:38:07,456] {logging_mixin.py:115} INFO - [2022-05-23 21:38:07,455] {dag.py:2915} INFO - Setting next_dagrun for sparkoperator_demo to 2022-05-22T00:00:00+00:00, run_after=2022-05-22T00:00:00+00:00
[2022-05-23 21:38:07,467] {processor.py:161} INFO - Processing /opt/airflow/dags/sparksubmit_dag.py took 0.070 seconds
[2022-05-23 21:38:37,966] {processor.py:153} INFO - Started process (PID=8015) to work on /opt/airflow/dags/sparksubmit_dag.py
[2022-05-23 21:38:37,968] {processor.py:641} INFO - Processing file /opt/airflow/dags/sparksubmit_dag.py for tasks to queue
[2022-05-23 21:38:37,968] {logging_mixin.py:115} INFO - [2022-05-23 21:38:37,968] {dagbag.py:507} INFO - Filling up the DagBag from /opt/airflow/dags/sparksubmit_dag.py
[2022-05-23 21:38:37,976] {processor.py:651} INFO - DAG(s) dict_keys(['sparkoperator_demo']) retrieved from /opt/airflow/dags/sparksubmit_dag.py
[2022-05-23 21:38:37,994] {logging_mixin.py:115} INFO - [2022-05-23 21:38:37,994] {dag.py:2371} INFO - Sync 1 DAGs
[2022-05-23 21:38:38,007] {logging_mixin.py:115} INFO - [2022-05-23 21:38:38,007] {dag.py:2915} INFO - Setting next_dagrun for sparkoperator_demo to 2022-05-22T00:00:00+00:00, run_after=2022-05-22T00:00:00+00:00
[2022-05-23 21:38:38,014] {processor.py:161} INFO - Processing /opt/airflow/dags/sparksubmit_dag.py took 0.054 seconds
[2022-05-23 21:39:08,361] {processor.py:153} INFO - Started process (PID=8185) to work on /opt/airflow/dags/sparksubmit_dag.py
[2022-05-23 21:39:08,362] {processor.py:641} INFO - Processing file /opt/airflow/dags/sparksubmit_dag.py for tasks to queue
[2022-05-23 21:39:08,363] {logging_mixin.py:115} INFO - [2022-05-23 21:39:08,363] {dagbag.py:507} INFO - Filling up the DagBag from /opt/airflow/dags/sparksubmit_dag.py
[2022-05-23 21:39:08,373] {processor.py:651} INFO - DAG(s) dict_keys(['sparkoperator_demo']) retrieved from /opt/airflow/dags/sparksubmit_dag.py
[2022-05-23 21:39:08,388] {logging_mixin.py:115} INFO - [2022-05-23 21:39:08,388] {dag.py:2371} INFO - Sync 1 DAGs
[2022-05-23 21:39:08,401] {logging_mixin.py:115} INFO - [2022-05-23 21:39:08,401] {dag.py:2915} INFO - Setting next_dagrun for sparkoperator_demo to 2022-05-22T00:00:00+00:00, run_after=2022-05-22T00:00:00+00:00
[2022-05-23 21:39:08,408] {processor.py:161} INFO - Processing /opt/airflow/dags/sparksubmit_dag.py took 0.053 seconds
[2022-05-23 21:39:38,732] {processor.py:153} INFO - Started process (PID=8265) to work on /opt/airflow/dags/sparksubmit_dag.py
[2022-05-23 21:39:38,733] {processor.py:641} INFO - Processing file /opt/airflow/dags/sparksubmit_dag.py for tasks to queue
[2022-05-23 21:39:38,733] {logging_mixin.py:115} INFO - [2022-05-23 21:39:38,733] {dagbag.py:507} INFO - Filling up the DagBag from /opt/airflow/dags/sparksubmit_dag.py
[2022-05-23 21:39:38,740] {processor.py:651} INFO - DAG(s) dict_keys(['sparkoperator_demo']) retrieved from /opt/airflow/dags/sparksubmit_dag.py
[2022-05-23 21:39:38,758] {logging_mixin.py:115} INFO - [2022-05-23 21:39:38,758] {dag.py:2371} INFO - Sync 1 DAGs
[2022-05-23 21:39:38,773] {logging_mixin.py:115} INFO - [2022-05-23 21:39:38,773] {dag.py:2915} INFO - Setting next_dagrun for sparkoperator_demo to 2022-05-22T00:00:00+00:00, run_after=2022-05-22T00:00:00+00:00
[2022-05-23 21:39:38,784] {processor.py:161} INFO - Processing /opt/airflow/dags/sparksubmit_dag.py took 0.055 seconds
[2022-05-23 21:40:09,142] {processor.py:153} INFO - Started process (PID=8429) to work on /opt/airflow/dags/sparksubmit_dag.py
[2022-05-23 21:40:09,142] {processor.py:641} INFO - Processing file /opt/airflow/dags/sparksubmit_dag.py for tasks to queue
[2022-05-23 21:40:09,143] {logging_mixin.py:115} INFO - [2022-05-23 21:40:09,143] {dagbag.py:507} INFO - Filling up the DagBag from /opt/airflow/dags/sparksubmit_dag.py
[2022-05-23 21:40:09,149] {processor.py:651} INFO - DAG(s) dict_keys(['sparkoperator_demo']) retrieved from /opt/airflow/dags/sparksubmit_dag.py
[2022-05-23 21:40:09,163] {logging_mixin.py:115} INFO - [2022-05-23 21:40:09,163] {dag.py:2371} INFO - Sync 1 DAGs
[2022-05-23 21:40:09,175] {logging_mixin.py:115} INFO - [2022-05-23 21:40:09,175] {dag.py:2915} INFO - Setting next_dagrun for sparkoperator_demo to 2022-05-22T00:00:00+00:00, run_after=2022-05-22T00:00:00+00:00
[2022-05-23 21:40:09,181] {processor.py:161} INFO - Processing /opt/airflow/dags/sparksubmit_dag.py took 0.042 seconds
[2022-05-23 21:40:39,499] {processor.py:153} INFO - Started process (PID=8507) to work on /opt/airflow/dags/sparksubmit_dag.py
[2022-05-23 21:40:39,500] {processor.py:641} INFO - Processing file /opt/airflow/dags/sparksubmit_dag.py for tasks to queue
[2022-05-23 21:40:39,500] {logging_mixin.py:115} INFO - [2022-05-23 21:40:39,500] {dagbag.py:507} INFO - Filling up the DagBag from /opt/airflow/dags/sparksubmit_dag.py
[2022-05-23 21:40:39,508] {processor.py:651} INFO - DAG(s) dict_keys(['sparkoperator_demo']) retrieved from /opt/airflow/dags/sparksubmit_dag.py
[2022-05-23 21:40:39,526] {logging_mixin.py:115} INFO - [2022-05-23 21:40:39,526] {dag.py:2371} INFO - Sync 1 DAGs
[2022-05-23 21:40:39,541] {logging_mixin.py:115} INFO - [2022-05-23 21:40:39,541] {dag.py:2915} INFO - Setting next_dagrun for sparkoperator_demo to 2022-05-22T00:00:00+00:00, run_after=2022-05-22T00:00:00+00:00
[2022-05-23 21:40:39,549] {processor.py:161} INFO - Processing /opt/airflow/dags/sparksubmit_dag.py took 0.053 seconds
[2022-05-23 21:41:09,939] {processor.py:153} INFO - Started process (PID=8677) to work on /opt/airflow/dags/sparksubmit_dag.py
[2022-05-23 21:41:09,940] {processor.py:641} INFO - Processing file /opt/airflow/dags/sparksubmit_dag.py for tasks to queue
[2022-05-23 21:41:09,941] {logging_mixin.py:115} INFO - [2022-05-23 21:41:09,941] {dagbag.py:507} INFO - Filling up the DagBag from /opt/airflow/dags/sparksubmit_dag.py
[2022-05-23 21:41:09,948] {processor.py:651} INFO - DAG(s) dict_keys(['sparkoperator_demo']) retrieved from /opt/airflow/dags/sparksubmit_dag.py
[2022-05-23 21:41:09,961] {logging_mixin.py:115} INFO - [2022-05-23 21:41:09,961] {dag.py:2371} INFO - Sync 1 DAGs
[2022-05-23 21:41:09,972] {logging_mixin.py:115} INFO - [2022-05-23 21:41:09,972] {dag.py:2915} INFO - Setting next_dagrun for sparkoperator_demo to 2022-05-22T00:00:00+00:00, run_after=2022-05-22T00:00:00+00:00
[2022-05-23 21:41:09,978] {processor.py:161} INFO - Processing /opt/airflow/dags/sparksubmit_dag.py took 0.044 seconds
