[2022-05-23 20:58:04,726] {taskinstance.py:1159} INFO - Dependencies all met for <TaskInstance: dag_with_python_dependencies_v03.get_sklearn manual__2022-05-23T20:58:04.330902+00:00 [queued]>
[2022-05-23 20:58:04,732] {taskinstance.py:1159} INFO - Dependencies all met for <TaskInstance: dag_with_python_dependencies_v03.get_sklearn manual__2022-05-23T20:58:04.330902+00:00 [queued]>
[2022-05-23 20:58:04,732] {taskinstance.py:1356} INFO - 
--------------------------------------------------------------------------------
[2022-05-23 20:58:04,732] {taskinstance.py:1357} INFO - Starting attempt 1 of 1
[2022-05-23 20:58:04,732] {taskinstance.py:1358} INFO - 
--------------------------------------------------------------------------------
[2022-05-23 20:58:04,739] {taskinstance.py:1377} INFO - Executing <Task(PythonOperator): get_sklearn> on 2022-05-23 20:58:04.330902+00:00
[2022-05-23 20:58:04,745] {standard_task_runner.py:52} INFO - Started process 230 to run task
[2022-05-23 20:58:04,747] {standard_task_runner.py:79} INFO - Running: ['***', 'tasks', 'run', 'dag_with_python_dependencies_v03', 'get_sklearn', 'manual__2022-05-23T20:58:04.330902+00:00', '--job-id', '1123', '--raw', '--subdir', 'DAGS_FOLDER/dag_with_python_dependencies.py', '--cfg-path', '/tmp/tmpl4m9zdxx', '--error-file', '/tmp/tmpbr2egi6b']
[2022-05-23 20:58:04,748] {standard_task_runner.py:80} INFO - Job 1123: Subtask get_sklearn
[2022-05-23 20:58:04,779] {task_command.py:369} INFO - Running <TaskInstance: dag_with_python_dependencies_v03.get_sklearn manual__2022-05-23T20:58:04.330902+00:00 [running]> on host f8aa1f2befab
[2022-05-23 20:58:04,823] {taskinstance.py:1569} INFO - Exporting the following env vars:
AIRFLOW_CTX_DAG_OWNER=gerson
AIRFLOW_CTX_DAG_ID=dag_with_python_dependencies_v03
AIRFLOW_CTX_TASK_ID=get_sklearn
AIRFLOW_CTX_EXECUTION_DATE=2022-05-23T20:58:04.330902+00:00
AIRFLOW_CTX_TRY_NUMBER=1
AIRFLOW_CTX_DAG_RUN_ID=manual__2022-05-23T20:58:04.330902+00:00
[2022-05-23 20:58:05,220] {logging_mixin.py:115} INFO - sklearn with version: 0.24.2 
[2022-05-23 20:58:05,220] {python.py:173} INFO - Done. Returned value was: None
[2022-05-23 20:58:05,229] {taskinstance.py:1395} INFO - Marking task as SUCCESS. dag_id=dag_with_python_dependencies_v03, task_id=get_sklearn, execution_date=20220523T205804, start_date=20220523T205804, end_date=20220523T205805
[2022-05-23 20:58:05,279] {local_task_job.py:156} INFO - Task exited with return code 0
[2022-05-23 20:58:05,299] {local_task_job.py:273} INFO - 0 downstream tasks scheduled from follow-on schedule check
