[2022-05-23 20:14:29,490] {taskinstance.py:1159} INFO - Dependencies all met for <TaskInstance: our_first_dag_v5.thrid_task scheduled__2021-08-06T00:00:00+00:00 [queued]>
[2022-05-23 20:14:29,504] {taskinstance.py:1159} INFO - Dependencies all met for <TaskInstance: our_first_dag_v5.thrid_task scheduled__2021-08-06T00:00:00+00:00 [queued]>
[2022-05-23 20:14:29,504] {taskinstance.py:1356} INFO - 
--------------------------------------------------------------------------------
[2022-05-23 20:14:29,504] {taskinstance.py:1357} INFO - Starting attempt 1 of 6
[2022-05-23 20:14:29,504] {taskinstance.py:1358} INFO - 
--------------------------------------------------------------------------------
[2022-05-23 20:14:29,530] {taskinstance.py:1377} INFO - Executing <Task(BashOperator): thrid_task> on 2021-08-06 00:00:00+00:00
[2022-05-23 20:14:29,536] {standard_task_runner.py:52} INFO - Started process 761 to run task
[2022-05-23 20:14:29,545] {standard_task_runner.py:79} INFO - Running: ['***', 'tasks', 'run', 'our_first_dag_v5', 'thrid_task', 'scheduled__2021-08-06T00:00:00+00:00', '--job-id', '29', '--raw', '--subdir', 'DAGS_FOLDER/our_first_dag.py', '--cfg-path', '/tmp/tmpoaq1vbym', '--error-file', '/tmp/tmpxx6chr4v']
[2022-05-23 20:14:29,546] {standard_task_runner.py:80} INFO - Job 29: Subtask thrid_task
[2022-05-23 20:14:29,619] {task_command.py:369} INFO - Running <TaskInstance: our_first_dag_v5.thrid_task scheduled__2021-08-06T00:00:00+00:00 [running]> on host 061a475e6c14
[2022-05-23 20:14:29,731] {taskinstance.py:1571} INFO - Exporting the following env vars:
AIRFLOW_CTX_DAG_OWNER=gerson
AIRFLOW_CTX_DAG_ID=our_first_dag_v5
AIRFLOW_CTX_TASK_ID=thrid_task
AIRFLOW_CTX_EXECUTION_DATE=2021-08-06T00:00:00+00:00
AIRFLOW_CTX_TRY_NUMBER=1
AIRFLOW_CTX_DAG_RUN_ID=scheduled__2021-08-06T00:00:00+00:00
[2022-05-23 20:14:29,732] {subprocess.py:62} INFO - Tmp dir root location: 
 /tmp
[2022-05-23 20:14:29,733] {subprocess.py:74} INFO - Running command: ['bash', '-c', 'echo hey, I am task3 and will be running after task1 at the same time as task2!']
[2022-05-23 20:14:29,752] {subprocess.py:85} INFO - Output:
[2022-05-23 20:14:29,753] {subprocess.py:92} INFO - hey, I am task3 and will be running after task1 at the same time as task2!
[2022-05-23 20:14:29,754] {subprocess.py:96} INFO - Command exited with return code 0
[2022-05-23 20:14:29,827] {taskinstance.py:1400} INFO - Marking task as SUCCESS. dag_id=our_first_dag_v5, task_id=thrid_task, execution_date=20210806T000000, start_date=20220523T201429, end_date=20220523T201429
[2022-05-23 20:14:29,884] {local_task_job.py:156} INFO - Task exited with return code 0
[2022-05-23 20:14:29,917] {local_task_job.py:273} INFO - 0 downstream tasks scheduled from follow-on schedule check
