[2022-05-23 20:16:41,707] {taskinstance.py:1159} INFO - Dependencies all met for <TaskInstance: our_first_dag_v5.second_task scheduled__2022-05-13T00:00:00+00:00 [queued]>
[2022-05-23 20:16:41,727] {taskinstance.py:1159} INFO - Dependencies all met for <TaskInstance: our_first_dag_v5.second_task scheduled__2022-05-13T00:00:00+00:00 [queued]>
[2022-05-23 20:16:41,728] {taskinstance.py:1356} INFO - 
--------------------------------------------------------------------------------
[2022-05-23 20:16:41,735] {taskinstance.py:1357} INFO - Starting attempt 1 of 6
[2022-05-23 20:16:41,735] {taskinstance.py:1358} INFO - 
--------------------------------------------------------------------------------
[2022-05-23 20:16:41,799] {taskinstance.py:1377} INFO - Executing <Task(BashOperator): second_task> on 2022-05-13 00:00:00+00:00
[2022-05-23 20:16:41,806] {standard_task_runner.py:52} INFO - Started process 3393 to run task
[2022-05-23 20:16:41,812] {standard_task_runner.py:79} INFO - Running: ['***', 'tasks', 'run', 'our_first_dag_v5', 'second_task', 'scheduled__2022-05-13T00:00:00+00:00', '--job-id', '866', '--raw', '--subdir', 'DAGS_FOLDER/our_first_dag.py', '--cfg-path', '/tmp/tmpq_josfrs', '--error-file', '/tmp/tmpgrowp1y1']
[2022-05-23 20:16:41,816] {standard_task_runner.py:80} INFO - Job 866: Subtask second_task
[2022-05-23 20:16:41,927] {task_command.py:369} INFO - Running <TaskInstance: our_first_dag_v5.second_task scheduled__2022-05-13T00:00:00+00:00 [running]> on host 061a475e6c14
[2022-05-23 20:16:42,093] {taskinstance.py:1571} INFO - Exporting the following env vars:
AIRFLOW_CTX_DAG_OWNER=gerson
AIRFLOW_CTX_DAG_ID=our_first_dag_v5
AIRFLOW_CTX_TASK_ID=second_task
AIRFLOW_CTX_EXECUTION_DATE=2022-05-13T00:00:00+00:00
AIRFLOW_CTX_TRY_NUMBER=1
AIRFLOW_CTX_DAG_RUN_ID=scheduled__2022-05-13T00:00:00+00:00
[2022-05-23 20:16:42,094] {subprocess.py:62} INFO - Tmp dir root location: 
 /tmp
[2022-05-23 20:16:42,095] {subprocess.py:74} INFO - Running command: ['bash', '-c', 'echo hey, I am task2 and will be running after task1!']
[2022-05-23 20:16:42,124] {subprocess.py:85} INFO - Output:
[2022-05-23 20:16:42,125] {subprocess.py:92} INFO - hey, I am task2 and will be running after task1!
[2022-05-23 20:16:42,125] {subprocess.py:96} INFO - Command exited with return code 0
[2022-05-23 20:16:42,162] {taskinstance.py:1400} INFO - Marking task as SUCCESS. dag_id=our_first_dag_v5, task_id=second_task, execution_date=20220513T000000, start_date=20220523T201641, end_date=20220523T201642
[2022-05-23 20:16:42,199] {local_task_job.py:156} INFO - Task exited with return code 0
[2022-05-23 20:16:42,235] {local_task_job.py:273} INFO - 0 downstream tasks scheduled from follow-on schedule check
