[2022-05-23 20:16:29,499] {taskinstance.py:1159} INFO - Dependencies all met for <TaskInstance: our_first_dag_v5.first_task scheduled__2022-04-21T00:00:00+00:00 [queued]>
[2022-05-23 20:16:29,521] {taskinstance.py:1159} INFO - Dependencies all met for <TaskInstance: our_first_dag_v5.first_task scheduled__2022-04-21T00:00:00+00:00 [queued]>
[2022-05-23 20:16:29,521] {taskinstance.py:1356} INFO - 
--------------------------------------------------------------------------------
[2022-05-23 20:16:29,521] {taskinstance.py:1357} INFO - Starting attempt 1 of 6
[2022-05-23 20:16:29,521] {taskinstance.py:1358} INFO - 
--------------------------------------------------------------------------------
[2022-05-23 20:16:29,545] {taskinstance.py:1377} INFO - Executing <Task(BashOperator): first_task> on 2022-04-21 00:00:00+00:00
[2022-05-23 20:16:29,557] {standard_task_runner.py:52} INFO - Started process 3154 to run task
[2022-05-23 20:16:29,561] {standard_task_runner.py:79} INFO - Running: ['***', 'tasks', 'run', 'our_first_dag_v5', 'first_task', 'scheduled__2022-04-21T00:00:00+00:00', '--job-id', '790', '--raw', '--subdir', 'DAGS_FOLDER/our_first_dag.py', '--cfg-path', '/tmp/tmpj3eb9x2m', '--error-file', '/tmp/tmprat681fa']
[2022-05-23 20:16:29,562] {standard_task_runner.py:80} INFO - Job 790: Subtask first_task
[2022-05-23 20:16:29,720] {task_command.py:369} INFO - Running <TaskInstance: our_first_dag_v5.first_task scheduled__2022-04-21T00:00:00+00:00 [running]> on host 061a475e6c14
[2022-05-23 20:16:29,900] {taskinstance.py:1571} INFO - Exporting the following env vars:
AIRFLOW_CTX_DAG_OWNER=gerson
AIRFLOW_CTX_DAG_ID=our_first_dag_v5
AIRFLOW_CTX_TASK_ID=first_task
AIRFLOW_CTX_EXECUTION_DATE=2022-04-21T00:00:00+00:00
AIRFLOW_CTX_TRY_NUMBER=1
AIRFLOW_CTX_DAG_RUN_ID=scheduled__2022-04-21T00:00:00+00:00
[2022-05-23 20:16:29,903] {subprocess.py:62} INFO - Tmp dir root location: 
 /tmp
[2022-05-23 20:16:29,904] {subprocess.py:74} INFO - Running command: ['bash', '-c', 'echo hello world, this is the first task!']
[2022-05-23 20:16:29,947] {subprocess.py:85} INFO - Output:
[2022-05-23 20:16:29,949] {subprocess.py:92} INFO - hello world, this is the first task!
[2022-05-23 20:16:29,949] {subprocess.py:96} INFO - Command exited with return code 0
[2022-05-23 20:16:30,104] {taskinstance.py:1400} INFO - Marking task as SUCCESS. dag_id=our_first_dag_v5, task_id=first_task, execution_date=20220421T000000, start_date=20220523T201629, end_date=20220523T201630
[2022-05-23 20:16:30,173] {local_task_job.py:156} INFO - Task exited with return code 0
[2022-05-23 20:16:30,277] {local_task_job.py:273} INFO - 2 downstream tasks scheduled from follow-on schedule check
