[2022-05-23 20:16:08,111] {taskinstance.py:1159} INFO - Dependencies all met for <TaskInstance: our_first_dag_v5.thrid_task scheduled__2022-03-08T00:00:00+00:00 [queued]>
[2022-05-23 20:16:08,126] {taskinstance.py:1159} INFO - Dependencies all met for <TaskInstance: our_first_dag_v5.thrid_task scheduled__2022-03-08T00:00:00+00:00 [queued]>
[2022-05-23 20:16:08,126] {taskinstance.py:1356} INFO - 
--------------------------------------------------------------------------------
[2022-05-23 20:16:08,126] {taskinstance.py:1357} INFO - Starting attempt 1 of 6
[2022-05-23 20:16:08,126] {taskinstance.py:1358} INFO - 
--------------------------------------------------------------------------------
[2022-05-23 20:16:08,210] {taskinstance.py:1377} INFO - Executing <Task(BashOperator): thrid_task> on 2022-03-08 00:00:00+00:00
[2022-05-23 20:16:08,232] {standard_task_runner.py:52} INFO - Started process 2771 to run task
[2022-05-23 20:16:08,240] {standard_task_runner.py:79} INFO - Running: ['***', 'tasks', 'run', 'our_first_dag_v5', 'thrid_task', 'scheduled__2022-03-08T00:00:00+00:00', '--job-id', '671', '--raw', '--subdir', 'DAGS_FOLDER/our_first_dag.py', '--cfg-path', '/tmp/tmpr3xg0s04', '--error-file', '/tmp/tmphbhsbp1c']
[2022-05-23 20:16:08,253] {standard_task_runner.py:80} INFO - Job 671: Subtask thrid_task
[2022-05-23 20:16:08,401] {task_command.py:369} INFO - Running <TaskInstance: our_first_dag_v5.thrid_task scheduled__2022-03-08T00:00:00+00:00 [running]> on host 061a475e6c14
[2022-05-23 20:16:08,651] {taskinstance.py:1571} INFO - Exporting the following env vars:
AIRFLOW_CTX_DAG_OWNER=gerson
AIRFLOW_CTX_DAG_ID=our_first_dag_v5
AIRFLOW_CTX_TASK_ID=thrid_task
AIRFLOW_CTX_EXECUTION_DATE=2022-03-08T00:00:00+00:00
AIRFLOW_CTX_TRY_NUMBER=1
AIRFLOW_CTX_DAG_RUN_ID=scheduled__2022-03-08T00:00:00+00:00
[2022-05-23 20:16:08,652] {subprocess.py:62} INFO - Tmp dir root location: 
 /tmp
[2022-05-23 20:16:08,655] {subprocess.py:74} INFO - Running command: ['bash', '-c', 'echo hey, I am task3 and will be running after task1 at the same time as task2!']
[2022-05-23 20:16:08,670] {subprocess.py:85} INFO - Output:
[2022-05-23 20:16:08,672] {subprocess.py:92} INFO - hey, I am task3 and will be running after task1 at the same time as task2!
[2022-05-23 20:16:08,673] {subprocess.py:96} INFO - Command exited with return code 0
[2022-05-23 20:16:08,718] {taskinstance.py:1400} INFO - Marking task as SUCCESS. dag_id=our_first_dag_v5, task_id=thrid_task, execution_date=20220308T000000, start_date=20220523T201608, end_date=20220523T201608
[2022-05-23 20:16:08,751] {local_task_job.py:156} INFO - Task exited with return code 0
[2022-05-23 20:16:08,825] {local_task_job.py:273} INFO - 0 downstream tasks scheduled from follow-on schedule check
