[2022-05-23 19:58:23,303] {taskinstance.py:1159} INFO - Dependencies all met for <TaskInstance: example_bash_operator.run_after_loop scheduled__2022-05-22T00:00:00+00:00 [queued]>
[2022-05-23 19:58:23,311] {taskinstance.py:1159} INFO - Dependencies all met for <TaskInstance: example_bash_operator.run_after_loop scheduled__2022-05-22T00:00:00+00:00 [queued]>
[2022-05-23 19:58:23,311] {taskinstance.py:1356} INFO - 
--------------------------------------------------------------------------------
[2022-05-23 19:58:23,311] {taskinstance.py:1357} INFO - Starting attempt 1 of 1
[2022-05-23 19:58:23,311] {taskinstance.py:1358} INFO - 
--------------------------------------------------------------------------------
[2022-05-23 19:58:23,321] {taskinstance.py:1377} INFO - Executing <Task(BashOperator): run_after_loop> on 2022-05-22 00:00:00+00:00
[2022-05-23 19:58:23,326] {standard_task_runner.py:52} INFO - Started process 1143 to run task
[2022-05-23 19:58:23,328] {standard_task_runner.py:79} INFO - Running: ['***', 'tasks', 'run', 'example_bash_operator', 'run_after_loop', 'scheduled__2022-05-22T00:00:00+00:00', '--job-id', '8', '--raw', '--subdir', '/home/***/.local/lib/python3.7/site-packages/***/example_dags/example_bash_operator.py', '--cfg-path', '/tmp/tmp1n7ri8dn', '--error-file', '/tmp/tmp90c3gusm']
[2022-05-23 19:58:23,328] {standard_task_runner.py:80} INFO - Job 8: Subtask run_after_loop
[2022-05-23 19:58:23,380] {task_command.py:369} INFO - Running <TaskInstance: example_bash_operator.run_after_loop scheduled__2022-05-22T00:00:00+00:00 [running]> on host 0f0b53595b77
[2022-05-23 19:58:23,507] {taskinstance.py:1571} INFO - Exporting the following env vars:
AIRFLOW_CTX_DAG_OWNER=***
AIRFLOW_CTX_DAG_ID=example_bash_operator
AIRFLOW_CTX_TASK_ID=run_after_loop
AIRFLOW_CTX_EXECUTION_DATE=2022-05-22T00:00:00+00:00
AIRFLOW_CTX_TRY_NUMBER=1
AIRFLOW_CTX_DAG_RUN_ID=scheduled__2022-05-22T00:00:00+00:00
[2022-05-23 19:58:23,508] {subprocess.py:62} INFO - Tmp dir root location: 
 /tmp
[2022-05-23 19:58:23,508] {subprocess.py:74} INFO - Running command: ['bash', '-c', 'echo 1']
[2022-05-23 19:58:23,516] {subprocess.py:85} INFO - Output:
[2022-05-23 19:58:23,517] {subprocess.py:92} INFO - 1
[2022-05-23 19:58:23,517] {subprocess.py:96} INFO - Command exited with return code 0
[2022-05-23 19:58:23,536] {taskinstance.py:1400} INFO - Marking task as SUCCESS. dag_id=example_bash_operator, task_id=run_after_loop, execution_date=20220522T000000, start_date=20220523T195823, end_date=20220523T195823
[2022-05-23 19:58:23,580] {local_task_job.py:156} INFO - Task exited with return code 0
[2022-05-23 19:58:23,617] {local_task_job.py:273} INFO - 0 downstream tasks scheduled from follow-on schedule check
