[2022-05-23 20:16:06,380] {taskinstance.py:1159} INFO - Dependencies all met for <TaskInstance: our_first_dag_v5.first_task scheduled__2022-03-04T00:00:00+00:00 [queued]>
[2022-05-23 20:16:06,390] {taskinstance.py:1159} INFO - Dependencies all met for <TaskInstance: our_first_dag_v5.first_task scheduled__2022-03-04T00:00:00+00:00 [queued]>
[2022-05-23 20:16:06,390] {taskinstance.py:1356} INFO - 
--------------------------------------------------------------------------------
[2022-05-23 20:16:06,390] {taskinstance.py:1357} INFO - Starting attempt 1 of 6
[2022-05-23 20:16:06,390] {taskinstance.py:1358} INFO - 
--------------------------------------------------------------------------------
[2022-05-23 20:16:06,408] {taskinstance.py:1377} INFO - Executing <Task(BashOperator): first_task> on 2022-03-04 00:00:00+00:00
[2022-05-23 20:16:06,413] {standard_task_runner.py:52} INFO - Started process 2712 to run task
[2022-05-23 20:16:06,416] {standard_task_runner.py:79} INFO - Running: ['***', 'tasks', 'run', 'our_first_dag_v5', 'first_task', 'scheduled__2022-03-04T00:00:00+00:00', '--job-id', '650', '--raw', '--subdir', 'DAGS_FOLDER/our_first_dag.py', '--cfg-path', '/tmp/tmpx3e6gmr9', '--error-file', '/tmp/tmpnooxdood']
[2022-05-23 20:16:06,417] {standard_task_runner.py:80} INFO - Job 650: Subtask first_task
[2022-05-23 20:16:06,472] {task_command.py:369} INFO - Running <TaskInstance: our_first_dag_v5.first_task scheduled__2022-03-04T00:00:00+00:00 [running]> on host 061a475e6c14
[2022-05-23 20:16:06,565] {taskinstance.py:1571} INFO - Exporting the following env vars:
AIRFLOW_CTX_DAG_OWNER=gerson
AIRFLOW_CTX_DAG_ID=our_first_dag_v5
AIRFLOW_CTX_TASK_ID=first_task
AIRFLOW_CTX_EXECUTION_DATE=2022-03-04T00:00:00+00:00
AIRFLOW_CTX_TRY_NUMBER=1
AIRFLOW_CTX_DAG_RUN_ID=scheduled__2022-03-04T00:00:00+00:00
[2022-05-23 20:16:06,568] {subprocess.py:62} INFO - Tmp dir root location: 
 /tmp
[2022-05-23 20:16:06,568] {subprocess.py:74} INFO - Running command: ['bash', '-c', 'echo hello world, this is the first task!']
[2022-05-23 20:16:06,592] {subprocess.py:85} INFO - Output:
[2022-05-23 20:16:06,596] {subprocess.py:92} INFO - hello world, this is the first task!
[2022-05-23 20:16:06,597] {subprocess.py:96} INFO - Command exited with return code 0
[2022-05-23 20:16:06,646] {taskinstance.py:1400} INFO - Marking task as SUCCESS. dag_id=our_first_dag_v5, task_id=first_task, execution_date=20220304T000000, start_date=20220523T201606, end_date=20220523T201606
[2022-05-23 20:16:06,707] {local_task_job.py:156} INFO - Task exited with return code 0
[2022-05-23 20:16:06,854] {local_task_job.py:273} INFO - 0 downstream tasks scheduled from follow-on schedule check
