[2022-05-23 20:15:16,098] {taskinstance.py:1159} INFO - Dependencies all met for <TaskInstance: our_first_dag_v5.thrid_task scheduled__2021-11-19T00:00:00+00:00 [queued]>
[2022-05-23 20:15:16,132] {taskinstance.py:1159} INFO - Dependencies all met for <TaskInstance: our_first_dag_v5.thrid_task scheduled__2021-11-19T00:00:00+00:00 [queued]>
[2022-05-23 20:15:16,132] {taskinstance.py:1356} INFO - 
--------------------------------------------------------------------------------
[2022-05-23 20:15:16,132] {taskinstance.py:1357} INFO - Starting attempt 1 of 6
[2022-05-23 20:15:16,132] {taskinstance.py:1358} INFO - 
--------------------------------------------------------------------------------
[2022-05-23 20:15:16,156] {taskinstance.py:1377} INFO - Executing <Task(BashOperator): thrid_task> on 2021-11-19 00:00:00+00:00
[2022-05-23 20:15:16,165] {standard_task_runner.py:52} INFO - Started process 1748 to run task
[2022-05-23 20:15:16,188] {standard_task_runner.py:79} INFO - Running: ['***', 'tasks', 'run', 'our_first_dag_v5', 'thrid_task', 'scheduled__2021-11-19T00:00:00+00:00', '--job-id', '343', '--raw', '--subdir', 'DAGS_FOLDER/our_first_dag.py', '--cfg-path', '/tmp/tmptejevj8e', '--error-file', '/tmp/tmp2xasza69']
[2022-05-23 20:15:16,189] {standard_task_runner.py:80} INFO - Job 343: Subtask thrid_task
[2022-05-23 20:15:16,313] {task_command.py:369} INFO - Running <TaskInstance: our_first_dag_v5.thrid_task scheduled__2021-11-19T00:00:00+00:00 [running]> on host 061a475e6c14
[2022-05-23 20:15:16,551] {taskinstance.py:1571} INFO - Exporting the following env vars:
AIRFLOW_CTX_DAG_OWNER=gerson
AIRFLOW_CTX_DAG_ID=our_first_dag_v5
AIRFLOW_CTX_TASK_ID=thrid_task
AIRFLOW_CTX_EXECUTION_DATE=2021-11-19T00:00:00+00:00
AIRFLOW_CTX_TRY_NUMBER=1
AIRFLOW_CTX_DAG_RUN_ID=scheduled__2021-11-19T00:00:00+00:00
[2022-05-23 20:15:16,552] {subprocess.py:62} INFO - Tmp dir root location: 
 /tmp
[2022-05-23 20:15:16,557] {subprocess.py:74} INFO - Running command: ['bash', '-c', 'echo hey, I am task3 and will be running after task1 at the same time as task2!']
[2022-05-23 20:15:16,579] {subprocess.py:85} INFO - Output:
[2022-05-23 20:15:16,584] {subprocess.py:92} INFO - hey, I am task3 and will be running after task1 at the same time as task2!
[2022-05-23 20:15:16,584] {subprocess.py:96} INFO - Command exited with return code 0
[2022-05-23 20:15:16,661] {taskinstance.py:1400} INFO - Marking task as SUCCESS. dag_id=our_first_dag_v5, task_id=thrid_task, execution_date=20211119T000000, start_date=20220523T201516, end_date=20220523T201516
[2022-05-23 20:15:16,740] {local_task_job.py:156} INFO - Task exited with return code 0
[2022-05-23 20:15:16,798] {local_task_job.py:273} INFO - 0 downstream tasks scheduled from follow-on schedule check
