[2022-05-23 20:16:45,603] {taskinstance.py:1159} INFO - Dependencies all met for <TaskInstance: our_first_dag_v5.first_task scheduled__2022-05-21T00:00:00+00:00 [queued]>
[2022-05-23 20:16:45,617] {taskinstance.py:1159} INFO - Dependencies all met for <TaskInstance: our_first_dag_v5.first_task scheduled__2022-05-21T00:00:00+00:00 [queued]>
[2022-05-23 20:16:45,617] {taskinstance.py:1356} INFO - 
--------------------------------------------------------------------------------
[2022-05-23 20:16:45,617] {taskinstance.py:1357} INFO - Starting attempt 1 of 6
[2022-05-23 20:16:45,617] {taskinstance.py:1358} INFO - 
--------------------------------------------------------------------------------
[2022-05-23 20:16:45,641] {taskinstance.py:1377} INFO - Executing <Task(BashOperator): first_task> on 2022-05-21 00:00:00+00:00
[2022-05-23 20:16:45,648] {standard_task_runner.py:52} INFO - Started process 3431 to run task
[2022-05-23 20:16:45,654] {standard_task_runner.py:79} INFO - Running: ['***', 'tasks', 'run', 'our_first_dag_v5', 'first_task', 'scheduled__2022-05-21T00:00:00+00:00', '--job-id', '878', '--raw', '--subdir', 'DAGS_FOLDER/our_first_dag.py', '--cfg-path', '/tmp/tmps8_67l_t', '--error-file', '/tmp/tmp15dd9bk4']
[2022-05-23 20:16:45,656] {standard_task_runner.py:80} INFO - Job 878: Subtask first_task
[2022-05-23 20:16:45,784] {task_command.py:369} INFO - Running <TaskInstance: our_first_dag_v5.first_task scheduled__2022-05-21T00:00:00+00:00 [running]> on host 061a475e6c14
[2022-05-23 20:16:46,023] {taskinstance.py:1571} INFO - Exporting the following env vars:
AIRFLOW_CTX_DAG_OWNER=gerson
AIRFLOW_CTX_DAG_ID=our_first_dag_v5
AIRFLOW_CTX_TASK_ID=first_task
AIRFLOW_CTX_EXECUTION_DATE=2022-05-21T00:00:00+00:00
AIRFLOW_CTX_TRY_NUMBER=1
AIRFLOW_CTX_DAG_RUN_ID=scheduled__2022-05-21T00:00:00+00:00
[2022-05-23 20:16:46,024] {subprocess.py:62} INFO - Tmp dir root location: 
 /tmp
[2022-05-23 20:16:46,024] {subprocess.py:74} INFO - Running command: ['bash', '-c', 'echo hello world, this is the first task!']
[2022-05-23 20:16:46,064] {subprocess.py:85} INFO - Output:
[2022-05-23 20:16:46,081] {subprocess.py:92} INFO - hello world, this is the first task!
[2022-05-23 20:16:46,081] {subprocess.py:96} INFO - Command exited with return code 0
[2022-05-23 20:16:46,157] {taskinstance.py:1400} INFO - Marking task as SUCCESS. dag_id=our_first_dag_v5, task_id=first_task, execution_date=20220521T000000, start_date=20220523T201645, end_date=20220523T201646
[2022-05-23 20:16:46,193] {local_task_job.py:156} INFO - Task exited with return code 0
[2022-05-23 20:16:46,293] {local_task_job.py:273} INFO - 0 downstream tasks scheduled from follow-on schedule check
