[2022-05-23 20:14:53,235] {taskinstance.py:1159} INFO - Dependencies all met for <TaskInstance: our_first_dag_v5.second_task scheduled__2021-09-30T00:00:00+00:00 [queued]>
[2022-05-23 20:14:53,257] {taskinstance.py:1159} INFO - Dependencies all met for <TaskInstance: our_first_dag_v5.second_task scheduled__2021-09-30T00:00:00+00:00 [queued]>
[2022-05-23 20:14:53,257] {taskinstance.py:1356} INFO - 
--------------------------------------------------------------------------------
[2022-05-23 20:14:53,257] {taskinstance.py:1357} INFO - Starting attempt 1 of 6
[2022-05-23 20:14:53,257] {taskinstance.py:1358} INFO - 
--------------------------------------------------------------------------------
[2022-05-23 20:14:53,276] {taskinstance.py:1377} INFO - Executing <Task(BashOperator): second_task> on 2021-09-30 00:00:00+00:00
[2022-05-23 20:14:53,282] {standard_task_runner.py:52} INFO - Started process 1267 to run task
[2022-05-23 20:14:53,291] {standard_task_runner.py:79} INFO - Running: ['***', 'tasks', 'run', 'our_first_dag_v5', 'second_task', 'scheduled__2021-09-30T00:00:00+00:00', '--job-id', '191', '--raw', '--subdir', 'DAGS_FOLDER/our_first_dag.py', '--cfg-path', '/tmp/tmp_g2mw46c', '--error-file', '/tmp/tmp22dy4rzc']
[2022-05-23 20:14:53,293] {standard_task_runner.py:80} INFO - Job 191: Subtask second_task
[2022-05-23 20:14:53,366] {task_command.py:369} INFO - Running <TaskInstance: our_first_dag_v5.second_task scheduled__2021-09-30T00:00:00+00:00 [running]> on host 061a475e6c14
[2022-05-23 20:14:53,478] {taskinstance.py:1571} INFO - Exporting the following env vars:
AIRFLOW_CTX_DAG_OWNER=gerson
AIRFLOW_CTX_DAG_ID=our_first_dag_v5
AIRFLOW_CTX_TASK_ID=second_task
AIRFLOW_CTX_EXECUTION_DATE=2021-09-30T00:00:00+00:00
AIRFLOW_CTX_TRY_NUMBER=1
AIRFLOW_CTX_DAG_RUN_ID=scheduled__2021-09-30T00:00:00+00:00
[2022-05-23 20:14:53,479] {subprocess.py:62} INFO - Tmp dir root location: 
 /tmp
[2022-05-23 20:14:53,479] {subprocess.py:74} INFO - Running command: ['bash', '-c', 'echo hey, I am task2 and will be running after task1!']
[2022-05-23 20:14:53,493] {subprocess.py:85} INFO - Output:
[2022-05-23 20:14:53,495] {subprocess.py:92} INFO - hey, I am task2 and will be running after task1!
[2022-05-23 20:14:53,495] {subprocess.py:96} INFO - Command exited with return code 0
[2022-05-23 20:14:53,530] {taskinstance.py:1400} INFO - Marking task as SUCCESS. dag_id=our_first_dag_v5, task_id=second_task, execution_date=20210930T000000, start_date=20220523T201453, end_date=20220523T201453
[2022-05-23 20:14:53,580] {local_task_job.py:156} INFO - Task exited with return code 0
[2022-05-23 20:14:53,613] {local_task_job.py:273} INFO - 0 downstream tasks scheduled from follow-on schedule check
