[2022-05-23 20:14:28,960] {taskinstance.py:1159} INFO - Dependencies all met for <TaskInstance: our_first_dag_v5.first_task scheduled__2021-08-08T00:00:00+00:00 [queued]>
[2022-05-23 20:14:29,011] {taskinstance.py:1159} INFO - Dependencies all met for <TaskInstance: our_first_dag_v5.first_task scheduled__2021-08-08T00:00:00+00:00 [queued]>
[2022-05-23 20:14:29,011] {taskinstance.py:1356} INFO - 
--------------------------------------------------------------------------------
[2022-05-23 20:14:29,011] {taskinstance.py:1357} INFO - Starting attempt 1 of 6
[2022-05-23 20:14:29,011] {taskinstance.py:1358} INFO - 
--------------------------------------------------------------------------------
[2022-05-23 20:14:29,079] {taskinstance.py:1377} INFO - Executing <Task(BashOperator): first_task> on 2021-08-08 00:00:00+00:00
[2022-05-23 20:14:29,116] {standard_task_runner.py:52} INFO - Started process 745 to run task
[2022-05-23 20:14:29,122] {standard_task_runner.py:79} INFO - Running: ['***', 'tasks', 'run', 'our_first_dag_v5', 'first_task', 'scheduled__2021-08-08T00:00:00+00:00', '--job-id', '20', '--raw', '--subdir', 'DAGS_FOLDER/our_first_dag.py', '--cfg-path', '/tmp/tmpzmo3lpkg', '--error-file', '/tmp/tmp43aeo88a']
[2022-05-23 20:14:29,123] {standard_task_runner.py:80} INFO - Job 20: Subtask first_task
[2022-05-23 20:14:29,243] {task_command.py:369} INFO - Running <TaskInstance: our_first_dag_v5.first_task scheduled__2021-08-08T00:00:00+00:00 [running]> on host 061a475e6c14
[2022-05-23 20:14:29,373] {taskinstance.py:1571} INFO - Exporting the following env vars:
AIRFLOW_CTX_DAG_OWNER=gerson
AIRFLOW_CTX_DAG_ID=our_first_dag_v5
AIRFLOW_CTX_TASK_ID=first_task
AIRFLOW_CTX_EXECUTION_DATE=2021-08-08T00:00:00+00:00
AIRFLOW_CTX_TRY_NUMBER=1
AIRFLOW_CTX_DAG_RUN_ID=scheduled__2021-08-08T00:00:00+00:00
[2022-05-23 20:14:29,373] {subprocess.py:62} INFO - Tmp dir root location: 
 /tmp
[2022-05-23 20:14:29,374] {subprocess.py:74} INFO - Running command: ['bash', '-c', 'echo hello world, this is the first task!']
[2022-05-23 20:14:29,397] {subprocess.py:85} INFO - Output:
[2022-05-23 20:14:29,405] {subprocess.py:92} INFO - hello world, this is the first task!
[2022-05-23 20:14:29,406] {subprocess.py:96} INFO - Command exited with return code 0
[2022-05-23 20:14:29,456] {taskinstance.py:1400} INFO - Marking task as SUCCESS. dag_id=our_first_dag_v5, task_id=first_task, execution_date=20210808T000000, start_date=20220523T201428, end_date=20220523T201429
[2022-05-23 20:14:29,489] {local_task_job.py:156} INFO - Task exited with return code 0
[2022-05-23 20:14:29,575] {local_task_job.py:273} INFO - 0 downstream tasks scheduled from follow-on schedule check
