[2022-05-23 20:16:41,709] {taskinstance.py:1159} INFO - Dependencies all met for <TaskInstance: our_first_dag_v5.second_task scheduled__2022-05-12T00:00:00+00:00 [queued]>
[2022-05-23 20:16:41,722] {taskinstance.py:1159} INFO - Dependencies all met for <TaskInstance: our_first_dag_v5.second_task scheduled__2022-05-12T00:00:00+00:00 [queued]>
[2022-05-23 20:16:41,722] {taskinstance.py:1356} INFO - 
--------------------------------------------------------------------------------
[2022-05-23 20:16:41,722] {taskinstance.py:1357} INFO - Starting attempt 1 of 6
[2022-05-23 20:16:41,722] {taskinstance.py:1358} INFO - 
--------------------------------------------------------------------------------
[2022-05-23 20:16:41,749] {taskinstance.py:1377} INFO - Executing <Task(BashOperator): second_task> on 2022-05-12 00:00:00+00:00
[2022-05-23 20:16:41,755] {standard_task_runner.py:52} INFO - Started process 3391 to run task
[2022-05-23 20:16:41,766] {standard_task_runner.py:79} INFO - Running: ['***', 'tasks', 'run', 'our_first_dag_v5', 'second_task', 'scheduled__2022-05-12T00:00:00+00:00', '--job-id', '867', '--raw', '--subdir', 'DAGS_FOLDER/our_first_dag.py', '--cfg-path', '/tmp/tmpgbzbnv7f', '--error-file', '/tmp/tmp9l12l1tj']
[2022-05-23 20:16:41,768] {standard_task_runner.py:80} INFO - Job 867: Subtask second_task
[2022-05-23 20:16:41,869] {task_command.py:369} INFO - Running <TaskInstance: our_first_dag_v5.second_task scheduled__2022-05-12T00:00:00+00:00 [running]> on host 061a475e6c14
[2022-05-23 20:16:42,014] {taskinstance.py:1571} INFO - Exporting the following env vars:
AIRFLOW_CTX_DAG_OWNER=gerson
AIRFLOW_CTX_DAG_ID=our_first_dag_v5
AIRFLOW_CTX_TASK_ID=second_task
AIRFLOW_CTX_EXECUTION_DATE=2022-05-12T00:00:00+00:00
AIRFLOW_CTX_TRY_NUMBER=1
AIRFLOW_CTX_DAG_RUN_ID=scheduled__2022-05-12T00:00:00+00:00
[2022-05-23 20:16:42,015] {subprocess.py:62} INFO - Tmp dir root location: 
 /tmp
[2022-05-23 20:16:42,016] {subprocess.py:74} INFO - Running command: ['bash', '-c', 'echo hey, I am task2 and will be running after task1!']
[2022-05-23 20:16:42,033] {subprocess.py:85} INFO - Output:
[2022-05-23 20:16:42,034] {subprocess.py:92} INFO - hey, I am task2 and will be running after task1!
[2022-05-23 20:16:42,034] {subprocess.py:96} INFO - Command exited with return code 0
[2022-05-23 20:16:42,089] {taskinstance.py:1400} INFO - Marking task as SUCCESS. dag_id=our_first_dag_v5, task_id=second_task, execution_date=20220512T000000, start_date=20220523T201641, end_date=20220523T201642
[2022-05-23 20:16:42,134] {local_task_job.py:156} INFO - Task exited with return code 0
[2022-05-23 20:16:42,188] {local_task_job.py:273} INFO - 0 downstream tasks scheduled from follow-on schedule check
