[2022-05-23 20:16:25,199] {taskinstance.py:1159} INFO - Dependencies all met for <TaskInstance: our_first_dag_v5.first_task scheduled__2022-04-12T00:00:00+00:00 [queued]>
[2022-05-23 20:16:25,212] {taskinstance.py:1159} INFO - Dependencies all met for <TaskInstance: our_first_dag_v5.first_task scheduled__2022-04-12T00:00:00+00:00 [queued]>
[2022-05-23 20:16:25,213] {taskinstance.py:1356} INFO - 
--------------------------------------------------------------------------------
[2022-05-23 20:16:25,213] {taskinstance.py:1357} INFO - Starting attempt 1 of 6
[2022-05-23 20:16:25,213] {taskinstance.py:1358} INFO - 
--------------------------------------------------------------------------------
[2022-05-23 20:16:25,243] {taskinstance.py:1377} INFO - Executing <Task(BashOperator): first_task> on 2022-04-12 00:00:00+00:00
[2022-05-23 20:16:25,252] {standard_task_runner.py:52} INFO - Started process 3069 to run task
[2022-05-23 20:16:25,258] {standard_task_runner.py:79} INFO - Running: ['***', 'tasks', 'run', 'our_first_dag_v5', 'first_task', 'scheduled__2022-04-12T00:00:00+00:00', '--job-id', '762', '--raw', '--subdir', 'DAGS_FOLDER/our_first_dag.py', '--cfg-path', '/tmp/tmp7hvumhph', '--error-file', '/tmp/tmpr1y3qem0']
[2022-05-23 20:16:25,259] {standard_task_runner.py:80} INFO - Job 762: Subtask first_task
[2022-05-23 20:16:25,374] {task_command.py:369} INFO - Running <TaskInstance: our_first_dag_v5.first_task scheduled__2022-04-12T00:00:00+00:00 [running]> on host 061a475e6c14
[2022-05-23 20:16:25,506] {taskinstance.py:1571} INFO - Exporting the following env vars:
AIRFLOW_CTX_DAG_OWNER=gerson
AIRFLOW_CTX_DAG_ID=our_first_dag_v5
AIRFLOW_CTX_TASK_ID=first_task
AIRFLOW_CTX_EXECUTION_DATE=2022-04-12T00:00:00+00:00
AIRFLOW_CTX_TRY_NUMBER=1
AIRFLOW_CTX_DAG_RUN_ID=scheduled__2022-04-12T00:00:00+00:00
[2022-05-23 20:16:25,507] {subprocess.py:62} INFO - Tmp dir root location: 
 /tmp
[2022-05-23 20:16:25,508] {subprocess.py:74} INFO - Running command: ['bash', '-c', 'echo hello world, this is the first task!']
[2022-05-23 20:16:25,525] {subprocess.py:85} INFO - Output:
[2022-05-23 20:16:25,527] {subprocess.py:92} INFO - hello world, this is the first task!
[2022-05-23 20:16:25,528] {subprocess.py:96} INFO - Command exited with return code 0
[2022-05-23 20:16:25,576] {taskinstance.py:1400} INFO - Marking task as SUCCESS. dag_id=our_first_dag_v5, task_id=first_task, execution_date=20220412T000000, start_date=20220523T201625, end_date=20220523T201625
[2022-05-23 20:16:25,631] {local_task_job.py:156} INFO - Task exited with return code 0
[2022-05-23 20:16:25,695] {local_task_job.py:273} INFO - 2 downstream tasks scheduled from follow-on schedule check
