[2022-05-23 20:15:52,572] {taskinstance.py:1159} INFO - Dependencies all met for <TaskInstance: our_first_dag_v5.second_task scheduled__2022-02-01T00:00:00+00:00 [queued]>
[2022-05-23 20:15:52,593] {taskinstance.py:1159} INFO - Dependencies all met for <TaskInstance: our_first_dag_v5.second_task scheduled__2022-02-01T00:00:00+00:00 [queued]>
[2022-05-23 20:15:52,594] {taskinstance.py:1356} INFO - 
--------------------------------------------------------------------------------
[2022-05-23 20:15:52,594] {taskinstance.py:1357} INFO - Starting attempt 1 of 6
[2022-05-23 20:15:52,594] {taskinstance.py:1358} INFO - 
--------------------------------------------------------------------------------
[2022-05-23 20:15:52,618] {taskinstance.py:1377} INFO - Executing <Task(BashOperator): second_task> on 2022-02-01 00:00:00+00:00
[2022-05-23 20:15:52,626] {standard_task_runner.py:52} INFO - Started process 2448 to run task
[2022-05-23 20:15:52,630] {standard_task_runner.py:79} INFO - Running: ['***', 'tasks', 'run', 'our_first_dag_v5', 'second_task', 'scheduled__2022-02-01T00:00:00+00:00', '--job-id', '565', '--raw', '--subdir', 'DAGS_FOLDER/our_first_dag.py', '--cfg-path', '/tmp/tmpxix5szbj', '--error-file', '/tmp/tmpqla_evlo']
[2022-05-23 20:15:52,632] {standard_task_runner.py:80} INFO - Job 565: Subtask second_task
[2022-05-23 20:15:52,720] {task_command.py:369} INFO - Running <TaskInstance: our_first_dag_v5.second_task scheduled__2022-02-01T00:00:00+00:00 [running]> on host 061a475e6c14
[2022-05-23 20:15:52,881] {taskinstance.py:1571} INFO - Exporting the following env vars:
AIRFLOW_CTX_DAG_OWNER=gerson
AIRFLOW_CTX_DAG_ID=our_first_dag_v5
AIRFLOW_CTX_TASK_ID=second_task
AIRFLOW_CTX_EXECUTION_DATE=2022-02-01T00:00:00+00:00
AIRFLOW_CTX_TRY_NUMBER=1
AIRFLOW_CTX_DAG_RUN_ID=scheduled__2022-02-01T00:00:00+00:00
[2022-05-23 20:15:52,882] {subprocess.py:62} INFO - Tmp dir root location: 
 /tmp
[2022-05-23 20:15:52,882] {subprocess.py:74} INFO - Running command: ['bash', '-c', 'echo hey, I am task2 and will be running after task1!']
[2022-05-23 20:15:52,900] {subprocess.py:85} INFO - Output:
[2022-05-23 20:15:52,903] {subprocess.py:92} INFO - hey, I am task2 and will be running after task1!
[2022-05-23 20:15:52,904] {subprocess.py:96} INFO - Command exited with return code 0
[2022-05-23 20:15:53,003] {taskinstance.py:1400} INFO - Marking task as SUCCESS. dag_id=our_first_dag_v5, task_id=second_task, execution_date=20220201T000000, start_date=20220523T201552, end_date=20220523T201553
[2022-05-23 20:15:53,057] {local_task_job.py:156} INFO - Task exited with return code 0
[2022-05-23 20:15:53,105] {local_task_job.py:273} INFO - 0 downstream tasks scheduled from follow-on schedule check
