[2022-05-23 20:16:01,391] {taskinstance.py:1159} INFO - Dependencies all met for <TaskInstance: our_first_dag_v5.first_task scheduled__2022-02-21T00:00:00+00:00 [queued]>
[2022-05-23 20:16:01,405] {taskinstance.py:1159} INFO - Dependencies all met for <TaskInstance: our_first_dag_v5.first_task scheduled__2022-02-21T00:00:00+00:00 [queued]>
[2022-05-23 20:16:01,405] {taskinstance.py:1356} INFO - 
--------------------------------------------------------------------------------
[2022-05-23 20:16:01,405] {taskinstance.py:1357} INFO - Starting attempt 1 of 6
[2022-05-23 20:16:01,405] {taskinstance.py:1358} INFO - 
--------------------------------------------------------------------------------
[2022-05-23 20:16:01,425] {taskinstance.py:1377} INFO - Executing <Task(BashOperator): first_task> on 2022-02-21 00:00:00+00:00
[2022-05-23 20:16:01,431] {standard_task_runner.py:52} INFO - Started process 2606 to run task
[2022-05-23 20:16:01,434] {standard_task_runner.py:79} INFO - Running: ['***', 'tasks', 'run', 'our_first_dag_v5', 'first_task', 'scheduled__2022-02-21T00:00:00+00:00', '--job-id', '615', '--raw', '--subdir', 'DAGS_FOLDER/our_first_dag.py', '--cfg-path', '/tmp/tmpx1227k70', '--error-file', '/tmp/tmpr_fmj50e']
[2022-05-23 20:16:01,436] {standard_task_runner.py:80} INFO - Job 615: Subtask first_task
[2022-05-23 20:16:01,493] {task_command.py:369} INFO - Running <TaskInstance: our_first_dag_v5.first_task scheduled__2022-02-21T00:00:00+00:00 [running]> on host 061a475e6c14
[2022-05-23 20:16:01,595] {taskinstance.py:1571} INFO - Exporting the following env vars:
AIRFLOW_CTX_DAG_OWNER=gerson
AIRFLOW_CTX_DAG_ID=our_first_dag_v5
AIRFLOW_CTX_TASK_ID=first_task
AIRFLOW_CTX_EXECUTION_DATE=2022-02-21T00:00:00+00:00
AIRFLOW_CTX_TRY_NUMBER=1
AIRFLOW_CTX_DAG_RUN_ID=scheduled__2022-02-21T00:00:00+00:00
[2022-05-23 20:16:01,596] {subprocess.py:62} INFO - Tmp dir root location: 
 /tmp
[2022-05-23 20:16:01,597] {subprocess.py:74} INFO - Running command: ['bash', '-c', 'echo hello world, this is the first task!']
[2022-05-23 20:16:01,611] {subprocess.py:85} INFO - Output:
[2022-05-23 20:16:01,612] {subprocess.py:92} INFO - hello world, this is the first task!
[2022-05-23 20:16:01,613] {subprocess.py:96} INFO - Command exited with return code 0
[2022-05-23 20:16:01,654] {taskinstance.py:1400} INFO - Marking task as SUCCESS. dag_id=our_first_dag_v5, task_id=first_task, execution_date=20220221T000000, start_date=20220523T201601, end_date=20220523T201601
[2022-05-23 20:16:01,686] {local_task_job.py:156} INFO - Task exited with return code 0
[2022-05-23 20:16:01,807] {local_task_job.py:273} INFO - 0 downstream tasks scheduled from follow-on schedule check
