[2022-05-23 19:58:20,851] {taskinstance.py:1159} INFO - Dependencies all met for <TaskInstance: example_bash_operator.also_run_this scheduled__2022-05-22T00:00:00+00:00 [queued]>
[2022-05-23 19:58:20,859] {taskinstance.py:1159} INFO - Dependencies all met for <TaskInstance: example_bash_operator.also_run_this scheduled__2022-05-22T00:00:00+00:00 [queued]>
[2022-05-23 19:58:20,859] {taskinstance.py:1356} INFO - 
--------------------------------------------------------------------------------
[2022-05-23 19:58:20,859] {taskinstance.py:1357} INFO - Starting attempt 1 of 1
[2022-05-23 19:58:20,859] {taskinstance.py:1358} INFO - 
--------------------------------------------------------------------------------
[2022-05-23 19:58:20,870] {taskinstance.py:1377} INFO - Executing <Task(BashOperator): also_run_this> on 2022-05-22 00:00:00+00:00
[2022-05-23 19:58:20,874] {standard_task_runner.py:52} INFO - Started process 1134 to run task
[2022-05-23 19:58:20,876] {standard_task_runner.py:79} INFO - Running: ['***', 'tasks', 'run', 'example_bash_operator', 'also_run_this', 'scheduled__2022-05-22T00:00:00+00:00', '--job-id', '5', '--raw', '--subdir', '/home/***/.local/lib/python3.7/site-packages/***/example_dags/example_bash_operator.py', '--cfg-path', '/tmp/tmpk51ba3e0', '--error-file', '/tmp/tmp0xymrfsc']
[2022-05-23 19:58:20,877] {standard_task_runner.py:80} INFO - Job 5: Subtask also_run_this
[2022-05-23 19:58:20,921] {task_command.py:369} INFO - Running <TaskInstance: example_bash_operator.also_run_this scheduled__2022-05-22T00:00:00+00:00 [running]> on host 0f0b53595b77
[2022-05-23 19:58:21,098] {taskinstance.py:1571} INFO - Exporting the following env vars:
AIRFLOW_CTX_DAG_OWNER=***
AIRFLOW_CTX_DAG_ID=example_bash_operator
AIRFLOW_CTX_TASK_ID=also_run_this
AIRFLOW_CTX_EXECUTION_DATE=2022-05-22T00:00:00+00:00
AIRFLOW_CTX_TRY_NUMBER=1
AIRFLOW_CTX_DAG_RUN_ID=scheduled__2022-05-22T00:00:00+00:00
[2022-05-23 19:58:21,099] {subprocess.py:62} INFO - Tmp dir root location: 
 /tmp
[2022-05-23 19:58:21,099] {subprocess.py:74} INFO - Running command: ['bash', '-c', 'echo "run_id=scheduled__2022-05-22T00:00:00+00:00 | dag_run=<DagRun example_bash_operator @ 2022-05-22 00:00:00+00:00: scheduled__2022-05-22T00:00:00+00:00, externally triggered: False>"']
[2022-05-23 19:58:21,109] {subprocess.py:85} INFO - Output:
[2022-05-23 19:58:21,110] {subprocess.py:92} INFO - run_id=scheduled__2022-05-22T00:00:00+00:00 | dag_run=<DagRun example_bash_operator @ 2022-05-22 00:00:00+00:00: scheduled__2022-05-22T00:00:00+00:00, externally triggered: False>
[2022-05-23 19:58:21,110] {subprocess.py:96} INFO - Command exited with return code 0
[2022-05-23 19:58:21,155] {taskinstance.py:1400} INFO - Marking task as SUCCESS. dag_id=example_bash_operator, task_id=also_run_this, execution_date=20220522T000000, start_date=20220523T195820, end_date=20220523T195821
[2022-05-23 19:58:21,208] {local_task_job.py:156} INFO - Task exited with return code 0
[2022-05-23 19:58:21,232] {local_task_job.py:273} INFO - 0 downstream tasks scheduled from follow-on schedule check
