[2022-05-23 20:15:41,809] {taskinstance.py:1159} INFO - Dependencies all met for <TaskInstance: our_first_dag_v5.second_task scheduled__2022-01-05T00:00:00+00:00 [queued]>
[2022-05-23 20:15:41,834] {taskinstance.py:1159} INFO - Dependencies all met for <TaskInstance: our_first_dag_v5.second_task scheduled__2022-01-05T00:00:00+00:00 [queued]>
[2022-05-23 20:15:41,834] {taskinstance.py:1356} INFO - 
--------------------------------------------------------------------------------
[2022-05-23 20:15:41,834] {taskinstance.py:1357} INFO - Starting attempt 1 of 6
[2022-05-23 20:15:41,834] {taskinstance.py:1358} INFO - 
--------------------------------------------------------------------------------
[2022-05-23 20:15:41,877] {taskinstance.py:1377} INFO - Executing <Task(BashOperator): second_task> on 2022-01-05 00:00:00+00:00
[2022-05-23 20:15:41,883] {standard_task_runner.py:52} INFO - Started process 2200 to run task
[2022-05-23 20:15:41,888] {standard_task_runner.py:79} INFO - Running: ['***', 'tasks', 'run', 'our_first_dag_v5', 'second_task', 'scheduled__2022-01-05T00:00:00+00:00', '--job-id', '486', '--raw', '--subdir', 'DAGS_FOLDER/our_first_dag.py', '--cfg-path', '/tmp/tmpf5tr92fu', '--error-file', '/tmp/tmpcaakq2as']
[2022-05-23 20:15:41,889] {standard_task_runner.py:80} INFO - Job 486: Subtask second_task
[2022-05-23 20:15:41,972] {task_command.py:369} INFO - Running <TaskInstance: our_first_dag_v5.second_task scheduled__2022-01-05T00:00:00+00:00 [running]> on host 061a475e6c14
[2022-05-23 20:15:42,152] {taskinstance.py:1571} INFO - Exporting the following env vars:
AIRFLOW_CTX_DAG_OWNER=gerson
AIRFLOW_CTX_DAG_ID=our_first_dag_v5
AIRFLOW_CTX_TASK_ID=second_task
AIRFLOW_CTX_EXECUTION_DATE=2022-01-05T00:00:00+00:00
AIRFLOW_CTX_TRY_NUMBER=1
AIRFLOW_CTX_DAG_RUN_ID=scheduled__2022-01-05T00:00:00+00:00
[2022-05-23 20:15:42,153] {subprocess.py:62} INFO - Tmp dir root location: 
 /tmp
[2022-05-23 20:15:42,153] {subprocess.py:74} INFO - Running command: ['bash', '-c', 'echo hey, I am task2 and will be running after task1!']
[2022-05-23 20:15:42,183] {subprocess.py:85} INFO - Output:
[2022-05-23 20:15:42,185] {subprocess.py:92} INFO - hey, I am task2 and will be running after task1!
[2022-05-23 20:15:42,186] {subprocess.py:96} INFO - Command exited with return code 0
[2022-05-23 20:15:42,243] {taskinstance.py:1400} INFO - Marking task as SUCCESS. dag_id=our_first_dag_v5, task_id=second_task, execution_date=20220105T000000, start_date=20220523T201541, end_date=20220523T201542
[2022-05-23 20:15:42,349] {local_task_job.py:156} INFO - Task exited with return code 0
[2022-05-23 20:15:42,582] {local_task_job.py:273} INFO - 0 downstream tasks scheduled from follow-on schedule check
